#
# There is insufficient memory for the Java Runtime Environment to continue.
# Native memory allocation (mmap) failed to map 461373440 bytes for G1 virtual space
# Possible reasons:
#   The system is out of physical RAM or swap space
#   The process is running with CompressedOops enabled, and the Java Heap may be blocking the growth of the native heap
# Possible solutions:
#   Reduce memory load on the system
#   Increase physical memory or swap space
#   Check if swap backing store is full
#   Decrease Java heap size (-Xmx/-Xms)
#   Decrease number of Java threads
#   Decrease Java thread stack sizes (-Xss)
#   Set larger code cache with -XX:ReservedCodeCacheSize=
#   JVM is running with Unscaled Compressed Oops mode in which the Java heap is
#     placed in the first 4GB address space. The Java Heap base address is the
#     maximum limit for the native heap growth. Please use -XX:HeapBaseMinAddress
#     to set the Java Heap base and to place the Java Heap above 4GB virtual address.
# This output file may be truncated or incomplete.
#
#  Out of Memory Error (os_windows.cpp:3769), pid=11208, tid=2104
#
# JRE version: OpenJDK Runtime Environment (17.0.6) (build 17.0.6+0-b2043.56-10027231)
# Java VM: OpenJDK 64-Bit Server VM (17.0.6+0-b2043.56-10027231, mixed mode, tiered, compressed oops, compressed class ptrs, g1 gc, windows-amd64)
# No core dump will be written. Minidumps are not enabled by default on client versions of Windows
#

---------------  S U M M A R Y ------------

Command Line: --add-opens=java.base/java.util=ALL-UNNAMED --add-opens=java.base/java.lang=ALL-UNNAMED --add-opens=java.base/java.lang.invoke=ALL-UNNAMED --add-opens=java.prefs/java.util.prefs=ALL-UNNAMED --add-opens=java.base/java.nio.charset=ALL-UNNAMED --add-opens=java.base/java.net=ALL-UNNAMED --add-opens=java.base/java.util.concurrent.atomic=ALL-UNNAMED -Xmx2048m -Dfile.encoding=UTF-8 -Duser.country=IN -Duser.language=en -Duser.variant org.gradle.launcher.daemon.bootstrap.GradleDaemon 8.0

Host: Intel(R) Core(TM) i3-1005G1 CPU @ 1.20GHz, 4 cores, 3G,  Windows 11 , 64 bit Build 22621 (10.0.22621.2428)
Time: Sun Oct 29 20:56:35 2023 India Standard Time elapsed time: 19.476708 seconds (0d 0h 0m 19s)

---------------  T H R E A D  ---------------

Current thread (0x00000233cd1f3d30):  VMThread "VM Thread" [stack: 0x000000c7c8600000,0x000000c7c8700000] [id=2104]

Stack: [0x000000c7c8600000,0x000000c7c8700000]
Native frames: (J=compiled Java code, j=interpreted, Vv=VM code, C=native code)
V  [jvm.dll+0x683c9a]
V  [jvm.dll+0x8427a4]
V  [jvm.dll+0x843f9e]
V  [jvm.dll+0x844603]
V  [jvm.dll+0x249b75]
V  [jvm.dll+0x680b69]
V  [jvm.dll+0x67505a]
V  [jvm.dll+0x309acb]
V  [jvm.dll+0x310f86]
V  [jvm.dll+0x3608ee]
V  [jvm.dll+0x360b1f]
V  [jvm.dll+0x2dfbf8]
V  [jvm.dll+0x2ddec4]
V  [jvm.dll+0x2dd4cc]
V  [jvm.dll+0x321f3b]
V  [jvm.dll+0x848ccb]
V  [jvm.dll+0x849a04]
V  [jvm.dll+0x849f1d]
V  [jvm.dll+0x84a2f4]
V  [jvm.dll+0x84a3c0]
V  [jvm.dll+0x7f274a]
V  [jvm.dll+0x682ad5]
C  [ucrtbase.dll+0x29363]
C  [KERNEL32.DLL+0x1257d]
C  [ntdll.dll+0x5aa78]

VM_Operation (0x000000c7cdef4250): G1CollectForAllocation, mode: safepoint, requested by thread 0x00000233ce127460


---------------  P R O C E S S  ---------------

Threads class SMR info:
_java_thread_list=0x00000233d4c41960, length=88, elements={
0x00000233b3c48910, 0x00000233cd1d2bb0, 0x00000233cd1d3760, 0x00000233cd218d10,
0x00000233cd22f940, 0x00000233cd232400, 0x00000233cdc0a840, 0x00000233cdc0b430,
0x00000233cdc10520, 0x00000233cd23db30, 0x00000233cdd89340, 0x00000233cdd91c40,
0x00000233ce74cc70, 0x00000233cf534db0, 0x00000233cf05f0b0, 0x00000233cf3888b0,
0x00000233d05e2d00, 0x00000233cf7729f0, 0x00000233d05e31d0, 0x00000233cf507060,
0x00000233cf507ed0, 0x00000233cf509bb0, 0x00000233cf507530, 0x00000233cf507a00,
0x00000233cf50a080, 0x00000233cf5083a0, 0x00000233cf50aa20, 0x00000233cf509210,
0x00000233cf50a550, 0x00000233cf508870, 0x00000233cf508d40, 0x00000233cf5096e0,
0x00000233d133b060, 0x00000233d133c870, 0x00000233d13423e0, 0x00000233d133b530,
0x00000233d133e550, 0x00000233d133ba00, 0x00000233d133c3a0, 0x00000233d133cd40,
0x00000233d13428b0, 0x00000233d133d6e0, 0x00000233d133dbb0, 0x00000233d133ea20,
0x00000233d133eef0, 0x00000233d13410a0, 0x00000233d133f890, 0x00000233d133fd60,
0x00000233d1340230, 0x00000233d1340700, 0x00000233d29b6a40, 0x00000233d29b2bb0,
0x00000233d29b0a00, 0x00000233d29b4d60, 0x00000233d29b13a0, 0x00000233d29b0ed0,
0x00000233d29b3a20, 0x00000233d29b4890, 0x00000233d29b6f10, 0x00000233d29b1870,
0x00000233d29b73e0, 0x00000233d29b5230, 0x00000233d29b6570, 0x00000233d29b78b0,
0x00000233d29b0060, 0x00000233d29b26e0, 0x00000233d29b5bd0, 0x00000233d29b60a0,
0x00000233d29b2210, 0x00000233d29b1d40, 0x00000233d29b5700, 0x00000233d29b0530,
0x00000233d29b3080, 0x00000233d29b3550, 0x00000233d29b3ef0, 0x00000233d29b43c0,
0x00000233ce128c70, 0x00000233ce126120, 0x00000233ce1287a0, 0x00000233ce123100,
0x00000233ce124910, 0x00000233ce126ac0, 0x00000233ce122c30, 0x00000233ce127460,
0x00000233ce1235d0, 0x00000233ce1282d0, 0x00000233ce127930, 0x00000233ce124de0
}

Java Threads: ( => current thread )
  0x00000233b3c48910 JavaThread "main" [_thread_blocked, id=1328, stack(0x000000c7c8000000,0x000000c7c8100000)]
  0x00000233cd1d2bb0 JavaThread "Reference Handler" daemon [_thread_blocked, id=3756, stack(0x000000c7c8700000,0x000000c7c8800000)]
  0x00000233cd1d3760 JavaThread "Finalizer" daemon [_thread_blocked, id=4640, stack(0x000000c7c8800000,0x000000c7c8900000)]
  0x00000233cd218d10 JavaThread "Signal Dispatcher" daemon [_thread_blocked, id=13784, stack(0x000000c7c8900000,0x000000c7c8a00000)]
  0x00000233cd22f940 JavaThread "Attach Listener" daemon [_thread_blocked, id=8388, stack(0x000000c7c8a00000,0x000000c7c8b00000)]
  0x00000233cd232400 JavaThread "Service Thread" daemon [_thread_blocked, id=5360, stack(0x000000c7c8b00000,0x000000c7c8c00000)]
  0x00000233cdc0a840 JavaThread "Monitor Deflation Thread" daemon [_thread_blocked, id=12100, stack(0x000000c7c8c00000,0x000000c7c8d00000)]
  0x00000233cdc0b430 JavaThread "C2 CompilerThread0" daemon [_thread_in_native, id=2064, stack(0x000000c7c8d00000,0x000000c7c8e00000)]
  0x00000233cdc10520 JavaThread "C1 CompilerThread0" daemon [_thread_blocked, id=13696, stack(0x000000c7c8e00000,0x000000c7c8f00000)]
  0x00000233cd23db30 JavaThread "Sweeper thread" daemon [_thread_blocked, id=5140, stack(0x000000c7c8f00000,0x000000c7c9000000)]
  0x00000233cdd89340 JavaThread "Common-Cleaner" daemon [_thread_blocked, id=6708, stack(0x000000c7c9000000,0x000000c7c9100000)]
  0x00000233cdd91c40 JavaThread "Notification Thread" daemon [_thread_blocked, id=13400, stack(0x000000c7c9100000,0x000000c7c9200000)]
  0x00000233ce74cc70 JavaThread "Daemon health stats" [_thread_blocked, id=3732, stack(0x000000c7c9600000,0x000000c7c9700000)]
  0x00000233cf534db0 JavaThread "Incoming local TCP Connector on port 51414" [_thread_in_native, id=3548, stack(0x000000c7c9700000,0x000000c7c9800000)]
  0x00000233cf05f0b0 JavaThread "Daemon periodic checks" [_thread_blocked, id=10976, stack(0x000000c7c9800000,0x000000c7c9900000)]
  0x00000233cf3888b0 JavaThread "Daemon" [_thread_blocked, id=13180, stack(0x000000c7c9900000,0x000000c7c9a00000)]
  0x00000233d05e2d00 JavaThread "Handler for socket connection from /127.0.0.1:51414 to /127.0.0.1:51415" [_thread_in_native, id=10640, stack(0x000000c7c9a00000,0x000000c7c9b00000)]
  0x00000233cf7729f0 JavaThread "Cancel handler" [_thread_blocked, id=2660, stack(0x000000c7c9b00000,0x000000c7c9c00000)]
  0x00000233d05e31d0 JavaThread "Daemon worker" [_thread_blocked, id=5644, stack(0x000000c7c9c00000,0x000000c7c9d00000)]
  0x00000233cf507060 JavaThread "Asynchronous log dispatcher for DefaultDaemonConnection: socket connection from /127.0.0.1:51414 to /127.0.0.1:51415" [_thread_blocked, id=2192, stack(0x000000c7c9d00000,0x000000c7c9e00000)]
  0x00000233cf507ed0 JavaThread "Stdin handler" [_thread_blocked, id=7956, stack(0x000000c7c9e00000,0x000000c7c9f00000)]
  0x00000233cf509bb0 JavaThread "Daemon client event forwarder" [_thread_blocked, id=14136, stack(0x000000c7c9f00000,0x000000c7ca000000)]
  0x00000233cf507530 JavaThread "Cache worker for journal cache (C:\Users\hp\.gradle\caches\journal-1)" [_thread_blocked, id=8600, stack(0x000000c7ca000000,0x000000c7ca100000)]
  0x00000233cf507a00 JavaThread "File lock request listener" [_thread_in_native, id=7340, stack(0x000000c7ca100000,0x000000c7ca200000)]
  0x00000233cf50a080 JavaThread "Cache worker for file hash cache (C:\Users\hp\.gradle\caches\8.0\fileHashes)" [_thread_blocked, id=12516, stack(0x000000c7ca200000,0x000000c7ca300000)]
  0x00000233cf5083a0 JavaThread "File watcher server" daemon [_thread_blocked, id=12992, stack(0x000000c7ca300000,0x000000c7ca400000)]
  0x00000233cf50aa20 JavaThread "File watcher consumer" daemon [_thread_blocked, id=11072, stack(0x000000c7ca400000,0x000000c7ca500000)]
  0x00000233cf509210 JavaThread "Cache worker for checksums cache (D:\MCA\android_porject_Team4\MyApplication\.gradle\8.0\checksums)" [_thread_blocked, id=9000, stack(0x000000c7ca500000,0x000000c7ca600000)]
  0x00000233cf50a550 JavaThread "Cache worker for cache directory md-rule (C:\Users\hp\.gradle\caches\8.0\md-rule)" [_thread_blocked, id=11604, stack(0x000000c7ca600000,0x000000c7ca700000)]
  0x00000233cf508870 JavaThread "Cache worker for file content cache (C:\Users\hp\.gradle\caches\8.0\fileContent)" [_thread_blocked, id=2904, stack(0x000000c7ca700000,0x000000c7ca800000)]
  0x00000233cf508d40 JavaThread "Cache worker for file hash cache (D:\MCA\android_porject_Team4\MyApplication\.gradle\8.0\fileHashes)" [_thread_blocked, id=7288, stack(0x000000c7ca800000,0x000000c7ca900000)]
  0x00000233cf5096e0 JavaThread "Cache worker for cache directory md-supplier (C:\Users\hp\.gradle\caches\8.0\md-supplier)" [_thread_blocked, id=628, stack(0x000000c7ca900000,0x000000c7caa00000)]
  0x00000233d133b060 JavaThread "Cache worker for execution history cache (C:\Users\hp\.gradle\caches\8.0\executionHistory)" [_thread_blocked, id=2960, stack(0x000000c7caa00000,0x000000c7cab00000)]
  0x00000233d133c870 JavaThread "jar transforms" [_thread_blocked, id=10888, stack(0x000000c7cac00000,0x000000c7cad00000)]
  0x00000233d13423e0 JavaThread "jar transforms Thread 2" [_thread_blocked, id=1784, stack(0x000000c7cad00000,0x000000c7cae00000)]
  0x00000233d133b530 JavaThread "Cache worker for kotlin-dsl (C:\Users\hp\.gradle\caches\8.0\kotlin-dsl)" [_thread_blocked, id=5944, stack(0x000000c7cae00000,0x000000c7caf00000)]
  0x00000233d133e550 JavaThread "jar transforms Thread 3" [_thread_blocked, id=4820, stack(0x000000c7caf00000,0x000000c7cb000000)]
  0x00000233d133ba00 JavaThread "jar transforms Thread 4" [_thread_blocked, id=5188, stack(0x000000c7cb000000,0x000000c7cb100000)]
  0x00000233d133c3a0 JavaThread "Cache worker for dependencies-accessors (D:\MCA\android_porject_Team4\MyApplication\.gradle\8.0\dependencies-accessors)" [_thread_blocked, id=12280, stack(0x000000c7cb100000,0x000000c7cb200000)]
  0x00000233d133cd40 JavaThread "Cache worker for Build Output Cleanup Cache (D:\MCA\android_porject_Team4\MyApplication\.gradle\buildOutputCleanup)" [_thread_blocked, id=9348, stack(0x000000c7cb200000,0x000000c7cb300000)]
  0x00000233d13428b0 JavaThread "Unconstrained build operations" [_thread_blocked, id=4400, stack(0x000000c7cb300000,0x000000c7cb400000)]
  0x00000233d133d6e0 JavaThread "Unconstrained build operations Thread 2" [_thread_blocked, id=14284, stack(0x000000c7cb400000,0x000000c7cb500000)]
  0x00000233d133dbb0 JavaThread "Unconstrained build operations Thread 3" [_thread_blocked, id=5800, stack(0x000000c7cb500000,0x000000c7cb600000)]
  0x00000233d133ea20 JavaThread "Unconstrained build operations Thread 4" [_thread_blocked, id=13448, stack(0x000000c7cb600000,0x000000c7cb700000)]
  0x00000233d133eef0 JavaThread "Unconstrained build operations Thread 5" [_thread_blocked, id=14272, stack(0x000000c7cb700000,0x000000c7cb800000)]
  0x00000233d13410a0 JavaThread "Unconstrained build operations Thread 6" [_thread_blocked, id=13264, stack(0x000000c7cb800000,0x000000c7cb900000)]
  0x00000233d133f890 JavaThread "Unconstrained build operations Thread 7" [_thread_blocked, id=13852, stack(0x000000c7cb900000,0x000000c7cba00000)]
  0x00000233d133fd60 JavaThread "Unconstrained build operations Thread 8" [_thread_blocked, id=13360, stack(0x000000c7cba00000,0x000000c7cbb00000)]
  0x00000233d1340230 JavaThread "Unconstrained build operations Thread 9" [_thread_blocked, id=5888, stack(0x000000c7cbb00000,0x000000c7cbc00000)]
  0x00000233d1340700 JavaThread "Unconstrained build operations Thread 10" [_thread_blocked, id=3028, stack(0x000000c7cbc00000,0x000000c7cbd00000)]
  0x00000233d29b6a40 JavaThread "Unconstrained build operations Thread 11" [_thread_blocked, id=7056, stack(0x000000c7cbd00000,0x000000c7cbe00000)]
  0x00000233d29b2bb0 JavaThread "Unconstrained build operations Thread 12" [_thread_blocked, id=12028, stack(0x000000c7cbe00000,0x000000c7cbf00000)]
  0x00000233d29b0a00 JavaThread "Unconstrained build operations Thread 13" [_thread_blocked, id=3444, stack(0x000000c7cbf00000,0x000000c7cc000000)]
  0x00000233d29b4d60 JavaThread "Unconstrained build operations Thread 14" [_thread_blocked, id=12132, stack(0x000000c7cc000000,0x000000c7cc100000)]
  0x00000233d29b13a0 JavaThread "Unconstrained build operations Thread 15" [_thread_blocked, id=2532, stack(0x000000c7cc100000,0x000000c7cc200000)]
  0x00000233d29b0ed0 JavaThread "Unconstrained build operations Thread 16" [_thread_blocked, id=13284, stack(0x000000c7cc200000,0x000000c7cc300000)]
  0x00000233d29b3a20 JavaThread "Unconstrained build operations Thread 17" [_thread_blocked, id=2572, stack(0x000000c7cc300000,0x000000c7cc400000)]
  0x00000233d29b4890 JavaThread "Unconstrained build operations Thread 18" [_thread_blocked, id=4988, stack(0x000000c7cc400000,0x000000c7cc500000)]
  0x00000233d29b6f10 JavaThread "Unconstrained build operations Thread 19" [_thread_blocked, id=8520, stack(0x000000c7cc500000,0x000000c7cc600000)]
  0x00000233d29b1870 JavaThread "Unconstrained build operations Thread 20" [_thread_blocked, id=12348, stack(0x000000c7cc600000,0x000000c7cc700000)]
  0x00000233d29b73e0 JavaThread "Unconstrained build operations Thread 21" [_thread_blocked, id=2196, stack(0x000000c7cc700000,0x000000c7cc800000)]
  0x00000233d29b5230 JavaThread "Unconstrained build operations Thread 22" [_thread_blocked, id=3748, stack(0x000000c7cc800000,0x000000c7cc900000)]
  0x00000233d29b6570 JavaThread "Unconstrained build operations Thread 23" [_thread_blocked, id=11332, stack(0x000000c7cc900000,0x000000c7cca00000)]
  0x00000233d29b78b0 JavaThread "Unconstrained build operations Thread 24" [_thread_blocked, id=7236, stack(0x000000c7cca00000,0x000000c7ccb00000)]
  0x00000233d29b0060 JavaThread "Unconstrained build operations Thread 25" [_thread_blocked, id=8572, stack(0x000000c7ccb00000,0x000000c7ccc00000)]
  0x00000233d29b26e0 JavaThread "Unconstrained build operations Thread 26" [_thread_blocked, id=7764, stack(0x000000c7ccc00000,0x000000c7ccd00000)]
  0x00000233d29b5bd0 JavaThread "Unconstrained build operations Thread 27" [_thread_blocked, id=12560, stack(0x000000c7ccd00000,0x000000c7cce00000)]
  0x00000233d29b60a0 JavaThread "Unconstrained build operations Thread 28" [_thread_blocked, id=10808, stack(0x000000c7cce00000,0x000000c7ccf00000)]
  0x00000233d29b2210 JavaThread "Unconstrained build operations Thread 29" [_thread_blocked, id=10332, stack(0x000000c7ccf00000,0x000000c7cd000000)]
  0x00000233d29b1d40 JavaThread "Unconstrained build operations Thread 30" [_thread_blocked, id=11176, stack(0x000000c7cd000000,0x000000c7cd100000)]
  0x00000233d29b5700 JavaThread "Unconstrained build operations Thread 31" [_thread_blocked, id=9388, stack(0x000000c7cd100000,0x000000c7cd200000)]
  0x00000233d29b0530 JavaThread "Unconstrained build operations Thread 32" [_thread_blocked, id=4688, stack(0x000000c7cd200000,0x000000c7cd300000)]
  0x00000233d29b3080 JavaThread "Unconstrained build operations Thread 33" [_thread_blocked, id=2648, stack(0x000000c7cd300000,0x000000c7cd400000)]
  0x00000233d29b3550 JavaThread "Unconstrained build operations Thread 34" [_thread_blocked, id=12640, stack(0x000000c7cd400000,0x000000c7cd500000)]
  0x00000233d29b3ef0 JavaThread "Unconstrained build operations Thread 35" [_thread_blocked, id=7248, stack(0x000000c7cd500000,0x000000c7cd600000)]
  0x00000233d29b43c0 JavaThread "Unconstrained build operations Thread 36" [_thread_blocked, id=9724, stack(0x000000c7cd600000,0x000000c7cd700000)]
  0x00000233ce128c70 JavaThread "Unconstrained build operations Thread 37" [_thread_blocked, id=13928, stack(0x000000c7cd700000,0x000000c7cd800000)]
  0x00000233ce126120 JavaThread "Unconstrained build operations Thread 38" [_thread_blocked, id=12012, stack(0x000000c7cd800000,0x000000c7cd900000)]
  0x00000233ce1287a0 JavaThread "Unconstrained build operations Thread 39" [_thread_blocked, id=4000, stack(0x000000c7cd900000,0x000000c7cda00000)]
  0x00000233ce123100 JavaThread "Unconstrained build operations Thread 40" [_thread_blocked, id=10776, stack(0x000000c7cda00000,0x000000c7cdb00000)]
  0x00000233ce124910 JavaThread "build event listener" [_thread_blocked, id=1660, stack(0x000000c7cdb00000,0x000000c7cdc00000)]
  0x00000233ce126ac0 JavaThread "Memory manager" [_thread_blocked, id=3676, stack(0x000000c7cdc00000,0x000000c7cdd00000)]
  0x00000233ce122c30 JavaThread "included builds" [_thread_blocked, id=14140, stack(0x000000c7cdd00000,0x000000c7cde00000)]
  0x00000233ce127460 JavaThread "Execution worker" [_thread_blocked, id=8812, stack(0x000000c7cde00000,0x000000c7cdf00000)]
  0x00000233ce1235d0 JavaThread "Execution worker Thread 2" [_thread_blocked, id=14208, stack(0x000000c7cdf00000,0x000000c7ce000000)]
  0x00000233ce1282d0 JavaThread "Execution worker Thread 3" [_thread_blocked, id=2980, stack(0x000000c7ce000000,0x000000c7ce100000)]
  0x00000233ce127930 JavaThread "Cache worker for execution history cache (D:\MCA\android_porject_Team4\MyApplication\.gradle\8.0\executionHistory)" [_thread_blocked, id=13748, stack(0x000000c7ce100000,0x000000c7ce200000)]
  0x00000233ce124de0 JavaThread "WorkerExecutor Queue" [_thread_blocked, id=7220, stack(0x000000c7ce200000,0x000000c7ce300000)]

Other Threads:
=>0x00000233cd1f3d30 VMThread "VM Thread" [stack: 0x000000c7c8600000,0x000000c7c8700000] [id=2104]
  0x00000233cdd87010 WatcherThread [stack: 0x000000c7c9200000,0x000000c7c9300000] [id=11920]
  0x00000233b3ca2f40 GCTaskThread "GC Thread#0" [stack: 0x000000c7c8100000,0x000000c7c8200000] [id=684]
  0x00000233ce1451f0 GCTaskThread "GC Thread#1" [stack: 0x000000c7c9300000,0x000000c7c9400000] [id=10744]
  0x00000233ce0be250 GCTaskThread "GC Thread#2" [stack: 0x000000c7c9400000,0x000000c7c9500000] [id=5352]
  0x00000233ceb25310 GCTaskThread "GC Thread#3" [stack: 0x000000c7c9500000,0x000000c7c9600000] [id=12564]
  0x00000233b3cb3e80 ConcurrentGCThread "G1 Main Marker" [stack: 0x000000c7c8200000,0x000000c7c8300000] [id=4828]
  0x00000233b3cb4890 ConcurrentGCThread "G1 Conc#0" [stack: 0x000000c7c8300000,0x000000c7c8400000] [id=1232]
  0x00000233b3cfed60 ConcurrentGCThread "G1 Refine#0" [stack: 0x000000c7c8400000,0x000000c7c8500000] [id=3824]
  0x00000233d0663450 ConcurrentGCThread "G1 Refine#1" [stack: 0x000000c7cab00000,0x000000c7cac00000] [id=5268]
  0x00000233b3cff780 ConcurrentGCThread "G1 Service" [stack: 0x000000c7c8500000,0x000000c7c8600000] [id=3048]

Threads with active compile tasks:
C2 CompilerThread0    19512 11783       4       com.android.tools.r8.internal.Ia::a (4479 bytes)
C1 CompilerThread0    19512 12048   !   2       com.android.tools.r8.graph.Z3::H0 (263 bytes)

VM state: at safepoint (normal execution)

VM Mutex/Monitor currently owned by a thread:  ([mutex/lock_event])
[0x00000233b3c42590] Threads_lock - owner thread: 0x00000233cd1f3d30
[0x00000233b3c42620] Heap_lock - owner thread: 0x00000233ce127460

Heap address: 0x0000000080000000, size: 2048 MB, Compressed Oops mode: 32-bit

CDS archive(s) not mapped
Compressed class space mapped at: 0x0000000100000000-0x0000000140000000, reserved size: 1073741824
Narrow klass base: 0x0000000000000000, Narrow klass shift: 3, Narrow klass range: 0x140000000

GC Precious Log:
 CPUs: 4 total, 4 available
 Memory: 3877M
 Large Page Support: Disabled
 NUMA Support: Disabled
 Compressed Oops: Enabled (32-bit)
 Heap Region Size: 1M
 Heap Min Capacity: 8M
 Heap Initial Capacity: 62M
 Heap Max Capacity: 2G
 Pre-touch: Disabled
 Parallel Workers: 4
 Concurrent Workers: 1
 Concurrent Refinement Workers: 4
 Periodic GC: Disabled

Heap:
 garbage-first heap   total 225280K, used 129024K [0x0000000080000000, 0x0000000100000000)
  region size 1024K, 8 young (8192K), 8 survivors (8192K)
 Metaspace       used 102769K, committed 103424K, reserved 1138688K
  class space    used 13997K, committed 14336K, reserved 1048576K

Heap Regions: E=young(eden), S=young(survivor), O=old, HS=humongous(starts), HC=humongous(continues), CS=collection set, F=free, OA=open archive, CA=closed archive, TAMS=top-at-mark-start (previous, next)
|   0|0x0000000080000000, 0x0000000080100000, 0x0000000080100000|100%| O|  |TAMS 0x0000000080100000, 0x0000000080100000| Untracked 
|   1|0x0000000080100000, 0x0000000080200000, 0x0000000080200000|100%| O|  |TAMS 0x0000000080200000, 0x0000000080200000| Untracked 
|   2|0x0000000080200000, 0x0000000080300000, 0x0000000080300000|100%|HS|  |TAMS 0x0000000080300000, 0x0000000080300000| Complete 
|   3|0x0000000080300000, 0x0000000080400000, 0x0000000080400000|100%|HC|  |TAMS 0x0000000080400000, 0x0000000080400000| Complete 
|   4|0x0000000080400000, 0x0000000080500000, 0x0000000080500000|100%|HC|  |TAMS 0x0000000080500000, 0x0000000080500000| Complete 
|   5|0x0000000080500000, 0x0000000080600000, 0x0000000080600000|100%|HC|  |TAMS 0x0000000080600000, 0x0000000080600000| Complete 
|   6|0x0000000080600000, 0x0000000080700000, 0x0000000080700000|100%| O|  |TAMS 0x0000000080700000, 0x0000000080700000| Untracked 
|   7|0x0000000080700000, 0x0000000080800000, 0x0000000080800000|100%| O|  |TAMS 0x0000000080800000, 0x0000000080800000| Untracked 
|   8|0x0000000080800000, 0x0000000080900000, 0x0000000080900000|100%| O|  |TAMS 0x0000000080900000, 0x0000000080900000| Untracked 
|   9|0x0000000080900000, 0x0000000080a00000, 0x0000000080a00000|100%| O|  |TAMS 0x0000000080a00000, 0x0000000080a00000| Untracked 
|  10|0x0000000080a00000, 0x0000000080b00000, 0x0000000080b00000|100%| O|  |TAMS 0x0000000080b00000, 0x0000000080b00000| Untracked 
|  11|0x0000000080b00000, 0x0000000080c00000, 0x0000000080c00000|100%| O|  |TAMS 0x0000000080c00000, 0x0000000080c00000| Untracked 
|  12|0x0000000080c00000, 0x0000000080d00000, 0x0000000080d00000|100%| O|  |TAMS 0x0000000080d00000, 0x0000000080d00000| Untracked 
|  13|0x0000000080d00000, 0x0000000080e00000, 0x0000000080e00000|100%| O|  |TAMS 0x0000000080e00000, 0x0000000080e00000| Untracked 
|  14|0x0000000080e00000, 0x0000000080f00000, 0x0000000080f00000|100%| O|  |TAMS 0x0000000080f00000, 0x0000000080f00000| Untracked 
|  15|0x0000000080f00000, 0x0000000081000000, 0x0000000081000000|100%| O|  |TAMS 0x0000000081000000, 0x0000000081000000| Untracked 
|  16|0x0000000081000000, 0x0000000081100000, 0x0000000081100000|100%| O|  |TAMS 0x0000000081100000, 0x0000000081100000| Untracked 
|  17|0x0000000081100000, 0x0000000081200000, 0x0000000081200000|100%| O|  |TAMS 0x0000000081200000, 0x0000000081200000| Untracked 
|  18|0x0000000081200000, 0x0000000081300000, 0x0000000081300000|100%| O|  |TAMS 0x0000000081300000, 0x0000000081300000| Untracked 
|  19|0x0000000081300000, 0x0000000081400000, 0x0000000081400000|100%| O|  |TAMS 0x0000000081400000, 0x0000000081400000| Untracked 
|  20|0x0000000081400000, 0x0000000081500000, 0x0000000081500000|100%| O|  |TAMS 0x0000000081500000, 0x0000000081500000| Untracked 
|  21|0x0000000081500000, 0x0000000081600000, 0x0000000081600000|100%| O|  |TAMS 0x0000000081600000, 0x0000000081600000| Untracked 
|  22|0x0000000081600000, 0x0000000081700000, 0x0000000081700000|100%| O|  |TAMS 0x0000000081700000, 0x0000000081700000| Untracked 
|  23|0x0000000081700000, 0x0000000081800000, 0x0000000081800000|100%| O|  |TAMS 0x0000000081800000, 0x0000000081800000| Untracked 
|  24|0x0000000081800000, 0x0000000081900000, 0x0000000081900000|100%| O|  |TAMS 0x0000000081900000, 0x0000000081900000| Untracked 
|  25|0x0000000081900000, 0x0000000081a00000, 0x0000000081a00000|100%| O|  |TAMS 0x0000000081a00000, 0x0000000081a00000| Untracked 
|  26|0x0000000081a00000, 0x0000000081b00000, 0x0000000081b00000|100%| O|  |TAMS 0x0000000081b00000, 0x0000000081b00000| Untracked 
|  27|0x0000000081b00000, 0x0000000081c00000, 0x0000000081c00000|100%| O|  |TAMS 0x0000000081c00000, 0x0000000081c00000| Untracked 
|  28|0x0000000081c00000, 0x0000000081d00000, 0x0000000081d00000|100%| O|  |TAMS 0x0000000081d00000, 0x0000000081d00000| Untracked 
|  29|0x0000000081d00000, 0x0000000081e00000, 0x0000000081e00000|100%| O|  |TAMS 0x0000000081e00000, 0x0000000081e00000| Untracked 
|  30|0x0000000081e00000, 0x0000000081f00000, 0x0000000081f00000|100%| O|  |TAMS 0x0000000081f00000, 0x0000000081f00000| Untracked 
|  31|0x0000000081f00000, 0x0000000082000000, 0x0000000082000000|100%|HS|  |TAMS 0x0000000082000000, 0x0000000082000000| Complete 
|  32|0x0000000082000000, 0x0000000082100000, 0x0000000082100000|100%|HS|  |TAMS 0x0000000082100000, 0x0000000082100000| Complete 
|  33|0x0000000082100000, 0x0000000082200000, 0x0000000082200000|100%| O|  |TAMS 0x0000000082200000, 0x0000000082200000| Untracked 
|  34|0x0000000082200000, 0x0000000082300000, 0x0000000082300000|100%| O|  |TAMS 0x0000000082300000, 0x0000000082300000| Untracked 
|  35|0x0000000082300000, 0x0000000082400000, 0x0000000082400000|100%| O|  |TAMS 0x0000000082400000, 0x0000000082400000| Untracked 
|  36|0x0000000082400000, 0x0000000082500000, 0x0000000082500000|100%| O|  |TAMS 0x0000000082500000, 0x0000000082500000| Untracked 
|  37|0x0000000082500000, 0x0000000082600000, 0x0000000082600000|100%| O|  |TAMS 0x0000000082600000, 0x0000000082600000| Untracked 
|  38|0x0000000082600000, 0x0000000082700000, 0x0000000082700000|100%| O|  |TAMS 0x0000000082600000, 0x0000000082600000| Untracked 
|  39|0x0000000082700000, 0x0000000082800000, 0x0000000082800000|100%| O|  |TAMS 0x0000000082800000, 0x0000000082800000| Untracked 
|  40|0x0000000082800000, 0x0000000082900000, 0x0000000082900000|100%|HS|  |TAMS 0x0000000082900000, 0x0000000082900000| Complete 
|  41|0x0000000082900000, 0x0000000082a00000, 0x0000000082a00000|100%| O|  |TAMS 0x0000000082a00000, 0x0000000082a00000| Untracked 
|  42|0x0000000082a00000, 0x0000000082b00000, 0x0000000082b00000|100%| O|  |TAMS 0x0000000082b00000, 0x0000000082b00000| Untracked 
|  43|0x0000000082b00000, 0x0000000082c00000, 0x0000000082c00000|100%| O|  |TAMS 0x0000000082c00000, 0x0000000082c00000| Untracked 
|  44|0x0000000082c00000, 0x0000000082d00000, 0x0000000082d00000|100%| O|  |TAMS 0x0000000082d00000, 0x0000000082d00000| Untracked 
|  45|0x0000000082d00000, 0x0000000082e00000, 0x0000000082e00000|100%| O|  |TAMS 0x0000000082e00000, 0x0000000082e00000| Untracked 
|  46|0x0000000082e00000, 0x0000000082f00000, 0x0000000082f00000|100%| O|  |TAMS 0x0000000082f00000, 0x0000000082f00000| Untracked 
|  47|0x0000000082f00000, 0x0000000083000000, 0x0000000083000000|100%| O|  |TAMS 0x0000000083000000, 0x0000000083000000| Untracked 
|  48|0x0000000083000000, 0x0000000083100000, 0x0000000083100000|100%| O|  |TAMS 0x0000000083100000, 0x0000000083100000| Untracked 
|  49|0x0000000083100000, 0x0000000083200000, 0x0000000083200000|100%| O|  |TAMS 0x0000000083200000, 0x0000000083200000| Untracked 
|  50|0x0000000083200000, 0x0000000083300000, 0x0000000083300000|100%| O|  |TAMS 0x0000000083300000, 0x0000000083300000| Untracked 
|  51|0x0000000083300000, 0x0000000083400000, 0x0000000083400000|100%| O|  |TAMS 0x0000000083400000, 0x0000000083400000| Untracked 
|  52|0x0000000083400000, 0x0000000083500000, 0x0000000083500000|100%| O|  |TAMS 0x0000000083500000, 0x0000000083500000| Untracked 
|  53|0x0000000083500000, 0x0000000083600000, 0x0000000083600000|100%| O|  |TAMS 0x0000000083600000, 0x0000000083600000| Untracked 
|  54|0x0000000083600000, 0x0000000083700000, 0x0000000083700000|100%| O|  |TAMS 0x0000000083700000, 0x0000000083700000| Untracked 
|  55|0x0000000083700000, 0x0000000083800000, 0x0000000083800000|100%| O|  |TAMS 0x0000000083800000, 0x0000000083800000| Untracked 
|  56|0x0000000083800000, 0x0000000083900000, 0x0000000083900000|100%| O|  |TAMS 0x0000000083900000, 0x0000000083900000| Untracked 
|  57|0x0000000083900000, 0x0000000083a00000, 0x0000000083a00000|100%| O|  |TAMS 0x0000000083a00000, 0x0000000083a00000| Untracked 
|  58|0x0000000083a00000, 0x0000000083b00000, 0x0000000083b00000|100%| O|  |TAMS 0x0000000083b00000, 0x0000000083b00000| Untracked 
|  59|0x0000000083b00000, 0x0000000083c00000, 0x0000000083c00000|100%| O|  |TAMS 0x0000000083c00000, 0x0000000083c00000| Untracked 
|  60|0x0000000083c00000, 0x0000000083d00000, 0x0000000083d00000|100%| O|  |TAMS 0x0000000083d00000, 0x0000000083d00000| Untracked 
|  61|0x0000000083d00000, 0x0000000083e00000, 0x0000000083e00000|100%| O|  |TAMS 0x0000000083e00000, 0x0000000083e00000| Untracked 
|  62|0x0000000083e00000, 0x0000000083f00000, 0x0000000083f00000|100%| O|  |TAMS 0x0000000083f00000, 0x0000000083f00000| Untracked 
|  63|0x0000000083f00000, 0x0000000084000000, 0x0000000084000000|100%| O|  |TAMS 0x0000000084000000, 0x0000000084000000| Untracked 
|  64|0x0000000084000000, 0x0000000084100000, 0x0000000084100000|100%| O|  |TAMS 0x0000000084100000, 0x0000000084100000| Untracked 
|  65|0x0000000084100000, 0x0000000084200000, 0x0000000084200000|100%| O|  |TAMS 0x0000000084200000, 0x0000000084200000| Untracked 
|  66|0x0000000084200000, 0x0000000084300000, 0x0000000084300000|100%| O|  |TAMS 0x0000000084300000, 0x0000000084300000| Untracked 
|  67|0x0000000084300000, 0x0000000084400000, 0x0000000084400000|100%| O|  |TAMS 0x0000000084400000, 0x0000000084400000| Untracked 
|  68|0x0000000084400000, 0x0000000084500000, 0x0000000084500000|100%| O|  |TAMS 0x0000000084500000, 0x0000000084500000| Untracked 
|  69|0x0000000084500000, 0x0000000084600000, 0x0000000084600000|100%| O|  |TAMS 0x0000000084600000, 0x0000000084600000| Untracked 
|  70|0x0000000084600000, 0x0000000084700000, 0x0000000084700000|100%| O|  |TAMS 0x0000000084700000, 0x0000000084700000| Untracked 
|  71|0x0000000084700000, 0x0000000084700000, 0x0000000084800000|  0%| F|  |TAMS 0x0000000084700000, 0x0000000084700000| Untracked 
|  72|0x0000000084800000, 0x0000000084900000, 0x0000000084900000|100%| O|  |TAMS 0x0000000084900000, 0x0000000084900000| Untracked 
|  73|0x0000000084900000, 0x0000000084a00000, 0x0000000084a00000|100%| O|  |TAMS 0x0000000084a00000, 0x0000000084a00000| Untracked 
|  74|0x0000000084a00000, 0x0000000084b00000, 0x0000000084b00000|100%| O|  |TAMS 0x0000000084b00000, 0x0000000084b00000| Untracked 
|  75|0x0000000084b00000, 0x0000000084c00000, 0x0000000084c00000|100%| O|  |TAMS 0x0000000084c00000, 0x0000000084c00000| Untracked 
|  76|0x0000000084c00000, 0x0000000084d00000, 0x0000000084d00000|100%| O|  |TAMS 0x0000000084d00000, 0x0000000084d00000| Untracked 
|  77|0x0000000084d00000, 0x0000000084e00000, 0x0000000084e00000|100%| O|  |TAMS 0x0000000084e00000, 0x0000000084e00000| Untracked 
|  78|0x0000000084e00000, 0x0000000084f00000, 0x0000000084f00000|100%| O|  |TAMS 0x0000000084f00000, 0x0000000084f00000| Untracked 
|  79|0x0000000084f00000, 0x0000000085000000, 0x0000000085000000|100%| O|  |TAMS 0x0000000085000000, 0x0000000085000000| Untracked 
|  80|0x0000000085000000, 0x0000000085100000, 0x0000000085100000|100%| O|  |TAMS 0x0000000085100000, 0x0000000085100000| Untracked 
|  81|0x0000000085100000, 0x0000000085200000, 0x0000000085200000|100%| O|  |TAMS 0x0000000085200000, 0x0000000085200000| Untracked 
|  82|0x0000000085200000, 0x0000000085300000, 0x0000000085300000|100%| O|  |TAMS 0x0000000085300000, 0x0000000085300000| Untracked 
|  83|0x0000000085300000, 0x0000000085400000, 0x0000000085400000|100%| O|  |TAMS 0x0000000085400000, 0x0000000085400000| Untracked 
|  84|0x0000000085400000, 0x0000000085500000, 0x0000000085500000|100%| O|  |TAMS 0x0000000085500000, 0x0000000085500000| Untracked 
|  85|0x0000000085500000, 0x0000000085600000, 0x0000000085600000|100%| O|  |TAMS 0x0000000085600000, 0x0000000085600000| Untracked 
|  86|0x0000000085600000, 0x0000000085700000, 0x0000000085700000|100%| O|  |TAMS 0x0000000085700000, 0x0000000085700000| Untracked 
|  87|0x0000000085700000, 0x0000000085800000, 0x0000000085800000|100%| O|  |TAMS 0x0000000085799800, 0x0000000085800000| Untracked 
|  88|0x0000000085800000, 0x0000000085900000, 0x0000000085900000|100%| O|  |TAMS 0x0000000085800000, 0x0000000085900000| Untracked 
|  89|0x0000000085900000, 0x0000000085a00000, 0x0000000085a00000|100%| O|  |TAMS 0x0000000085900000, 0x0000000085a00000| Untracked 
|  90|0x0000000085a00000, 0x0000000085b00000, 0x0000000085b00000|100%| O|  |TAMS 0x0000000085a00000, 0x0000000085b00000| Untracked 
|  91|0x0000000085b00000, 0x0000000085c00000, 0x0000000085c00000|100%| O|  |TAMS 0x0000000085b00000, 0x0000000085c00000| Untracked 
|  92|0x0000000085c00000, 0x0000000085d00000, 0x0000000085d00000|100%| O|  |TAMS 0x0000000085c00000, 0x0000000085d00000| Untracked 
|  93|0x0000000085d00000, 0x0000000085e00000, 0x0000000085e00000|100%| O|  |TAMS 0x0000000085d00000, 0x0000000085e00000| Untracked 
|  94|0x0000000085e00000, 0x0000000085f00000, 0x0000000085f00000|100%| O|  |TAMS 0x0000000085e00000, 0x0000000085f00000| Untracked 
|  95|0x0000000085f00000, 0x0000000086000000, 0x0000000086000000|100%| O|  |TAMS 0x0000000085f00000, 0x0000000086000000| Untracked 
|  96|0x0000000086000000, 0x0000000086100000, 0x0000000086100000|100%| O|  |TAMS 0x0000000086000000, 0x0000000086100000| Untracked 
|  97|0x0000000086100000, 0x0000000086200000, 0x0000000086200000|100%| O|  |TAMS 0x0000000086100000, 0x0000000086200000| Untracked 
|  98|0x0000000086200000, 0x0000000086300000, 0x0000000086300000|100%| O|  |TAMS 0x0000000086200000, 0x0000000086300000| Untracked 
|  99|0x0000000086300000, 0x0000000086400000, 0x0000000086400000|100%| O|  |TAMS 0x0000000086300000, 0x0000000086400000| Untracked 
| 100|0x0000000086400000, 0x0000000086500000, 0x0000000086500000|100%| O|  |TAMS 0x0000000086400000, 0x0000000086500000| Untracked 
| 101|0x0000000086500000, 0x0000000086600000, 0x0000000086600000|100%| O|  |TAMS 0x0000000086500000, 0x0000000086600000| Untracked 
| 102|0x0000000086600000, 0x0000000086700000, 0x0000000086700000|100%| O|  |TAMS 0x0000000086600000, 0x0000000086700000| Untracked 
| 103|0x0000000086700000, 0x0000000086800000, 0x0000000086800000|100%| O|  |TAMS 0x0000000086700000, 0x0000000086800000| Untracked 
| 104|0x0000000086800000, 0x0000000086900000, 0x0000000086900000|100%| O|  |TAMS 0x0000000086800000, 0x0000000086900000| Untracked 
| 105|0x0000000086900000, 0x0000000086a00000, 0x0000000086a00000|100%| O|  |TAMS 0x0000000086900000, 0x0000000086a00000| Untracked 
| 106|0x0000000086a00000, 0x0000000086b00000, 0x0000000086b00000|100%| O|  |TAMS 0x0000000086a00000, 0x0000000086b00000| Untracked 
| 107|0x0000000086b00000, 0x0000000086c00000, 0x0000000086c00000|100%| O|  |TAMS 0x0000000086b00000, 0x0000000086c00000| Untracked 
| 108|0x0000000086c00000, 0x0000000086d00000, 0x0000000086d00000|100%| O|  |TAMS 0x0000000086c00000, 0x0000000086d00000| Untracked 
| 109|0x0000000086d00000, 0x0000000086e00000, 0x0000000086e00000|100%| O|  |TAMS 0x0000000086d00000, 0x0000000086e00000| Untracked 
| 110|0x0000000086e00000, 0x0000000086f00000, 0x0000000086f00000|100%| O|  |TAMS 0x0000000086e00000, 0x0000000086f00000| Untracked 
| 111|0x0000000086f00000, 0x0000000087000000, 0x0000000087000000|100%| O|  |TAMS 0x0000000086f00000, 0x0000000087000000| Untracked 
| 112|0x0000000087000000, 0x0000000087100000, 0x0000000087100000|100%| O|  |TAMS 0x0000000087000000, 0x0000000087100000| Untracked 
| 113|0x0000000087100000, 0x0000000087200000, 0x0000000087200000|100%| O|  |TAMS 0x0000000087100000, 0x0000000087200000| Untracked 
| 114|0x0000000087200000, 0x0000000087300000, 0x0000000087300000|100%| O|  |TAMS 0x0000000087200000, 0x0000000087300000| Untracked 
| 115|0x0000000087300000, 0x0000000087400000, 0x0000000087400000|100%| O|  |TAMS 0x0000000087300000, 0x0000000087400000| Untracked 
| 116|0x0000000087400000, 0x0000000087500000, 0x0000000087500000|100%| O|  |TAMS 0x0000000087400000, 0x0000000087500000| Untracked 
| 117|0x0000000087500000, 0x0000000087600000, 0x0000000087600000|100%| O|  |TAMS 0x0000000087500000, 0x0000000087600000| Untracked 
| 118|0x0000000087600000, 0x0000000087700000, 0x0000000087700000|100%| O|  |TAMS 0x0000000087600000, 0x0000000087671c00| Untracked 
| 119|0x0000000087700000, 0x0000000087700000, 0x0000000087800000|  0%| F|  |TAMS 0x0000000087700000, 0x0000000087700000| Untracked 
| 120|0x0000000087800000, 0x0000000087800000, 0x0000000087900000|  0%| F|  |TAMS 0x0000000087800000, 0x0000000087800000| Untracked 
| 121|0x0000000087900000, 0x0000000087900000, 0x0000000087a00000|  0%| F|  |TAMS 0x0000000087900000, 0x0000000087900000| Untracked 
| 122|0x0000000087a00000, 0x0000000087a00000, 0x0000000087b00000|  0%| F|  |TAMS 0x0000000087a00000, 0x0000000087a00000| Untracked 
| 123|0x0000000087b00000, 0x0000000087b00000, 0x0000000087c00000|  0%| F|  |TAMS 0x0000000087b00000, 0x0000000087b00000| Untracked 
| 124|0x0000000087c00000, 0x0000000087c00000, 0x0000000087d00000|  0%| F|  |TAMS 0x0000000087c00000, 0x0000000087c00000| Untracked 
| 125|0x0000000087d00000, 0x0000000087d00000, 0x0000000087e00000|  0%| F|  |TAMS 0x0000000087d00000, 0x0000000087d00000| Untracked 
| 126|0x0000000087e00000, 0x0000000087e00000, 0x0000000087f00000|  0%| F|  |TAMS 0x0000000087e00000, 0x0000000087e00000| Untracked 
| 127|0x0000000087f00000, 0x0000000087f00000, 0x0000000088000000|  0%| F|  |TAMS 0x0000000087f00000, 0x0000000087f00000| Untracked 
| 128|0x0000000088000000, 0x0000000088000000, 0x0000000088100000|  0%| F|  |TAMS 0x0000000088000000, 0x0000000088000000| Untracked 
| 129|0x0000000088100000, 0x0000000088100000, 0x0000000088200000|  0%| F|  |TAMS 0x0000000088100000, 0x0000000088100000| Untracked 
| 130|0x0000000088200000, 0x0000000088200000, 0x0000000088300000|  0%| F|  |TAMS 0x0000000088200000, 0x0000000088200000| Untracked 
| 131|0x0000000088300000, 0x0000000088300000, 0x0000000088400000|  0%| F|  |TAMS 0x0000000088300000, 0x0000000088300000| Untracked 
| 132|0x0000000088400000, 0x0000000088400000, 0x0000000088500000|  0%| F|  |TAMS 0x0000000088400000, 0x0000000088400000| Untracked 
| 133|0x0000000088500000, 0x0000000088500000, 0x0000000088600000|  0%| F|  |TAMS 0x0000000088500000, 0x0000000088500000| Untracked 
| 134|0x0000000088600000, 0x0000000088600000, 0x0000000088700000|  0%| F|  |TAMS 0x0000000088600000, 0x0000000088600000| Untracked 
| 135|0x0000000088700000, 0x0000000088700000, 0x0000000088800000|  0%| F|  |TAMS 0x0000000088700000, 0x0000000088700000| Untracked 
| 136|0x0000000088800000, 0x0000000088800000, 0x0000000088900000|  0%| F|  |TAMS 0x0000000088800000, 0x0000000088800000| Untracked 
| 137|0x0000000088900000, 0x0000000088900000, 0x0000000088a00000|  0%| F|  |TAMS 0x0000000088900000, 0x0000000088900000| Untracked 
| 138|0x0000000088a00000, 0x0000000088a00000, 0x0000000088b00000|  0%| F|  |TAMS 0x0000000088a00000, 0x0000000088a00000| Untracked 
| 139|0x0000000088b00000, 0x0000000088b00000, 0x0000000088c00000|  0%| F|  |TAMS 0x0000000088b00000, 0x0000000088b00000| Untracked 
| 140|0x0000000088c00000, 0x0000000088c00000, 0x0000000088d00000|  0%| F|  |TAMS 0x0000000088c00000, 0x0000000088c00000| Untracked 
| 141|0x0000000088d00000, 0x0000000088d00000, 0x0000000088e00000|  0%| F|  |TAMS 0x0000000088d00000, 0x0000000088d00000| Untracked 
| 142|0x0000000088e00000, 0x0000000088e00000, 0x0000000088f00000|  0%| F|  |TAMS 0x0000000088e00000, 0x0000000088e00000| Untracked 
| 143|0x0000000088f00000, 0x0000000088f00000, 0x0000000089000000|  0%| F|  |TAMS 0x0000000088f00000, 0x0000000088f00000| Untracked 
| 144|0x0000000089000000, 0x0000000089000000, 0x0000000089100000|  0%| F|  |TAMS 0x0000000089000000, 0x0000000089000000| Untracked 
| 145|0x0000000089100000, 0x0000000089100000, 0x0000000089200000|  0%| F|  |TAMS 0x0000000089100000, 0x0000000089100000| Untracked 
| 146|0x0000000089200000, 0x0000000089200000, 0x0000000089300000|  0%| F|  |TAMS 0x0000000089200000, 0x0000000089200000| Untracked 
| 147|0x0000000089300000, 0x0000000089300000, 0x0000000089400000|  0%| F|  |TAMS 0x0000000089300000, 0x0000000089300000| Untracked 
| 148|0x0000000089400000, 0x0000000089400000, 0x0000000089500000|  0%| F|  |TAMS 0x0000000089400000, 0x0000000089400000| Untracked 
| 149|0x0000000089500000, 0x0000000089500000, 0x0000000089600000|  0%| F|  |TAMS 0x0000000089500000, 0x0000000089500000| Untracked 
| 150|0x0000000089600000, 0x0000000089600000, 0x0000000089700000|  0%| F|  |TAMS 0x0000000089600000, 0x0000000089600000| Untracked 
| 151|0x0000000089700000, 0x0000000089700000, 0x0000000089800000|  0%| F|  |TAMS 0x0000000089700000, 0x0000000089700000| Untracked 
| 152|0x0000000089800000, 0x0000000089800000, 0x0000000089900000|  0%| F|  |TAMS 0x0000000089800000, 0x0000000089800000| Untracked 
| 153|0x0000000089900000, 0x0000000089900000, 0x0000000089a00000|  0%| F|  |TAMS 0x0000000089900000, 0x0000000089900000| Untracked 
| 154|0x0000000089a00000, 0x0000000089a00000, 0x0000000089b00000|  0%| F|  |TAMS 0x0000000089a00000, 0x0000000089a00000| Untracked 
| 155|0x0000000089b00000, 0x0000000089c00000, 0x0000000089c00000|100%| S|CS|TAMS 0x0000000089b00000, 0x0000000089b00000| Complete 
| 156|0x0000000089c00000, 0x0000000089d00000, 0x0000000089d00000|100%| S|CS|TAMS 0x0000000089c00000, 0x0000000089c00000| Complete 
| 157|0x0000000089d00000, 0x0000000089e00000, 0x0000000089e00000|100%| S|CS|TAMS 0x0000000089d00000, 0x0000000089d00000| Complete 
| 158|0x0000000089e00000, 0x0000000089f00000, 0x0000000089f00000|100%| S|CS|TAMS 0x0000000089e00000, 0x0000000089e00000| Complete 
| 159|0x0000000089f00000, 0x000000008a000000, 0x000000008a000000|100%| S|CS|TAMS 0x0000000089f00000, 0x0000000089f00000| Complete 
| 160|0x000000008a000000, 0x000000008a100000, 0x000000008a100000|100%| S|CS|TAMS 0x000000008a000000, 0x000000008a000000| Complete 
| 161|0x000000008a100000, 0x000000008a200000, 0x000000008a200000|100%| S|CS|TAMS 0x000000008a100000, 0x000000008a100000| Complete 
| 162|0x000000008a200000, 0x000000008a300000, 0x000000008a300000|100%| S|CS|TAMS 0x000000008a200000, 0x000000008a200000| Complete 
| 163|0x000000008a300000, 0x000000008a300000, 0x000000008a400000|  0%| F|  |TAMS 0x000000008a300000, 0x000000008a300000| Untracked 
| 164|0x000000008a400000, 0x000000008a400000, 0x000000008a500000|  0%| F|  |TAMS 0x000000008a400000, 0x000000008a400000| Untracked 
| 165|0x000000008a500000, 0x000000008a500000, 0x000000008a600000|  0%| F|  |TAMS 0x000000008a500000, 0x000000008a500000| Untracked 
| 166|0x000000008a600000, 0x000000008a600000, 0x000000008a700000|  0%| F|  |TAMS 0x000000008a600000, 0x000000008a600000| Untracked 
| 167|0x000000008a700000, 0x000000008a700000, 0x000000008a800000|  0%| F|  |TAMS 0x000000008a700000, 0x000000008a700000| Untracked 
| 168|0x000000008a800000, 0x000000008a800000, 0x000000008a900000|  0%| F|  |TAMS 0x000000008a800000, 0x000000008a800000| Untracked 
| 169|0x000000008a900000, 0x000000008a900000, 0x000000008aa00000|  0%| F|  |TAMS 0x000000008a900000, 0x000000008a900000| Untracked 
| 170|0x000000008aa00000, 0x000000008aa00000, 0x000000008ab00000|  0%| F|  |TAMS 0x000000008aa00000, 0x000000008aa00000| Untracked 
| 171|0x000000008ab00000, 0x000000008ab00000, 0x000000008ac00000|  0%| F|  |TAMS 0x000000008ab00000, 0x000000008ab00000| Untracked 
| 172|0x000000008ac00000, 0x000000008ac00000, 0x000000008ad00000|  0%| F|  |TAMS 0x000000008ac00000, 0x000000008ac00000| Untracked 
| 173|0x000000008ad00000, 0x000000008ad00000, 0x000000008ae00000|  0%| F|  |TAMS 0x000000008ad00000, 0x000000008ad00000| Untracked 
| 174|0x000000008ae00000, 0x000000008ae00000, 0x000000008af00000|  0%| F|  |TAMS 0x000000008ae00000, 0x000000008ae00000| Untracked 
| 175|0x000000008af00000, 0x000000008af00000, 0x000000008b000000|  0%| F|  |TAMS 0x000000008af00000, 0x000000008af00000| Untracked 
| 176|0x000000008b000000, 0x000000008b000000, 0x000000008b100000|  0%| F|  |TAMS 0x000000008b000000, 0x000000008b000000| Untracked 
| 177|0x000000008b100000, 0x000000008b100000, 0x000000008b200000|  0%| F|  |TAMS 0x000000008b100000, 0x000000008b100000| Untracked 
| 178|0x000000008b200000, 0x000000008b200000, 0x000000008b300000|  0%| F|  |TAMS 0x000000008b200000, 0x000000008b200000| Untracked 
| 179|0x000000008b300000, 0x000000008b300000, 0x000000008b400000|  0%| F|  |TAMS 0x000000008b300000, 0x000000008b300000| Untracked 
| 180|0x000000008b400000, 0x000000008b400000, 0x000000008b500000|  0%| F|  |TAMS 0x000000008b400000, 0x000000008b400000| Untracked 
| 181|0x000000008b500000, 0x000000008b500000, 0x000000008b600000|  0%| F|  |TAMS 0x000000008b500000, 0x000000008b500000| Untracked 
| 182|0x000000008b600000, 0x000000008b600000, 0x000000008b700000|  0%| F|  |TAMS 0x000000008b600000, 0x000000008b600000| Untracked 
| 183|0x000000008b700000, 0x000000008b700000, 0x000000008b800000|  0%| F|  |TAMS 0x000000008b700000, 0x000000008b700000| Untracked 
| 184|0x000000008b800000, 0x000000008b800000, 0x000000008b900000|  0%| F|  |TAMS 0x000000008b800000, 0x000000008b800000| Untracked 
| 185|0x000000008b900000, 0x000000008b900000, 0x000000008ba00000|  0%| F|  |TAMS 0x000000008b900000, 0x000000008b900000| Untracked 
| 186|0x000000008ba00000, 0x000000008ba00000, 0x000000008bb00000|  0%| F|  |TAMS 0x000000008ba00000, 0x000000008ba00000| Untracked 
| 187|0x000000008bb00000, 0x000000008bb00000, 0x000000008bc00000|  0%| F|  |TAMS 0x000000008bb00000, 0x000000008bb00000| Untracked 
| 188|0x000000008bc00000, 0x000000008bc00000, 0x000000008bd00000|  0%| F|  |TAMS 0x000000008bc00000, 0x000000008bc00000| Untracked 
| 189|0x000000008bd00000, 0x000000008bd00000, 0x000000008be00000|  0%| F|  |TAMS 0x000000008bd00000, 0x000000008bd00000| Untracked 
| 190|0x000000008be00000, 0x000000008be00000, 0x000000008bf00000|  0%| F|  |TAMS 0x000000008be00000, 0x000000008be00000| Untracked 
| 191|0x000000008bf00000, 0x000000008bf00000, 0x000000008c000000|  0%| F|  |TAMS 0x000000008bf00000, 0x000000008bf00000| Untracked 
| 192|0x000000008c000000, 0x000000008c000000, 0x000000008c100000|  0%| F|  |TAMS 0x000000008c000000, 0x000000008c000000| Untracked 
| 193|0x000000008c100000, 0x000000008c100000, 0x000000008c200000|  0%| F|  |TAMS 0x000000008c100000, 0x000000008c100000| Untracked 
| 194|0x000000008c200000, 0x000000008c200000, 0x000000008c300000|  0%| F|  |TAMS 0x000000008c200000, 0x000000008c200000| Untracked 
| 195|0x000000008c300000, 0x000000008c300000, 0x000000008c400000|  0%| F|  |TAMS 0x000000008c300000, 0x000000008c300000| Untracked 
| 196|0x000000008c400000, 0x000000008c400000, 0x000000008c500000|  0%| F|  |TAMS 0x000000008c400000, 0x000000008c400000| Untracked 
| 197|0x000000008c500000, 0x000000008c500000, 0x000000008c600000|  0%| F|  |TAMS 0x000000008c500000, 0x000000008c500000| Untracked 
| 198|0x000000008c600000, 0x000000008c600000, 0x000000008c700000|  0%| F|  |TAMS 0x000000008c600000, 0x000000008c600000| Untracked 
| 199|0x000000008c700000, 0x000000008c700000, 0x000000008c800000|  0%| F|  |TAMS 0x000000008c700000, 0x000000008c700000| Untracked 
| 200|0x000000008c800000, 0x000000008c800000, 0x000000008c900000|  0%| F|  |TAMS 0x000000008c800000, 0x000000008c800000| Untracked 
| 201|0x000000008c900000, 0x000000008c900000, 0x000000008ca00000|  0%| F|  |TAMS 0x000000008c900000, 0x000000008c900000| Untracked 
| 202|0x000000008ca00000, 0x000000008ca00000, 0x000000008cb00000|  0%| F|  |TAMS 0x000000008ca00000, 0x000000008ca00000| Untracked 
| 203|0x000000008cb00000, 0x000000008cb00000, 0x000000008cc00000|  0%| F|  |TAMS 0x000000008cb00000, 0x000000008cb00000| Untracked 
| 204|0x000000008cc00000, 0x000000008cc00000, 0x000000008cd00000|  0%| F|  |TAMS 0x000000008cc00000, 0x000000008cc00000| Untracked 
| 205|0x000000008cd00000, 0x000000008cd00000, 0x000000008ce00000|  0%| F|  |TAMS 0x000000008cd00000, 0x000000008cd00000| Untracked 
| 206|0x000000008ce00000, 0x000000008ce00000, 0x000000008cf00000|  0%| F|  |TAMS 0x000000008ce00000, 0x000000008ce00000| Untracked 
| 207|0x000000008cf00000, 0x000000008cf00000, 0x000000008d000000|  0%| F|  |TAMS 0x000000008cf00000, 0x000000008cf00000| Untracked 
| 208|0x000000008d000000, 0x000000008d000000, 0x000000008d100000|  0%| F|  |TAMS 0x000000008d000000, 0x000000008d000000| Untracked 
| 209|0x000000008d100000, 0x000000008d100000, 0x000000008d200000|  0%| F|  |TAMS 0x000000008d100000, 0x000000008d100000| Untracked 
| 210|0x000000008d200000, 0x000000008d200000, 0x000000008d300000|  0%| F|  |TAMS 0x000000008d200000, 0x000000008d200000| Untracked 
| 211|0x000000008d300000, 0x000000008d300000, 0x000000008d400000|  0%| F|  |TAMS 0x000000008d300000, 0x000000008d300000| Untracked 
| 212|0x000000008d400000, 0x000000008d400000, 0x000000008d500000|  0%| F|  |TAMS 0x000000008d400000, 0x000000008d400000| Untracked 
| 213|0x000000008d500000, 0x000000008d500000, 0x000000008d600000|  0%| F|  |TAMS 0x000000008d500000, 0x000000008d500000| Untracked 
| 214|0x000000008d600000, 0x000000008d600000, 0x000000008d700000|  0%| F|  |TAMS 0x000000008d600000, 0x000000008d600000| Untracked 
| 215|0x000000008d700000, 0x000000008d700000, 0x000000008d800000|  0%| F|  |TAMS 0x000000008d700000, 0x000000008d700000| Untracked 
| 216|0x000000008d800000, 0x000000008d800000, 0x000000008d900000|  0%| F|  |TAMS 0x000000008d800000, 0x000000008d800000| Untracked 
| 217|0x000000008d900000, 0x000000008d900000, 0x000000008da00000|  0%| F|  |TAMS 0x000000008d900000, 0x000000008d900000| Untracked 
| 218|0x000000008da00000, 0x000000008da00000, 0x000000008db00000|  0%| F|  |TAMS 0x000000008da00000, 0x000000008da00000| Untracked 
| 219|0x000000008db00000, 0x000000008db00000, 0x000000008dc00000|  0%| F|  |TAMS 0x000000008db00000, 0x000000008db00000| Untracked 

Card table byte_map: [0x00000233c6510000,0x00000233c6910000] _byte_map_base: 0x00000233c6110000

Marking Bits (Prev, Next): (CMBitMap*) 0x00000233b3ca3550, (CMBitMap*) 0x00000233b3ca3590
 Prev Bits: [0x00000233c6d10000, 0x00000233c8d10000)
 Next Bits: [0x00000233c8d10000, 0x00000233cad10000)

Polling page: 0x00000233b3410000

Metaspace:

Usage:
  Non-class:     86.69 MB used.
      Class:     13.67 MB used.
       Both:    100.36 MB used.

Virtual space:
  Non-class space:       88.00 MB reserved,      87.00 MB ( 99%) committed,  11 nodes.
      Class space:        1.00 GB reserved,      14.00 MB (  1%) committed,  1 nodes.
             Both:        1.09 GB reserved,     101.00 MB (  9%) committed. 

Chunk freelists:
   Non-Class:  960.00 KB
       Class:  1.97 MB
        Both:  2.91 MB

MaxMetaspaceSize: unlimited
CompressedClassSpaceSize: 1.00 GB
Initial GC threshold: 21.00 MB
Current GC threshold: 164.81 MB
CDS: off
MetaspaceReclaimPolicy: balanced
 - commit_granule_bytes: 65536.
 - commit_granule_words: 8192.
 - virtual_space_node_default_size: 1048576.
 - enlarge_chunks_in_place: 1.
 - new_chunks_are_fully_committed: 0.
 - uncommit_free_chunks: 1.
 - use_allocation_guard: 0.
 - handle_deallocations: 1.


Internal statistics:

num_allocs_failed_limit: 6.
num_arena_births: 992.
num_arena_deaths: 4.
num_vsnodes_births: 12.
num_vsnodes_deaths: 0.
num_space_committed: 1615.
num_space_uncommitted: 0.
num_chunks_returned_to_freelist: 12.
num_chunks_taken_from_freelist: 4736.
num_chunk_merges: 7.
num_chunk_splits: 3206.
num_chunks_enlarged: 2247.
num_purges: 2.
num_inconsistent_stats: 0.

CodeHeap 'non-profiled nmethods': size=120000Kb used=4154Kb max_used=4857Kb free=115845Kb
 bounds [0x00000233bebe0000, 0x00000233bf0a0000, 0x00000233c6110000]
CodeHeap 'profiled nmethods': size=120000Kb used=19315Kb max_used=20225Kb free=100684Kb
 bounds [0x00000233b7110000, 0x00000233b8580000, 0x00000233be640000]
CodeHeap 'non-nmethods': size=5760Kb used=2406Kb max_used=2441Kb free=3353Kb
 bounds [0x00000233be640000, 0x00000233be8c0000, 0x00000233bebe0000]
 total_blobs=11223 nmethods=10292 adapters=843
 compilation: enabled
              stopped_count=0, restarted_count=0
 full_count=0

Compilation events (20 events):
Event: 19.424 Thread 0x00000233cdc10520 nmethod 12037 0x00000233b792a590 code [0x00000233b792a720, 0x00000233b792a848]
Event: 19.424 Thread 0x00000233cdc10520 12038       2       com.android.tools.r8.internal.vH::a (86 bytes)
Event: 19.425 Thread 0x00000233cdc10520 nmethod 12038 0x00000233b7a23d10 code [0x00000233b7a23f60, 0x00000233b7a246f8]
Event: 19.425 Thread 0x00000233cdc10520 12039       2       com.android.tools.r8.internal.vH$$Lambda$1551/0x0000000100dfd2a8::<init> (20 bytes)
Event: 19.425 Thread 0x00000233cdc10520 nmethod 12039 0x00000233b7d17290 code [0x00000233b7d17420, 0x00000233b7d17638]
Event: 19.428 Thread 0x00000233cdc10520 12040       2       com.android.tools.r8.internal.wG::a (31 bytes)
Event: 19.429 Thread 0x00000233cdc10520 nmethod 12040 0x00000233b7694990 code [0x00000233b7694b80, 0x00000233b7694f38]
Event: 19.429 Thread 0x00000233cdc10520 12041       2       com.android.tools.r8.internal.wG$$Lambda$1552/0x0000000100dfd500::<init> (26 bytes)
Event: 19.429 Thread 0x00000233cdc10520 nmethod 12041 0x00000233b7882510 code [0x00000233b78826a0, 0x00000233b7882918]
Event: 19.429 Thread 0x00000233cdc10520 12042       2       com.android.tools.r8.internal.vH$$Lambda$1553/0x0000000100dfd758::accept (20 bytes)
Event: 19.429 Thread 0x00000233cdc10520 nmethod 12042 0x00000233b788c710 code [0x00000233b788c8c0, 0x00000233b788ca48]
Event: 19.429 Thread 0x00000233cdc10520 12043       2       com.android.tools.r8.internal.vH::b (10 bytes)
Event: 19.429 Thread 0x00000233cdc10520 nmethod 12043 0x00000233b78e6f10 code [0x00000233b78e70a0, 0x00000233b78e71a8]
Event: 19.433 Thread 0x00000233cdc10520 12045 %     3       com.android.tools.r8.internal.GQ::a @ 23 (169 bytes)
Event: 19.433 Thread 0x00000233cdc10520 nmethod 12045% 0x00000233b779cc90 code [0x00000233b779cee0, 0x00000233b779db98]
Event: 19.434 Thread 0x00000233cdc10520 12046       3       com.android.tools.r8.internal.GQ::a (169 bytes)
Event: 19.434 Thread 0x00000233cdc10520 nmethod 12046 0x00000233b75e8610 code [0x00000233b75e8860, 0x00000233b75e93f8]
Event: 19.436 Thread 0x00000233cdc10520 12047       2       com.android.tools.r8.internal.A6::<init> (5 bytes)
Event: 19.437 Thread 0x00000233cdc10520 nmethod 12047 0x00000233b7ad1e10 code [0x00000233b7ad1fa0, 0x00000233b7ad2098]
Event: 19.446 Thread 0x00000233cdc10520 12048   !   2       com.android.tools.r8.graph.Z3::H0 (263 bytes)

GC Heap History (20 events):
Event: 13.788 GC heap after
{Heap after GC invocations=35 (full 0):
 garbage-first heap   total 138240K, used 66084K [0x0000000080000000, 0x0000000100000000)
  region size 1024K, 7 young (7168K), 7 survivors (7168K)
 Metaspace       used 87730K, committed 88384K, reserved 1130496K
  class space    used 11983K, committed 12288K, reserved 1048576K
}
Event: 14.162 GC heap before
{Heap before GC invocations=35 (full 0):
 garbage-first heap   total 138240K, used 110116K [0x0000000080000000, 0x0000000100000000)
  region size 1024K, 50 young (51200K), 7 survivors (7168K)
 Metaspace       used 88513K, committed 89152K, reserved 1130496K
  class space    used 12098K, committed 12416K, reserved 1048576K
}
Event: 14.177 GC heap after
{Heap after GC invocations=36 (full 0):
 garbage-first heap   total 138240K, used 73339K [0x0000000080000000, 0x0000000100000000)
  region size 1024K, 7 young (7168K), 7 survivors (7168K)
 Metaspace       used 88513K, committed 89152K, reserved 1130496K
  class space    used 12098K, committed 12416K, reserved 1048576K
}
Event: 14.901 GC heap before
{Heap before GC invocations=36 (full 0):
 garbage-first heap   total 138240K, used 110203K [0x0000000080000000, 0x0000000100000000)
  region size 1024K, 43 young (44032K), 7 survivors (7168K)
 Metaspace       used 89943K, committed 90624K, reserved 1130496K
  class space    used 12354K, committed 12672K, reserved 1048576K
}
Event: 14.912 GC heap after
{Heap after GC invocations=37 (full 0):
 garbage-first heap   total 138240K, used 79174K [0x0000000080000000, 0x0000000100000000)
  region size 1024K, 6 young (6144K), 6 survivors (6144K)
 Metaspace       used 89943K, committed 90624K, reserved 1130496K
  class space    used 12354K, committed 12672K, reserved 1048576K
}
Event: 15.560 GC heap before
{Heap before GC invocations=38 (full 0):
 garbage-first heap   total 145408K, used 109894K [0x0000000080000000, 0x0000000100000000)
  region size 1024K, 37 young (37888K), 6 survivors (6144K)
 Metaspace       used 90215K, committed 90880K, reserved 1130496K
  class space    used 12363K, committed 12672K, reserved 1048576K
}
Event: 15.568 GC heap after
{Heap after GC invocations=39 (full 0):
 garbage-first heap   total 145408K, used 81847K [0x0000000080000000, 0x0000000100000000)
  region size 1024K, 4 young (4096K), 4 survivors (4096K)
 Metaspace       used 90215K, committed 90880K, reserved 1130496K
  class space    used 12363K, committed 12672K, reserved 1048576K
}
Event: 15.675 GC heap before
{Heap before GC invocations=39 (full 0):
 garbage-first heap   total 145408K, used 84919K [0x0000000080000000, 0x0000000100000000)
  region size 1024K, 7 young (7168K), 4 survivors (4096K)
 Metaspace       used 90352K, committed 91008K, reserved 1130496K
  class space    used 12389K, committed 12672K, reserved 1048576K
}
Event: 15.686 GC heap after
{Heap after GC invocations=40 (full 0):
 garbage-first heap   total 199680K, used 80863K [0x0000000080000000, 0x0000000100000000)
  region size 1024K, 1 young (1024K), 1 survivors (1024K)
 Metaspace       used 90352K, committed 91008K, reserved 1130496K
  class space    used 12389K, committed 12672K, reserved 1048576K
}
Event: 17.448 GC heap before
{Heap before GC invocations=40 (full 0):
 garbage-first heap   total 199680K, used 156639K [0x0000000080000000, 0x0000000100000000)
  region size 1024K, 75 young (76800K), 1 survivors (1024K)
 Metaspace       used 94964K, committed 95616K, reserved 1138688K
  class space    used 12903K, committed 13248K, reserved 1048576K
}
Event: 17.465 GC heap after
{Heap after GC invocations=41 (full 0):
 garbage-first heap   total 199680K, used 88546K [0x0000000080000000, 0x0000000100000000)
  region size 1024K, 9 young (9216K), 9 survivors (9216K)
 Metaspace       used 94964K, committed 95616K, reserved 1138688K
  class space    used 12903K, committed 13248K, reserved 1048576K
}
Event: 18.240 GC heap before
{Heap before GC invocations=41 (full 0):
 garbage-first heap   total 199680K, used 151010K [0x0000000080000000, 0x0000000100000000)
  region size 1024K, 71 young (72704K), 9 survivors (9216K)
 Metaspace       used 98623K, committed 99328K, reserved 1138688K
  class space    used 13405K, committed 13760K, reserved 1048576K
}
Event: 18.271 GC heap after
{Heap after GC invocations=42 (full 0):
 garbage-first heap   total 199680K, used 98918K [0x0000000080000000, 0x0000000100000000)
  region size 1024K, 9 young (9216K), 9 survivors (9216K)
 Metaspace       used 98623K, committed 99328K, reserved 1138688K
  class space    used 13405K, committed 13760K, reserved 1048576K
}
Event: 18.537 GC heap before
{Heap before GC invocations=42 (full 0):
 garbage-first heap   total 199680K, used 155238K [0x0000000080000000, 0x0000000100000000)
  region size 1024K, 64 young (65536K), 9 survivors (9216K)
 Metaspace       used 100028K, committed 100736K, reserved 1138688K
  class space    used 13614K, committed 13952K, reserved 1048576K
}
Event: 18.563 GC heap after
{Heap after GC invocations=43 (full 0):
 garbage-first heap   total 199680K, used 110560K [0x0000000080000000, 0x0000000100000000)
  region size 1024K, 8 young (8192K), 8 survivors (8192K)
 Metaspace       used 100028K, committed 100736K, reserved 1138688K
  class space    used 13614K, committed 13952K, reserved 1048576K
}
Event: 19.021 GC heap before
{Heap before GC invocations=44 (full 0):
 garbage-first heap   total 225280K, used 157664K [0x0000000080000000, 0x0000000100000000)
  region size 1024K, 54 young (55296K), 8 survivors (8192K)
 Metaspace       used 100923K, committed 101632K, reserved 1138688K
  class space    used 13743K, committed 14080K, reserved 1048576K
}
Event: 19.130 GC heap after
{Heap after GC invocations=45 (full 0):
 garbage-first heap   total 225280K, used 119296K [0x0000000080000000, 0x0000000100000000)
  region size 1024K, 7 young (7168K), 7 survivors (7168K)
 Metaspace       used 100923K, committed 101632K, reserved 1138688K
  class space    used 13743K, committed 14080K, reserved 1048576K
}
Event: 19.146 GC heap before
{Heap before GC invocations=45 (full 0):
 garbage-first heap   total 225280K, used 123392K [0x0000000080000000, 0x0000000100000000)
  region size 1024K, 11 young (11264K), 7 survivors (7168K)
 Metaspace       used 100928K, committed 101632K, reserved 1138688K
  class space    used 13743K, committed 14080K, reserved 1048576K
}
Event: 19.165 GC heap after
{Heap after GC invocations=46 (full 0):
 garbage-first heap   total 225280K, used 121003K [0x0000000080000000, 0x0000000100000000)
  region size 1024K, 2 young (2048K), 2 survivors (2048K)
 Metaspace       used 100928K, committed 101632K, reserved 1138688K
  class space    used 13743K, committed 14080K, reserved 1048576K
}
Event: 19.447 GC heap before
{Heap before GC invocations=46 (full 0):
 garbage-first heap   total 225280K, used 177323K [0x0000000080000000, 0x0000000100000000)
  region size 1024K, 57 young (58368K), 2 survivors (2048K)
 Metaspace       used 102769K, committed 103424K, reserved 1138688K
  class space    used 13997K, committed 14336K, reserved 1048576K
}

Dll operation events (2 events):
Event: 0.011 Loaded shared library C:\Program Files\Android\Android Studio1\jbr\bin\java.dll
Event: 0.688 Loaded shared library C:\Program Files\Android\Android Studio1\jbr\bin\verify.dll

Deoptimization events (20 events):
Event: 18.758 Thread 0x00000233d29b5bd0 DEOPT PACKING pc=0x00000233b852682a sp=0x000000c7ccdf9cf0
Event: 18.758 Thread 0x00000233d29b5bd0 DEOPT UNPACKING pc=0x00000233be69ace3 sp=0x000000c7ccdf9458 mode 0
Event: 19.257 Thread 0x00000233ce126120 Uncommon trap: trap_request=0xffffff45 fr.pc=0x00000233bf099a24 relative=0x00000000000000e4
Event: 19.257 Thread 0x00000233d13428b0 Uncommon trap: trap_request=0xffffff45 fr.pc=0x00000233bf099a24 relative=0x00000000000000e4
Event: 19.257 Thread 0x00000233ce126120 Uncommon trap: reason=unstable_if action=reinterpret pc=0x00000233bf099a24 method=com.android.tools.r8.utils.structural.s.a(Lcom/android/tools/r8/utils/structural/s;)Z @ 7 c2
Event: 19.257 Thread 0x00000233d13428b0 Uncommon trap: reason=unstable_if action=reinterpret pc=0x00000233bf099a24 method=com.android.tools.r8.utils.structural.s.a(Lcom/android/tools/r8/utils/structural/s;)Z @ 7 c2
Event: 19.257 Thread 0x00000233d13428b0 DEOPT PACKING pc=0x00000233bf099a24 sp=0x000000c7cb3fb240
Event: 19.257 Thread 0x00000233ce126120 DEOPT PACKING pc=0x00000233bf099a24 sp=0x000000c7cd8fafa0
Event: 19.257 Thread 0x00000233d13428b0 DEOPT UNPACKING pc=0x00000233be69a1a3 sp=0x000000c7cb3fb1e0 mode 2
Event: 19.257 Thread 0x00000233ce126120 DEOPT UNPACKING pc=0x00000233be69a1a3 sp=0x000000c7cd8faf40 mode 2
Event: 19.273 Thread 0x00000233ce127460 Uncommon trap: trap_request=0xffffff45 fr.pc=0x00000233bf09923c relative=0x000000000000009c
Event: 19.273 Thread 0x00000233ce127460 Uncommon trap: reason=unstable_if action=reinterpret pc=0x00000233bf09923c method=com.android.tools.r8.utils.structural.s.a(Lcom/android/tools/r8/utils/structural/s;)Z @ 7 c2
Event: 19.273 Thread 0x00000233ce127460 DEOPT PACKING pc=0x00000233bf09923c sp=0x000000c7cdef76f0
Event: 19.273 Thread 0x00000233ce127460 DEOPT UNPACKING pc=0x00000233be69a1a3 sp=0x000000c7cdef7628 mode 2
Event: 19.286 Thread 0x00000233d29b5bd0 Uncommon trap: trap_request=0xffffff45 fr.pc=0x00000233bed987dc relative=0x0000000000001cfc
Event: 19.286 Thread 0x00000233d29b5bd0 Uncommon trap: reason=unstable_if action=reinterpret pc=0x00000233bed987dc method=com.android.tools.r8.utils.u0.e(Ljava/lang/String;)[Ljava/lang/String; @ 27 c2
Event: 19.286 Thread 0x00000233d29b5bd0 DEOPT PACKING pc=0x00000233bed987dc sp=0x000000c7ccdf99f0
Event: 19.286 Thread 0x00000233d29b5bd0 DEOPT UNPACKING pc=0x00000233be69a1a3 sp=0x000000c7ccdf99d0 mode 2
Event: 19.435 Thread 0x00000233ce127460 DEOPT PACKING pc=0x00000233b7887246 sp=0x000000c7cdef6880
Event: 19.435 Thread 0x00000233ce127460 DEOPT UNPACKING pc=0x00000233be69ace3 sp=0x000000c7cdef5d60 mode 0

Classes unloaded (2 events):
Event: 18.777 Thread 0x00000233cd1f3d30 Unloading class 0x0000000100c6c400 'java/lang/invoke/LambdaForm$DMH+0x0000000100c6c400'
Event: 18.777 Thread 0x00000233cd1f3d30 Unloading class 0x0000000100c6c800 'java/lang/invoke/LambdaForm$DMH+0x0000000100c6c800'

Classes redefined (0 events):
No events

Internal exceptions (20 events):
Event: 17.176 Thread 0x00000233ce127460 Exception <a 'sun/nio/fs/WindowsException'{0x000000008859b0c0}> (0x000000008859b0c0) 
thrown [s\src\hotspot\share\prims\jni.cpp, line 517]
Event: 17.411 Thread 0x00000233ce126120 Exception <a 'sun/nio/fs/WindowsException'{0x0000000087aef3b0}> (0x0000000087aef3b0) 
thrown [s\src\hotspot\share\prims\jni.cpp, line 517]
Event: 17.471 Thread 0x00000233d13428b0 Exception <a 'sun/nio/fs/WindowsException'{0x000000008c15bd58}> (0x000000008c15bd58) 
thrown [s\src\hotspot\share\prims\jni.cpp, line 517]
Event: 17.589 Thread 0x00000233d29b5bd0 Exception <a 'sun/nio/fs/WindowsException'{0x000000008a3e6dc0}> (0x000000008a3e6dc0) 
thrown [s\src\hotspot\share\prims\jni.cpp, line 517]
Event: 17.652 Thread 0x00000233ce127460 Exception <a 'sun/nio/fs/WindowsException'{0x0000000089f774d8}> (0x0000000089f774d8) 
thrown [s\src\hotspot\share\prims\jni.cpp, line 517]
Event: 17.928 Thread 0x00000233ce127460 Exception <a 'java/lang/NoSuchMethodError'{0x0000000089706630}: 'java.lang.Object java.lang.invoke.DirectMethodHandle$Holder.invokeStaticInit(java.lang.Object, java.lang.Object, java.lang.Object, java.lang.Object, java.lang.Object, java.lang.Object, java.lang.Object, java.lang.Object, java.lang.Object, java.lang.Object, java.lang.Object, java.lang.Object, java.lang.Object, java.lang.Object, java.lang.Object, java.lang.Object, java.lang.Object, java.lang.Object, java.lang.Object, java.lang.Object, int, java
Event: 17.985 Thread 0x00000233d13428b0 Exception <a 'java/lang/IncompatibleClassChangeError'{0x0000000089651bf8}: Found class java.lang.Object, but interface was expected> (0x0000000089651bf8) 
thrown [s\src\hotspot\share\interpreter\linkResolver.cpp, line 838]
Event: 17.985 Thread 0x00000233ce126120 Exception <a 'java/lang/IncompatibleClassChangeError'{0x00000000897952a8}: Found class java.lang.Object, but interface was expected> (0x00000000897952a8) 
thrown [s\src\hotspot\share\interpreter\linkResolver.cpp, line 838]
Event: 17.985 Thread 0x00000233d29b5bd0 Exception <a 'java/lang/IncompatibleClassChangeError'{0x000000008964d238}: Found class java.lang.Object, but interface was expected> (0x000000008964d238) 
thrown [s\src\hotspot\share\interpreter\linkResolver.cpp, line 838]
Event: 17.985 Thread 0x00000233ce127460 Exception <a 'java/lang/IncompatibleClassChangeError'{0x000000008974dd50}: Found class java.lang.Object, but interface was expected> (0x000000008974dd50) 
thrown [s\src\hotspot\share\interpreter\linkResolver.cpp, line 838]
Event: 18.079 Thread 0x00000233ce127460 Exception <a 'java/lang/NoSuchMethodError'{0x0000000089420a48}: 'java.lang.Object java.lang.invoke.DirectMethodHandle$Holder.newInvokeSpecial(java.lang.Object, long)'> (0x0000000089420a48) 
thrown [s\src\hotspot\share\interpreter\linkResolver.cpp, line 771]
Event: 18.079 Thread 0x00000233d29b5bd0 Exception <a 'java/lang/NoSuchMethodError'{0x000000008935be98}: 'java.lang.Object java.lang.invoke.DirectMethodHandle$Holder.newInvokeSpecial(java.lang.Object, long)'> (0x000000008935be98) 
thrown [s\src\hotspot\share\interpreter\linkResolver.cpp, line 771]
Event: 18.080 Thread 0x00000233ce126120 Exception <a 'java/lang/NoSuchMethodError'{0x00000000893664c8}: 'java.lang.Object java.lang.invoke.DirectMethodHandle$Holder.newInvokeSpecial(java.lang.Object, long)'> (0x00000000893664c8) 
thrown [s\src\hotspot\share\interpreter\linkResolver.cpp, line 771]
Event: 18.080 Thread 0x00000233d13428b0 Exception <a 'java/lang/NoSuchMethodError'{0x00000000893795c0}: 'java.lang.Object java.lang.invoke.DirectMethodHandle$Holder.newInvokeSpecial(java.lang.Object, long)'> (0x00000000893795c0) 
thrown [s\src\hotspot\share\interpreter\linkResolver.cpp, line 771]
Event: 18.450 Thread 0x00000233ce126120 Exception <a 'java/lang/NoSuchMethodError'{0x0000000089c498a8}: 'void java.lang.invoke.DirectMethodHandle$Holder.invokeStatic(java.lang.Object, java.lang.Object, java.lang.Object, int)'> (0x0000000089c498a8) 
thrown [s\src\hotspot\share\interpreter\linkResolver.cpp, line 771]
Event: 18.453 Thread 0x00000233ce126120 Exception <a 'java/lang/IncompatibleClassChangeError'{0x0000000089b02908}: Found class java.lang.Object, but interface was expected> (0x0000000089b02908) 
thrown [s\src\hotspot\share\interpreter\linkResolver.cpp, line 838]
Event: 18.454 Thread 0x00000233ce126120 Exception <a 'java/lang/NoSuchMethodError'{0x0000000089b0a978}: 'void java.lang.invoke.DirectMethodHandle$Holder.invokeInterface(java.lang.Object, java.lang.Object, java.lang.Object, int)'> (0x0000000089b0a978) 
thrown [s\src\hotspot\share\interpreter\linkResolver.cpp, line 771]
Event: 19.262 Thread 0x00000233ce126120 Exception <a 'java/lang/NoSuchMethodError'{0x000000008c3fc6d0}: 'java.lang.Object java.lang.invoke.DirectMethodHandle$Holder.invokeStatic(java.lang.Object, int, java.lang.Object, java.lang.Object)'> (0x000000008c3fc6d0) 
thrown [s\src\hotspot\share\interpreter\linkResolver.cpp, line 771]
Event: 19.262 Thread 0x00000233d13428b0 Exception <a 'java/lang/NoSuchMethodError'{0x000000008c3f2298}: 'java.lang.Object java.lang.invoke.DirectMethodHandle$Holder.invokeStatic(java.lang.Object, int, java.lang.Object, java.lang.Object)'> (0x000000008c3f2298) 
thrown [s\src\hotspot\share\interpreter\linkResolver.cpp, line 771]
Event: 19.263 Thread 0x00000233d13428b0 Exception <a 'java/lang/NoSuchMethodError'{0x000000008c2808d8}: 'java.lang.Object java.lang.invoke.DirectMethodHandle$Holder.invokeStatic(java.lang.Object, java.lang.Object, int, java.lang.Object, java.lang.Object)'> (0x000000008c2808d8) 
thrown [s\src\hotspot\share\interpreter\linkResolver.cpp, line 771]

VM Operations (20 events):
Event: 18.596 Executing VM operation: HandshakeAllThreads done
Event: 18.600 Executing VM operation: HandshakeAllThreads
Event: 18.600 Executing VM operation: HandshakeAllThreads done
Event: 18.640 Executing VM operation: HandshakeAllThreads
Event: 18.640 Executing VM operation: HandshakeAllThreads done
Event: 18.701 Executing VM operation: HandshakeAllThreads
Event: 18.701 Executing VM operation: HandshakeAllThreads done
Event: 18.754 Executing VM operation: HandshakeAllThreads
Event: 18.755 Executing VM operation: HandshakeAllThreads done
Event: 18.776 Executing VM operation: G1Concurrent
Event: 18.869 Executing VM operation: G1Concurrent done
Event: 18.907 Executing VM operation: HandshakeAllThreads
Event: 18.932 Executing VM operation: HandshakeAllThreads done
Event: 18.954 Executing VM operation: G1Concurrent
Event: 18.976 Executing VM operation: G1Concurrent done
Event: 19.005 Executing VM operation: G1CollectForAllocation
Event: 19.130 Executing VM operation: G1CollectForAllocation done
Event: 19.145 Executing VM operation: G1CollectForAllocation
Event: 19.165 Executing VM operation: G1CollectForAllocation done
Event: 19.447 Executing VM operation: G1CollectForAllocation

Events (20 events):
Event: 18.503 Thread 0x00000233cd23db30 flushing nmethod 0x00000233b83a9c90
Event: 18.503 Thread 0x00000233cd23db30 flushing nmethod 0x00000233b83adc90
Event: 18.503 Thread 0x00000233cd23db30 flushing nmethod 0x00000233b83af790
Event: 18.503 Thread 0x00000233cd23db30 flushing nmethod 0x00000233b83b0910
Event: 18.503 Thread 0x00000233cd23db30 flushing nmethod 0x00000233b83b3f90
Event: 18.503 Thread 0x00000233cd23db30 flushing nmethod 0x00000233b83c2a90
Event: 18.503 Thread 0x00000233cd23db30 flushing nmethod 0x00000233b83d9710
Event: 18.503 Thread 0x00000233cd23db30 flushing nmethod 0x00000233b83df410
Event: 18.503 Thread 0x00000233cd23db30 flushing nmethod 0x00000233b83e1410
Event: 18.503 Thread 0x00000233cd23db30 flushing nmethod 0x00000233b83e3310
Event: 18.503 Thread 0x00000233cd23db30 flushing nmethod 0x00000233b83e5590
Event: 18.503 Thread 0x00000233cd23db30 flushing nmethod 0x00000233b83e6e90
Event: 18.503 Thread 0x00000233cd23db30 flushing nmethod 0x00000233b83e7e90
Event: 18.503 Thread 0x00000233cd23db30 flushing nmethod 0x00000233b83ea910
Event: 18.503 Thread 0x00000233cd23db30 flushing nmethod 0x00000233b83ee890
Event: 18.503 Thread 0x00000233cd23db30 flushing nmethod 0x00000233b8423290
Event: 18.503 Thread 0x00000233cd23db30 flushing nmethod 0x00000233b8462310
Event: 18.503 Thread 0x00000233cd23db30 flushing nmethod 0x00000233b8463990
Event: 18.504 Thread 0x00000233cd23db30 flushing nmethod 0x00000233b84b8b90
Event: 18.504 Thread 0x00000233cd23db30 flushing nmethod 0x00000233b84b9490


Dynamic libraries:
0x00007ff766b00000 - 0x00007ff766b0a000 	C:\Program Files\Android\Android Studio1\jbr\bin\java.exe
0x00007ffbc6670000 - 0x00007ffbc6887000 	C:\WINDOWS\SYSTEM32\ntdll.dll
0x00007ffbc5630000 - 0x00007ffbc56f4000 	C:\WINDOWS\System32\KERNEL32.DLL
0x00007ffbc3b90000 - 0x00007ffbc3f36000 	C:\WINDOWS\System32\KERNELBASE.dll
0x00007ffbc39f0000 - 0x00007ffbc3b01000 	C:\WINDOWS\System32\ucrtbase.dll
0x00007ffb48bb0000 - 0x00007ffb48bc7000 	C:\Program Files\Android\Android Studio1\jbr\bin\jli.dll
0x00007ffbc43d0000 - 0x00007ffbc457d000 	C:\WINDOWS\System32\USER32.dll
0x00007ffbc4190000 - 0x00007ffbc41b6000 	C:\WINDOWS\System32\win32u.dll
0x00007ffbc54e0000 - 0x00007ffbc5509000 	C:\WINDOWS\System32\GDI32.dll
0x00007ffbc4070000 - 0x00007ffbc4188000 	C:\WINDOWS\System32\gdi32full.dll
0x00007ffbc41c0000 - 0x00007ffbc425a000 	C:\WINDOWS\System32\msvcp_win.dll
0x00007ffbaee00000 - 0x00007ffbaf093000 	C:\WINDOWS\WinSxS\amd64_microsoft.windows.common-controls_6595b64144ccf1df_6.0.22621.2361_none_2712ced57382f843\COMCTL32.dll
0x00007ffbc6580000 - 0x00007ffbc6627000 	C:\WINDOWS\System32\msvcrt.dll
0x00007ffba1d50000 - 0x00007ffba1d6b000 	C:\Program Files\Android\Android Studio1\jbr\bin\VCRUNTIME140.dll
0x00007ffbc48a0000 - 0x00007ffbc48d1000 	C:\WINDOWS\System32\IMM32.DLL
0x00007ffbb0120000 - 0x00007ffbb012c000 	C:\Program Files\Android\Android Studio1\jbr\bin\vcruntime140_1.dll
0x00007ffb7fff0000 - 0x00007ffb8007d000 	C:\Program Files\Android\Android Studio1\jbr\bin\msvcp140.dll
0x00007ffb49130000 - 0x00007ffb49d9e000 	C:\Program Files\Android\Android Studio1\jbr\bin\server\jvm.dll
0x00007ffbc4680000 - 0x00007ffbc4730000 	C:\WINDOWS\System32\ADVAPI32.dll
0x00007ffbc4730000 - 0x00007ffbc47d6000 	C:\WINDOWS\System32\sechost.dll
0x00007ffbc5510000 - 0x00007ffbc5627000 	C:\WINDOWS\System32\RPCRT4.dll
0x00007ffbbdfb0000 - 0x00007ffbbdfb9000 	C:\WINDOWS\SYSTEM32\WSOCK32.dll
0x00007ffbc5700000 - 0x00007ffbc5771000 	C:\WINDOWS\System32\WS2_32.dll
0x00007ffbbc210000 - 0x00007ffbbc244000 	C:\WINDOWS\SYSTEM32\WINMM.dll
0x00007ffbbd700000 - 0x00007ffbbd70a000 	C:\WINDOWS\SYSTEM32\VERSION.dll
0x00007ffbc29d0000 - 0x00007ffbc29e8000 	C:\WINDOWS\SYSTEM32\kernel.appcore.dll
0x00007ffba4750000 - 0x00007ffba475a000 	C:\Program Files\Android\Android Studio1\jbr\bin\jimage.dll
0x00007ffbc14f0000 - 0x00007ffbc171e000 	C:\WINDOWS\SYSTEM32\DBGHELP.DLL
0x00007ffbc58a0000 - 0x00007ffbc5c2a000 	C:\WINDOWS\System32\combase.dll
0x00007ffbc4580000 - 0x00007ffbc4657000 	C:\WINDOWS\System32\OLEAUT32.dll
0x00007ffb997e0000 - 0x00007ffb99812000 	C:\WINDOWS\SYSTEM32\dbgcore.DLL
0x00007ffbc3b10000 - 0x00007ffbc3b8a000 	C:\WINDOWS\System32\bcryptPrimitives.dll
0x00007ffb56ba0000 - 0x00007ffb56bc5000 	C:\Program Files\Android\Android Studio1\jbr\bin\java.dll
0x00007ffb49110000 - 0x00007ffb49128000 	C:\Program Files\Android\Android Studio1\jbr\bin\zip.dll
0x00007ffbc4c70000 - 0x00007ffbc54c8000 	C:\WINDOWS\System32\SHELL32.dll
0x00007ffbc1950000 - 0x00007ffbc2242000 	C:\WINDOWS\SYSTEM32\windows.storage.dll
0x00007ffbc1810000 - 0x00007ffbc194e000 	C:\WINDOWS\SYSTEM32\wintypes.dll
0x00007ffbc5780000 - 0x00007ffbc5873000 	C:\WINDOWS\System32\SHCORE.dll
0x00007ffbc47e0000 - 0x00007ffbc483e000 	C:\WINDOWS\System32\shlwapi.dll
0x00007ffbc3920000 - 0x00007ffbc3946000 	C:\WINDOWS\SYSTEM32\profapi.dll
0x00007ffb490f0000 - 0x00007ffb49109000 	C:\Program Files\Android\Android Studio1\jbr\bin\net.dll
0x00007ffbbc0d0000 - 0x00007ffbbc207000 	C:\WINDOWS\SYSTEM32\WINHTTP.dll
0x00007ffbc2eb0000 - 0x00007ffbc2f19000 	C:\WINDOWS\system32\mswsock.dll
0x00007ffb490d0000 - 0x00007ffb490e6000 	C:\Program Files\Android\Android Studio1\jbr\bin\nio.dll
0x00007ffb48e90000 - 0x00007ffb48ea0000 	C:\Program Files\Android\Android Studio1\jbr\bin\verify.dll
0x00007ffb9efe0000 - 0x00007ffb9f007000 	C:\Users\hp\.gradle\native\68d5fa5c4cc2d200863cafc0d521ce42e7d3e7ee720ec0a83991735586a16f82\windows-amd64\native-platform.dll
0x00007ffb7f490000 - 0x00007ffb7f5d4000 	C:\Users\hp\.gradle\native\e376f236ea51e6404a007f0833ffe2c6e607c4080706a723a18a27aeea778392\windows-amd64\native-platform-file-events.dll
0x00007ffb48e40000 - 0x00007ffb48e49000 	C:\Program Files\Android\Android Studio1\jbr\bin\management.dll
0x00007ffb48e30000 - 0x00007ffb48e3b000 	C:\Program Files\Android\Android Studio1\jbr\bin\management_ext.dll
0x00007ffbc4660000 - 0x00007ffbc4668000 	C:\WINDOWS\System32\PSAPI.DLL
0x00007ffbc3100000 - 0x00007ffbc311b000 	C:\WINDOWS\SYSTEM32\CRYPTSP.dll
0x00007ffbc2990000 - 0x00007ffbc29c5000 	C:\WINDOWS\system32\rsaenh.dll
0x00007ffbc2fa0000 - 0x00007ffbc2fcc000 	C:\WINDOWS\SYSTEM32\USERENV.dll
0x00007ffbc32a0000 - 0x00007ffbc32c8000 	C:\WINDOWS\SYSTEM32\bcrypt.dll
0x00007ffbc3120000 - 0x00007ffbc312c000 	C:\WINDOWS\SYSTEM32\CRYPTBASE.dll
0x00007ffbc24b0000 - 0x00007ffbc24dd000 	C:\WINDOWS\SYSTEM32\IPHLPAPI.DLL
0x00007ffbc54d0000 - 0x00007ffbc54d9000 	C:\WINDOWS\System32\NSI.dll
0x00007ffbbd6e0000 - 0x00007ffbbd6f9000 	C:\WINDOWS\SYSTEM32\dhcpcsvc6.DLL
0x00007ffbbc050000 - 0x00007ffbbc06f000 	C:\WINDOWS\SYSTEM32\dhcpcsvc.DLL
0x00007ffbc2520000 - 0x00007ffbc2619000 	C:\WINDOWS\SYSTEM32\DNSAPI.dll
0x00007ffb48be0000 - 0x00007ffb48be8000 	C:\WINDOWS\system32\wshunix.dll

dbghelp: loaded successfully - version: 4.0.5 - missing functions: none
symbol engine: initialized successfully - sym options: 0x614 - pdb path: .;C:\Program Files\Android\Android Studio1\jbr\bin;C:\WINDOWS\SYSTEM32;C:\WINDOWS\WinSxS\amd64_microsoft.windows.common-controls_6595b64144ccf1df_6.0.22621.2361_none_2712ced57382f843;C:\Program Files\Android\Android Studio1\jbr\bin\server;C:\Users\hp\.gradle\native\68d5fa5c4cc2d200863cafc0d521ce42e7d3e7ee720ec0a83991735586a16f82\windows-amd64;C:\Users\hp\.gradle\native\e376f236ea51e6404a007f0833ffe2c6e607c4080706a723a18a27aeea778392\windows-amd64

VM Arguments:
jvm_args: --add-opens=java.base/java.util=ALL-UNNAMED --add-opens=java.base/java.lang=ALL-UNNAMED --add-opens=java.base/java.lang.invoke=ALL-UNNAMED --add-opens=java.prefs/java.util.prefs=ALL-UNNAMED --add-opens=java.base/java.nio.charset=ALL-UNNAMED --add-opens=java.base/java.net=ALL-UNNAMED --add-opens=java.base/java.util.concurrent.atomic=ALL-UNNAMED -Xmx2048m -Dfile.encoding=UTF-8 -Duser.country=IN -Duser.language=en -Duser.variant 
java_command: org.gradle.launcher.daemon.bootstrap.GradleDaemon 8.0
java_class_path (initial): C:\Users\hp\.gradle\wrapper\dists\gradle-8.0-bin\ca5e32bp14vu59qr306oxotwh\gradle-8.0\lib\gradle-launcher-8.0.jar
Launcher Type: SUN_STANDARD

[Global flags]
     intx CICompilerCount                          = 3                                         {product} {ergonomic}
     uint ConcGCThreads                            = 1                                         {product} {ergonomic}
     uint G1ConcRefinementThreads                  = 4                                         {product} {ergonomic}
   size_t G1HeapRegionSize                         = 1048576                                   {product} {ergonomic}
    uintx GCDrainStackTargetSize                   = 64                                        {product} {ergonomic}
   size_t InitialHeapSize                          = 65011712                                  {product} {ergonomic}
   size_t MarkStackSize                            = 4194304                                   {product} {ergonomic}
   size_t MaxHeapSize                              = 2147483648                                {product} {command line}
   size_t MaxNewSize                               = 1287651328                                {product} {ergonomic}
   size_t MinHeapDeltaBytes                        = 1048576                                   {product} {ergonomic}
   size_t MinHeapSize                              = 8388608                                   {product} {ergonomic}
    uintx NonNMethodCodeHeapSize                   = 5832780                                {pd product} {ergonomic}
    uintx NonProfiledCodeHeapSize                  = 122912730                              {pd product} {ergonomic}
    uintx ProfiledCodeHeapSize                     = 122912730                              {pd product} {ergonomic}
    uintx ReservedCodeCacheSize                    = 251658240                              {pd product} {ergonomic}
     bool SegmentedCodeCache                       = true                                      {product} {ergonomic}
   size_t SoftMaxHeapSize                          = 2147483648                             {manageable} {ergonomic}
     bool UseCompressedClassPointers               = true                           {product lp64_product} {ergonomic}
     bool UseCompressedOops                        = true                           {product lp64_product} {ergonomic}
     bool UseG1GC                                  = true                                      {product} {ergonomic}
     bool UseLargePagesIndividualAllocation        = false                                  {pd product} {ergonomic}

Logging:
Log output configuration:
 #0: stdout all=warning uptime,level,tags
 #1: stderr all=off uptime,level,tags

Environment Variables:
JAVA_HOME=C:\Program Files\Java\jdk-15.0.1
PATH=C:\WINDOWS\system32;C:\WINDOWS;C:\WINDOWS\System32\Wbem;C:\WINDOWS\System32\WindowsPowerShell\v1.0\;C:\WINDOWS\System32\OpenSSH\;C:\Program Files (x86)\Microsoft SQL Server\90\Tools\binn\;C:\Program Files\Java\jdk-15.0.1\bin;C:\Program Files\Microsoft SQL Server\Client SDK\ODBC\170\Tools\Binn\;C:\WINDOWS\system32;C:\WINDOWS;C:\WINDOWS\System32\Wbem;C:\WINDOWS\System32\WindowsPowerShell\v1.0\;C:\WINDOWS\System32\OpenSSH\;C:\Program Files\Microsoft SQL Server\Client SDK\ODBC\130\Tools\Binn\;C:\Program Files (x86)\Microsoft SQL Server\140\Tools\Binn\;C:\Program Files\Microsoft SQL Server\140\Tools\Binn\;C:\Program Files\Microsoft SQL Server\140\DTS\Binn\;C:\Program Files\nodejs\;C:\Users\hp\AppData\Local\Microsoft\WindowsApps;;C:\Program Files\Azure Data Studio\bin;C:\Users\hp\AppData\Roaming\npm;C:\Users\hp\AppData\Local\Programs\Microsoft VS Code\bin
USERNAME=hp
OS=Windows_NT
PROCESSOR_IDENTIFIER=Intel64 Family 6 Model 126 Stepping 5, GenuineIntel
TMP=C:\Users\hp\AppData\Local\Temp
TEMP=C:\Users\hp\AppData\Local\Temp


JNI global refs:
JNI global refs: 26, weak refs: 40

JNI global refs memory usage: 843, weak refs: 841


---------------  S Y S T E M  ---------------

OS:
 Windows 11 , 64 bit Build 22621 (10.0.22621.2428)
OS uptime: 0 days 10:55 hours

CPU: total 4 (initial active 4) (2 cores per cpu, 2 threads per core) family 6 model 126 stepping 5 microcode 0xa0, cx8, cmov, fxsr, ht, mmx, 3dnowpref, sse, sse2, sse3, ssse3, sse4.1, sse4.2, popcnt, lzcnt, tsc, tscinvbit, avx, avx2, aes, erms, clmul, bmi1, bmi2, adx, avx512f, avx512dq, avx512cd, avx512bw, avx512vl, sha, fma, vzeroupper, avx512_vpopcntdq, avx512_vpclmulqdq, avx512_vaes, avx512_vnni, clflush, clflushopt, avx512_vbmi2, avx512_vbmi

Memory: 4k page, system-wide physical 3877M (248M free)
TotalPageFile size 7973M (AvailPageFile size 156M)
current process WorkingSet (physical memory assigned to process): 314M, peak: 405M
current process commit charge ("private bytes"): 511M, peak: 949M

vm_info: OpenJDK 64-Bit Server VM (17.0.6+0-b2043.56-10027231) for windows-amd64 JRE (17.0.6+0-b2043.56-10027231), built on Apr 28 2023 00:43:19 by "androidbuild" with MS VC++ 16.10 / 16.11 (VS2019)

END.
