#
# There is insufficient memory for the Java Runtime Environment to continue.
# Native memory allocation (mmap) failed to map 185597952 bytes for G1 virtual space
# Possible reasons:
#   The system is out of physical RAM or swap space
#   The process is running with CompressedOops enabled, and the Java Heap may be blocking the growth of the native heap
# Possible solutions:
#   Reduce memory load on the system
#   Increase physical memory or swap space
#   Check if swap backing store is full
#   Decrease Java heap size (-Xmx/-Xms)
#   Decrease number of Java threads
#   Decrease Java thread stack sizes (-Xss)
#   Set larger code cache with -XX:ReservedCodeCacheSize=
#   JVM is running with Unscaled Compressed Oops mode in which the Java heap is
#     placed in the first 4GB address space. The Java Heap base address is the
#     maximum limit for the native heap growth. Please use -XX:HeapBaseMinAddress
#     to set the Java Heap base and to place the Java Heap above 4GB virtual address.
# This output file may be truncated or incomplete.
#
#  Out of Memory Error (os_windows.cpp:3769), pid=8224, tid=11464
#
# JRE version: OpenJDK Runtime Environment (17.0.6) (build 17.0.6+0-b2043.56-10027231)
# Java VM: OpenJDK 64-Bit Server VM (17.0.6+0-b2043.56-10027231, mixed mode, tiered, compressed oops, compressed class ptrs, g1 gc, windows-amd64)
# No core dump will be written. Minidumps are not enabled by default on client versions of Windows
#

---------------  S U M M A R Y ------------

Command Line: --add-opens=java.base/java.util=ALL-UNNAMED --add-opens=java.base/java.lang=ALL-UNNAMED --add-opens=java.base/java.lang.invoke=ALL-UNNAMED --add-opens=java.prefs/java.util.prefs=ALL-UNNAMED --add-opens=java.base/java.nio.charset=ALL-UNNAMED --add-opens=java.base/java.net=ALL-UNNAMED --add-opens=java.base/java.util.concurrent.atomic=ALL-UNNAMED -Xmx2048m -Dfile.encoding=UTF-8 -Duser.country=IN -Duser.language=en -Duser.variant org.gradle.launcher.daemon.bootstrap.GradleDaemon 8.0

Host: Intel(R) Core(TM) i3-1005G1 CPU @ 1.20GHz, 4 cores, 3G,  Windows 11 , 64 bit Build 22621 (10.0.22621.2428)
Time: Sun Oct 29 20:56:06 2023 India Standard Time elapsed time: 21.969917 seconds (0d 0h 0m 21s)

---------------  T H R E A D  ---------------

Current thread (0x0000021e6f4b5930):  VMThread "VM Thread" [stack: 0x000000ae0b000000,0x000000ae0b100000] [id=11464]

Stack: [0x000000ae0b000000,0x000000ae0b100000]
Native frames: (J=compiled Java code, j=interpreted, Vv=VM code, C=native code)
V  [jvm.dll+0x683c9a]
V  [jvm.dll+0x8427a4]
V  [jvm.dll+0x843f9e]
V  [jvm.dll+0x844603]
V  [jvm.dll+0x249b75]
V  [jvm.dll+0x680b69]
V  [jvm.dll+0x67505a]
V  [jvm.dll+0x309acb]
V  [jvm.dll+0x310f86]
V  [jvm.dll+0x3608ee]
V  [jvm.dll+0x360b1f]
V  [jvm.dll+0x2dfbf8]
V  [jvm.dll+0x2ddec4]
V  [jvm.dll+0x2dd4cc]
V  [jvm.dll+0x321f3b]
V  [jvm.dll+0x848ccb]
V  [jvm.dll+0x849a04]
V  [jvm.dll+0x849f1d]
V  [jvm.dll+0x84a2f4]
V  [jvm.dll+0x84a3c0]
V  [jvm.dll+0x7f274a]
V  [jvm.dll+0x682ad5]
C  [ucrtbase.dll+0x29363]
C  [KERNEL32.DLL+0x1257d]
C  [ntdll.dll+0x5aa78]

VM_Operation (0x000000ae107f55b0): G1CollectForAllocation, mode: safepoint, requested by thread 0x0000021e70d1e080


---------------  P R O C E S S  ---------------

Threads class SMR info:
_java_thread_list=0x0000021e7760d210, length=89, elements={
0x0000021e53f8b630, 0x0000021e6f4db030, 0x0000021e6f4dbaf0, 0x0000021e6f4c6510,
0x0000021e70022010, 0x0000021e700248e0, 0x0000021e700275b0, 0x0000021e700281a0,
0x0000021e7002bfa0, 0x0000021e700348b0, 0x0000021e701c4030, 0x0000021e701e4510,
0x0000021e71a54020, 0x0000021e718a8030, 0x0000021e710f30d0, 0x0000021e70668370,
0x0000021e72515540, 0x0000021e70cb40f0, 0x0000021e70cb5430, 0x0000021e70cb5900,
0x0000021e70cb6c40, 0x0000021e70cb6770, 0x0000021e70cb62a0, 0x0000021e70cb7ab0,
0x0000021e70cb45c0, 0x0000021e70cb4f60, 0x0000021e70cb4a90, 0x0000021e70cb5dd0,
0x0000021e70cb7110, 0x0000021e70cb75e0, 0x0000021e7335ab10, 0x0000021e7335e9a0,
0x0000021e7335be50, 0x0000021e7335c320, 0x0000021e7335b980, 0x0000021e7335c7f0,
0x0000021e7335ccc0, 0x0000021e7335a640, 0x0000021e7335d190, 0x0000021e73359ca0,
0x0000021e7335db30, 0x0000021e7335e000, 0x0000021e7335e4d0, 0x0000021e73357af0,
0x0000021e73357fc0, 0x0000021e73358490, 0x0000021e70e588f0, 0x0000021e70e575b0,
0x0000021e70e55400, 0x0000021e70e53250, 0x0000021e70e56270, 0x0000021e70e51a40,
0x0000021e70e57a80, 0x0000021e70e510a0, 0x0000021e70e51570, 0x0000021e70e54590,
0x0000021e70e58420, 0x0000021e70e523e0, 0x0000021e70e528b0, 0x0000021e70e570e0,
0x0000021e70e52d80, 0x0000021e70e57f50, 0x0000021e70e51f10, 0x0000021e70e53720,
0x0000021e70e54f30, 0x0000021e70e53bf0, 0x0000021e70e56740, 0x0000021e70e540c0,
0x0000021e70e54a60, 0x0000021e70e558d0, 0x0000021e70e55da0, 0x0000021e70e56c10,
0x0000021e70d1eef0, 0x0000021e70d1e550, 0x0000021e70d1b060, 0x0000021e70d1f3c0,
0x0000021e70d1a6c0, 0x0000021e70d1bed0, 0x0000021e70d1c3a0, 0x0000021e70d1ab90,
0x0000021e70d1b530, 0x0000021e70d1cd40, 0x0000021e77c727f0, 0x0000021e70d1e080,
0x0000021e70d1f890, 0x0000021e70d1fd60, 0x0000021e70d20230, 0x0000021e70d21570,
0x0000021e7a9b0910
}

Java Threads: ( => current thread )
  0x0000021e53f8b630 JavaThread "main" [_thread_blocked, id=11996, stack(0x000000ae0aa00000,0x000000ae0ab00000)]
  0x0000021e6f4db030 JavaThread "Reference Handler" daemon [_thread_blocked, id=9852, stack(0x000000ae0b100000,0x000000ae0b200000)]
  0x0000021e6f4dbaf0 JavaThread "Finalizer" daemon [_thread_blocked, id=13692, stack(0x000000ae0b200000,0x000000ae0b300000)]
  0x0000021e6f4c6510 JavaThread "Signal Dispatcher" daemon [_thread_blocked, id=9452, stack(0x000000ae0b300000,0x000000ae0b400000)]
  0x0000021e70022010 JavaThread "Attach Listener" daemon [_thread_blocked, id=11964, stack(0x000000ae0b400000,0x000000ae0b500000)]
  0x0000021e700248e0 JavaThread "Service Thread" daemon [_thread_blocked, id=1260, stack(0x000000ae0b500000,0x000000ae0b600000)]
  0x0000021e700275b0 JavaThread "Monitor Deflation Thread" daemon [_thread_blocked, id=13720, stack(0x000000ae0b600000,0x000000ae0b700000)]
  0x0000021e700281a0 JavaThread "C2 CompilerThread0" daemon [_thread_in_native, id=2432, stack(0x000000ae0b700000,0x000000ae0b800000)]
  0x0000021e7002bfa0 JavaThread "C1 CompilerThread0" daemon [_thread_blocked, id=8656, stack(0x000000ae0b800000,0x000000ae0b900000)]
  0x0000021e700348b0 JavaThread "Sweeper thread" daemon [_thread_blocked, id=10224, stack(0x000000ae0b900000,0x000000ae0ba00000)]
  0x0000021e701c4030 JavaThread "Common-Cleaner" daemon [_thread_blocked, id=12272, stack(0x000000ae0ba00000,0x000000ae0bb00000)]
  0x0000021e701e4510 JavaThread "Notification Thread" daemon [_thread_blocked, id=10452, stack(0x000000ae0bb00000,0x000000ae0bc00000)]
  0x0000021e71a54020 JavaThread "Daemon health stats" [_thread_blocked, id=13492, stack(0x000000ae0c000000,0x000000ae0c100000)]
  0x0000021e718a8030 JavaThread "Incoming local TCP Connector on port 51402" [_thread_in_native, id=14308, stack(0x000000ae0c100000,0x000000ae0c200000)]
  0x0000021e710f30d0 JavaThread "Daemon periodic checks" [_thread_blocked, id=9460, stack(0x000000ae0c200000,0x000000ae0c300000)]
  0x0000021e70668370 JavaThread "Daemon" [_thread_blocked, id=13908, stack(0x000000ae0c300000,0x000000ae0c400000)]
  0x0000021e72515540 JavaThread "Handler for socket connection from /127.0.0.1:51402 to /127.0.0.1:51403" [_thread_in_native, id=11016, stack(0x000000ae0c400000,0x000000ae0c500000)]
  0x0000021e70cb40f0 JavaThread "Cancel handler" [_thread_blocked, id=14264, stack(0x000000ae0c500000,0x000000ae0c600000)]
  0x0000021e70cb5430 JavaThread "Daemon worker" [_thread_blocked, id=12580, stack(0x000000ae0c600000,0x000000ae0c700000)]
  0x0000021e70cb5900 JavaThread "Asynchronous log dispatcher for DefaultDaemonConnection: socket connection from /127.0.0.1:51402 to /127.0.0.1:51403" [_thread_blocked, id=10532, stack(0x000000ae0c700000,0x000000ae0c800000)]
  0x0000021e70cb6c40 JavaThread "Stdin handler" [_thread_blocked, id=12588, stack(0x000000ae0c800000,0x000000ae0c900000)]
  0x0000021e70cb6770 JavaThread "Daemon client event forwarder" [_thread_blocked, id=7224, stack(0x000000ae0c900000,0x000000ae0ca00000)]
  0x0000021e70cb62a0 JavaThread "Cache worker for journal cache (C:\Users\hp\.gradle\caches\journal-1)" [_thread_blocked, id=11480, stack(0x000000ae0ca00000,0x000000ae0cb00000)]
  0x0000021e70cb7ab0 JavaThread "File lock request listener" [_thread_in_native, id=14088, stack(0x000000ae0cb00000,0x000000ae0cc00000)]
  0x0000021e70cb45c0 JavaThread "Cache worker for file hash cache (C:\Users\hp\.gradle\caches\8.0\fileHashes)" [_thread_blocked, id=5780, stack(0x000000ae0cc00000,0x000000ae0cd00000)]
  0x0000021e70cb4f60 JavaThread "File watcher server" daemon [_thread_blocked, id=13812, stack(0x000000ae0cd00000,0x000000ae0ce00000)]
  0x0000021e70cb4a90 JavaThread "File watcher consumer" daemon [_thread_blocked, id=1712, stack(0x000000ae0ce00000,0x000000ae0cf00000)]
  0x0000021e70cb5dd0 JavaThread "Cache worker for checksums cache (D:\MCA\android_porject_Team4\MyApplication\.gradle\8.0\checksums)" [_thread_blocked, id=304, stack(0x000000ae0cf00000,0x000000ae0d000000)]
  0x0000021e70cb7110 JavaThread "Cache worker for cache directory md-rule (C:\Users\hp\.gradle\caches\8.0\md-rule)" [_thread_blocked, id=2772, stack(0x000000ae0d000000,0x000000ae0d100000)]
  0x0000021e70cb75e0 JavaThread "Cache worker for file content cache (C:\Users\hp\.gradle\caches\8.0\fileContent)" [_thread_blocked, id=9364, stack(0x000000ae0d100000,0x000000ae0d200000)]
  0x0000021e7335ab10 JavaThread "Cache worker for file hash cache (D:\MCA\android_porject_Team4\MyApplication\.gradle\8.0\fileHashes)" [_thread_blocked, id=2392, stack(0x000000ae0d200000,0x000000ae0d300000)]
  0x0000021e7335e9a0 JavaThread "Cache worker for cache directory md-supplier (C:\Users\hp\.gradle\caches\8.0\md-supplier)" [_thread_blocked, id=14240, stack(0x000000ae0d300000,0x000000ae0d400000)]
  0x0000021e7335be50 JavaThread "Cache worker for execution history cache (C:\Users\hp\.gradle\caches\8.0\executionHistory)" [_thread_blocked, id=3864, stack(0x000000ae0d400000,0x000000ae0d500000)]
  0x0000021e7335c320 JavaThread "jar transforms" [_thread_blocked, id=6768, stack(0x000000ae0d500000,0x000000ae0d600000)]
  0x0000021e7335b980 JavaThread "jar transforms Thread 2" [_thread_blocked, id=4356, stack(0x000000ae0d600000,0x000000ae0d700000)]
  0x0000021e7335c7f0 JavaThread "Cache worker for kotlin-dsl (C:\Users\hp\.gradle\caches\8.0\kotlin-dsl)" [_thread_blocked, id=9480, stack(0x000000ae0d700000,0x000000ae0d800000)]
  0x0000021e7335ccc0 JavaThread "jar transforms Thread 3" [_thread_blocked, id=120, stack(0x000000ae0d800000,0x000000ae0d900000)]
  0x0000021e7335a640 JavaThread "jar transforms Thread 4" [_thread_blocked, id=5668, stack(0x000000ae0d900000,0x000000ae0da00000)]
  0x0000021e7335d190 JavaThread "Cache worker for dependencies-accessors (D:\MCA\android_porject_Team4\MyApplication\.gradle\8.0\dependencies-accessors)" [_thread_blocked, id=12724, stack(0x000000ae0da00000,0x000000ae0db00000)]
  0x0000021e73359ca0 JavaThread "Cache worker for Build Output Cleanup Cache (D:\MCA\android_porject_Team4\MyApplication\.gradle\buildOutputCleanup)" [_thread_blocked, id=5440, stack(0x000000ae0db00000,0x000000ae0dc00000)]
  0x0000021e7335db30 JavaThread "Unconstrained build operations" [_thread_blocked, id=14232, stack(0x000000ae0dc00000,0x000000ae0dd00000)]
  0x0000021e7335e000 JavaThread "Unconstrained build operations Thread 2" [_thread_blocked, id=7880, stack(0x000000ae0dd00000,0x000000ae0de00000)]
  0x0000021e7335e4d0 JavaThread "Unconstrained build operations Thread 3" [_thread_blocked, id=8380, stack(0x000000ae0de00000,0x000000ae0df00000)]
  0x0000021e73357af0 JavaThread "Unconstrained build operations Thread 4" [_thread_blocked, id=12248, stack(0x000000ae0df00000,0x000000ae0e000000)]
  0x0000021e73357fc0 JavaThread "Unconstrained build operations Thread 5" [_thread_blocked, id=692, stack(0x000000ae0e000000,0x000000ae0e100000)]
  0x0000021e73358490 JavaThread "Unconstrained build operations Thread 6" [_thread_blocked, id=1564, stack(0x000000ae0e100000,0x000000ae0e200000)]
  0x0000021e70e588f0 JavaThread "Unconstrained build operations Thread 7" [_thread_blocked, id=14100, stack(0x000000ae0e200000,0x000000ae0e300000)]
  0x0000021e70e575b0 JavaThread "Unconstrained build operations Thread 8" [_thread_blocked, id=11800, stack(0x000000ae0e300000,0x000000ae0e400000)]
  0x0000021e70e55400 JavaThread "Unconstrained build operations Thread 9" [_thread_blocked, id=4024, stack(0x000000ae0e400000,0x000000ae0e500000)]
  0x0000021e70e53250 JavaThread "Unconstrained build operations Thread 10" [_thread_blocked, id=3328, stack(0x000000ae0e500000,0x000000ae0e600000)]
  0x0000021e70e56270 JavaThread "Unconstrained build operations Thread 11" [_thread_blocked, id=4880, stack(0x000000ae0e600000,0x000000ae0e700000)]
  0x0000021e70e51a40 JavaThread "Unconstrained build operations Thread 12" [_thread_blocked, id=5544, stack(0x000000ae0e700000,0x000000ae0e800000)]
  0x0000021e70e57a80 JavaThread "Unconstrained build operations Thread 13" [_thread_blocked, id=1092, stack(0x000000ae0e800000,0x000000ae0e900000)]
  0x0000021e70e510a0 JavaThread "Unconstrained build operations Thread 14" [_thread_blocked, id=13600, stack(0x000000ae0e900000,0x000000ae0ea00000)]
  0x0000021e70e51570 JavaThread "Unconstrained build operations Thread 15" [_thread_blocked, id=4852, stack(0x000000ae0ea00000,0x000000ae0eb00000)]
  0x0000021e70e54590 JavaThread "Unconstrained build operations Thread 16" [_thread_blocked, id=13904, stack(0x000000ae0eb00000,0x000000ae0ec00000)]
  0x0000021e70e58420 JavaThread "Unconstrained build operations Thread 17" [_thread_blocked, id=9568, stack(0x000000ae0ec00000,0x000000ae0ed00000)]
  0x0000021e70e523e0 JavaThread "Unconstrained build operations Thread 18" [_thread_blocked, id=10568, stack(0x000000ae0ed00000,0x000000ae0ee00000)]
  0x0000021e70e528b0 JavaThread "Unconstrained build operations Thread 19" [_thread_blocked, id=10116, stack(0x000000ae0ee00000,0x000000ae0ef00000)]
  0x0000021e70e570e0 JavaThread "Unconstrained build operations Thread 20" [_thread_blocked, id=7508, stack(0x000000ae0ef00000,0x000000ae0f000000)]
  0x0000021e70e52d80 JavaThread "Unconstrained build operations Thread 21" [_thread_blocked, id=11224, stack(0x000000ae0f000000,0x000000ae0f100000)]
  0x0000021e70e57f50 JavaThread "Unconstrained build operations Thread 22" [_thread_blocked, id=4068, stack(0x000000ae0f100000,0x000000ae0f200000)]
  0x0000021e70e51f10 JavaThread "Unconstrained build operations Thread 23" [_thread_blocked, id=11024, stack(0x000000ae0f200000,0x000000ae0f300000)]
  0x0000021e70e53720 JavaThread "Unconstrained build operations Thread 24" [_thread_blocked, id=5920, stack(0x000000ae0f300000,0x000000ae0f400000)]
  0x0000021e70e54f30 JavaThread "Unconstrained build operations Thread 25" [_thread_blocked, id=3164, stack(0x000000ae0f400000,0x000000ae0f500000)]
  0x0000021e70e53bf0 JavaThread "Unconstrained build operations Thread 26" [_thread_blocked, id=11944, stack(0x000000ae0f500000,0x000000ae0f600000)]
  0x0000021e70e56740 JavaThread "Unconstrained build operations Thread 27" [_thread_blocked, id=3216, stack(0x000000ae0f600000,0x000000ae0f700000)]
  0x0000021e70e540c0 JavaThread "Unconstrained build operations Thread 28" [_thread_blocked, id=3472, stack(0x000000ae0f700000,0x000000ae0f800000)]
  0x0000021e70e54a60 JavaThread "Unconstrained build operations Thread 29" [_thread_blocked, id=12620, stack(0x000000ae0f800000,0x000000ae0f900000)]
  0x0000021e70e558d0 JavaThread "Unconstrained build operations Thread 30" [_thread_blocked, id=9116, stack(0x000000ae0f900000,0x000000ae0fa00000)]
  0x0000021e70e55da0 JavaThread "Unconstrained build operations Thread 31" [_thread_blocked, id=3264, stack(0x000000ae0fa00000,0x000000ae0fb00000)]
  0x0000021e70e56c10 JavaThread "Unconstrained build operations Thread 32" [_thread_blocked, id=7036, stack(0x000000ae0fb00000,0x000000ae0fc00000)]
  0x0000021e70d1eef0 JavaThread "Unconstrained build operations Thread 33" [_thread_blocked, id=1936, stack(0x000000ae0fc00000,0x000000ae0fd00000)]
  0x0000021e70d1e550 JavaThread "Unconstrained build operations Thread 34" [_thread_blocked, id=7660, stack(0x000000ae0fd00000,0x000000ae0fe00000)]
  0x0000021e70d1b060 JavaThread "Unconstrained build operations Thread 35" [_thread_blocked, id=13496, stack(0x000000ae0fe00000,0x000000ae0ff00000)]
  0x0000021e70d1f3c0 JavaThread "Unconstrained build operations Thread 36" [_thread_blocked, id=13340, stack(0x000000ae0ff00000,0x000000ae10000000)]
  0x0000021e70d1a6c0 JavaThread "Unconstrained build operations Thread 37" [_thread_blocked, id=3400, stack(0x000000ae10000000,0x000000ae10100000)]
  0x0000021e70d1bed0 JavaThread "Unconstrained build operations Thread 38" [_thread_blocked, id=10468, stack(0x000000ae10100000,0x000000ae10200000)]
  0x0000021e70d1c3a0 JavaThread "Unconstrained build operations Thread 39" [_thread_blocked, id=5484, stack(0x000000ae10200000,0x000000ae10300000)]
  0x0000021e70d1ab90 JavaThread "Unconstrained build operations Thread 40" [_thread_blocked, id=4056, stack(0x000000ae10300000,0x000000ae10400000)]
  0x0000021e70d1b530 JavaThread "build event listener" [_thread_blocked, id=13008, stack(0x000000ae10400000,0x000000ae10500000)]
  0x0000021e70d1cd40 JavaThread "Memory manager" [_thread_blocked, id=4952, stack(0x000000ae10500000,0x000000ae10600000)]
  0x0000021e77c727f0 JavaThread "C2 CompilerThread1" daemon [_thread_blocked, id=5000, stack(0x000000ae10600000,0x000000ae10700000)]
  0x0000021e70d1e080 JavaThread "included builds" [_thread_blocked, id=7532, stack(0x000000ae10700000,0x000000ae10800000)]
  0x0000021e70d1f890 JavaThread "Execution worker" [_thread_blocked, id=8160, stack(0x000000ae10800000,0x000000ae10900000)]
  0x0000021e70d1fd60 JavaThread "Execution worker Thread 2" [_thread_blocked, id=1520, stack(0x000000ae10900000,0x000000ae10a00000)]
  0x0000021e70d20230 JavaThread "Execution worker Thread 3" [_thread_blocked, id=11736, stack(0x000000ae10a00000,0x000000ae10b00000)]
  0x0000021e70d21570 JavaThread "Cache worker for execution history cache (D:\MCA\android_porject_Team4\MyApplication\.gradle\8.0\executionHistory)" [_thread_blocked, id=1164, stack(0x000000ae10b00000,0x000000ae10c00000)]
  0x0000021e7a9b0910 JavaThread "WorkerExecutor Queue" [_thread_blocked, id=8100, stack(0x000000ae10c00000,0x000000ae10d00000)]

Other Threads:
=>0x0000021e6f4b5930 VMThread "VM Thread" [stack: 0x000000ae0b000000,0x000000ae0b100000] [id=11464]
  0x0000021e701e69f0 WatcherThread [stack: 0x000000ae0bc00000,0x000000ae0bd00000] [id=8996]
  0x0000021e53fe5910 GCTaskThread "GC Thread#0" [stack: 0x000000ae0ab00000,0x000000ae0ac00000] [id=3844]
  0x0000021e703cba70 GCTaskThread "GC Thread#1" [stack: 0x000000ae0bd00000,0x000000ae0be00000] [id=2528]
  0x0000021e703cc1a0 GCTaskThread "GC Thread#2" [stack: 0x000000ae0be00000,0x000000ae0bf00000] [id=6388]
  0x0000021e707fda00 GCTaskThread "GC Thread#3" [stack: 0x000000ae0bf00000,0x000000ae0c000000] [id=11960]
  0x0000021e53ff6760 ConcurrentGCThread "G1 Main Marker" [stack: 0x000000ae0ac00000,0x000000ae0ad00000] [id=6780]
  0x0000021e53ff7820 ConcurrentGCThread "G1 Conc#0" [stack: 0x000000ae0ad00000,0x000000ae0ae00000] [id=1468]
  0x0000021e5404e230 ConcurrentGCThread "G1 Refine#0" [stack: 0x000000ae0ae00000,0x000000ae0af00000] [id=10516]
  0x0000021e5404eb60 ConcurrentGCThread "G1 Service" [stack: 0x000000ae0af00000,0x000000ae0b000000] [id=5740]

Threads with active compile tasks:
C2 CompilerThread0    22004 12000       4       com.android.tools.r8.internal.Ia::a (4479 bytes)
C2 CompilerThread1    22004 12171 %     4       com.android.tools.r8.internal.Ia::a @ 2708 (6329 bytes)

VM state: at safepoint (normal execution)

VM Mutex/Monitor currently owned by a thread:  ([mutex/lock_event])
[0x0000021e53f84fe0] Threads_lock - owner thread: 0x0000021e6f4b5930
[0x0000021e53f86420] Heap_lock - owner thread: 0x0000021e70d1e080

Heap address: 0x0000000080000000, size: 2048 MB, Compressed Oops mode: 32-bit

CDS archive(s) not mapped
Compressed class space mapped at: 0x0000000100000000-0x0000000140000000, reserved size: 1073741824
Narrow klass base: 0x0000000000000000, Narrow klass shift: 3, Narrow klass range: 0x140000000

GC Precious Log:
 CPUs: 4 total, 4 available
 Memory: 3877M
 Large Page Support: Disabled
 NUMA Support: Disabled
 Compressed Oops: Enabled (32-bit)
 Heap Region Size: 1M
 Heap Min Capacity: 8M
 Heap Initial Capacity: 62M
 Heap Max Capacity: 2G
 Pre-touch: Disabled
 Parallel Workers: 4
 Concurrent Workers: 1
 Concurrent Refinement Workers: 4
 Periodic GC: Disabled

Heap:
 garbage-first heap   total 193536K, used 116224K [0x0000000080000000, 0x0000000100000000)
  region size 1024K, 7 young (7168K), 7 survivors (7168K)
 Metaspace       used 102414K, committed 103104K, reserved 1138688K
  class space    used 13968K, committed 14336K, reserved 1048576K

Heap Regions: E=young(eden), S=young(survivor), O=old, HS=humongous(starts), HC=humongous(continues), CS=collection set, F=free, OA=open archive, CA=closed archive, TAMS=top-at-mark-start (previous, next)
|   0|0x0000000080000000, 0x0000000080100000, 0x0000000080100000|100%| O|  |TAMS 0x0000000080100000, 0x0000000080000000| Untracked 
|   1|0x0000000080100000, 0x0000000080200000, 0x0000000080200000|100%| O|  |TAMS 0x0000000080200000, 0x0000000080100000| Untracked 
|   2|0x0000000080200000, 0x0000000080300000, 0x0000000080300000|100%|HS|  |TAMS 0x0000000080300000, 0x0000000080200000| Complete 
|   3|0x0000000080300000, 0x0000000080400000, 0x0000000080400000|100%|HC|  |TAMS 0x0000000080400000, 0x0000000080300000| Complete 
|   4|0x0000000080400000, 0x0000000080500000, 0x0000000080500000|100%|HC|  |TAMS 0x0000000080500000, 0x0000000080400000| Complete 
|   5|0x0000000080500000, 0x0000000080600000, 0x0000000080600000|100%|HC|  |TAMS 0x0000000080600000, 0x0000000080500000| Complete 
|   6|0x0000000080600000, 0x0000000080700000, 0x0000000080700000|100%| O|  |TAMS 0x0000000080700000, 0x0000000080600000| Untracked 
|   7|0x0000000080700000, 0x0000000080800000, 0x0000000080800000|100%| O|  |TAMS 0x0000000080800000, 0x0000000080700000| Untracked 
|   8|0x0000000080800000, 0x0000000080900000, 0x0000000080900000|100%| O|  |TAMS 0x0000000080900000, 0x0000000080800000| Untracked 
|   9|0x0000000080900000, 0x0000000080a00000, 0x0000000080a00000|100%| O|  |TAMS 0x0000000080a00000, 0x0000000080900000| Untracked 
|  10|0x0000000080a00000, 0x0000000080b00000, 0x0000000080b00000|100%| O|  |TAMS 0x0000000080b00000, 0x0000000080a00000| Untracked 
|  11|0x0000000080b00000, 0x0000000080c00000, 0x0000000080c00000|100%| O|  |TAMS 0x0000000080c00000, 0x0000000080b00000| Untracked 
|  12|0x0000000080c00000, 0x0000000080d00000, 0x0000000080d00000|100%| O|  |TAMS 0x0000000080d00000, 0x0000000080c00000| Untracked 
|  13|0x0000000080d00000, 0x0000000080e00000, 0x0000000080e00000|100%| O|  |TAMS 0x0000000080e00000, 0x0000000080d00000| Untracked 
|  14|0x0000000080e00000, 0x0000000080f00000, 0x0000000080f00000|100%| O|  |TAMS 0x0000000080f00000, 0x0000000080e00000| Untracked 
|  15|0x0000000080f00000, 0x0000000081000000, 0x0000000081000000|100%| O|  |TAMS 0x0000000081000000, 0x0000000080f00000| Untracked 
|  16|0x0000000081000000, 0x0000000081100000, 0x0000000081100000|100%| O|  |TAMS 0x0000000081100000, 0x0000000081000000| Untracked 
|  17|0x0000000081100000, 0x0000000081200000, 0x0000000081200000|100%| O|  |TAMS 0x0000000081200000, 0x0000000081100000| Untracked 
|  18|0x0000000081200000, 0x0000000081300000, 0x0000000081300000|100%| O|  |TAMS 0x0000000081300000, 0x0000000081200000| Untracked 
|  19|0x0000000081300000, 0x0000000081400000, 0x0000000081400000|100%| O|  |TAMS 0x0000000081400000, 0x0000000081300000| Untracked 
|  20|0x0000000081400000, 0x0000000081500000, 0x0000000081500000|100%| O|  |TAMS 0x0000000081500000, 0x0000000081400000| Untracked 
|  21|0x0000000081500000, 0x0000000081600000, 0x0000000081600000|100%| O|  |TAMS 0x0000000081600000, 0x0000000081500000| Untracked 
|  22|0x0000000081600000, 0x0000000081700000, 0x0000000081700000|100%|HS|  |TAMS 0x0000000081700000, 0x0000000081600000| Complete 
|  23|0x0000000081700000, 0x0000000081800000, 0x0000000081800000|100%| O|  |TAMS 0x0000000081800000, 0x0000000081700000| Untracked 
|  24|0x0000000081800000, 0x0000000081900000, 0x0000000081900000|100%| O|  |TAMS 0x0000000081900000, 0x0000000081800000| Untracked 
|  25|0x0000000081900000, 0x0000000081a00000, 0x0000000081a00000|100%| O|  |TAMS 0x0000000081a00000, 0x0000000081900000| Untracked 
|  26|0x0000000081a00000, 0x0000000081b00000, 0x0000000081b00000|100%| O|  |TAMS 0x0000000081b00000, 0x0000000081a00000| Untracked 
|  27|0x0000000081b00000, 0x0000000081c00000, 0x0000000081c00000|100%| O|  |TAMS 0x0000000081b00000, 0x0000000081b00000| Untracked 
|  28|0x0000000081c00000, 0x0000000081d00000, 0x0000000081d00000|100%| O|  |TAMS 0x0000000081d00000, 0x0000000081c00000| Untracked 
|  29|0x0000000081d00000, 0x0000000081e00000, 0x0000000081e00000|100%| O|  |TAMS 0x0000000081e00000, 0x0000000081d00000| Untracked 
|  30|0x0000000081e00000, 0x0000000081f00000, 0x0000000081f00000|100%| O|  |TAMS 0x0000000081f00000, 0x0000000081e00000| Untracked 
|  31|0x0000000081f00000, 0x0000000082000000, 0x0000000082000000|100%| O|  |TAMS 0x0000000082000000, 0x0000000081f00000| Untracked 
|  32|0x0000000082000000, 0x0000000082100000, 0x0000000082100000|100%| O|  |TAMS 0x0000000082100000, 0x0000000082000000| Untracked 
|  33|0x0000000082100000, 0x0000000082200000, 0x0000000082200000|100%|HS|  |TAMS 0x0000000082200000, 0x0000000082100000| Complete 
|  34|0x0000000082200000, 0x0000000082300000, 0x0000000082300000|100%|HS|  |TAMS 0x0000000082300000, 0x0000000082200000| Complete 
|  35|0x0000000082300000, 0x0000000082400000, 0x0000000082400000|100%| O|  |TAMS 0x0000000082400000, 0x0000000082300000| Untracked 
|  36|0x0000000082400000, 0x0000000082500000, 0x0000000082500000|100%| O|  |TAMS 0x0000000082500000, 0x0000000082400000| Untracked 
|  37|0x0000000082500000, 0x0000000082600000, 0x0000000082600000|100%| O|  |TAMS 0x0000000082600000, 0x0000000082500000| Untracked 
|  38|0x0000000082600000, 0x0000000082700000, 0x0000000082700000|100%| O|  |TAMS 0x0000000082700000, 0x0000000082600000| Untracked 
|  39|0x0000000082700000, 0x0000000082800000, 0x0000000082800000|100%| O|  |TAMS 0x0000000082800000, 0x0000000082700000| Untracked 
|  40|0x0000000082800000, 0x0000000082900000, 0x0000000082900000|100%| O|  |TAMS 0x0000000082900000, 0x0000000082800000| Untracked 
|  41|0x0000000082900000, 0x0000000082a00000, 0x0000000082a00000|100%| O|  |TAMS 0x0000000082a00000, 0x0000000082900000| Untracked 
|  42|0x0000000082a00000, 0x0000000082b00000, 0x0000000082b00000|100%| O|  |TAMS 0x0000000082b00000, 0x0000000082a00000| Untracked 
|  43|0x0000000082b00000, 0x0000000082c00000, 0x0000000082c00000|100%| O|  |TAMS 0x0000000082c00000, 0x0000000082b00000| Untracked 
|  44|0x0000000082c00000, 0x0000000082d00000, 0x0000000082d00000|100%| O|  |TAMS 0x0000000082c00000, 0x0000000082c00000| Untracked 
|  45|0x0000000082d00000, 0x0000000082e00000, 0x0000000082e00000|100%| O|  |TAMS 0x0000000082d00000, 0x0000000082d00000| Untracked 
|  46|0x0000000082e00000, 0x0000000082f00000, 0x0000000082f00000|100%| O|  |TAMS 0x0000000082e00000, 0x0000000082e00000| Untracked 
|  47|0x0000000082f00000, 0x0000000083000000, 0x0000000083000000|100%| O|  |TAMS 0x0000000082f00000, 0x0000000082f00000| Untracked 
|  48|0x0000000083000000, 0x0000000083100000, 0x0000000083100000|100%| O|  |TAMS 0x0000000083000000, 0x0000000083000000| Untracked 
|  49|0x0000000083100000, 0x0000000083200000, 0x0000000083200000|100%| O|  |TAMS 0x0000000083100000, 0x0000000083100000| Untracked 
|  50|0x0000000083200000, 0x0000000083300000, 0x0000000083300000|100%| O|  |TAMS 0x0000000083200000, 0x0000000083200000| Untracked 
|  51|0x0000000083300000, 0x0000000083400000, 0x0000000083400000|100%| O|  |TAMS 0x0000000083300000, 0x0000000083300000| Untracked 
|  52|0x0000000083400000, 0x0000000083500000, 0x0000000083500000|100%| O|  |TAMS 0x0000000083400000, 0x0000000083400000| Untracked 
|  53|0x0000000083500000, 0x0000000083600000, 0x0000000083600000|100%| O|  |TAMS 0x0000000083500000, 0x0000000083500000| Untracked 
|  54|0x0000000083600000, 0x0000000083700000, 0x0000000083700000|100%| O|  |TAMS 0x0000000083600000, 0x0000000083600000| Untracked 
|  55|0x0000000083700000, 0x0000000083800000, 0x0000000083800000|100%| O|  |TAMS 0x0000000083700000, 0x0000000083700000| Untracked 
|  56|0x0000000083800000, 0x0000000083900000, 0x0000000083900000|100%| O|  |TAMS 0x0000000083800000, 0x0000000083800000| Untracked 
|  57|0x0000000083900000, 0x0000000083a00000, 0x0000000083a00000|100%| O|  |TAMS 0x0000000083900000, 0x0000000083900000| Untracked 
|  58|0x0000000083a00000, 0x0000000083b00000, 0x0000000083b00000|100%| O|  |TAMS 0x0000000083a00000, 0x0000000083a00000| Untracked 
|  59|0x0000000083b00000, 0x0000000083c00000, 0x0000000083c00000|100%| O|  |TAMS 0x0000000083b00000, 0x0000000083b00000| Untracked 
|  60|0x0000000083c00000, 0x0000000083d00000, 0x0000000083d00000|100%| O|  |TAMS 0x0000000083c00000, 0x0000000083c00000| Untracked 
|  61|0x0000000083d00000, 0x0000000083e00000, 0x0000000083e00000|100%| O|  |TAMS 0x0000000083d00000, 0x0000000083d00000| Untracked 
|  62|0x0000000083e00000, 0x0000000083f00000, 0x0000000083f00000|100%| O|  |TAMS 0x0000000083e00000, 0x0000000083e00000| Untracked 
|  63|0x0000000083f00000, 0x0000000084000000, 0x0000000084000000|100%| O|  |TAMS 0x0000000083f00000, 0x0000000083f00000| Untracked 
|  64|0x0000000084000000, 0x0000000084100000, 0x0000000084100000|100%| O|  |TAMS 0x0000000084000000, 0x0000000084000000| Untracked 
|  65|0x0000000084100000, 0x0000000084200000, 0x0000000084200000|100%| O|  |TAMS 0x0000000084100000, 0x0000000084100000| Untracked 
|  66|0x0000000084200000, 0x0000000084300000, 0x0000000084300000|100%| O|  |TAMS 0x0000000084200000, 0x0000000084200000| Untracked 
|  67|0x0000000084300000, 0x0000000084400000, 0x0000000084400000|100%| O|  |TAMS 0x0000000084300000, 0x0000000084300000| Untracked 
|  68|0x0000000084400000, 0x0000000084500000, 0x0000000084500000|100%| O|  |TAMS 0x0000000084400000, 0x0000000084400000| Untracked 
|  69|0x0000000084500000, 0x0000000084600000, 0x0000000084600000|100%| O|  |TAMS 0x0000000084500000, 0x0000000084500000| Untracked 
|  70|0x0000000084600000, 0x0000000084700000, 0x0000000084700000|100%| O|  |TAMS 0x0000000084600000, 0x0000000084600000| Untracked 
|  71|0x0000000084700000, 0x0000000084800000, 0x0000000084800000|100%| O|  |TAMS 0x0000000084700000, 0x0000000084700000| Untracked 
|  72|0x0000000084800000, 0x0000000084900000, 0x0000000084900000|100%| O|  |TAMS 0x0000000084800000, 0x0000000084800000| Untracked 
|  73|0x0000000084900000, 0x0000000084a00000, 0x0000000084a00000|100%| O|  |TAMS 0x0000000084900000, 0x0000000084900000| Untracked 
|  74|0x0000000084a00000, 0x0000000084b00000, 0x0000000084b00000|100%| O|  |TAMS 0x0000000084a00000, 0x0000000084a00000| Untracked 
|  75|0x0000000084b00000, 0x0000000084c00000, 0x0000000084c00000|100%| O|  |TAMS 0x0000000084b00000, 0x0000000084b00000| Untracked 
|  76|0x0000000084c00000, 0x0000000084d00000, 0x0000000084d00000|100%| O|  |TAMS 0x0000000084c00000, 0x0000000084c00000| Untracked 
|  77|0x0000000084d00000, 0x0000000084e00000, 0x0000000084e00000|100%| O|  |TAMS 0x0000000084d00000, 0x0000000084d00000| Untracked 
|  78|0x0000000084e00000, 0x0000000084f00000, 0x0000000084f00000|100%| O|  |TAMS 0x0000000084e00000, 0x0000000084e00000| Untracked 
|  79|0x0000000084f00000, 0x0000000085000000, 0x0000000085000000|100%| O|  |TAMS 0x0000000084f00000, 0x0000000084f00000| Untracked 
|  80|0x0000000085000000, 0x0000000085100000, 0x0000000085100000|100%| O|  |TAMS 0x0000000085000000, 0x0000000085000000| Untracked 
|  81|0x0000000085100000, 0x0000000085200000, 0x0000000085200000|100%| O|  |TAMS 0x0000000085100000, 0x0000000085100000| Untracked 
|  82|0x0000000085200000, 0x0000000085300000, 0x0000000085300000|100%| O|  |TAMS 0x0000000085200000, 0x0000000085200000| Untracked 
|  83|0x0000000085300000, 0x0000000085400000, 0x0000000085400000|100%| O|  |TAMS 0x0000000085300000, 0x0000000085300000| Untracked 
|  84|0x0000000085400000, 0x0000000085500000, 0x0000000085500000|100%| O|  |TAMS 0x0000000085400000, 0x0000000085400000| Untracked 
|  85|0x0000000085500000, 0x0000000085600000, 0x0000000085600000|100%| O|  |TAMS 0x0000000085500000, 0x0000000085500000| Untracked 
|  86|0x0000000085600000, 0x0000000085700000, 0x0000000085700000|100%| O|  |TAMS 0x0000000085600000, 0x0000000085600000| Untracked 
|  87|0x0000000085700000, 0x0000000085800000, 0x0000000085800000|100%| O|  |TAMS 0x0000000085700000, 0x0000000085700000| Untracked 
|  88|0x0000000085800000, 0x0000000085900000, 0x0000000085900000|100%| O|  |TAMS 0x0000000085800000, 0x0000000085800000| Untracked 
|  89|0x0000000085900000, 0x0000000085a00000, 0x0000000085a00000|100%| O|  |TAMS 0x0000000085900000, 0x0000000085900000| Untracked 
|  90|0x0000000085a00000, 0x0000000085b00000, 0x0000000085b00000|100%| O|  |TAMS 0x0000000085a00000, 0x0000000085a00000| Untracked 
|  91|0x0000000085b00000, 0x0000000085c00000, 0x0000000085c00000|100%| O|  |TAMS 0x0000000085b00000, 0x0000000085b00000| Untracked 
|  92|0x0000000085c00000, 0x0000000085d00000, 0x0000000085d00000|100%| O|  |TAMS 0x0000000085c00000, 0x0000000085c00000| Untracked 
|  93|0x0000000085d00000, 0x0000000085e00000, 0x0000000085e00000|100%| O|  |TAMS 0x0000000085d00000, 0x0000000085d00000| Untracked 
|  94|0x0000000085e00000, 0x0000000085f00000, 0x0000000085f00000|100%| O|  |TAMS 0x0000000085e00000, 0x0000000085e00000| Untracked 
|  95|0x0000000085f00000, 0x0000000086000000, 0x0000000086000000|100%| O|  |TAMS 0x0000000085f00000, 0x0000000085f00000| Untracked 
|  96|0x0000000086000000, 0x0000000086100000, 0x0000000086100000|100%| O|  |TAMS 0x0000000086000000, 0x0000000086000000| Untracked 
|  97|0x0000000086100000, 0x0000000086200000, 0x0000000086200000|100%| O|  |TAMS 0x0000000086100000, 0x0000000086100000| Untracked 
|  98|0x0000000086200000, 0x0000000086300000, 0x0000000086300000|100%| O|  |TAMS 0x0000000086200000, 0x0000000086200000| Untracked 
|  99|0x0000000086300000, 0x0000000086400000, 0x0000000086400000|100%| O|  |TAMS 0x0000000086300000, 0x0000000086300000| Untracked 
| 100|0x0000000086400000, 0x0000000086500000, 0x0000000086500000|100%| O|  |TAMS 0x0000000086400000, 0x0000000086400000| Untracked 
| 101|0x0000000086500000, 0x0000000086600000, 0x0000000086600000|100%| O|  |TAMS 0x0000000086500000, 0x0000000086500000| Untracked 
| 102|0x0000000086600000, 0x0000000086700000, 0x0000000086700000|100%| O|  |TAMS 0x0000000086600000, 0x0000000086600000| Untracked 
| 103|0x0000000086700000, 0x0000000086800000, 0x0000000086800000|100%| O|  |TAMS 0x0000000086700000, 0x0000000086700000| Untracked 
| 104|0x0000000086800000, 0x0000000086900000, 0x0000000086900000|100%| O|  |TAMS 0x0000000086800000, 0x0000000086800000| Untracked 
| 105|0x0000000086900000, 0x0000000086a00000, 0x0000000086a00000|100%| O|  |TAMS 0x0000000086900000, 0x0000000086900000| Untracked 
| 106|0x0000000086a00000, 0x0000000086a80000, 0x0000000086b00000| 50%| O|  |TAMS 0x0000000086a00000, 0x0000000086a00000| Untracked 
| 107|0x0000000086b00000, 0x0000000086b00000, 0x0000000086c00000|  0%| F|  |TAMS 0x0000000086b00000, 0x0000000086b00000| Untracked 
| 108|0x0000000086c00000, 0x0000000086c00000, 0x0000000086d00000|  0%| F|  |TAMS 0x0000000086c00000, 0x0000000086c00000| Untracked 
| 109|0x0000000086d00000, 0x0000000086d00000, 0x0000000086e00000|  0%| F|  |TAMS 0x0000000086d00000, 0x0000000086d00000| Untracked 
| 110|0x0000000086e00000, 0x0000000086e00000, 0x0000000086f00000|  0%| F|  |TAMS 0x0000000086e00000, 0x0000000086e00000| Untracked 
| 111|0x0000000086f00000, 0x0000000086f00000, 0x0000000087000000|  0%| F|  |TAMS 0x0000000086f00000, 0x0000000086f00000| Untracked 
| 112|0x0000000087000000, 0x0000000087000000, 0x0000000087100000|  0%| F|  |TAMS 0x0000000087000000, 0x0000000087000000| Untracked 
| 113|0x0000000087100000, 0x0000000087100000, 0x0000000087200000|  0%| F|  |TAMS 0x0000000087100000, 0x0000000087100000| Untracked 
| 114|0x0000000087200000, 0x0000000087200000, 0x0000000087300000|  0%| F|  |TAMS 0x0000000087200000, 0x0000000087200000| Untracked 
| 115|0x0000000087300000, 0x0000000087300000, 0x0000000087400000|  0%| F|  |TAMS 0x0000000087300000, 0x0000000087300000| Untracked 
| 116|0x0000000087400000, 0x0000000087400000, 0x0000000087500000|  0%| F|  |TAMS 0x0000000087400000, 0x0000000087400000| Untracked 
| 117|0x0000000087500000, 0x0000000087500000, 0x0000000087600000|  0%| F|  |TAMS 0x0000000087500000, 0x0000000087500000| Untracked 
| 118|0x0000000087600000, 0x0000000087600000, 0x0000000087700000|  0%| F|  |TAMS 0x0000000087600000, 0x0000000087600000| Untracked 
| 119|0x0000000087700000, 0x0000000087700000, 0x0000000087800000|  0%| F|  |TAMS 0x0000000087700000, 0x0000000087700000| Untracked 
| 120|0x0000000087800000, 0x0000000087800000, 0x0000000087900000|  0%| F|  |TAMS 0x0000000087800000, 0x0000000087800000| Untracked 
| 121|0x0000000087900000, 0x0000000087900000, 0x0000000087a00000|  0%| F|  |TAMS 0x0000000087900000, 0x0000000087900000| Untracked 
| 122|0x0000000087a00000, 0x0000000087a00000, 0x0000000087b00000|  0%| F|  |TAMS 0x0000000087a00000, 0x0000000087a00000| Untracked 
| 123|0x0000000087b00000, 0x0000000087b00000, 0x0000000087c00000|  0%| F|  |TAMS 0x0000000087b00000, 0x0000000087b00000| Untracked 
| 124|0x0000000087c00000, 0x0000000087c00000, 0x0000000087d00000|  0%| F|  |TAMS 0x0000000087c00000, 0x0000000087c00000| Untracked 
| 125|0x0000000087d00000, 0x0000000087d00000, 0x0000000087e00000|  0%| F|  |TAMS 0x0000000087d00000, 0x0000000087d00000| Untracked 
| 126|0x0000000087e00000, 0x0000000087e00000, 0x0000000087f00000|  0%| F|  |TAMS 0x0000000087e00000, 0x0000000087e00000| Untracked 
| 127|0x0000000087f00000, 0x0000000087f00000, 0x0000000088000000|  0%| F|  |TAMS 0x0000000087f00000, 0x0000000087f00000| Untracked 
| 128|0x0000000088000000, 0x0000000088000000, 0x0000000088100000|  0%| F|  |TAMS 0x0000000088000000, 0x0000000088000000| Untracked 
| 129|0x0000000088100000, 0x0000000088100000, 0x0000000088200000|  0%| F|  |TAMS 0x0000000088100000, 0x0000000088100000| Untracked 
| 130|0x0000000088200000, 0x0000000088200000, 0x0000000088300000|  0%| F|  |TAMS 0x0000000088200000, 0x0000000088200000| Untracked 
| 131|0x0000000088300000, 0x0000000088300000, 0x0000000088400000|  0%| F|  |TAMS 0x0000000088300000, 0x0000000088300000| Untracked 
| 132|0x0000000088400000, 0x0000000088400000, 0x0000000088500000|  0%| F|  |TAMS 0x0000000088400000, 0x0000000088400000| Untracked 
| 133|0x0000000088500000, 0x0000000088500000, 0x0000000088600000|  0%| F|  |TAMS 0x0000000088500000, 0x0000000088500000| Untracked 
| 134|0x0000000088600000, 0x0000000088600000, 0x0000000088700000|  0%| F|  |TAMS 0x0000000088600000, 0x0000000088600000| Untracked 
| 135|0x0000000088700000, 0x0000000088700000, 0x0000000088800000|  0%| F|  |TAMS 0x0000000088700000, 0x0000000088700000| Untracked 
| 136|0x0000000088800000, 0x0000000088900000, 0x0000000088900000|100%| S|CS|TAMS 0x0000000088800000, 0x0000000088800000| Complete 
| 137|0x0000000088900000, 0x0000000088a00000, 0x0000000088a00000|100%| S|CS|TAMS 0x0000000088900000, 0x0000000088900000| Complete 
| 138|0x0000000088a00000, 0x0000000088b00000, 0x0000000088b00000|100%| S|CS|TAMS 0x0000000088a00000, 0x0000000088a00000| Complete 
| 139|0x0000000088b00000, 0x0000000088c00000, 0x0000000088c00000|100%| S|CS|TAMS 0x0000000088b00000, 0x0000000088b00000| Complete 
| 140|0x0000000088c00000, 0x0000000088d00000, 0x0000000088d00000|100%| S|CS|TAMS 0x0000000088c00000, 0x0000000088c00000| Complete 
| 141|0x0000000088d00000, 0x0000000088e00000, 0x0000000088e00000|100%| S|CS|TAMS 0x0000000088d00000, 0x0000000088d00000| Complete 
| 142|0x0000000088e00000, 0x0000000088f00000, 0x0000000088f00000|100%| S|CS|TAMS 0x0000000088e00000, 0x0000000088e00000| Complete 
| 143|0x0000000088f00000, 0x0000000088f00000, 0x0000000089000000|  0%| F|  |TAMS 0x0000000088f00000, 0x0000000088f00000| Untracked 
| 144|0x0000000089000000, 0x0000000089000000, 0x0000000089100000|  0%| F|  |TAMS 0x0000000089000000, 0x0000000089000000| Untracked 
| 145|0x0000000089100000, 0x0000000089100000, 0x0000000089200000|  0%| F|  |TAMS 0x0000000089100000, 0x0000000089100000| Untracked 
| 146|0x0000000089200000, 0x0000000089200000, 0x0000000089300000|  0%| F|  |TAMS 0x0000000089200000, 0x0000000089200000| Untracked 
| 147|0x0000000089300000, 0x0000000089300000, 0x0000000089400000|  0%| F|  |TAMS 0x0000000089300000, 0x0000000089300000| Untracked 
| 148|0x0000000089400000, 0x0000000089400000, 0x0000000089500000|  0%| F|  |TAMS 0x0000000089400000, 0x0000000089400000| Untracked 
| 149|0x0000000089500000, 0x0000000089500000, 0x0000000089600000|  0%| F|  |TAMS 0x0000000089500000, 0x0000000089500000| Untracked 
| 150|0x0000000089600000, 0x0000000089600000, 0x0000000089700000|  0%| F|  |TAMS 0x0000000089600000, 0x0000000089600000| Untracked 
| 151|0x0000000089700000, 0x0000000089700000, 0x0000000089800000|  0%| F|  |TAMS 0x0000000089700000, 0x0000000089700000| Untracked 
| 152|0x0000000089800000, 0x0000000089800000, 0x0000000089900000|  0%| F|  |TAMS 0x0000000089800000, 0x0000000089800000| Untracked 
| 153|0x0000000089900000, 0x0000000089900000, 0x0000000089a00000|  0%| F|  |TAMS 0x0000000089900000, 0x0000000089900000| Untracked 
| 154|0x0000000089a00000, 0x0000000089a00000, 0x0000000089b00000|  0%| F|  |TAMS 0x0000000089a00000, 0x0000000089a00000| Untracked 
| 155|0x0000000089b00000, 0x0000000089b00000, 0x0000000089c00000|  0%| F|  |TAMS 0x0000000089b00000, 0x0000000089b00000| Untracked 
| 156|0x0000000089c00000, 0x0000000089c00000, 0x0000000089d00000|  0%| F|  |TAMS 0x0000000089c00000, 0x0000000089c00000| Untracked 
| 157|0x0000000089d00000, 0x0000000089d00000, 0x0000000089e00000|  0%| F|  |TAMS 0x0000000089d00000, 0x0000000089d00000| Untracked 
| 158|0x0000000089e00000, 0x0000000089e00000, 0x0000000089f00000|  0%| F|  |TAMS 0x0000000089e00000, 0x0000000089e00000| Untracked 
| 159|0x0000000089f00000, 0x0000000089f00000, 0x000000008a000000|  0%| F|  |TAMS 0x0000000089f00000, 0x0000000089f00000| Untracked 
| 160|0x000000008a000000, 0x000000008a000000, 0x000000008a100000|  0%| F|  |TAMS 0x000000008a000000, 0x000000008a000000| Untracked 
| 161|0x000000008a100000, 0x000000008a100000, 0x000000008a200000|  0%| F|  |TAMS 0x000000008a100000, 0x000000008a100000| Untracked 
| 162|0x000000008a200000, 0x000000008a200000, 0x000000008a300000|  0%| F|  |TAMS 0x000000008a200000, 0x000000008a200000| Untracked 
| 163|0x000000008a300000, 0x000000008a300000, 0x000000008a400000|  0%| F|  |TAMS 0x000000008a300000, 0x000000008a300000| Untracked 
| 164|0x000000008a400000, 0x000000008a400000, 0x000000008a500000|  0%| F|  |TAMS 0x000000008a400000, 0x000000008a400000| Untracked 
| 165|0x000000008a500000, 0x000000008a500000, 0x000000008a600000|  0%| F|  |TAMS 0x000000008a500000, 0x000000008a500000| Untracked 
| 166|0x000000008a600000, 0x000000008a600000, 0x000000008a700000|  0%| F|  |TAMS 0x000000008a600000, 0x000000008a600000| Untracked 
| 167|0x000000008a700000, 0x000000008a700000, 0x000000008a800000|  0%| F|  |TAMS 0x000000008a700000, 0x000000008a700000| Untracked 
| 168|0x000000008a800000, 0x000000008a800000, 0x000000008a900000|  0%| F|  |TAMS 0x000000008a800000, 0x000000008a800000| Untracked 
| 169|0x000000008a900000, 0x000000008a900000, 0x000000008aa00000|  0%| F|  |TAMS 0x000000008a900000, 0x000000008a900000| Untracked 
| 170|0x000000008aa00000, 0x000000008aa00000, 0x000000008ab00000|  0%| F|  |TAMS 0x000000008aa00000, 0x000000008aa00000| Untracked 
| 171|0x000000008ab00000, 0x000000008ab00000, 0x000000008ac00000|  0%| F|  |TAMS 0x000000008ab00000, 0x000000008ab00000| Untracked 
| 172|0x000000008ac00000, 0x000000008ac00000, 0x000000008ad00000|  0%| F|  |TAMS 0x000000008ac00000, 0x000000008ac00000| Untracked 
| 173|0x000000008ad00000, 0x000000008ad00000, 0x000000008ae00000|  0%| F|  |TAMS 0x000000008ad00000, 0x000000008ad00000| Untracked 
| 174|0x000000008ae00000, 0x000000008ae00000, 0x000000008af00000|  0%| F|  |TAMS 0x000000008ae00000, 0x000000008ae00000| Untracked 
| 175|0x000000008af00000, 0x000000008af00000, 0x000000008b000000|  0%| F|  |TAMS 0x000000008af00000, 0x000000008af00000| Untracked 
| 176|0x000000008b000000, 0x000000008b000000, 0x000000008b100000|  0%| F|  |TAMS 0x000000008b000000, 0x000000008b000000| Untracked 
| 177|0x000000008b100000, 0x000000008b100000, 0x000000008b200000|  0%| F|  |TAMS 0x000000008b100000, 0x000000008b100000| Untracked 
| 178|0x000000008b200000, 0x000000008b200000, 0x000000008b300000|  0%| F|  |TAMS 0x000000008b200000, 0x000000008b200000| Untracked 
| 179|0x000000008b300000, 0x000000008b300000, 0x000000008b400000|  0%| F|  |TAMS 0x000000008b300000, 0x000000008b300000| Untracked 
| 180|0x000000008b400000, 0x000000008b400000, 0x000000008b500000|  0%| F|  |TAMS 0x000000008b400000, 0x000000008b400000| Untracked 
| 181|0x000000008b500000, 0x000000008b500000, 0x000000008b600000|  0%| F|  |TAMS 0x000000008b500000, 0x000000008b500000| Untracked 
| 182|0x000000008b600000, 0x000000008b600000, 0x000000008b700000|  0%| F|  |TAMS 0x000000008b600000, 0x000000008b600000| Untracked 
| 183|0x000000008b700000, 0x000000008b700000, 0x000000008b800000|  0%| F|  |TAMS 0x000000008b700000, 0x000000008b700000| Untracked 
| 184|0x000000008b800000, 0x000000008b800000, 0x000000008b900000|  0%| F|  |TAMS 0x000000008b800000, 0x000000008b800000| Untracked 
| 185|0x000000008b900000, 0x000000008b900000, 0x000000008ba00000|  0%| F|  |TAMS 0x000000008b900000, 0x000000008b900000| Untracked 
| 186|0x000000008ba00000, 0x000000008ba00000, 0x000000008bb00000|  0%| F|  |TAMS 0x000000008ba00000, 0x000000008ba00000| Untracked 
| 187|0x000000008bb00000, 0x000000008bb00000, 0x000000008bc00000|  0%| F|  |TAMS 0x000000008bb00000, 0x000000008bb00000| Untracked 
| 188|0x000000008bc00000, 0x000000008bc00000, 0x000000008bd00000|  0%| F|  |TAMS 0x000000008bc00000, 0x000000008bc00000| Untracked 

Card table byte_map: [0x0000021e68650000,0x0000021e68a50000] _byte_map_base: 0x0000021e68250000

Marking Bits (Prev, Next): (CMBitMap*) 0x0000021e53fe5e30, (CMBitMap*) 0x0000021e53fe5e70
 Prev Bits: [0x0000021e68e50000, 0x0000021e6ae50000)
 Next Bits: [0x0000021e6ae50000, 0x0000021e6ce50000)

Polling page: 0x0000021e54050000

Metaspace:

Usage:
  Non-class:     86.37 MB used.
      Class:     13.64 MB used.
       Both:    100.01 MB used.

Virtual space:
  Non-class space:       88.00 MB reserved,      86.69 MB ( 99%) committed,  11 nodes.
      Class space:        1.00 GB reserved,      14.00 MB (  1%) committed,  1 nodes.
             Both:        1.09 GB reserved,     100.69 MB (  9%) committed. 

Chunk freelists:
   Non-Class:  606.00 KB
       Class:  1.98 MB
        Both:  2.58 MB

MaxMetaspaceSize: unlimited
CompressedClassSpaceSize: 1.00 GB
Initial GC threshold: 21.00 MB
Current GC threshold: 119.19 MB
CDS: off
MetaspaceReclaimPolicy: balanced
 - commit_granule_bytes: 65536.
 - commit_granule_words: 8192.
 - virtual_space_node_default_size: 1048576.
 - enlarge_chunks_in_place: 1.
 - new_chunks_are_fully_committed: 0.
 - uncommit_free_chunks: 1.
 - use_allocation_guard: 0.
 - handle_deallocations: 1.


Internal statistics:

num_allocs_failed_limit: 12.
num_arena_births: 996.
num_arena_deaths: 0.
num_vsnodes_births: 12.
num_vsnodes_deaths: 0.
num_space_committed: 1610.
num_space_uncommitted: 0.
num_chunks_returned_to_freelist: 12.
num_chunks_taken_from_freelist: 4732.
num_chunk_merges: 12.
num_chunk_splits: 3190.
num_chunks_enlarged: 2202.
num_purges: 0.
num_inconsistent_stats: 0.

CodeHeap 'non-profiled nmethods': size=120000Kb used=6044Kb max_used=6044Kb free=113956Kb
 bounds [0x0000021e606f0000, 0x0000021e60ce0000, 0x0000021e67c20000]
CodeHeap 'profiled nmethods': size=120000Kb used=21088Kb max_used=21088Kb free=98911Kb
 bounds [0x0000021e58c20000, 0x0000021e5a160000, 0x0000021e60150000]
CodeHeap 'non-nmethods': size=5760Kb used=2406Kb max_used=2456Kb free=3353Kb
 bounds [0x0000021e60150000, 0x0000021e603d0000, 0x0000021e606f0000]
 total_blobs=11394 nmethods=10464 adapters=842
 compilation: enabled
              stopped_count=0, restarted_count=0
 full_count=0

Compilation events (20 events):
Event: 21.879 Thread 0x0000021e7002bfa0 12220       2       com.android.tools.r8.internal.X9::a (871 bytes)
Event: 21.882 Thread 0x0000021e7002bfa0 nmethod 12220 0x0000021e58d36710 code [0x0000021e58d36c20, 0x0000021e58d383c8]
Event: 21.883 Thread 0x0000021e7002bfa0 12221       2       com.android.tools.r8.internal.Ia::<init> (7 bytes)
Event: 21.883 Thread 0x0000021e7002bfa0 nmethod 12221 0x0000021e59154a90 code [0x0000021e59154c20, 0x0000021e59154d48]
Event: 21.913 Thread 0x0000021e7002bfa0 12224       2       javax.management.ObjectName::isPropertyListPattern (17 bytes)
Event: 21.913 Thread 0x0000021e7002bfa0 nmethod 12224 0x0000021e59a9e010 code [0x0000021e59a9e1a0, 0x0000021e59a9e2b8]
Event: 21.913 Thread 0x0000021e7002bfa0 12225       2       com.android.tools.r8.internal.d4::a (38 bytes)
Event: 21.913 Thread 0x0000021e7002bfa0 nmethod 12225 0x0000021e599dfd10 code [0x0000021e599dfec0, 0x0000021e599e0028]
Event: 21.913 Thread 0x0000021e7002bfa0 12226       2       com.android.tools.r8.internal.c4::<init> (10 bytes)
Event: 21.914 Thread 0x0000021e7002bfa0 nmethod 12226 0x0000021e599df990 code [0x0000021e599dfb20, 0x0000021e599dfc78]
Event: 21.930 Thread 0x0000021e7002bfa0 12227       2       com.android.tools.r8.utils.structural.s::a (16 bytes)
Event: 21.930 Thread 0x0000021e7002bfa0 nmethod 12227 0x0000021e599df610 code [0x0000021e599df7a0, 0x0000021e599df8e8]
Event: 21.932 Thread 0x0000021e7002bfa0 12228       1       com.android.tools.r8.graph.Z3::z0 (2 bytes)
Event: 21.932 Thread 0x0000021e7002bfa0 nmethod 12228 0x0000021e60cd6d10 code [0x0000021e60cd6ea0, 0x0000021e60cd6f78]
Event: 21.932 Thread 0x0000021e7002bfa0 12229       2       com.android.tools.r8.utils.R0::a (14 bytes)
Event: 21.932 Thread 0x0000021e7002bfa0 nmethod 12229 0x0000021e599df110 code [0x0000021e599df2c0, 0x0000021e599df478]
Event: 21.932 Thread 0x0000021e7002bfa0 12230       2       com.android.tools.r8.utils.R0$$Lambda$1317/0x0000000100d3dda8::<init> (10 bytes)
Event: 21.932 Thread 0x0000021e7002bfa0 nmethod 12230 0x0000021e599ded90 code [0x0000021e599def20, 0x0000021e599df078]
Event: 21.935 Thread 0x0000021e7002bfa0 12231   !   2       com.android.tools.r8.utils.X::b (116 bytes)
Event: 21.936 Thread 0x0000021e7002bfa0 nmethod 12231 0x0000021e59412690 code [0x0000021e594128c0, 0x0000021e59412f08]

GC Heap History (20 events):
Event: 8.914 GC heap after
{Heap after GC invocations=22 (full 0):
 garbage-first heap   total 193536K, used 46051K [0x0000000080000000, 0x0000000100000000)
  region size 1024K, 1 young (1024K), 1 survivors (1024K)
 Metaspace       used 59551K, committed 60032K, reserved 1105920K
  class space    used 7902K, committed 8128K, reserved 1048576K
}
Event: 10.758 GC heap before
{Heap before GC invocations=22 (full 0):
 garbage-first heap   total 193536K, used 148451K [0x0000000080000000, 0x0000000100000000)
  region size 1024K, 95 young (97280K), 1 survivors (1024K)
 Metaspace       used 71163K, committed 71744K, reserved 1114112K
  class space    used 9447K, committed 9728K, reserved 1048576K
}
Event: 10.771 GC heap after
{Heap after GC invocations=23 (full 0):
 garbage-first heap   total 193536K, used 53356K [0x0000000080000000, 0x0000000100000000)
  region size 1024K, 9 young (9216K), 9 survivors (9216K)
 Metaspace       used 71163K, committed 71744K, reserved 1114112K
  class space    used 9447K, committed 9728K, reserved 1048576K
}
Event: 11.114 GC heap before
{Heap before GC invocations=23 (full 0):
 garbage-first heap   total 193536K, used 72812K [0x0000000080000000, 0x0000000100000000)
  region size 1024K, 29 young (29696K), 9 survivors (9216K)
 Metaspace       used 72381K, committed 72960K, reserved 1114112K
  class space    used 9600K, committed 9920K, reserved 1048576K
}
Event: 11.131 GC heap after
{Heap after GC invocations=24 (full 0):
 garbage-first heap   total 193536K, used 56397K [0x0000000080000000, 0x0000000100000000)
  region size 1024K, 3 young (3072K), 3 survivors (3072K)
 Metaspace       used 72381K, committed 72960K, reserved 1114112K
  class space    used 9600K, committed 9920K, reserved 1048576K
}
Event: 13.951 GC heap before
{Heap before GC invocations=25 (full 0):
 garbage-first heap   total 193536K, used 147533K [0x0000000080000000, 0x0000000100000000)
  region size 1024K, 91 young (93184K), 3 survivors (3072K)
 Metaspace       used 82022K, committed 82624K, reserved 1122304K
  class space    used 11162K, committed 11456K, reserved 1048576K
}
Event: 13.966 GC heap after
{Heap after GC invocations=26 (full 0):
 garbage-first heap   total 193536K, used 61517K [0x0000000080000000, 0x0000000100000000)
  region size 1024K, 8 young (8192K), 8 survivors (8192K)
 Metaspace       used 82022K, committed 82624K, reserved 1122304K
  class space    used 11162K, committed 11456K, reserved 1048576K
}
Event: 14.014 GC heap before
{Heap before GC invocations=26 (full 0):
 garbage-first heap   total 193536K, used 61517K [0x0000000080000000, 0x0000000100000000)
  region size 1024K, 9 young (9216K), 8 survivors (8192K)
 Metaspace       used 82129K, committed 82688K, reserved 1122304K
  class space    used 11178K, committed 11456K, reserved 1048576K
}
Event: 14.031 GC heap after
{Heap after GC invocations=27 (full 0):
 garbage-first heap   total 193536K, used 62087K [0x0000000080000000, 0x0000000100000000)
  region size 1024K, 2 young (2048K), 2 survivors (2048K)
 Metaspace       used 82129K, committed 82688K, reserved 1122304K
  class space    used 11178K, committed 11456K, reserved 1048576K
}
Event: 15.622 GC heap before
{Heap before GC invocations=27 (full 0):
 garbage-first heap   total 193536K, used 151175K [0x0000000080000000, 0x0000000100000000)
  region size 1024K, 89 young (91136K), 2 survivors (2048K)
 Metaspace       used 88115K, committed 88768K, reserved 1130496K
  class space    used 12015K, committed 12352K, reserved 1048576K
}
Event: 15.637 GC heap after
{Heap after GC invocations=28 (full 0):
 garbage-first heap   total 193536K, used 71574K [0x0000000080000000, 0x0000000100000000)
  region size 1024K, 11 young (11264K), 11 survivors (11264K)
 Metaspace       used 88115K, committed 88768K, reserved 1130496K
  class space    used 12015K, committed 12352K, reserved 1048576K
}
Event: 18.106 GC heap before
{Heap before GC invocations=28 (full 0):
 garbage-first heap   total 193536K, used 149398K [0x0000000080000000, 0x0000000100000000)
  region size 1024K, 88 young (90112K), 11 survivors (11264K)
 Metaspace       used 90532K, committed 91136K, reserved 1130496K
  class space    used 12389K, committed 12672K, reserved 1048576K
}
Event: 18.142 GC heap after
{Heap after GC invocations=29 (full 0):
 garbage-first heap   total 193536K, used 79658K [0x0000000080000000, 0x0000000100000000)
  region size 1024K, 8 young (8192K), 8 survivors (8192K)
 Metaspace       used 90532K, committed 91136K, reserved 1130496K
  class space    used 12389K, committed 12672K, reserved 1048576K
}
Event: 20.074 GC heap before
{Heap before GC invocations=29 (full 0):
 garbage-first heap   total 193536K, used 152362K [0x0000000080000000, 0x0000000100000000)
  region size 1024K, 79 young (80896K), 8 survivors (8192K)
 Metaspace       used 94574K, committed 95232K, reserved 1138688K
  class space    used 12845K, committed 13120K, reserved 1048576K
}
Event: 20.107 GC heap after
{Heap after GC invocations=30 (full 0):
 garbage-first heap   total 193536K, used 87206K [0x0000000080000000, 0x0000000100000000)
  region size 1024K, 9 young (9216K), 9 survivors (9216K)
 Metaspace       used 94574K, committed 95232K, reserved 1138688K
  class space    used 12845K, committed 13120K, reserved 1048576K
}
Event: 20.830 GC heap before
{Heap before GC invocations=30 (full 0):
 garbage-first heap   total 193536K, used 152742K [0x0000000080000000, 0x0000000100000000)
  region size 1024K, 74 young (75776K), 9 survivors (9216K)
 Metaspace       used 98877K, committed 99520K, reserved 1138688K
  class space    used 13424K, committed 13760K, reserved 1048576K
}
Event: 20.850 GC heap after
{Heap after GC invocations=31 (full 0):
 garbage-first heap   total 193536K, used 98304K [0x0000000080000000, 0x0000000100000000)
  region size 1024K, 10 young (10240K), 10 survivors (10240K)
 Metaspace       used 98877K, committed 99520K, reserved 1138688K
  class space    used 13424K, committed 13760K, reserved 1048576K
}
Event: 21.663 GC heap before
{Heap before GC invocations=31 (full 0):
 garbage-first heap   total 193536K, used 153600K [0x0000000080000000, 0x0000000100000000)
  region size 1024K, 64 young (65536K), 10 survivors (10240K)
 Metaspace       used 100884K, committed 101568K, reserved 1138688K
  class space    used 13742K, committed 14080K, reserved 1048576K
}
Event: 21.688 GC heap after
{Heap after GC invocations=32 (full 0):
 garbage-first heap   total 193536K, used 108379K [0x0000000080000000, 0x0000000100000000)
  region size 1024K, 8 young (8192K), 8 survivors (8192K)
 Metaspace       used 100884K, committed 101568K, reserved 1138688K
  class space    used 13742K, committed 14080K, reserved 1048576K
}
Event: 21.937 GC heap before
{Heap before GC invocations=32 (full 0):
 garbage-first heap   total 193536K, used 155483K [0x0000000080000000, 0x0000000100000000)
  region size 1024K, 54 young (55296K), 8 survivors (8192K)
 Metaspace       used 102414K, committed 103104K, reserved 1138688K
  class space    used 13968K, committed 14336K, reserved 1048576K
}

Dll operation events (2 events):
Event: 0.010 Loaded shared library C:\Program Files\Android\Android Studio1\jbr\bin\java.dll
Event: 0.569 Loaded shared library C:\Program Files\Android\Android Studio1\jbr\bin\verify.dll

Deoptimization events (20 events):
Event: 21.725 Thread 0x0000021e70d1e080 Uncommon trap: trap_request=0xffffff45 fr.pc=0x0000021e60a14994 relative=0x0000000000001434
Event: 21.725 Thread 0x0000021e70d1e080 Uncommon trap: reason=unstable_if action=reinterpret pc=0x0000021e60a14994 method=com.android.tools.r8.internal.EZ.b()Ljava/lang/String; @ 34 c2
Event: 21.725 Thread 0x0000021e70d1e080 DEOPT PACKING pc=0x0000021e60a14994 sp=0x000000ae107f5e00
Event: 21.725 Thread 0x0000021e70d1e080 DEOPT UNPACKING pc=0x0000021e601aa1a3 sp=0x000000ae107f5d78 mode 2
Event: 21.879 Thread 0x0000021e70e57f50 Uncommon trap: trap_request=0xffffff45 fr.pc=0x0000021e60bcce24 relative=0x00000000000000e4
Event: 21.879 Thread 0x0000021e70e53250 Uncommon trap: trap_request=0xffffff45 fr.pc=0x0000021e60bcce24 relative=0x00000000000000e4
Event: 21.879 Thread 0x0000021e70e57f50 Uncommon trap: reason=unstable_if action=reinterpret pc=0x0000021e60bcce24 method=com.android.tools.r8.utils.structural.s.a(Lcom/android/tools/r8/utils/structural/s;)Z @ 7 c2
Event: 21.879 Thread 0x0000021e70e53250 Uncommon trap: reason=unstable_if action=reinterpret pc=0x0000021e60bcce24 method=com.android.tools.r8.utils.structural.s.a(Lcom/android/tools/r8/utils/structural/s;)Z @ 7 c2
Event: 21.879 Thread 0x0000021e70e53250 DEOPT PACKING pc=0x0000021e60bcce24 sp=0x000000ae0e5fabb0
Event: 21.879 Thread 0x0000021e70e57f50 DEOPT PACKING pc=0x0000021e60bcce24 sp=0x000000ae0f1fadd0
Event: 21.879 Thread 0x0000021e70e53250 DEOPT UNPACKING pc=0x0000021e601aa1a3 sp=0x000000ae0e5fab50 mode 2
Event: 21.879 Thread 0x0000021e70e57f50 DEOPT UNPACKING pc=0x0000021e601aa1a3 sp=0x000000ae0f1fad70 mode 2
Event: 21.899 Thread 0x0000021e70e57f50 Uncommon trap: trap_request=0xffffff45 fr.pc=0x0000021e609d3b3c relative=0x000000000000009c
Event: 21.899 Thread 0x0000021e70e58420 Uncommon trap: trap_request=0xffffff45 fr.pc=0x0000021e609d3b3c relative=0x000000000000009c
Event: 21.899 Thread 0x0000021e70e57f50 Uncommon trap: reason=unstable_if action=reinterpret pc=0x0000021e609d3b3c method=com.android.tools.r8.utils.structural.s.a(Lcom/android/tools/r8/utils/structural/s;)Z @ 7 c2
Event: 21.899 Thread 0x0000021e70e58420 Uncommon trap: reason=unstable_if action=reinterpret pc=0x0000021e609d3b3c method=com.android.tools.r8.utils.structural.s.a(Lcom/android/tools/r8/utils/structural/s;)Z @ 7 c2
Event: 21.899 Thread 0x0000021e70e57f50 DEOPT PACKING pc=0x0000021e609d3b3c sp=0x000000ae0f1fad60
Event: 21.899 Thread 0x0000021e70e57f50 DEOPT UNPACKING pc=0x0000021e601aa1a3 sp=0x000000ae0f1fac98 mode 2
Event: 21.899 Thread 0x0000021e70e58420 DEOPT PACKING pc=0x0000021e609d3b3c sp=0x000000ae0ecfa9d0
Event: 21.899 Thread 0x0000021e70e58420 DEOPT UNPACKING pc=0x0000021e601aa1a3 sp=0x000000ae0ecfa908 mode 2

Classes unloaded (0 events):
No events

Classes redefined (0 events):
No events

Internal exceptions (20 events):
Event: 18.702 Thread 0x0000021e70d1f890 Exception <a 'sun/nio/fs/WindowsException'{0x000000008bc4f088}> (0x000000008bc4f088) 
thrown [s\src\hotspot\share\prims\jni.cpp, line 517]
Event: 18.722 Thread 0x0000021e70d1f890 Exception <a 'java/lang/NoSuchMethodError'{0x000000008a429aa0}: 'int java.lang.invoke.DirectMethodHandle$Holder.invokeSpecial(java.lang.Object, java.lang.Object, java.lang.Object, java.lang.Object, java.lang.Object)'> (0x000000008a429aa0) 
thrown [s\src\hotspot\share\interpreter\linkResolver.cpp, line 771]
Event: 18.948 Thread 0x0000021e70d1f890 Exception <a 'sun/nio/fs/WindowsException'{0x000000008a48f1a0}> (0x000000008a48f1a0) 
thrown [s\src\hotspot\share\prims\jni.cpp, line 517]
Event: 19.700 Thread 0x0000021e70d1e080 Exception <a 'sun/nio/fs/WindowsException'{0x00000000884da880}> (0x00000000884da880) 
thrown [s\src\hotspot\share\prims\jni.cpp, line 517]
Event: 20.142 Thread 0x0000021e70e57f50 Exception <a 'sun/nio/fs/WindowsException'{0x000000008b74c1f8}> (0x000000008b74c1f8) 
thrown [s\src\hotspot\share\prims\jni.cpp, line 517]
Event: 20.155 Thread 0x0000021e70e53250 Exception <a 'sun/nio/fs/WindowsException'{0x000000008b03f300}> (0x000000008b03f300) 
thrown [s\src\hotspot\share\prims\jni.cpp, line 517]
Event: 20.213 Thread 0x0000021e70d1e080 Exception <a 'sun/nio/fs/WindowsException'{0x000000008a2c67d8}> (0x000000008a2c67d8) 
thrown [s\src\hotspot\share\prims\jni.cpp, line 517]
Event: 20.247 Thread 0x0000021e70e58420 Exception <a 'sun/nio/fs/WindowsException'{0x000000008a1f7d48}> (0x000000008a1f7d48) 
thrown [s\src\hotspot\share\prims\jni.cpp, line 517]
Event: 20.441 Thread 0x0000021e70e58420 Exception <a 'java/lang/NoSuchMethodError'{0x00000000898a1a50}: 'java.lang.Object java.lang.invoke.DirectMethodHandle$Holder.invokeStaticInit(java.lang.Object, java.lang.Object, java.lang.Object, java.lang.Object, java.lang.Object, java.lang.Object, java.lang.Object, java.lang.Object, java.lang.Object, java.lang.Object, java.lang.Object, java.lang.Object, java.lang.Object, java.lang.Object, java.lang.Object, java.lang.Object, java.lang.Object, java.lang.Object, java.lang.Object, java.lang.Object, int, java
Event: 20.479 Thread 0x0000021e70e53250 Exception <a 'java/lang/IncompatibleClassChangeError'{0x00000000897e59b0}: Found class java.lang.Object, but interface was expected> (0x00000000897e59b0) 
thrown [s\src\hotspot\share\interpreter\linkResolver.cpp, line 838]
Event: 20.479 Thread 0x0000021e70d1e080 Exception <a 'java/lang/IncompatibleClassChangeError'{0x00000000897e71c8}: Found class java.lang.Object, but interface was expected> (0x00000000897e71c8) 
thrown [s\src\hotspot\share\interpreter\linkResolver.cpp, line 838]
Event: 20.531 Thread 0x0000021e70e53250 Exception <a 'java/lang/NoSuchMethodError'{0x0000000089366840}: 'java.lang.Object java.lang.invoke.DirectMethodHandle$Holder.newInvokeSpecial(java.lang.Object, long)'> (0x0000000089366840) 
thrown [s\src\hotspot\share\interpreter\linkResolver.cpp, line 771]
Event: 21.123 Thread 0x0000021e70e58420 Exception <a 'java/lang/NoSuchMethodError'{0x000000008ab2e850}: 'void java.lang.invoke.DirectMethodHandle$Holder.invokeStatic(java.lang.Object, java.lang.Object, java.lang.Object, int)'> (0x000000008ab2e850) 
thrown [s\src\hotspot\share\interpreter\linkResolver.cpp, line 771]
Event: 21.125 Thread 0x0000021e70e58420 Exception <a 'java/lang/IncompatibleClassChangeError'{0x000000008a165048}: Found class java.lang.Object, but interface was expected> (0x000000008a165048) 
thrown [s\src\hotspot\share\interpreter\linkResolver.cpp, line 838]
Event: 21.126 Thread 0x0000021e70e58420 Exception <a 'java/lang/NoSuchMethodError'{0x000000008a16d060}: 'void java.lang.invoke.DirectMethodHandle$Holder.invokeInterface(java.lang.Object, java.lang.Object, java.lang.Object, int)'> (0x000000008a16d060) 
thrown [s\src\hotspot\share\interpreter\linkResolver.cpp, line 771]
Event: 21.502 Thread 0x0000021e70e57f50 Implicit null exception at 0x0000021e60c56279 to 0x0000021e60c57844
Event: 21.883 Thread 0x0000021e70e57f50 Exception <a 'java/lang/NoSuchMethodError'{0x00000000893f2f38}: 'java.lang.Object java.lang.invoke.DirectMethodHandle$Holder.invokeStatic(java.lang.Object, int, java.lang.Object, java.lang.Object)'> (0x00000000893f2f38) 
thrown [s\src\hotspot\share\interpreter\linkResolver.cpp, line 771]
Event: 21.884 Thread 0x0000021e70e58420 Exception <a 'java/lang/NoSuchMethodError'{0x00000000893c10a0}: 'java.lang.Object java.lang.invoke.DirectMethodHandle$Holder.invokeStatic(java.lang.Object, int, java.lang.Object, java.lang.Object)'> (0x00000000893c10a0) 
thrown [s\src\hotspot\share\interpreter\linkResolver.cpp, line 771]
Event: 21.886 Thread 0x0000021e70e57f50 Exception <a 'java/lang/NoSuchMethodError'{0x0000000089223290}: 'java.lang.Object java.lang.invoke.DirectMethodHandle$Holder.invokeStatic(java.lang.Object, java.lang.Object, int, java.lang.Object, java.lang.Object)'> (0x0000000089223290) 
thrown [s\src\hotspot\share\interpreter\linkResolver.cpp, line 771]
Event: 21.886 Thread 0x0000021e70e58420 Exception <a 'java/lang/NoSuchMethodError'{0x000000008920d9c8}: 'java.lang.Object java.lang.invoke.DirectMethodHandle$Holder.invokeStatic(java.lang.Object, java.lang.Object, int, java.lang.Object, java.lang.Object)'> (0x000000008920d9c8) 
thrown [s\src\hotspot\share\interpreter\linkResolver.cpp, line 771]

VM Operations (20 events):
Event: 20.851 Executing VM operation: G1CollectForAllocation done
Event: 21.150 Executing VM operation: HandshakeAllThreads
Event: 21.152 Executing VM operation: HandshakeAllThreads done
Event: 21.427 Executing VM operation: HandshakeAllThreads
Event: 21.428 Executing VM operation: HandshakeAllThreads done
Event: 21.428 Executing VM operation: HandshakeAllThreads
Event: 21.429 Executing VM operation: HandshakeAllThreads done
Event: 21.479 Executing VM operation: HandshakeAllThreads
Event: 21.480 Executing VM operation: HandshakeAllThreads done
Event: 21.483 Executing VM operation: HandshakeAllThreads
Event: 21.483 Executing VM operation: HandshakeAllThreads done
Event: 21.497 Executing VM operation: HandshakeAllThreads
Event: 21.497 Executing VM operation: HandshakeAllThreads done
Event: 21.624 Executing VM operation: HandshakeAllThreads
Event: 21.624 Executing VM operation: HandshakeAllThreads done
Event: 21.663 Executing VM operation: G1CollectForAllocation
Event: 21.689 Executing VM operation: G1CollectForAllocation done
Event: 21.735 Executing VM operation: HandshakeAllThreads
Event: 21.739 Executing VM operation: HandshakeAllThreads done
Event: 21.937 Executing VM operation: G1CollectForAllocation

Events (20 events):
Event: 20.338 loading class java/util/concurrent/RejectedExecutionException done
Event: 20.473 loading class java/lang/reflect/GenericSignatureFormatError
Event: 20.474 loading class java/lang/reflect/GenericSignatureFormatError done
Event: 20.680 loading class java/util/concurrent/ConcurrentLinkedQueue$Itr
Event: 20.691 loading class java/util/concurrent/ConcurrentLinkedQueue$Itr done
Event: 21.431 Thread 0x0000021e700348b0 flushing nmethod 0x0000021e60c45210
Event: 21.431 Thread 0x0000021e700348b0 flushing nmethod 0x0000021e60c55f90
Event: 21.431 Thread 0x0000021e700348b0 flushing nmethod 0x0000021e60c71a10
Event: 21.432 Thread 0x0000021e700348b0 flushing nmethod 0x0000021e58cb7f10
Event: 21.432 Thread 0x0000021e700348b0 flushing nmethod 0x0000021e58cdee10
Event: 21.432 Thread 0x0000021e700348b0 flushing nmethod 0x0000021e58db3190
Event: 21.433 Thread 0x0000021e700348b0 flushing nmethod 0x0000021e58e0ee10
Event: 21.436 Thread 0x0000021e700348b0 flushing nmethod 0x0000021e58fa8710
Event: 21.438 Thread 0x0000021e700348b0 flushing nmethod 0x0000021e59268c90
Event: 21.440 Thread 0x0000021e700348b0 flushing nmethod 0x0000021e59543c10
Event: 21.440 Thread 0x0000021e700348b0 flushing nmethod 0x0000021e59558d90
Event: 21.440 Thread 0x0000021e700348b0 flushing nmethod 0x0000021e595fba90
Event: 21.446 Thread 0x0000021e700348b0 flushing nmethod 0x0000021e59c9cf10
Event: 21.446 Thread 0x0000021e700348b0 flushing nmethod 0x0000021e59cd5b90
Event: 21.446 Thread 0x0000021e700348b0 flushing nmethod 0x0000021e59d3ad90


Dynamic libraries:
0x00007ff77b060000 - 0x00007ff77b06a000 	C:\Program Files\Android\Android Studio1\jbr\bin\java.exe
0x00007ffbc6670000 - 0x00007ffbc6887000 	C:\WINDOWS\SYSTEM32\ntdll.dll
0x00007ffbc5630000 - 0x00007ffbc56f4000 	C:\WINDOWS\System32\KERNEL32.DLL
0x00007ffbc3b90000 - 0x00007ffbc3f36000 	C:\WINDOWS\System32\KERNELBASE.dll
0x00007ffbc39f0000 - 0x00007ffbc3b01000 	C:\WINDOWS\System32\ucrtbase.dll
0x00007ffb48bb0000 - 0x00007ffb48bc7000 	C:\Program Files\Android\Android Studio1\jbr\bin\jli.dll
0x00007ffbc43d0000 - 0x00007ffbc457d000 	C:\WINDOWS\System32\USER32.dll
0x00007ffbc4190000 - 0x00007ffbc41b6000 	C:\WINDOWS\System32\win32u.dll
0x00007ffbaee00000 - 0x00007ffbaf093000 	C:\WINDOWS\WinSxS\amd64_microsoft.windows.common-controls_6595b64144ccf1df_6.0.22621.2361_none_2712ced57382f843\COMCTL32.dll
0x00007ffbc54e0000 - 0x00007ffbc5509000 	C:\WINDOWS\System32\GDI32.dll
0x00007ffbc4070000 - 0x00007ffbc4188000 	C:\WINDOWS\System32\gdi32full.dll
0x00007ffbc6580000 - 0x00007ffbc6627000 	C:\WINDOWS\System32\msvcrt.dll
0x00007ffbc41c0000 - 0x00007ffbc425a000 	C:\WINDOWS\System32\msvcp_win.dll
0x00007ffba1d50000 - 0x00007ffba1d6b000 	C:\Program Files\Android\Android Studio1\jbr\bin\VCRUNTIME140.dll
0x00007ffbc48a0000 - 0x00007ffbc48d1000 	C:\WINDOWS\System32\IMM32.DLL
0x00007ffbb0120000 - 0x00007ffbb012c000 	C:\Program Files\Android\Android Studio1\jbr\bin\vcruntime140_1.dll
0x00007ffb7fff0000 - 0x00007ffb8007d000 	C:\Program Files\Android\Android Studio1\jbr\bin\msvcp140.dll
0x00007ffb49130000 - 0x00007ffb49d9e000 	C:\Program Files\Android\Android Studio1\jbr\bin\server\jvm.dll
0x00007ffbc4680000 - 0x00007ffbc4730000 	C:\WINDOWS\System32\ADVAPI32.dll
0x00007ffbc4730000 - 0x00007ffbc47d6000 	C:\WINDOWS\System32\sechost.dll
0x00007ffbc5510000 - 0x00007ffbc5627000 	C:\WINDOWS\System32\RPCRT4.dll
0x00007ffbbc210000 - 0x00007ffbbc244000 	C:\WINDOWS\SYSTEM32\WINMM.dll
0x00007ffbbdfb0000 - 0x00007ffbbdfb9000 	C:\WINDOWS\SYSTEM32\WSOCK32.dll
0x00007ffbc5700000 - 0x00007ffbc5771000 	C:\WINDOWS\System32\WS2_32.dll
0x00007ffbbd700000 - 0x00007ffbbd70a000 	C:\WINDOWS\SYSTEM32\VERSION.dll
0x00007ffbc29d0000 - 0x00007ffbc29e8000 	C:\WINDOWS\SYSTEM32\kernel.appcore.dll
0x00007ffba4750000 - 0x00007ffba475a000 	C:\Program Files\Android\Android Studio1\jbr\bin\jimage.dll
0x00007ffbc14f0000 - 0x00007ffbc171e000 	C:\WINDOWS\SYSTEM32\DBGHELP.DLL
0x00007ffbc58a0000 - 0x00007ffbc5c2a000 	C:\WINDOWS\System32\combase.dll
0x00007ffbc4580000 - 0x00007ffbc4657000 	C:\WINDOWS\System32\OLEAUT32.dll
0x00007ffb997e0000 - 0x00007ffb99812000 	C:\WINDOWS\SYSTEM32\dbgcore.DLL
0x00007ffbc3b10000 - 0x00007ffbc3b8a000 	C:\WINDOWS\System32\bcryptPrimitives.dll
0x00007ffb56ba0000 - 0x00007ffb56bc5000 	C:\Program Files\Android\Android Studio1\jbr\bin\java.dll
0x00007ffb49110000 - 0x00007ffb49128000 	C:\Program Files\Android\Android Studio1\jbr\bin\zip.dll
0x00007ffbc4c70000 - 0x00007ffbc54c8000 	C:\WINDOWS\System32\SHELL32.dll
0x00007ffbc1950000 - 0x00007ffbc2242000 	C:\WINDOWS\SYSTEM32\windows.storage.dll
0x00007ffbc1810000 - 0x00007ffbc194e000 	C:\WINDOWS\SYSTEM32\wintypes.dll
0x00007ffbc5780000 - 0x00007ffbc5873000 	C:\WINDOWS\System32\SHCORE.dll
0x00007ffbc47e0000 - 0x00007ffbc483e000 	C:\WINDOWS\System32\shlwapi.dll
0x00007ffbc3920000 - 0x00007ffbc3946000 	C:\WINDOWS\SYSTEM32\profapi.dll
0x00007ffb490f0000 - 0x00007ffb49109000 	C:\Program Files\Android\Android Studio1\jbr\bin\net.dll
0x00007ffbbc0d0000 - 0x00007ffbbc207000 	C:\WINDOWS\SYSTEM32\WINHTTP.dll
0x00007ffbc2eb0000 - 0x00007ffbc2f19000 	C:\WINDOWS\system32\mswsock.dll
0x00007ffb490d0000 - 0x00007ffb490e6000 	C:\Program Files\Android\Android Studio1\jbr\bin\nio.dll
0x00007ffb48e90000 - 0x00007ffb48ea0000 	C:\Program Files\Android\Android Studio1\jbr\bin\verify.dll
0x00007ffb9efe0000 - 0x00007ffb9f007000 	C:\Users\hp\.gradle\native\68d5fa5c4cc2d200863cafc0d521ce42e7d3e7ee720ec0a83991735586a16f82\windows-amd64\native-platform.dll
0x00007ffb7f490000 - 0x00007ffb7f5d4000 	C:\Users\hp\.gradle\native\e376f236ea51e6404a007f0833ffe2c6e607c4080706a723a18a27aeea778392\windows-amd64\native-platform-file-events.dll
0x00007ffb48e40000 - 0x00007ffb48e49000 	C:\Program Files\Android\Android Studio1\jbr\bin\management.dll
0x00007ffb48e30000 - 0x00007ffb48e3b000 	C:\Program Files\Android\Android Studio1\jbr\bin\management_ext.dll
0x00007ffbc4660000 - 0x00007ffbc4668000 	C:\WINDOWS\System32\PSAPI.DLL
0x00007ffbc3100000 - 0x00007ffbc311b000 	C:\WINDOWS\SYSTEM32\CRYPTSP.dll
0x00007ffbc2990000 - 0x00007ffbc29c5000 	C:\WINDOWS\system32\rsaenh.dll
0x00007ffbc2fa0000 - 0x00007ffbc2fcc000 	C:\WINDOWS\SYSTEM32\USERENV.dll
0x00007ffbc32a0000 - 0x00007ffbc32c8000 	C:\WINDOWS\SYSTEM32\bcrypt.dll
0x00007ffbc3120000 - 0x00007ffbc312c000 	C:\WINDOWS\SYSTEM32\CRYPTBASE.dll
0x00007ffbc24b0000 - 0x00007ffbc24dd000 	C:\WINDOWS\SYSTEM32\IPHLPAPI.DLL
0x00007ffbc54d0000 - 0x00007ffbc54d9000 	C:\WINDOWS\System32\NSI.dll
0x00007ffbbd6e0000 - 0x00007ffbbd6f9000 	C:\WINDOWS\SYSTEM32\dhcpcsvc6.DLL
0x00007ffbbc050000 - 0x00007ffbbc06f000 	C:\WINDOWS\SYSTEM32\dhcpcsvc.DLL
0x00007ffbc2520000 - 0x00007ffbc2619000 	C:\WINDOWS\SYSTEM32\DNSAPI.dll
0x00007ffb48be0000 - 0x00007ffb48be8000 	C:\WINDOWS\system32\wshunix.dll

dbghelp: loaded successfully - version: 4.0.5 - missing functions: none
symbol engine: initialized successfully - sym options: 0x614 - pdb path: .;C:\Program Files\Android\Android Studio1\jbr\bin;C:\WINDOWS\SYSTEM32;C:\WINDOWS\WinSxS\amd64_microsoft.windows.common-controls_6595b64144ccf1df_6.0.22621.2361_none_2712ced57382f843;C:\Program Files\Android\Android Studio1\jbr\bin\server;C:\Users\hp\.gradle\native\68d5fa5c4cc2d200863cafc0d521ce42e7d3e7ee720ec0a83991735586a16f82\windows-amd64;C:\Users\hp\.gradle\native\e376f236ea51e6404a007f0833ffe2c6e607c4080706a723a18a27aeea778392\windows-amd64

VM Arguments:
jvm_args: --add-opens=java.base/java.util=ALL-UNNAMED --add-opens=java.base/java.lang=ALL-UNNAMED --add-opens=java.base/java.lang.invoke=ALL-UNNAMED --add-opens=java.prefs/java.util.prefs=ALL-UNNAMED --add-opens=java.base/java.nio.charset=ALL-UNNAMED --add-opens=java.base/java.net=ALL-UNNAMED --add-opens=java.base/java.util.concurrent.atomic=ALL-UNNAMED -Xmx2048m -Dfile.encoding=UTF-8 -Duser.country=IN -Duser.language=en -Duser.variant 
java_command: org.gradle.launcher.daemon.bootstrap.GradleDaemon 8.0
java_class_path (initial): C:\Users\hp\.gradle\wrapper\dists\gradle-8.0-bin\ca5e32bp14vu59qr306oxotwh\gradle-8.0\lib\gradle-launcher-8.0.jar
Launcher Type: SUN_STANDARD

[Global flags]
     intx CICompilerCount                          = 3                                         {product} {ergonomic}
     uint ConcGCThreads                            = 1                                         {product} {ergonomic}
     uint G1ConcRefinementThreads                  = 4                                         {product} {ergonomic}
   size_t G1HeapRegionSize                         = 1048576                                   {product} {ergonomic}
    uintx GCDrainStackTargetSize                   = 64                                        {product} {ergonomic}
   size_t InitialHeapSize                          = 65011712                                  {product} {ergonomic}
   size_t MarkStackSize                            = 4194304                                   {product} {ergonomic}
   size_t MaxHeapSize                              = 2147483648                                {product} {command line}
   size_t MaxNewSize                               = 1287651328                                {product} {ergonomic}
   size_t MinHeapDeltaBytes                        = 1048576                                   {product} {ergonomic}
   size_t MinHeapSize                              = 8388608                                   {product} {ergonomic}
    uintx NonNMethodCodeHeapSize                   = 5832780                                {pd product} {ergonomic}
    uintx NonProfiledCodeHeapSize                  = 122912730                              {pd product} {ergonomic}
    uintx ProfiledCodeHeapSize                     = 122912730                              {pd product} {ergonomic}
    uintx ReservedCodeCacheSize                    = 251658240                              {pd product} {ergonomic}
     bool SegmentedCodeCache                       = true                                      {product} {ergonomic}
   size_t SoftMaxHeapSize                          = 2147483648                             {manageable} {ergonomic}
     bool UseCompressedClassPointers               = true                           {product lp64_product} {ergonomic}
     bool UseCompressedOops                        = true                           {product lp64_product} {ergonomic}
     bool UseG1GC                                  = true                                      {product} {ergonomic}
     bool UseLargePagesIndividualAllocation        = false                                  {pd product} {ergonomic}

Logging:
Log output configuration:
 #0: stdout all=warning uptime,level,tags
 #1: stderr all=off uptime,level,tags

Environment Variables:
JAVA_HOME=C:\Program Files\Java\jdk-15.0.1
PATH=C:\WINDOWS\system32;C:\WINDOWS;C:\WINDOWS\System32\Wbem;C:\WINDOWS\System32\WindowsPowerShell\v1.0\;C:\WINDOWS\System32\OpenSSH\;C:\Program Files (x86)\Microsoft SQL Server\90\Tools\binn\;C:\Program Files\Java\jdk-15.0.1\bin;C:\Program Files\Microsoft SQL Server\Client SDK\ODBC\170\Tools\Binn\;C:\WINDOWS\system32;C:\WINDOWS;C:\WINDOWS\System32\Wbem;C:\WINDOWS\System32\WindowsPowerShell\v1.0\;C:\WINDOWS\System32\OpenSSH\;C:\Program Files\Microsoft SQL Server\Client SDK\ODBC\130\Tools\Binn\;C:\Program Files (x86)\Microsoft SQL Server\140\Tools\Binn\;C:\Program Files\Microsoft SQL Server\140\Tools\Binn\;C:\Program Files\Microsoft SQL Server\140\DTS\Binn\;C:\Program Files\nodejs\;C:\Users\hp\AppData\Local\Microsoft\WindowsApps;;C:\Program Files\Azure Data Studio\bin;C:\Users\hp\AppData\Roaming\npm;C:\Users\hp\AppData\Local\Programs\Microsoft VS Code\bin
USERNAME=hp
OS=Windows_NT
PROCESSOR_IDENTIFIER=Intel64 Family 6 Model 126 Stepping 5, GenuineIntel
TMP=C:\Users\hp\AppData\Local\Temp
TEMP=C:\Users\hp\AppData\Local\Temp


JNI global refs:
JNI global refs: 26, weak refs: 20

JNI global refs memory usage: 843, weak refs: 841


---------------  S Y S T E M  ---------------

OS:
 Windows 11 , 64 bit Build 22621 (10.0.22621.2428)
OS uptime: 0 days 10:54 hours

CPU: total 4 (initial active 4) (2 cores per cpu, 2 threads per core) family 6 model 126 stepping 5 microcode 0xa0, cx8, cmov, fxsr, ht, mmx, 3dnowpref, sse, sse2, sse3, ssse3, sse4.1, sse4.2, popcnt, lzcnt, tsc, tscinvbit, avx, avx2, aes, erms, clmul, bmi1, bmi2, adx, avx512f, avx512dq, avx512cd, avx512bw, avx512vl, sha, fma, vzeroupper, avx512_vpopcntdq, avx512_vpclmulqdq, avx512_vaes, avx512_vnni, clflush, clflushopt, avx512_vbmi2, avx512_vbmi

Memory: 4k page, system-wide physical 3877M (282M free)
TotalPageFile size 7973M (AvailPageFile size 178M)
current process WorkingSet (physical memory assigned to process): 365M, peak: 370M
current process commit charge ("private bytes"): 482M, peak: 659M

vm_info: OpenJDK 64-Bit Server VM (17.0.6+0-b2043.56-10027231) for windows-amd64 JRE (17.0.6+0-b2043.56-10027231), built on Apr 28 2023 00:43:19 by "androidbuild" with MS VC++ 16.10 / 16.11 (VS2019)

END.
