#
# There is insufficient memory for the Java Runtime Environment to continue.
# Native memory allocation (malloc) failed to allocate 52464 bytes for Chunk::new
# Possible reasons:
#   The system is out of physical RAM or swap space
#   The process is running with CompressedOops enabled, and the Java Heap may be blocking the growth of the native heap
# Possible solutions:
#   Reduce memory load on the system
#   Increase physical memory or swap space
#   Check if swap backing store is full
#   Decrease Java heap size (-Xmx/-Xms)
#   Decrease number of Java threads
#   Decrease Java thread stack sizes (-Xss)
#   Set larger code cache with -XX:ReservedCodeCacheSize=
#   JVM is running with Unscaled Compressed Oops mode in which the Java heap is
#     placed in the first 4GB address space. The Java Heap base address is the
#     maximum limit for the native heap growth. Please use -XX:HeapBaseMinAddress
#     to set the Java Heap base and to place the Java Heap above 4GB virtual address.
# This output file may be truncated or incomplete.
#
#  Out of Memory Error (arena.cpp:189), pid=548, tid=13592
#
# JRE version: OpenJDK Runtime Environment (17.0.6) (build 17.0.6+0-b2043.56-10027231)
# Java VM: OpenJDK 64-Bit Server VM (17.0.6+0-b2043.56-10027231, mixed mode, tiered, compressed oops, compressed class ptrs, g1 gc, windows-amd64)
# No core dump will be written. Minidumps are not enabled by default on client versions of Windows
#

---------------  S U M M A R Y ------------

Command Line: --add-opens=java.base/java.util=ALL-UNNAMED --add-opens=java.base/java.lang=ALL-UNNAMED --add-opens=java.base/java.lang.invoke=ALL-UNNAMED --add-opens=java.prefs/java.util.prefs=ALL-UNNAMED --add-opens=java.base/java.nio.charset=ALL-UNNAMED --add-opens=java.base/java.net=ALL-UNNAMED --add-opens=java.base/java.util.concurrent.atomic=ALL-UNNAMED -Xmx2048m -Dfile.encoding=UTF-8 -Duser.country=IN -Duser.language=en -Duser.variant org.gradle.launcher.daemon.bootstrap.GradleDaemon 8.0

Host: Intel(R) Core(TM) i3-1005G1 CPU @ 1.20GHz, 4 cores, 3G,  Windows 11 , 64 bit Build 22621 (10.0.22621.2428)
Time: Sun Oct 29 20:55:33 2023 India Standard Time elapsed time: 36.229472 seconds (0d 0h 0m 36s)

---------------  T H R E A D  ---------------

Current thread (0x000001f4eb0034a0):  JavaThread "C1 CompilerThread0" daemon [_thread_in_native, id=13592, stack(0x000000167b700000,0x000000167b800000)]


Current CompileTask:
C1:  36229 18213 %     3       com.android.tools.r8.internal.hl::a @ 1714 (2961 bytes)

Stack: [0x000000167b700000,0x000000167b800000]
Native frames: (J=compiled Java code, j=interpreted, Vv=VM code, C=native code)
V  [jvm.dll+0x683c9a]
V  [jvm.dll+0x8427a4]
V  [jvm.dll+0x843f9e]
V  [jvm.dll+0x844603]
V  [jvm.dll+0x249b75]
V  [jvm.dll+0xabcac]
V  [jvm.dll+0xac27c]
V  [jvm.dll+0x17cc5f]
V  [jvm.dll+0x17b7eb]
V  [jvm.dll+0x135f83]
V  [jvm.dll+0x13587f]
V  [jvm.dll+0x135ab6]
V  [jvm.dll+0x134f4a]
V  [jvm.dll+0x136c11]
V  [jvm.dll+0x22b098]
V  [jvm.dll+0x229159]
V  [jvm.dll+0x7f81ec]
V  [jvm.dll+0x7f274a]
V  [jvm.dll+0x682ad5]
C  [ucrtbase.dll+0x29363]
C  [KERNEL32.DLL+0x1257d]
C  [ntdll.dll+0x5aa78]


---------------  P R O C E S S  ---------------

Threads class SMR info:
_java_thread_list=0x000001f4f47ee590, length=91, elements={
0x000001f4cec2d790, 0x000001f4ea3d9670, 0x000001f4ea3da220, 0x000001f4ea3fe120,
0x000001f4ea3c2ea0, 0x000001f4ea3c3950, 0x000001f4eb002090, 0x000001f4eb002a00,
0x000001f4eb0034a0, 0x000001f4eb00f7b0, 0x000001f4eb17c2c0, 0x000001f4eb17c790,
0x000001f4ed50e200, 0x000001f4ec703460, 0x000001f4ec990ff0, 0x000001f4ec303bf0,
0x000001f4ec75add0, 0x000001f4ec73a870, 0x000001f4ec5e4ef0, 0x000001f4ecb30a90,
0x000001f4ec275000, 0x000001f4ec274660, 0x000001f4ec274b30, 0x000001f4ec276810,
0x000001f4ec2754d0, 0x000001f4ec2759a0, 0x000001f4ec276ce0, 0x000001f4ec275e70,
0x000001f4ec2771b0, 0x000001f4ec2737f0, 0x000001f4ec276340, 0x000001f4ec273cc0,
0x000001f4ed503740, 0x000001f4ed4fd230, 0x000001f4ed4ffd80, 0x000001f4ed4fd700,
0x000001f4ed502da0, 0x000001f4ed4fbef0, 0x000001f4ed502400, 0x000001f4ed503270,
0x000001f4ed4fcd60, 0x000001f4ed4fe0a0, 0x000001f4ed501a60, 0x000001f4ed4fea40,
0x000001f4ed4fef10, 0x000001f4ed4ff3e0, 0x000001f4ed4ff8b0, 0x000001f4ed500250,
0x000001f4ed500bf0, 0x000001f4ed501590, 0x000001f4eb380bb0, 0x000001f4eb37e530,
0x000001f4eb37e060, 0x000001f4eb3806e0, 0x000001f4eb381080, 0x000001f4eb37fd40,
0x000001f4eb381550, 0x000001f4eb380210, 0x000001f4eb37ea00, 0x000001f4eb381a20,
0x000001f4eb37eed0, 0x000001f4eb37f3a0, 0x000001f4eb37f870, 0x000001f4ef66fff0,
0x000001f4ef6734e0, 0x000001f4ef671800, 0x000001f4ef6769d0, 0x000001f4ef677840,
0x000001f4ef676ea0, 0x000001f4ef6721a0, 0x000001f4ef670990, 0x000001f4ef671330,
0x000001f4ef673010, 0x000001f4ef671cd0, 0x000001f4ef6751c0, 0x000001f4ef672670,
0x000001f4ef6704c0, 0x000001f4ef675690, 0x000001f4ef677370, 0x000001f4ef670e60,
0x000001f4ef676030, 0x000001f4ef6739b0, 0x000001f4f20670b0, 0x000001f4f2064560,
0x000001f4f2067a50, 0x000001f4f20653d0, 0x000001f4f2062880, 0x000001f4f2067f20,
0x000001f4f20658a0, 0x000001f4f20683f0, 0x000001f4f441f090
}

Java Threads: ( => current thread )
  0x000001f4cec2d790 JavaThread "main" [_thread_blocked, id=12628, stack(0x000000167a900000,0x000000167aa00000)]
  0x000001f4ea3d9670 JavaThread "Reference Handler" daemon [_thread_blocked, id=3904, stack(0x000000167b000000,0x000000167b100000)]
  0x000001f4ea3da220 JavaThread "Finalizer" daemon [_thread_blocked, id=7344, stack(0x000000167b100000,0x000000167b200000)]
  0x000001f4ea3fe120 JavaThread "Signal Dispatcher" daemon [_thread_blocked, id=8016, stack(0x000000167b200000,0x000000167b300000)]
  0x000001f4ea3c2ea0 JavaThread "Attach Listener" daemon [_thread_blocked, id=6668, stack(0x000000167b300000,0x000000167b400000)]
  0x000001f4ea3c3950 JavaThread "Service Thread" daemon [_thread_blocked, id=5444, stack(0x000000167b400000,0x000000167b500000)]
  0x000001f4eb002090 JavaThread "Monitor Deflation Thread" daemon [_thread_blocked, id=8564, stack(0x000000167b500000,0x000000167b600000)]
  0x000001f4eb002a00 JavaThread "C2 CompilerThread0" daemon [_thread_in_native, id=13308, stack(0x000000167b600000,0x000000167b700000)]
=>0x000001f4eb0034a0 JavaThread "C1 CompilerThread0" daemon [_thread_in_native, id=13592, stack(0x000000167b700000,0x000000167b800000)]
  0x000001f4eb00f7b0 JavaThread "Sweeper thread" daemon [_thread_blocked, id=7780, stack(0x000000167b800000,0x000000167b900000)]
  0x000001f4eb17c2c0 JavaThread "Common-Cleaner" daemon [_thread_blocked, id=10620, stack(0x000000167b900000,0x000000167ba00000)]
  0x000001f4eb17c790 JavaThread "Notification Thread" daemon [_thread_blocked, id=1844, stack(0x000000167ba00000,0x000000167bb00000)]
  0x000001f4ed50e200 JavaThread "Daemon health stats" [_thread_blocked, id=9996, stack(0x000000167bf00000,0x000000167c000000)]
  0x000001f4ec703460 JavaThread "Incoming local TCP Connector on port 51390" [_thread_in_native, id=2732, stack(0x000000167c000000,0x000000167c100000)]
  0x000001f4ec990ff0 JavaThread "Daemon periodic checks" [_thread_blocked, id=10880, stack(0x000000167c100000,0x000000167c200000)]
  0x000001f4ec303bf0 JavaThread "Daemon" [_thread_blocked, id=13804, stack(0x000000167c200000,0x000000167c300000)]
  0x000001f4ec75add0 JavaThread "Handler for socket connection from /127.0.0.1:51390 to /127.0.0.1:51391" [_thread_in_native, id=12848, stack(0x000000167c300000,0x000000167c400000)]
  0x000001f4ec73a870 JavaThread "Cancel handler" [_thread_blocked, id=3768, stack(0x000000167c400000,0x000000167c500000)]
  0x000001f4ec5e4ef0 JavaThread "Daemon worker" [_thread_blocked, id=5712, stack(0x000000167c500000,0x000000167c600000)]
  0x000001f4ecb30a90 JavaThread "Asynchronous log dispatcher for DefaultDaemonConnection: socket connection from /127.0.0.1:51390 to /127.0.0.1:51391" [_thread_blocked, id=3284, stack(0x000000167c600000,0x000000167c700000)]
  0x000001f4ec275000 JavaThread "Stdin handler" [_thread_blocked, id=14280, stack(0x000000167c700000,0x000000167c800000)]
  0x000001f4ec274660 JavaThread "Daemon client event forwarder" [_thread_blocked, id=2296, stack(0x000000167c800000,0x000000167c900000)]
  0x000001f4ec274b30 JavaThread "Cache worker for journal cache (C:\Users\hp\.gradle\caches\journal-1)" [_thread_blocked, id=10932, stack(0x000000167c900000,0x000000167ca00000)]
  0x000001f4ec276810 JavaThread "File lock request listener" [_thread_in_native, id=13744, stack(0x000000167ca00000,0x000000167cb00000)]
  0x000001f4ec2754d0 JavaThread "Cache worker for file hash cache (C:\Users\hp\.gradle\caches\8.0\fileHashes)" [_thread_blocked, id=3476, stack(0x000000167cb00000,0x000000167cc00000)]
  0x000001f4ec2759a0 JavaThread "File watcher server" daemon [_thread_in_native, id=2972, stack(0x000000167cc00000,0x000000167cd00000)]
  0x000001f4ec276ce0 JavaThread "File watcher consumer" daemon [_thread_blocked, id=10696, stack(0x000000167cd00000,0x000000167ce00000)]
  0x000001f4ec275e70 JavaThread "Cache worker for checksums cache (D:\MCA\android_porject_Team4\MyApplication\.gradle\8.0\checksums)" [_thread_blocked, id=14052, stack(0x000000167ce00000,0x000000167cf00000)]
  0x000001f4ec2771b0 JavaThread "Cache worker for cache directory md-rule (C:\Users\hp\.gradle\caches\8.0\md-rule)" [_thread_blocked, id=7228, stack(0x000000167cf00000,0x000000167d000000)]
  0x000001f4ec2737f0 JavaThread "Cache worker for file content cache (C:\Users\hp\.gradle\caches\8.0\fileContent)" [_thread_blocked, id=10628, stack(0x000000167d000000,0x000000167d100000)]
  0x000001f4ec276340 JavaThread "Cache worker for file hash cache (D:\MCA\android_porject_Team4\MyApplication\.gradle\8.0\fileHashes)" [_thread_blocked, id=11536, stack(0x000000167d100000,0x000000167d200000)]
  0x000001f4ec273cc0 JavaThread "Cache worker for cache directory md-supplier (C:\Users\hp\.gradle\caches\8.0\md-supplier)" [_thread_blocked, id=4976, stack(0x000000167d200000,0x000000167d300000)]
  0x000001f4ed503740 JavaThread "Cache worker for execution history cache (C:\Users\hp\.gradle\caches\8.0\executionHistory)" [_thread_blocked, id=5012, stack(0x000000167d300000,0x000000167d400000)]
  0x000001f4ed4fd230 JavaThread "jar transforms" [_thread_blocked, id=13240, stack(0x000000167d400000,0x000000167d500000)]
  0x000001f4ed4ffd80 JavaThread "jar transforms Thread 2" [_thread_blocked, id=12188, stack(0x000000167d500000,0x000000167d600000)]
  0x000001f4ed4fd700 JavaThread "Cache worker for kotlin-dsl (C:\Users\hp\.gradle\caches\8.0\kotlin-dsl)" [_thread_blocked, id=8640, stack(0x000000167d600000,0x000000167d700000)]
  0x000001f4ed502da0 JavaThread "jar transforms Thread 3" [_thread_blocked, id=3168, stack(0x000000167d700000,0x000000167d800000)]
  0x000001f4ed4fbef0 JavaThread "jar transforms Thread 4" [_thread_blocked, id=5308, stack(0x000000167d800000,0x000000167d900000)]
  0x000001f4ed502400 JavaThread "Cache worker for dependencies-accessors (D:\MCA\android_porject_Team4\MyApplication\.gradle\8.0\dependencies-accessors)" [_thread_blocked, id=13336, stack(0x000000167d900000,0x000000167da00000)]
  0x000001f4ed503270 JavaThread "Cache worker for Build Output Cleanup Cache (D:\MCA\android_porject_Team4\MyApplication\.gradle\buildOutputCleanup)" [_thread_blocked, id=13796, stack(0x000000167da00000,0x000000167db00000)]
  0x000001f4ed4fcd60 JavaThread "Unconstrained build operations" [_thread_blocked, id=13404, stack(0x000000167db00000,0x000000167dc00000)]
  0x000001f4ed4fe0a0 JavaThread "Unconstrained build operations Thread 2" [_thread_blocked, id=6660, stack(0x000000167dc00000,0x000000167dd00000)]
  0x000001f4ed501a60 JavaThread "Unconstrained build operations Thread 3" [_thread_blocked, id=7156, stack(0x000000167dd00000,0x000000167de00000)]
  0x000001f4ed4fea40 JavaThread "Unconstrained build operations Thread 4" [_thread_blocked, id=13940, stack(0x000000167de00000,0x000000167df00000)]
  0x000001f4ed4fef10 JavaThread "Unconstrained build operations Thread 5" [_thread_blocked, id=2420, stack(0x000000167df00000,0x000000167e000000)]
  0x000001f4ed4ff3e0 JavaThread "Unconstrained build operations Thread 6" [_thread_blocked, id=7628, stack(0x000000167e000000,0x000000167e100000)]
  0x000001f4ed4ff8b0 JavaThread "Unconstrained build operations Thread 7" [_thread_blocked, id=11484, stack(0x000000167e100000,0x000000167e200000)]
  0x000001f4ed500250 JavaThread "Unconstrained build operations Thread 8" [_thread_blocked, id=8300, stack(0x000000167e200000,0x000000167e300000)]
  0x000001f4ed500bf0 JavaThread "Unconstrained build operations Thread 9" [_thread_blocked, id=13648, stack(0x000000167e300000,0x000000167e400000)]
  0x000001f4ed501590 JavaThread "Unconstrained build operations Thread 10" [_thread_blocked, id=12424, stack(0x000000167e400000,0x000000167e500000)]
  0x000001f4eb380bb0 JavaThread "Unconstrained build operations Thread 11" [_thread_blocked, id=12716, stack(0x000000167e500000,0x000000167e600000)]
  0x000001f4eb37e530 JavaThread "Unconstrained build operations Thread 12" [_thread_blocked, id=10824, stack(0x000000167e600000,0x000000167e700000)]
  0x000001f4eb37e060 JavaThread "Unconstrained build operations Thread 13" [_thread_blocked, id=8672, stack(0x000000167e700000,0x000000167e800000)]
  0x000001f4eb3806e0 JavaThread "Unconstrained build operations Thread 14" [_thread_blocked, id=11772, stack(0x000000167e800000,0x000000167e900000)]
  0x000001f4eb381080 JavaThread "Unconstrained build operations Thread 15" [_thread_blocked, id=1548, stack(0x000000167e900000,0x000000167ea00000)]
  0x000001f4eb37fd40 JavaThread "Unconstrained build operations Thread 16" [_thread_blocked, id=2976, stack(0x000000167ea00000,0x000000167eb00000)]
  0x000001f4eb381550 JavaThread "Unconstrained build operations Thread 17" [_thread_blocked, id=8892, stack(0x000000167eb00000,0x000000167ec00000)]
  0x000001f4eb380210 JavaThread "Unconstrained build operations Thread 18" [_thread_blocked, id=3628, stack(0x000000167ec00000,0x000000167ed00000)]
  0x000001f4eb37ea00 JavaThread "Unconstrained build operations Thread 19" [_thread_blocked, id=1472, stack(0x000000167ed00000,0x000000167ee00000)]
  0x000001f4eb381a20 JavaThread "Unconstrained build operations Thread 20" [_thread_blocked, id=13728, stack(0x000000167ee00000,0x000000167ef00000)]
  0x000001f4eb37eed0 JavaThread "Unconstrained build operations Thread 21" [_thread_blocked, id=3232, stack(0x000000167ef00000,0x000000167f000000)]
  0x000001f4eb37f3a0 JavaThread "Unconstrained build operations Thread 22" [_thread_blocked, id=12884, stack(0x000000167f000000,0x000000167f100000)]
  0x000001f4eb37f870 JavaThread "Unconstrained build operations Thread 23" [_thread_blocked, id=7164, stack(0x000000167f100000,0x000000167f200000)]
  0x000001f4ef66fff0 JavaThread "Unconstrained build operations Thread 24" [_thread_blocked, id=4792, stack(0x000000167f200000,0x000000167f300000)]
  0x000001f4ef6734e0 JavaThread "Unconstrained build operations Thread 25" [_thread_blocked, id=11524, stack(0x000000167f300000,0x000000167f400000)]
  0x000001f4ef671800 JavaThread "Unconstrained build operations Thread 26" [_thread_blocked, id=14332, stack(0x000000167f400000,0x000000167f500000)]
  0x000001f4ef6769d0 JavaThread "Unconstrained build operations Thread 27" [_thread_blocked, id=3180, stack(0x000000167f500000,0x000000167f600000)]
  0x000001f4ef677840 JavaThread "Unconstrained build operations Thread 28" [_thread_blocked, id=10840, stack(0x000000167f600000,0x000000167f700000)]
  0x000001f4ef676ea0 JavaThread "Unconstrained build operations Thread 29" [_thread_blocked, id=8048, stack(0x000000167f700000,0x000000167f800000)]
  0x000001f4ef6721a0 JavaThread "Unconstrained build operations Thread 30" [_thread_blocked, id=11172, stack(0x000000167f800000,0x000000167f900000)]
  0x000001f4ef670990 JavaThread "Unconstrained build operations Thread 31" [_thread_blocked, id=7192, stack(0x000000167f900000,0x000000167fa00000)]
  0x000001f4ef671330 JavaThread "Unconstrained build operations Thread 32" [_thread_blocked, id=8272, stack(0x000000167fa00000,0x000000167fb00000)]
  0x000001f4ef673010 JavaThread "Unconstrained build operations Thread 33" [_thread_in_Java, id=4560, stack(0x000000167fb00000,0x000000167fc00000)]
  0x000001f4ef671cd0 JavaThread "Unconstrained build operations Thread 34" [_thread_blocked, id=1156, stack(0x000000167fc00000,0x000000167fd00000)]
  0x000001f4ef6751c0 JavaThread "Unconstrained build operations Thread 35" [_thread_blocked, id=3544, stack(0x000000167fd00000,0x000000167fe00000)]
  0x000001f4ef672670 JavaThread "Unconstrained build operations Thread 36" [_thread_blocked, id=1760, stack(0x000000167fe00000,0x000000167ff00000)]
  0x000001f4ef6704c0 JavaThread "Unconstrained build operations Thread 37" [_thread_blocked, id=10176, stack(0x000000167ff00000,0x0000001680000000)]
  0x000001f4ef675690 JavaThread "Unconstrained build operations Thread 38" [_thread_blocked, id=3648, stack(0x0000001600000000,0x0000001600100000)]
  0x000001f4ef677370 JavaThread "Unconstrained build operations Thread 39" [_thread_in_vm, id=13836, stack(0x0000001600100000,0x0000001600200000)]
  0x000001f4ef670e60 JavaThread "Unconstrained build operations Thread 40" [_thread_in_Java, id=2556, stack(0x0000001600200000,0x0000001600300000)]
  0x000001f4ef676030 JavaThread "build event listener" [_thread_blocked, id=8680, stack(0x0000001600300000,0x0000001600400000)]
  0x000001f4ef6739b0 JavaThread "Memory manager" [_thread_blocked, id=9092, stack(0x0000001600400000,0x0000001600500000)]
  0x000001f4f20670b0 JavaThread "included builds" [_thread_blocked, id=14152, stack(0x0000001600600000,0x0000001600700000)]
  0x000001f4f2064560 JavaThread "Execution worker" [_thread_in_Java, id=6372, stack(0x0000001600700000,0x0000001600800000)]
  0x000001f4f2067a50 JavaThread "Execution worker Thread 2" [_thread_blocked, id=10220, stack(0x0000001600800000,0x0000001600900000)]
  0x000001f4f20653d0 JavaThread "Execution worker Thread 3" [_thread_blocked, id=9684, stack(0x0000001600900000,0x0000001600a00000)]
  0x000001f4f2062880 JavaThread "Cache worker for execution history cache (D:\MCA\android_porject_Team4\MyApplication\.gradle\8.0\executionHistory)" [_thread_blocked, id=13756, stack(0x0000001600a00000,0x0000001600b00000)]
  0x000001f4f2067f20 JavaThread "WorkerExecutor Queue Thread 2" [_thread_blocked, id=9272, stack(0x0000001600500000,0x0000001600600000)]
  0x000001f4f20658a0 JavaThread "WorkerExecutor Queue Thread 3" [_thread_blocked, id=10040, stack(0x0000001600c00000,0x0000001600d00000)]
  0x000001f4f20683f0 JavaThread "WorkerExecutor Queue Thread 4" [_thread_blocked, id=11276, stack(0x0000001600d00000,0x0000001600e00000)]
  0x000001f4f441f090 JavaThread "WorkerExecutor Queue Thread 5" [_thread_blocked, id=13148, stack(0x0000001601000000,0x0000001601100000)]

Other Threads:
  0x000001f4ea3b2e40 VMThread "VM Thread" [stack: 0x000000167af00000,0x000000167b000000] [id=4644]
  0x000001f4d0e95310 WatcherThread [stack: 0x000000167bb00000,0x000000167bc00000] [id=6620]
  0x000001f4d0e73a20 GCTaskThread "GC Thread#0" [stack: 0x000000167aa00000,0x000000167ab00000] [id=3988]
  0x000001f4ebb33c40 GCTaskThread "GC Thread#1" [stack: 0x000000167bc00000,0x000000167bd00000] [id=8824]
  0x000001f4eb702790 GCTaskThread "GC Thread#2" [stack: 0x000000167bd00000,0x000000167be00000] [id=14064]
  0x000001f4ebc78cc0 GCTaskThread "GC Thread#3" [stack: 0x000000167be00000,0x000000167bf00000] [id=12804]
  0x000001f4d0e85100 ConcurrentGCThread "G1 Main Marker" [stack: 0x000000167ab00000,0x000000167ac00000] [id=7120]
  0x000001f4d0e85b10 ConcurrentGCThread "G1 Conc#0" [stack: 0x000000167ac00000,0x000000167ad00000] [id=1544]
  0x000001f4d0ed2ca0 ConcurrentGCThread "G1 Refine#0" [stack: 0x000000167ad00000,0x000000167ae00000] [id=12820]
  0x000001f4ef9cec90 ConcurrentGCThread "G1 Refine#1" [stack: 0x0000001600e00000,0x0000001600f00000] [id=9088]
  0x000001f4ef9ccfd0 ConcurrentGCThread "G1 Refine#2" [stack: 0x0000001600f00000,0x0000001601000000] [id=9600]
  0x000001f4f29df8e0 ConcurrentGCThread "G1 Refine#3" [stack: 0x0000001600b00000,0x0000001600c00000] [id=13328]
  0x000001f4d0ed36c0 ConcurrentGCThread "G1 Service" [stack: 0x000000167ae00000,0x000000167af00000] [id=13128]

Threads with active compile tasks:
C2 CompilerThread0    36270 16609 %     4       com.android.tools.r8.internal.Ia::a @ 2708 (6329 bytes)
C1 CompilerThread0    36270 18213 %     3       com.android.tools.r8.internal.hl::a @ 1714 (2961 bytes)

VM state: not at safepoint (normal execution)

VM Mutex/Monitor currently owned by a thread: None

Heap address: 0x0000000080000000, size: 2048 MB, Compressed Oops mode: 32-bit

CDS archive(s) not mapped
Compressed class space mapped at: 0x0000000100000000-0x0000000140000000, reserved size: 1073741824
Narrow klass base: 0x0000000000000000, Narrow klass shift: 3, Narrow klass range: 0x140000000

GC Precious Log:
 CPUs: 4 total, 4 available
 Memory: 3877M
 Large Page Support: Disabled
 NUMA Support: Disabled
 Compressed Oops: Enabled (32-bit)
 Heap Region Size: 1M
 Heap Min Capacity: 8M
 Heap Initial Capacity: 62M
 Heap Max Capacity: 2G
 Pre-touch: Disabled
 Parallel Workers: 4
 Concurrent Workers: 1
 Concurrent Refinement Workers: 4
 Periodic GC: Disabled

Heap:
 garbage-first heap   total 334848K, used 208512K [0x0000000080000000, 0x0000000100000000)
  region size 1024K, 38 young (38912K), 8 survivors (8192K)
 Metaspace       used 120869K, committed 121728K, reserved 1155072K
  class space    used 16124K, committed 16576K, reserved 1048576K

Heap Regions: E=young(eden), S=young(survivor), O=old, HS=humongous(starts), HC=humongous(continues), CS=collection set, F=free, OA=open archive, CA=closed archive, TAMS=top-at-mark-start (previous, next)
|   0|0x0000000080000000, 0x0000000080100000, 0x0000000080100000|100%| O|  |TAMS 0x0000000080100000, 0x0000000080000000| Untracked 
|   1|0x0000000080100000, 0x0000000080200000, 0x0000000080200000|100%| O|  |TAMS 0x0000000080200000, 0x0000000080100000| Untracked 
|   2|0x0000000080200000, 0x0000000080300000, 0x0000000080300000|100%|HS|  |TAMS 0x0000000080300000, 0x0000000080200000| Complete 
|   3|0x0000000080300000, 0x0000000080400000, 0x0000000080400000|100%|HC|  |TAMS 0x0000000080400000, 0x0000000080300000| Complete 
|   4|0x0000000080400000, 0x0000000080500000, 0x0000000080500000|100%|HC|  |TAMS 0x0000000080500000, 0x0000000080400000| Complete 
|   5|0x0000000080500000, 0x0000000080600000, 0x0000000080600000|100%|HC|  |TAMS 0x0000000080600000, 0x0000000080500000| Complete 
|   6|0x0000000080600000, 0x0000000080700000, 0x0000000080700000|100%| O|  |TAMS 0x0000000080700000, 0x0000000080600000| Untracked 
|   7|0x0000000080700000, 0x0000000080800000, 0x0000000080800000|100%| O|  |TAMS 0x0000000080800000, 0x0000000080700000| Untracked 
|   8|0x0000000080800000, 0x0000000080900000, 0x0000000080900000|100%| O|  |TAMS 0x0000000080900000, 0x0000000080800000| Untracked 
|   9|0x0000000080900000, 0x0000000080a00000, 0x0000000080a00000|100%| O|  |TAMS 0x0000000080a00000, 0x0000000080900000| Untracked 
|  10|0x0000000080a00000, 0x0000000080b00000, 0x0000000080b00000|100%| O|  |TAMS 0x0000000080b00000, 0x0000000080a00000| Untracked 
|  11|0x0000000080b00000, 0x0000000080c00000, 0x0000000080c00000|100%| O|  |TAMS 0x0000000080c00000, 0x0000000080b00000| Untracked 
|  12|0x0000000080c00000, 0x0000000080d00000, 0x0000000080d00000|100%| O|  |TAMS 0x0000000080d00000, 0x0000000080c00000| Untracked 
|  13|0x0000000080d00000, 0x0000000080e00000, 0x0000000080e00000|100%| O|  |TAMS 0x0000000080e00000, 0x0000000080d00000| Untracked 
|  14|0x0000000080e00000, 0x0000000080f00000, 0x0000000080f00000|100%| O|  |TAMS 0x0000000080f00000, 0x0000000080e00000| Untracked 
|  15|0x0000000080f00000, 0x0000000081000000, 0x0000000081000000|100%| O|  |TAMS 0x0000000081000000, 0x0000000080f00000| Untracked 
|  16|0x0000000081000000, 0x0000000081100000, 0x0000000081100000|100%| O|  |TAMS 0x0000000081100000, 0x0000000081000000| Untracked 
|  17|0x0000000081100000, 0x0000000081200000, 0x0000000081200000|100%| O|  |TAMS 0x0000000081200000, 0x0000000081100000| Untracked 
|  18|0x0000000081200000, 0x0000000081300000, 0x0000000081300000|100%| O|  |TAMS 0x0000000081300000, 0x0000000081200000| Untracked 
|  19|0x0000000081300000, 0x0000000081400000, 0x0000000081400000|100%| O|  |TAMS 0x0000000081400000, 0x0000000081300000| Untracked 
|  20|0x0000000081400000, 0x0000000081500000, 0x0000000081500000|100%| O|  |TAMS 0x0000000081500000, 0x0000000081400000| Untracked 
|  21|0x0000000081500000, 0x0000000081600000, 0x0000000081600000|100%| O|  |TAMS 0x0000000081600000, 0x0000000081500000| Untracked 
|  22|0x0000000081600000, 0x0000000081700000, 0x0000000081700000|100%| O|  |TAMS 0x0000000081700000, 0x0000000081600000| Untracked 
|  23|0x0000000081700000, 0x0000000081800000, 0x0000000081800000|100%| O|  |TAMS 0x0000000081800000, 0x0000000081700000| Untracked 
|  24|0x0000000081800000, 0x0000000081900000, 0x0000000081900000|100%| O|  |TAMS 0x0000000081900000, 0x0000000081800000| Untracked 
|  25|0x0000000081900000, 0x0000000081a00000, 0x0000000081a00000|100%| O|  |TAMS 0x0000000081a00000, 0x0000000081900000| Untracked 
|  26|0x0000000081a00000, 0x0000000081b00000, 0x0000000081b00000|100%|HS|  |TAMS 0x0000000081b00000, 0x0000000081a00000| Complete 
|  27|0x0000000081b00000, 0x0000000081c00000, 0x0000000081c00000|100%| O|  |TAMS 0x0000000081c00000, 0x0000000081b00000| Untracked 
|  28|0x0000000081c00000, 0x0000000081d00000, 0x0000000081d00000|100%| O|  |TAMS 0x0000000081d00000, 0x0000000081c00000| Untracked 
|  29|0x0000000081d00000, 0x0000000081e00000, 0x0000000081e00000|100%| O|  |TAMS 0x0000000081e00000, 0x0000000081d00000| Untracked 
|  30|0x0000000081e00000, 0x0000000081f00000, 0x0000000081f00000|100%| O|  |TAMS 0x0000000081f00000, 0x0000000081e00000| Untracked 
|  31|0x0000000081f00000, 0x0000000082000000, 0x0000000082000000|100%|HS|  |TAMS 0x0000000082000000, 0x0000000081f00000| Complete 
|  32|0x0000000082000000, 0x0000000082100000, 0x0000000082100000|100%|HS|  |TAMS 0x0000000082100000, 0x0000000082000000| Complete 
|  33|0x0000000082100000, 0x0000000082200000, 0x0000000082200000|100%| O|  |TAMS 0x0000000082200000, 0x0000000082100000| Untracked 
|  34|0x0000000082200000, 0x0000000082300000, 0x0000000082300000|100%| O|  |TAMS 0x0000000082200000, 0x0000000082200000| Untracked 
|  35|0x0000000082300000, 0x0000000082400000, 0x0000000082400000|100%| O|  |TAMS 0x0000000082300000, 0x0000000082300000| Untracked 
|  36|0x0000000082400000, 0x0000000082500000, 0x0000000082500000|100%| O|  |TAMS 0x0000000082500000, 0x0000000082400000| Untracked 
|  37|0x0000000082500000, 0x0000000082600000, 0x0000000082600000|100%| O|  |TAMS 0x0000000082600000, 0x0000000082500000| Untracked 
|  38|0x0000000082600000, 0x0000000082700000, 0x0000000082700000|100%| O|  |TAMS 0x0000000082700000, 0x0000000082600000| Untracked 
|  39|0x0000000082700000, 0x0000000082800000, 0x0000000082800000|100%| O|  |TAMS 0x0000000082800000, 0x0000000082700000| Untracked 
|  40|0x0000000082800000, 0x0000000082900000, 0x0000000082900000|100%| O|  |TAMS 0x0000000082900000, 0x0000000082800000| Untracked 
|  41|0x0000000082900000, 0x0000000082a00000, 0x0000000082a00000|100%| O|  |TAMS 0x0000000082a00000, 0x0000000082900000| Untracked 
|  42|0x0000000082a00000, 0x0000000082b00000, 0x0000000082b00000|100%| O|  |TAMS 0x0000000082b00000, 0x0000000082a00000| Untracked 
|  43|0x0000000082b00000, 0x0000000082c00000, 0x0000000082c00000|100%| O|  |TAMS 0x0000000082c00000, 0x0000000082b00000| Untracked 
|  44|0x0000000082c00000, 0x0000000082d00000, 0x0000000082d00000|100%| O|  |TAMS 0x0000000082d00000, 0x0000000082c00000| Untracked 
|  45|0x0000000082d00000, 0x0000000082e00000, 0x0000000082e00000|100%| O|  |TAMS 0x0000000082e00000, 0x0000000082d00000| Untracked 
|  46|0x0000000082e00000, 0x0000000082f00000, 0x0000000082f00000|100%| O|  |TAMS 0x0000000082f00000, 0x0000000082e00000| Untracked 
|  47|0x0000000082f00000, 0x0000000083000000, 0x0000000083000000|100%| O|  |TAMS 0x0000000083000000, 0x0000000082f00000| Untracked 
|  48|0x0000000083000000, 0x0000000083100000, 0x0000000083100000|100%| O|  |TAMS 0x0000000083100000, 0x0000000083000000| Untracked 
|  49|0x0000000083100000, 0x0000000083200000, 0x0000000083200000|100%| O|  |TAMS 0x0000000083200000, 0x0000000083100000| Untracked 
|  50|0x0000000083200000, 0x0000000083300000, 0x0000000083300000|100%| O|  |TAMS 0x0000000083300000, 0x0000000083200000| Untracked 
|  51|0x0000000083300000, 0x0000000083400000, 0x0000000083400000|100%| O|  |TAMS 0x0000000083400000, 0x0000000083300000| Untracked 
|  52|0x0000000083400000, 0x0000000083500000, 0x0000000083500000|100%| O|  |TAMS 0x0000000083500000, 0x0000000083400000| Untracked 
|  53|0x0000000083500000, 0x0000000083600000, 0x0000000083600000|100%| O|  |TAMS 0x0000000083600000, 0x0000000083500000| Untracked 
|  54|0x0000000083600000, 0x0000000083700000, 0x0000000083700000|100%| O|  |TAMS 0x0000000083700000, 0x0000000083600000| Untracked 
|  55|0x0000000083700000, 0x0000000083800000, 0x0000000083800000|100%| O|  |TAMS 0x0000000083800000, 0x0000000083700000| Untracked 
|  56|0x0000000083800000, 0x0000000083900000, 0x0000000083900000|100%| O|  |TAMS 0x0000000083900000, 0x0000000083800000| Untracked 
|  57|0x0000000083900000, 0x0000000083a00000, 0x0000000083a00000|100%| O|  |TAMS 0x0000000083a00000, 0x0000000083900000| Untracked 
|  58|0x0000000083a00000, 0x0000000083b00000, 0x0000000083b00000|100%| O|  |TAMS 0x0000000083b00000, 0x0000000083a00000| Untracked 
|  59|0x0000000083b00000, 0x0000000083c00000, 0x0000000083c00000|100%| O|  |TAMS 0x0000000083c00000, 0x0000000083b00000| Untracked 
|  60|0x0000000083c00000, 0x0000000083d00000, 0x0000000083d00000|100%| O|  |TAMS 0x0000000083d00000, 0x0000000083c00000| Untracked 
|  61|0x0000000083d00000, 0x0000000083e00000, 0x0000000083e00000|100%| O|  |TAMS 0x0000000083e00000, 0x0000000083d00000| Untracked 
|  62|0x0000000083e00000, 0x0000000083f00000, 0x0000000083f00000|100%| O|  |TAMS 0x0000000083f00000, 0x0000000083e00000| Untracked 
|  63|0x0000000083f00000, 0x0000000084000000, 0x0000000084000000|100%| O|  |TAMS 0x0000000084000000, 0x0000000083f00000| Untracked 
|  64|0x0000000084000000, 0x0000000084100000, 0x0000000084100000|100%| O|  |TAMS 0x0000000084100000, 0x0000000084000000| Untracked 
|  65|0x0000000084100000, 0x0000000084200000, 0x0000000084200000|100%| O|  |TAMS 0x0000000084200000, 0x0000000084100000| Untracked 
|  66|0x0000000084200000, 0x0000000084300000, 0x0000000084300000|100%| O|  |TAMS 0x0000000084300000, 0x0000000084200000| Untracked 
|  67|0x0000000084300000, 0x0000000084400000, 0x0000000084400000|100%| O|  |TAMS 0x0000000084400000, 0x0000000084300000| Untracked 
|  68|0x0000000084400000, 0x0000000084500000, 0x0000000084500000|100%| O|  |TAMS 0x0000000084500000, 0x0000000084400000| Untracked 
|  69|0x0000000084500000, 0x0000000084600000, 0x0000000084600000|100%| O|  |TAMS 0x0000000084600000, 0x0000000084500000| Untracked 
|  70|0x0000000084600000, 0x0000000084700000, 0x0000000084700000|100%| O|  |TAMS 0x0000000084700000, 0x0000000084600000| Untracked 
|  71|0x0000000084700000, 0x0000000084800000, 0x0000000084800000|100%| O|  |TAMS 0x0000000084800000, 0x0000000084700000| Untracked 
|  72|0x0000000084800000, 0x0000000084900000, 0x0000000084900000|100%| O|  |TAMS 0x0000000084900000, 0x0000000084800000| Untracked 
|  73|0x0000000084900000, 0x0000000084a00000, 0x0000000084a00000|100%| O|  |TAMS 0x0000000084a00000, 0x0000000084900000| Untracked 
|  74|0x0000000084a00000, 0x0000000084b00000, 0x0000000084b00000|100%| O|  |TAMS 0x0000000084b00000, 0x0000000084a00000| Untracked 
|  75|0x0000000084b00000, 0x0000000084c00000, 0x0000000084c00000|100%| O|  |TAMS 0x0000000084c00000, 0x0000000084b00000| Untracked 
|  76|0x0000000084c00000, 0x0000000084d00000, 0x0000000084d00000|100%| O|  |TAMS 0x0000000084d00000, 0x0000000084c00000| Untracked 
|  77|0x0000000084d00000, 0x0000000084e00000, 0x0000000084e00000|100%| O|  |TAMS 0x0000000084e00000, 0x0000000084d00000| Untracked 
|  78|0x0000000084e00000, 0x0000000084f00000, 0x0000000084f00000|100%| O|  |TAMS 0x0000000084f00000, 0x0000000084e00000| Untracked 
|  79|0x0000000084f00000, 0x0000000085000000, 0x0000000085000000|100%| O|  |TAMS 0x0000000085000000, 0x0000000084f00000| Untracked 
|  80|0x0000000085000000, 0x0000000085100000, 0x0000000085100000|100%| O|  |TAMS 0x0000000085000000, 0x0000000085000000| Untracked 
|  81|0x0000000085100000, 0x0000000085200000, 0x0000000085200000|100%| O|  |TAMS 0x0000000085100000, 0x0000000085100000| Untracked 
|  82|0x0000000085200000, 0x0000000085300000, 0x0000000085300000|100%| O|  |TAMS 0x0000000085200000, 0x0000000085200000| Untracked 
|  83|0x0000000085300000, 0x0000000085400000, 0x0000000085400000|100%| O|  |TAMS 0x0000000085300000, 0x0000000085300000| Untracked 
|  84|0x0000000085400000, 0x0000000085500000, 0x0000000085500000|100%| O|  |TAMS 0x0000000085400000, 0x0000000085400000| Untracked 
|  85|0x0000000085500000, 0x0000000085600000, 0x0000000085600000|100%| O|  |TAMS 0x0000000085500000, 0x0000000085500000| Untracked 
|  86|0x0000000085600000, 0x0000000085700000, 0x0000000085700000|100%| O|  |TAMS 0x0000000085600000, 0x0000000085600000| Untracked 
|  87|0x0000000085700000, 0x0000000085800000, 0x0000000085800000|100%|HS|  |TAMS 0x0000000085800000, 0x0000000085700000| Complete 
|  88|0x0000000085800000, 0x0000000085900000, 0x0000000085900000|100%|HC|  |TAMS 0x0000000085900000, 0x0000000085800000| Complete 
|  89|0x0000000085900000, 0x0000000085a00000, 0x0000000085a00000|100%| O|  |TAMS 0x0000000085a00000, 0x0000000085900000| Untracked 
|  90|0x0000000085a00000, 0x0000000085b00000, 0x0000000085b00000|100%| O|  |TAMS 0x0000000085b00000, 0x0000000085a00000| Untracked 
|  91|0x0000000085b00000, 0x0000000085c00000, 0x0000000085c00000|100%| O|  |TAMS 0x0000000085c00000, 0x0000000085b00000| Untracked 
|  92|0x0000000085c00000, 0x0000000085d00000, 0x0000000085d00000|100%| O|  |TAMS 0x0000000085d00000, 0x0000000085c00000| Untracked 
|  93|0x0000000085d00000, 0x0000000085e00000, 0x0000000085e00000|100%| O|  |TAMS 0x0000000085e00000, 0x0000000085d00000| Untracked 
|  94|0x0000000085e00000, 0x0000000085f00000, 0x0000000085f00000|100%| O|  |TAMS 0x0000000085f00000, 0x0000000085e00000| Untracked 
|  95|0x0000000085f00000, 0x0000000086000000, 0x0000000086000000|100%| O|  |TAMS 0x0000000086000000, 0x0000000085f00000| Untracked 
|  96|0x0000000086000000, 0x0000000086100000, 0x0000000086100000|100%| O|  |TAMS 0x0000000086100000, 0x0000000086000000| Untracked 
|  97|0x0000000086100000, 0x0000000086200000, 0x0000000086200000|100%| O|  |TAMS 0x0000000086100000, 0x0000000086100000| Untracked 
|  98|0x0000000086200000, 0x0000000086300000, 0x0000000086300000|100%| O|  |TAMS 0x0000000086200000, 0x0000000086200000| Untracked 
|  99|0x0000000086300000, 0x0000000086400000, 0x0000000086400000|100%| O|  |TAMS 0x0000000086300000, 0x0000000086300000| Untracked 
| 100|0x0000000086400000, 0x0000000086500000, 0x0000000086500000|100%| O|  |TAMS 0x0000000086400000, 0x0000000086400000| Untracked 
| 101|0x0000000086500000, 0x0000000086600000, 0x0000000086600000|100%| O|  |TAMS 0x0000000086500000, 0x0000000086500000| Untracked 
| 102|0x0000000086600000, 0x0000000086700000, 0x0000000086700000|100%| O|  |TAMS 0x0000000086700000, 0x0000000086600000| Untracked 
| 103|0x0000000086700000, 0x0000000086800000, 0x0000000086800000|100%| O|  |TAMS 0x0000000086800000, 0x0000000086700000| Untracked 
| 104|0x0000000086800000, 0x0000000086900000, 0x0000000086900000|100%| O|  |TAMS 0x0000000086900000, 0x0000000086800000| Untracked 
| 105|0x0000000086900000, 0x0000000086a00000, 0x0000000086a00000|100%| O|  |TAMS 0x0000000086a00000, 0x0000000086900000| Untracked 
| 106|0x0000000086a00000, 0x0000000086b00000, 0x0000000086b00000|100%| O|  |TAMS 0x0000000086b00000, 0x0000000086a00000| Untracked 
| 107|0x0000000086b00000, 0x0000000086c00000, 0x0000000086c00000|100%| O|  |TAMS 0x0000000086b00000, 0x0000000086b00000| Untracked 
| 108|0x0000000086c00000, 0x0000000086d00000, 0x0000000086d00000|100%| O|  |TAMS 0x0000000086c00000, 0x0000000086c00000| Untracked 
| 109|0x0000000086d00000, 0x0000000086e00000, 0x0000000086e00000|100%| O|  |TAMS 0x0000000086d00000, 0x0000000086d00000| Untracked 
| 110|0x0000000086e00000, 0x0000000086f00000, 0x0000000086f00000|100%| O|  |TAMS 0x0000000086e00000, 0x0000000086e00000| Untracked 
| 111|0x0000000086f00000, 0x0000000087000000, 0x0000000087000000|100%| O|  |TAMS 0x0000000086f00000, 0x0000000086f00000| Untracked 
| 112|0x0000000087000000, 0x0000000087100000, 0x0000000087100000|100%| O|  |TAMS 0x0000000087000000, 0x0000000087000000| Untracked 
| 113|0x0000000087100000, 0x0000000087200000, 0x0000000087200000|100%| O|  |TAMS 0x0000000087100000, 0x0000000087100000| Untracked 
| 114|0x0000000087200000, 0x0000000087300000, 0x0000000087300000|100%| O|  |TAMS 0x0000000087200000, 0x0000000087200000| Untracked 
| 115|0x0000000087300000, 0x0000000087400000, 0x0000000087400000|100%| O|  |TAMS 0x0000000087300000, 0x0000000087300000| Untracked 
| 116|0x0000000087400000, 0x0000000087500000, 0x0000000087500000|100%| O|  |TAMS 0x0000000087400000, 0x0000000087400000| Untracked 
| 117|0x0000000087500000, 0x0000000087600000, 0x0000000087600000|100%| O|  |TAMS 0x0000000087500000, 0x0000000087500000| Untracked 
| 118|0x0000000087600000, 0x0000000087700000, 0x0000000087700000|100%| O|  |TAMS 0x0000000087600000, 0x0000000087600000| Untracked 
| 119|0x0000000087700000, 0x0000000087800000, 0x0000000087800000|100%| O|  |TAMS 0x0000000087700000, 0x0000000087700000| Untracked 
| 120|0x0000000087800000, 0x0000000087900000, 0x0000000087900000|100%| O|  |TAMS 0x0000000087800000, 0x0000000087800000| Untracked 
| 121|0x0000000087900000, 0x0000000087a00000, 0x0000000087a00000|100%| O|  |TAMS 0x0000000087900000, 0x0000000087900000| Untracked 
| 122|0x0000000087a00000, 0x0000000087b00000, 0x0000000087b00000|100%| O|  |TAMS 0x0000000087a00000, 0x0000000087a00000| Untracked 
| 123|0x0000000087b00000, 0x0000000087c00000, 0x0000000087c00000|100%| O|  |TAMS 0x0000000087b00000, 0x0000000087b00000| Untracked 
| 124|0x0000000087c00000, 0x0000000087d00000, 0x0000000087d00000|100%| O|  |TAMS 0x0000000087c00000, 0x0000000087c00000| Untracked 
| 125|0x0000000087d00000, 0x0000000087e00000, 0x0000000087e00000|100%| O|  |TAMS 0x0000000087d00000, 0x0000000087d00000| Untracked 
| 126|0x0000000087e00000, 0x0000000087f00000, 0x0000000087f00000|100%| O|  |TAMS 0x0000000087e00000, 0x0000000087e00000| Untracked 
| 127|0x0000000087f00000, 0x0000000088000000, 0x0000000088000000|100%| O|  |TAMS 0x0000000087f00000, 0x0000000087f00000| Untracked 
| 128|0x0000000088000000, 0x0000000088100000, 0x0000000088100000|100%| O|  |TAMS 0x0000000088000000, 0x0000000088000000| Untracked 
| 129|0x0000000088100000, 0x0000000088200000, 0x0000000088200000|100%| O|  |TAMS 0x0000000088100000, 0x0000000088100000| Untracked 
| 130|0x0000000088200000, 0x0000000088300000, 0x0000000088300000|100%| O|  |TAMS 0x0000000088200000, 0x0000000088200000| Untracked 
| 131|0x0000000088300000, 0x0000000088400000, 0x0000000088400000|100%| O|  |TAMS 0x0000000088300000, 0x0000000088300000| Untracked 
| 132|0x0000000088400000, 0x0000000088500000, 0x0000000088500000|100%| O|  |TAMS 0x0000000088400000, 0x0000000088400000| Untracked 
| 133|0x0000000088500000, 0x0000000088600000, 0x0000000088600000|100%| O|  |TAMS 0x0000000088500000, 0x0000000088500000| Untracked 
| 134|0x0000000088600000, 0x0000000088700000, 0x0000000088700000|100%| O|  |TAMS 0x0000000088600000, 0x0000000088600000| Untracked 
| 135|0x0000000088700000, 0x0000000088800000, 0x0000000088800000|100%| O|  |TAMS 0x0000000088700000, 0x0000000088700000| Untracked 
| 136|0x0000000088800000, 0x0000000088900000, 0x0000000088900000|100%| O|  |TAMS 0x0000000088800000, 0x0000000088800000| Untracked 
| 137|0x0000000088900000, 0x0000000088a00000, 0x0000000088a00000|100%| O|  |TAMS 0x0000000088900000, 0x0000000088900000| Untracked 
| 138|0x0000000088a00000, 0x0000000088b00000, 0x0000000088b00000|100%| O|  |TAMS 0x0000000088a00000, 0x0000000088a00000| Untracked 
| 139|0x0000000088b00000, 0x0000000088c00000, 0x0000000088c00000|100%| O|  |TAMS 0x0000000088b00000, 0x0000000088b00000| Untracked 
| 140|0x0000000088c00000, 0x0000000088d00000, 0x0000000088d00000|100%| O|  |TAMS 0x0000000088c00000, 0x0000000088c00000| Untracked 
| 141|0x0000000088d00000, 0x0000000088e00000, 0x0000000088e00000|100%| O|  |TAMS 0x0000000088d00000, 0x0000000088d00000| Untracked 
| 142|0x0000000088e00000, 0x0000000088f00000, 0x0000000088f00000|100%| O|  |TAMS 0x0000000088e00000, 0x0000000088e00000| Untracked 
| 143|0x0000000088f00000, 0x0000000089000000, 0x0000000089000000|100%| O|  |TAMS 0x0000000088f00000, 0x0000000088f00000| Untracked 
| 144|0x0000000089000000, 0x0000000089100000, 0x0000000089100000|100%| O|  |TAMS 0x0000000089000000, 0x0000000089000000| Untracked 
| 145|0x0000000089100000, 0x0000000089200000, 0x0000000089200000|100%| O|  |TAMS 0x0000000089100000, 0x0000000089100000| Untracked 
| 146|0x0000000089200000, 0x0000000089300000, 0x0000000089300000|100%| O|  |TAMS 0x0000000089200000, 0x0000000089200000| Untracked 
| 147|0x0000000089300000, 0x0000000089400000, 0x0000000089400000|100%| O|  |TAMS 0x0000000089300000, 0x0000000089300000| Untracked 
| 148|0x0000000089400000, 0x0000000089500000, 0x0000000089500000|100%| O|  |TAMS 0x0000000089400000, 0x0000000089400000| Untracked 
| 149|0x0000000089500000, 0x0000000089600000, 0x0000000089600000|100%| O|  |TAMS 0x0000000089500000, 0x0000000089500000| Untracked 
| 150|0x0000000089600000, 0x0000000089700000, 0x0000000089700000|100%| O|  |TAMS 0x0000000089600000, 0x0000000089600000| Untracked 
| 151|0x0000000089700000, 0x0000000089800000, 0x0000000089800000|100%| O|  |TAMS 0x0000000089700000, 0x0000000089700000| Untracked 
| 152|0x0000000089800000, 0x0000000089900000, 0x0000000089900000|100%| O|  |TAMS 0x0000000089800000, 0x0000000089800000| Untracked 
| 153|0x0000000089900000, 0x0000000089a00000, 0x0000000089a00000|100%| O|  |TAMS 0x0000000089900000, 0x0000000089900000| Untracked 
| 154|0x0000000089a00000, 0x0000000089b00000, 0x0000000089b00000|100%| O|  |TAMS 0x0000000089a00000, 0x0000000089a00000| Untracked 
| 155|0x0000000089b00000, 0x0000000089c00000, 0x0000000089c00000|100%| O|  |TAMS 0x0000000089b00000, 0x0000000089b00000| Untracked 
| 156|0x0000000089c00000, 0x0000000089d00000, 0x0000000089d00000|100%| O|  |TAMS 0x0000000089c00000, 0x0000000089c00000| Untracked 
| 157|0x0000000089d00000, 0x0000000089e00000, 0x0000000089e00000|100%| O|  |TAMS 0x0000000089d00000, 0x0000000089d00000| Untracked 
| 158|0x0000000089e00000, 0x0000000089f00000, 0x0000000089f00000|100%| O|  |TAMS 0x0000000089e00000, 0x0000000089e00000| Untracked 
| 159|0x0000000089f00000, 0x000000008a000000, 0x000000008a000000|100%| O|  |TAMS 0x0000000089f00000, 0x0000000089f00000| Untracked 
| 160|0x000000008a000000, 0x000000008a100000, 0x000000008a100000|100%| O|  |TAMS 0x000000008a000000, 0x000000008a000000| Untracked 
| 161|0x000000008a100000, 0x000000008a1a0200, 0x000000008a200000| 62%| O|  |TAMS 0x000000008a100000, 0x000000008a100000| Untracked 
| 162|0x000000008a200000, 0x000000008a200000, 0x000000008a300000|  0%| F|  |TAMS 0x000000008a200000, 0x000000008a200000| Untracked 
| 163|0x000000008a300000, 0x000000008a300000, 0x000000008a400000|  0%| F|  |TAMS 0x000000008a300000, 0x000000008a300000| Untracked 
| 164|0x000000008a400000, 0x000000008a400000, 0x000000008a500000|  0%| F|  |TAMS 0x000000008a400000, 0x000000008a400000| Untracked 
| 165|0x000000008a500000, 0x000000008a500000, 0x000000008a600000|  0%| F|  |TAMS 0x000000008a500000, 0x000000008a500000| Untracked 
| 166|0x000000008a600000, 0x000000008a600000, 0x000000008a700000|  0%| F|  |TAMS 0x000000008a600000, 0x000000008a600000| Untracked 
| 167|0x000000008a700000, 0x000000008a700000, 0x000000008a800000|  0%| F|  |TAMS 0x000000008a700000, 0x000000008a700000| Untracked 
| 168|0x000000008a800000, 0x000000008a800000, 0x000000008a900000|  0%| F|  |TAMS 0x000000008a800000, 0x000000008a800000| Untracked 
| 169|0x000000008a900000, 0x000000008a900000, 0x000000008aa00000|  0%| F|  |TAMS 0x000000008a900000, 0x000000008a900000| Untracked 
| 170|0x000000008aa00000, 0x000000008aa00000, 0x000000008ab00000|  0%| F|  |TAMS 0x000000008aa00000, 0x000000008aa00000| Untracked 
| 171|0x000000008ab00000, 0x000000008ab00000, 0x000000008ac00000|  0%| F|  |TAMS 0x000000008ab00000, 0x000000008ab00000| Untracked 
| 172|0x000000008ac00000, 0x000000008ac00000, 0x000000008ad00000|  0%| F|  |TAMS 0x000000008ac00000, 0x000000008ac00000| Untracked 
| 173|0x000000008ad00000, 0x000000008ad00000, 0x000000008ae00000|  0%| F|  |TAMS 0x000000008ad00000, 0x000000008ad00000| Untracked 
| 174|0x000000008ae00000, 0x000000008ae00000, 0x000000008af00000|  0%| F|  |TAMS 0x000000008ae00000, 0x000000008ae00000| Untracked 
| 175|0x000000008af00000, 0x000000008af00000, 0x000000008b000000|  0%| F|  |TAMS 0x000000008af00000, 0x000000008af00000| Untracked 
| 176|0x000000008b000000, 0x000000008b000000, 0x000000008b100000|  0%| F|  |TAMS 0x000000008b000000, 0x000000008b000000| Untracked 
| 177|0x000000008b100000, 0x000000008b100000, 0x000000008b200000|  0%| F|  |TAMS 0x000000008b100000, 0x000000008b100000| Untracked 
| 178|0x000000008b200000, 0x000000008b200000, 0x000000008b300000|  0%| F|  |TAMS 0x000000008b200000, 0x000000008b200000| Untracked 
| 179|0x000000008b300000, 0x000000008b300000, 0x000000008b400000|  0%| F|  |TAMS 0x000000008b300000, 0x000000008b300000| Untracked 
| 180|0x000000008b400000, 0x000000008b400000, 0x000000008b500000|  0%| F|  |TAMS 0x000000008b400000, 0x000000008b400000| Untracked 
| 181|0x000000008b500000, 0x000000008b500000, 0x000000008b600000|  0%| F|  |TAMS 0x000000008b500000, 0x000000008b500000| Untracked 
| 182|0x000000008b600000, 0x000000008b600000, 0x000000008b700000|  0%| F|  |TAMS 0x000000008b600000, 0x000000008b600000| Untracked 
| 183|0x000000008b700000, 0x000000008b700000, 0x000000008b800000|  0%| F|  |TAMS 0x000000008b700000, 0x000000008b700000| Untracked 
| 184|0x000000008b800000, 0x000000008b800000, 0x000000008b900000|  0%| F|  |TAMS 0x000000008b800000, 0x000000008b800000| Untracked 
| 185|0x000000008b900000, 0x000000008b900000, 0x000000008ba00000|  0%| F|  |TAMS 0x000000008b900000, 0x000000008b900000| Untracked 
| 186|0x000000008ba00000, 0x000000008ba00000, 0x000000008bb00000|  0%| F|  |TAMS 0x000000008ba00000, 0x000000008ba00000| Untracked 
| 187|0x000000008bb00000, 0x000000008bb00000, 0x000000008bc00000|  0%| F|  |TAMS 0x000000008bb00000, 0x000000008bb00000| Untracked 
| 188|0x000000008bc00000, 0x000000008bc00000, 0x000000008bd00000|  0%| F|  |TAMS 0x000000008bc00000, 0x000000008bc00000| Untracked 
| 189|0x000000008bd00000, 0x000000008bd00000, 0x000000008be00000|  0%| F|  |TAMS 0x000000008bd00000, 0x000000008bd00000| Untracked 
| 190|0x000000008be00000, 0x000000008be00000, 0x000000008bf00000|  0%| F|  |TAMS 0x000000008be00000, 0x000000008be00000| Untracked 
| 191|0x000000008bf00000, 0x000000008bf00000, 0x000000008c000000|  0%| F|  |TAMS 0x000000008bf00000, 0x000000008bf00000| Untracked 
| 192|0x000000008c000000, 0x000000008c000000, 0x000000008c100000|  0%| F|  |TAMS 0x000000008c000000, 0x000000008c000000| Untracked 
| 193|0x000000008c100000, 0x000000008c100000, 0x000000008c200000|  0%| F|  |TAMS 0x000000008c100000, 0x000000008c100000| Untracked 
| 194|0x000000008c200000, 0x000000008c200000, 0x000000008c300000|  0%| F|  |TAMS 0x000000008c200000, 0x000000008c200000| Untracked 
| 195|0x000000008c300000, 0x000000008c300000, 0x000000008c400000|  0%| F|  |TAMS 0x000000008c300000, 0x000000008c300000| Untracked 
| 196|0x000000008c400000, 0x000000008c400000, 0x000000008c500000|  0%| F|  |TAMS 0x000000008c400000, 0x000000008c400000| Untracked 
| 197|0x000000008c500000, 0x000000008c500000, 0x000000008c600000|  0%| F|  |TAMS 0x000000008c500000, 0x000000008c500000| Untracked 
| 198|0x000000008c600000, 0x000000008c600000, 0x000000008c700000|  0%| F|  |TAMS 0x000000008c600000, 0x000000008c600000| Untracked 
| 199|0x000000008c700000, 0x000000008c700000, 0x000000008c800000|  0%| F|  |TAMS 0x000000008c700000, 0x000000008c700000| Untracked 
| 200|0x000000008c800000, 0x000000008c800000, 0x000000008c900000|  0%| F|  |TAMS 0x000000008c800000, 0x000000008c800000| Untracked 
| 201|0x000000008c900000, 0x000000008c900000, 0x000000008ca00000|  0%| F|  |TAMS 0x000000008c900000, 0x000000008c900000| Untracked 
| 202|0x000000008ca00000, 0x000000008ca00000, 0x000000008cb00000|  0%| F|  |TAMS 0x000000008ca00000, 0x000000008ca00000| Untracked 
| 203|0x000000008cb00000, 0x000000008cb00000, 0x000000008cc00000|  0%| F|  |TAMS 0x000000008cb00000, 0x000000008cb00000| Untracked 
| 204|0x000000008cc00000, 0x000000008cc00000, 0x000000008cd00000|  0%| F|  |TAMS 0x000000008cc00000, 0x000000008cc00000| Untracked 
| 205|0x000000008cd00000, 0x000000008cd00000, 0x000000008ce00000|  0%| F|  |TAMS 0x000000008cd00000, 0x000000008cd00000| Untracked 
| 206|0x000000008ce00000, 0x000000008ce00000, 0x000000008cf00000|  0%| F|  |TAMS 0x000000008ce00000, 0x000000008ce00000| Untracked 
| 207|0x000000008cf00000, 0x000000008cf00000, 0x000000008d000000|  0%| F|  |TAMS 0x000000008cf00000, 0x000000008cf00000| Untracked 
| 208|0x000000008d000000, 0x000000008d000000, 0x000000008d100000|  0%| F|  |TAMS 0x000000008d000000, 0x000000008d000000| Untracked 
| 209|0x000000008d100000, 0x000000008d100000, 0x000000008d200000|  0%| F|  |TAMS 0x000000008d100000, 0x000000008d100000| Untracked 
| 210|0x000000008d200000, 0x000000008d200000, 0x000000008d300000|  0%| F|  |TAMS 0x000000008d200000, 0x000000008d200000| Untracked 
| 211|0x000000008d300000, 0x000000008d300000, 0x000000008d400000|  0%| F|  |TAMS 0x000000008d300000, 0x000000008d300000| Untracked 
| 212|0x000000008d400000, 0x000000008d400000, 0x000000008d500000|  0%| F|  |TAMS 0x000000008d400000, 0x000000008d400000| Untracked 
| 213|0x000000008d500000, 0x000000008d500000, 0x000000008d600000|  0%| F|  |TAMS 0x000000008d500000, 0x000000008d500000| Untracked 
| 214|0x000000008d600000, 0x000000008d600000, 0x000000008d700000|  0%| F|  |TAMS 0x000000008d600000, 0x000000008d600000| Untracked 
| 215|0x000000008d700000, 0x000000008d700000, 0x000000008d800000|  0%| F|  |TAMS 0x000000008d700000, 0x000000008d700000| Untracked 
| 216|0x000000008d800000, 0x000000008d800000, 0x000000008d900000|  0%| F|  |TAMS 0x000000008d800000, 0x000000008d800000| Untracked 
| 217|0x000000008d900000, 0x000000008d900000, 0x000000008da00000|  0%| F|  |TAMS 0x000000008d900000, 0x000000008d900000| Untracked 
| 218|0x000000008da00000, 0x000000008da00000, 0x000000008db00000|  0%| F|  |TAMS 0x000000008da00000, 0x000000008da00000| Untracked 
| 219|0x000000008db00000, 0x000000008dc00000, 0x000000008dc00000|100%| S|CS|TAMS 0x000000008db00000, 0x000000008db00000| Complete 
| 220|0x000000008dc00000, 0x000000008dd00000, 0x000000008dd00000|100%| S|CS|TAMS 0x000000008dc00000, 0x000000008dc00000| Complete 
| 221|0x000000008dd00000, 0x000000008de00000, 0x000000008de00000|100%| S|CS|TAMS 0x000000008dd00000, 0x000000008dd00000| Complete 
| 222|0x000000008de00000, 0x000000008df00000, 0x000000008df00000|100%| S|CS|TAMS 0x000000008de00000, 0x000000008de00000| Complete 
| 223|0x000000008df00000, 0x000000008e000000, 0x000000008e000000|100%| S|CS|TAMS 0x000000008df00000, 0x000000008df00000| Complete 
| 224|0x000000008e000000, 0x000000008e100000, 0x000000008e100000|100%| S|CS|TAMS 0x000000008e000000, 0x000000008e000000| Complete 
| 225|0x000000008e100000, 0x000000008e200000, 0x000000008e200000|100%| S|CS|TAMS 0x000000008e100000, 0x000000008e100000| Complete 
| 226|0x000000008e200000, 0x000000008e300000, 0x000000008e300000|100%| S|CS|TAMS 0x000000008e200000, 0x000000008e200000| Complete 
| 227|0x000000008e300000, 0x000000008e300000, 0x000000008e400000|  0%| F|  |TAMS 0x000000008e300000, 0x000000008e300000| Untracked 
| 228|0x000000008e400000, 0x000000008e400000, 0x000000008e500000|  0%| F|  |TAMS 0x000000008e400000, 0x000000008e400000| Untracked 
| 229|0x000000008e500000, 0x000000008e500000, 0x000000008e600000|  0%| F|  |TAMS 0x000000008e500000, 0x000000008e500000| Untracked 
| 230|0x000000008e600000, 0x000000008e600000, 0x000000008e700000|  0%| F|  |TAMS 0x000000008e600000, 0x000000008e600000| Untracked 
| 231|0x000000008e700000, 0x000000008e700000, 0x000000008e800000|  0%| F|  |TAMS 0x000000008e700000, 0x000000008e700000| Untracked 
| 232|0x000000008e800000, 0x000000008e800000, 0x000000008e900000|  0%| F|  |TAMS 0x000000008e800000, 0x000000008e800000| Untracked 
| 233|0x000000008e900000, 0x000000008e900000, 0x000000008ea00000|  0%| F|  |TAMS 0x000000008e900000, 0x000000008e900000| Untracked 
| 234|0x000000008ea00000, 0x000000008ea00000, 0x000000008eb00000|  0%| F|  |TAMS 0x000000008ea00000, 0x000000008ea00000| Untracked 
| 235|0x000000008eb00000, 0x000000008eb00000, 0x000000008ec00000|  0%| F|  |TAMS 0x000000008eb00000, 0x000000008eb00000| Untracked 
| 236|0x000000008ec00000, 0x000000008ec00000, 0x000000008ed00000|  0%| F|  |TAMS 0x000000008ec00000, 0x000000008ec00000| Untracked 
| 237|0x000000008ed00000, 0x000000008ed00000, 0x000000008ee00000|  0%| F|  |TAMS 0x000000008ed00000, 0x000000008ed00000| Untracked 
| 238|0x000000008ee00000, 0x000000008ee00000, 0x000000008ef00000|  0%| F|  |TAMS 0x000000008ee00000, 0x000000008ee00000| Untracked 
| 239|0x000000008ef00000, 0x000000008ef00000, 0x000000008f000000|  0%| F|  |TAMS 0x000000008ef00000, 0x000000008ef00000| Untracked 
| 240|0x000000008f000000, 0x000000008f000000, 0x000000008f100000|  0%| F|  |TAMS 0x000000008f000000, 0x000000008f000000| Untracked 
| 241|0x000000008f100000, 0x000000008f100000, 0x000000008f200000|  0%| F|  |TAMS 0x000000008f100000, 0x000000008f100000| Untracked 
| 242|0x000000008f200000, 0x000000008f200000, 0x000000008f300000|  0%| F|  |TAMS 0x000000008f200000, 0x000000008f200000| Untracked 
| 243|0x000000008f300000, 0x000000008f300000, 0x000000008f400000|  0%| F|  |TAMS 0x000000008f300000, 0x000000008f300000| Untracked 
| 244|0x000000008f400000, 0x000000008f400000, 0x000000008f500000|  0%| F|  |TAMS 0x000000008f400000, 0x000000008f400000| Untracked 
| 245|0x000000008f500000, 0x000000008f500000, 0x000000008f600000|  0%| F|  |TAMS 0x000000008f500000, 0x000000008f500000| Untracked 
| 246|0x000000008f600000, 0x000000008f600000, 0x000000008f700000|  0%| F|  |TAMS 0x000000008f600000, 0x000000008f600000| Untracked 
| 247|0x000000008f700000, 0x000000008f700000, 0x000000008f800000|  0%| F|  |TAMS 0x000000008f700000, 0x000000008f700000| Untracked 
| 248|0x000000008f800000, 0x000000008f800000, 0x000000008f900000|  0%| F|  |TAMS 0x000000008f800000, 0x000000008f800000| Untracked 
| 249|0x000000008f900000, 0x000000008f900000, 0x000000008fa00000|  0%| F|  |TAMS 0x000000008f900000, 0x000000008f900000| Untracked 
| 250|0x000000008fa00000, 0x000000008fa00000, 0x000000008fb00000|  0%| F|  |TAMS 0x000000008fa00000, 0x000000008fa00000| Untracked 
| 251|0x000000008fb00000, 0x000000008fb00000, 0x000000008fc00000|  0%| F|  |TAMS 0x000000008fb00000, 0x000000008fb00000| Untracked 
| 252|0x000000008fc00000, 0x000000008fc00000, 0x000000008fd00000|  0%| F|  |TAMS 0x000000008fc00000, 0x000000008fc00000| Untracked 
| 253|0x000000008fd00000, 0x000000008fd00000, 0x000000008fe00000|  0%| F|  |TAMS 0x000000008fd00000, 0x000000008fd00000| Untracked 
| 254|0x000000008fe00000, 0x000000008fe00000, 0x000000008ff00000|  0%| F|  |TAMS 0x000000008fe00000, 0x000000008fe00000| Untracked 
| 255|0x000000008ff00000, 0x000000008ff00000, 0x0000000090000000|  0%| F|  |TAMS 0x000000008ff00000, 0x000000008ff00000| Untracked 
| 256|0x0000000090000000, 0x0000000090000000, 0x0000000090100000|  0%| F|  |TAMS 0x0000000090000000, 0x0000000090000000| Untracked 
| 257|0x0000000090100000, 0x0000000090100000, 0x0000000090200000|  0%| F|  |TAMS 0x0000000090100000, 0x0000000090100000| Untracked 
| 258|0x0000000090200000, 0x0000000090200000, 0x0000000090300000|  0%| F|  |TAMS 0x0000000090200000, 0x0000000090200000| Untracked 
| 259|0x0000000090300000, 0x0000000090300000, 0x0000000090400000|  0%| F|  |TAMS 0x0000000090300000, 0x0000000090300000| Untracked 
| 260|0x0000000090400000, 0x0000000090400000, 0x0000000090500000|  0%| F|  |TAMS 0x0000000090400000, 0x0000000090400000| Untracked 
| 261|0x0000000090500000, 0x0000000090500000, 0x0000000090600000|  0%| F|  |TAMS 0x0000000090500000, 0x0000000090500000| Untracked 
| 262|0x0000000090600000, 0x0000000090600000, 0x0000000090700000|  0%| F|  |TAMS 0x0000000090600000, 0x0000000090600000| Untracked 
| 263|0x0000000090700000, 0x0000000090700000, 0x0000000090800000|  0%| F|  |TAMS 0x0000000090700000, 0x0000000090700000| Untracked 
| 264|0x0000000090800000, 0x0000000090800000, 0x0000000090900000|  0%| F|  |TAMS 0x0000000090800000, 0x0000000090800000| Untracked 
| 265|0x0000000090900000, 0x0000000090900000, 0x0000000090a00000|  0%| F|  |TAMS 0x0000000090900000, 0x0000000090900000| Untracked 
| 266|0x0000000090a00000, 0x0000000090a00000, 0x0000000090b00000|  0%| F|  |TAMS 0x0000000090a00000, 0x0000000090a00000| Untracked 
| 267|0x0000000090b00000, 0x0000000090b00000, 0x0000000090c00000|  0%| F|  |TAMS 0x0000000090b00000, 0x0000000090b00000| Untracked 
| 268|0x0000000090c00000, 0x0000000090c00000, 0x0000000090d00000|  0%| F|  |TAMS 0x0000000090c00000, 0x0000000090c00000| Untracked 
| 269|0x0000000090d00000, 0x0000000090d00000, 0x0000000090e00000|  0%| F|  |TAMS 0x0000000090d00000, 0x0000000090d00000| Untracked 
| 270|0x0000000090e00000, 0x0000000090e00000, 0x0000000090f00000|  0%| F|  |TAMS 0x0000000090e00000, 0x0000000090e00000| Untracked 
| 271|0x0000000090f00000, 0x0000000090f00000, 0x0000000091000000|  0%| F|  |TAMS 0x0000000090f00000, 0x0000000090f00000| Untracked 
| 272|0x0000000091000000, 0x0000000091000000, 0x0000000091100000|  0%| F|  |TAMS 0x0000000091000000, 0x0000000091000000| Untracked 
| 273|0x0000000091100000, 0x0000000091100000, 0x0000000091200000|  0%| F|  |TAMS 0x0000000091100000, 0x0000000091100000| Untracked 
| 274|0x0000000091200000, 0x0000000091200000, 0x0000000091300000|  0%| F|  |TAMS 0x0000000091200000, 0x0000000091200000| Untracked 
| 275|0x0000000091300000, 0x0000000091300000, 0x0000000091400000|  0%| F|  |TAMS 0x0000000091300000, 0x0000000091300000| Untracked 
| 276|0x0000000091400000, 0x0000000091400000, 0x0000000091500000|  0%| F|  |TAMS 0x0000000091400000, 0x0000000091400000| Untracked 
| 277|0x0000000091500000, 0x0000000091500000, 0x0000000091600000|  0%| F|  |TAMS 0x0000000091500000, 0x0000000091500000| Untracked 
| 278|0x0000000091600000, 0x0000000091600000, 0x0000000091700000|  0%| F|  |TAMS 0x0000000091600000, 0x0000000091600000| Untracked 
| 279|0x0000000091700000, 0x0000000091700000, 0x0000000091800000|  0%| F|  |TAMS 0x0000000091700000, 0x0000000091700000| Untracked 
| 280|0x0000000091800000, 0x0000000091800000, 0x0000000091900000|  0%| F|  |TAMS 0x0000000091800000, 0x0000000091800000| Untracked 
| 281|0x0000000091900000, 0x0000000091900000, 0x0000000091a00000|  0%| F|  |TAMS 0x0000000091900000, 0x0000000091900000| Untracked 
| 282|0x0000000091a00000, 0x0000000091a00000, 0x0000000091b00000|  0%| F|  |TAMS 0x0000000091a00000, 0x0000000091a00000| Untracked 
| 283|0x0000000091b00000, 0x0000000091b00000, 0x0000000091c00000|  0%| F|  |TAMS 0x0000000091b00000, 0x0000000091b00000| Untracked 
| 284|0x0000000091c00000, 0x0000000091c00000, 0x0000000091d00000|  0%| F|  |TAMS 0x0000000091c00000, 0x0000000091c00000| Untracked 
| 285|0x0000000091d00000, 0x0000000091d00000, 0x0000000091e00000|  0%| F|  |TAMS 0x0000000091d00000, 0x0000000091d00000| Untracked 
| 286|0x0000000091e00000, 0x0000000091e00000, 0x0000000091f00000|  0%| F|  |TAMS 0x0000000091e00000, 0x0000000091e00000| Untracked 
| 287|0x0000000091f00000, 0x0000000091f00000, 0x0000000092000000|  0%| F|  |TAMS 0x0000000091f00000, 0x0000000091f00000| Untracked 
| 288|0x0000000092000000, 0x0000000092000000, 0x0000000092100000|  0%| F|  |TAMS 0x0000000092000000, 0x0000000092000000| Untracked 
| 289|0x0000000092100000, 0x0000000092100000, 0x0000000092200000|  0%| F|  |TAMS 0x0000000092100000, 0x0000000092100000| Untracked 
| 290|0x0000000092200000, 0x0000000092200000, 0x0000000092300000|  0%| F|  |TAMS 0x0000000092200000, 0x0000000092200000| Untracked 
| 291|0x0000000092300000, 0x0000000092400000, 0x0000000092400000|100%| E|  |TAMS 0x0000000092300000, 0x0000000092300000| Complete 
| 292|0x0000000092400000, 0x0000000092500000, 0x0000000092500000|100%| E|CS|TAMS 0x0000000092400000, 0x0000000092400000| Complete 
| 293|0x0000000092500000, 0x0000000092600000, 0x0000000092600000|100%| E|CS|TAMS 0x0000000092500000, 0x0000000092500000| Complete 
| 294|0x0000000092600000, 0x0000000092700000, 0x0000000092700000|100%| E|CS|TAMS 0x0000000092600000, 0x0000000092600000| Complete 
| 295|0x0000000092700000, 0x0000000092800000, 0x0000000092800000|100%| E|CS|TAMS 0x0000000092700000, 0x0000000092700000| Complete 
| 296|0x0000000092800000, 0x0000000092900000, 0x0000000092900000|100%| E|CS|TAMS 0x0000000092800000, 0x0000000092800000| Complete 
| 297|0x0000000092900000, 0x0000000092a00000, 0x0000000092a00000|100%| E|CS|TAMS 0x0000000092900000, 0x0000000092900000| Complete 
| 298|0x0000000092a00000, 0x0000000092b00000, 0x0000000092b00000|100%| E|CS|TAMS 0x0000000092a00000, 0x0000000092a00000| Complete 
| 299|0x0000000092b00000, 0x0000000092c00000, 0x0000000092c00000|100%| E|CS|TAMS 0x0000000092b00000, 0x0000000092b00000| Complete 
| 300|0x0000000092c00000, 0x0000000092d00000, 0x0000000092d00000|100%| E|CS|TAMS 0x0000000092c00000, 0x0000000092c00000| Complete 
| 301|0x0000000092d00000, 0x0000000092e00000, 0x0000000092e00000|100%| E|CS|TAMS 0x0000000092d00000, 0x0000000092d00000| Complete 
| 302|0x0000000092e00000, 0x0000000092f00000, 0x0000000092f00000|100%| E|CS|TAMS 0x0000000092e00000, 0x0000000092e00000| Complete 
| 303|0x0000000092f00000, 0x0000000093000000, 0x0000000093000000|100%| E|CS|TAMS 0x0000000092f00000, 0x0000000092f00000| Complete 
| 304|0x0000000093000000, 0x0000000093100000, 0x0000000093100000|100%| E|CS|TAMS 0x0000000093000000, 0x0000000093000000| Complete 
| 305|0x0000000093100000, 0x0000000093200000, 0x0000000093200000|100%| E|CS|TAMS 0x0000000093100000, 0x0000000093100000| Complete 
| 306|0x0000000093200000, 0x0000000093300000, 0x0000000093300000|100%| E|CS|TAMS 0x0000000093200000, 0x0000000093200000| Complete 
| 307|0x0000000093300000, 0x0000000093400000, 0x0000000093400000|100%| E|CS|TAMS 0x0000000093300000, 0x0000000093300000| Complete 
| 308|0x0000000093400000, 0x0000000093500000, 0x0000000093500000|100%| E|CS|TAMS 0x0000000093400000, 0x0000000093400000| Complete 
| 309|0x0000000093500000, 0x0000000093600000, 0x0000000093600000|100%| E|CS|TAMS 0x0000000093500000, 0x0000000093500000| Complete 
| 310|0x0000000093600000, 0x0000000093700000, 0x0000000093700000|100%| E|CS|TAMS 0x0000000093600000, 0x0000000093600000| Complete 
| 311|0x0000000093700000, 0x0000000093800000, 0x0000000093800000|100%| E|CS|TAMS 0x0000000093700000, 0x0000000093700000| Complete 
| 312|0x0000000093800000, 0x0000000093900000, 0x0000000093900000|100%| E|CS|TAMS 0x0000000093800000, 0x0000000093800000| Complete 
| 313|0x0000000093900000, 0x0000000093a00000, 0x0000000093a00000|100%| E|CS|TAMS 0x0000000093900000, 0x0000000093900000| Complete 
| 314|0x0000000093a00000, 0x0000000093b00000, 0x0000000093b00000|100%| E|CS|TAMS 0x0000000093a00000, 0x0000000093a00000| Complete 
| 315|0x0000000093b00000, 0x0000000093c00000, 0x0000000093c00000|100%| E|CS|TAMS 0x0000000093b00000, 0x0000000093b00000| Complete 
| 316|0x0000000093c00000, 0x0000000093d00000, 0x0000000093d00000|100%| E|CS|TAMS 0x0000000093c00000, 0x0000000093c00000| Complete 
| 317|0x0000000093d00000, 0x0000000093e00000, 0x0000000093e00000|100%| E|CS|TAMS 0x0000000093d00000, 0x0000000093d00000| Complete 
| 318|0x0000000093e00000, 0x0000000093f00000, 0x0000000093f00000|100%| E|CS|TAMS 0x0000000093e00000, 0x0000000093e00000| Complete 
| 319|0x0000000093f00000, 0x0000000094000000, 0x0000000094000000|100%| E|CS|TAMS 0x0000000093f00000, 0x0000000093f00000| Complete 
| 320|0x0000000094000000, 0x0000000094100000, 0x0000000094100000|100%| E|CS|TAMS 0x0000000094000000, 0x0000000094000000| Complete 
| 321|0x0000000094100000, 0x0000000094200000, 0x0000000094200000|100%| E|CS|TAMS 0x0000000094100000, 0x0000000094100000| Complete 
|2043|0x00000000ffb00000, 0x00000000ffc00000, 0x00000000ffc00000|100%| O|  |TAMS 0x00000000ffb63c00, 0x00000000ffb00000| Untracked 
|2044|0x00000000ffc00000, 0x00000000ffd00000, 0x00000000ffd00000|100%| O|  |TAMS 0x00000000ffd00000, 0x00000000ffc00000| Untracked 
|2045|0x00000000ffd00000, 0x00000000ffe00000, 0x00000000ffe00000|100%| O|  |TAMS 0x00000000ffe00000, 0x00000000ffd00000| Untracked 
|2046|0x00000000ffe00000, 0x00000000fff00000, 0x00000000fff00000|100%| O|  |TAMS 0x00000000fff00000, 0x00000000ffe00000| Untracked 
|2047|0x00000000fff00000, 0x0000000100000000, 0x0000000100000000|100%| O|  |TAMS 0x0000000100000000, 0x00000000fff00000| Untracked 

Card table byte_map: [0x000001f4e36e0000,0x000001f4e3ae0000] _byte_map_base: 0x000001f4e32e0000

Marking Bits (Prev, Next): (CMBitMap*) 0x000001f4d0e74030, (CMBitMap*) 0x000001f4d0e74070
 Prev Bits: [0x000001f4e3ee0000, 0x000001f4e5ee0000)
 Next Bits: [0x000001f4e5ee0000, 0x000001f4e7ee0000)

Polling page: 0x000001f4cedd0000

Metaspace:

Usage:
  Non-class:    102.29 MB used.
      Class:     15.75 MB used.
       Both:    118.04 MB used.

Virtual space:
  Non-class space:      104.00 MB reserved,     102.69 MB ( 99%) committed,  13 nodes.
      Class space:        1.00 GB reserved,      16.19 MB (  2%) committed,  1 nodes.
             Both:        1.10 GB reserved,     118.88 MB ( 11%) committed. 

Chunk freelists:
   Non-Class:  780.00 KB
       Class:  3.79 MB
        Both:  4.56 MB

MaxMetaspaceSize: unlimited
CompressedClassSpaceSize: 1.00 GB
Initial GC threshold: 21.00 MB
Current GC threshold: 158.44 MB
CDS: off
MetaspaceReclaimPolicy: balanced
 - commit_granule_bytes: 65536.
 - commit_granule_words: 8192.
 - virtual_space_node_default_size: 1048576.
 - enlarge_chunks_in_place: 1.
 - new_chunks_are_fully_committed: 0.
 - uncommit_free_chunks: 1.
 - use_allocation_guard: 0.
 - handle_deallocations: 1.


Internal statistics:

num_allocs_failed_limit: 6.
num_arena_births: 1300.
num_arena_deaths: 6.
num_vsnodes_births: 14.
num_vsnodes_deaths: 0.
num_space_committed: 1900.
num_space_uncommitted: 0.
num_chunks_returned_to_freelist: 15.
num_chunks_taken_from_freelist: 5818.
num_chunk_merges: 9.
num_chunk_splits: 3948.
num_chunks_enlarged: 2741.
num_purges: 2.
num_inconsistent_stats: 0.

CodeHeap 'non-profiled nmethods': size=120000Kb used=7140Kb max_used=7246Kb free=112859Kb
 bounds [0x000001f4dbdb0000, 0x000001f4dc4d0000, 0x000001f4e32e0000]
CodeHeap 'profiled nmethods': size=120000Kb used=29822Kb max_used=29822Kb free=90177Kb
 bounds [0x000001f4d42e0000, 0x000001f4d6000000, 0x000001f4db810000]
CodeHeap 'non-nmethods': size=5760Kb used=2445Kb max_used=2468Kb free=3314Kb
 bounds [0x000001f4db810000, 0x000001f4dba80000, 0x000001f4dbdb0000]
 total_blobs=16376 nmethods=15400 adapters=886
 compilation: enabled
              stopped_count=0, restarted_count=0
 full_count=0

Compilation events (20 events):
Event: 36.180 Thread 0x000001f4eb0034a0 nmethod 18193 0x000001f4d5feb610 code [0x000001f4d5feb8a0, 0x000001f4d5fec158]
Event: 36.180 Thread 0x000001f4eb0034a0 18195       2       com.android.tools.r8.internal.qq::c (26 bytes)
Event: 36.181 Thread 0x000001f4eb0034a0 nmethod 18195 0x000001f4d5fec610 code [0x000001f4d5fec7c0, 0x000001f4d5fecaf8]
Event: 36.181 Thread 0x000001f4eb0034a0 18196       2       com.android.tools.r8.internal.aq::<init> (24 bytes)
Event: 36.181 Thread 0x000001f4eb0034a0 nmethod 18196 0x000001f4d5fecc10 code [0x000001f4d5fecda0, 0x000001f4d5fed018]
Event: 36.181 Thread 0x000001f4eb0034a0 18197       2       com.android.tools.r8.internal.Zp::<init> (10 bytes)
Event: 36.181 Thread 0x000001f4eb0034a0 nmethod 18197 0x000001f4d5fed110 code [0x000001f4d5fed2a0, 0x000001f4d5fed3f8]
Event: 36.181 Thread 0x000001f4eb0034a0 18198       2       com.android.tools.r8.internal.aq::iterator (12 bytes)
Event: 36.181 Thread 0x000001f4eb0034a0 nmethod 18198 0x000001f4d5fed490 code [0x000001f4d5fed620, 0x000001f4d5fed7a8]
Event: 36.181 Thread 0x000001f4eb0034a0 18192       2       com.android.tools.r8.internal.ff::b (29 bytes)
Event: 36.181 Thread 0x000001f4eb0034a0 nmethod 18192 0x000001f4d5fed890 code [0x000001f4d5feda20, 0x000001f4d5fedb38]
Event: 36.181 Thread 0x000001f4eb0034a0 18194       2       com.android.tools.r8.internal.AF::r2 (8 bytes)
Event: 36.182 Thread 0x000001f4eb0034a0 nmethod 18194 0x000001f4d5fedc10 code [0x000001f4d5feddc0, 0x000001f4d5fedfb8]
Event: 36.182 Thread 0x000001f4eb0034a0 18199       2       com.android.tools.r8.ir.optimize.F::q (301 bytes)
Event: 36.184 Thread 0x000001f4eb0034a0 nmethod 18199 0x000001f4d5fee190 code [0x000001f4d5fee520, 0x000001f4d5fef4d8]
Event: 36.184 Thread 0x000001f4eb0034a0 18202       2       com.android.tools.r8.ir.regalloc.b::c (4041 bytes)
Event: 36.210 Thread 0x000001f4eb0034a0 nmethod 18202 0x000001f4d5ff0190 code [0x000001f4d5ff1480, 0x000001f4d5ff88d8]
Event: 36.210 Thread 0x000001f4eb0034a0 18216       3       com.android.tools.r8.internal.G::putAll (108 bytes)
Event: 36.211 Thread 0x000001f4eb0034a0 nmethod 18216 0x000001f4d5ffe390 code [0x000001f4d5ffe640, 0x000001f4d5fff7b8]
Event: 36.211 Thread 0x000001f4eb0034a0 18213 %     3       com.android.tools.r8.internal.hl::a @ 1714 (2961 bytes)

GC Heap History (20 events):
Event: 21.431 GC heap before
{Heap before GC invocations=33 (full 0):
 garbage-first heap   total 150528K, used 130273K [0x0000000080000000, 0x0000000100000000)
  region size 1024K, 40 young (40960K), 6 survivors (6144K)
 Metaspace       used 95760K, committed 96512K, reserved 1138688K
  class space    used 12946K, committed 13312K, reserved 1048576K
}
Event: 21.449 GC heap after
{Heap after GC invocations=34 (full 0):
 garbage-first heap   total 155648K, used 106895K [0x0000000080000000, 0x0000000100000000)
  region size 1024K, 5 young (5120K), 5 survivors (5120K)
 Metaspace       used 95760K, committed 96512K, reserved 1138688K
  class space    used 12946K, committed 13312K, reserved 1048576K
}
Event: 21.803 GC heap before
{Heap before GC invocations=34 (full 0):
 garbage-first heap   total 155648K, used 127375K [0x0000000080000000, 0x0000000100000000)
  region size 1024K, 22 young (22528K), 5 survivors (5120K)
 Metaspace       used 96605K, committed 97344K, reserved 1138688K
  class space    used 13027K, committed 13376K, reserved 1048576K
}
Event: 21.813 GC heap after
{Heap after GC invocations=35 (full 0):
 garbage-first heap   total 334848K, used 111341K [0x0000000080000000, 0x0000000100000000)
  region size 1024K, 2 young (2048K), 2 survivors (2048K)
 Metaspace       used 96605K, committed 97344K, reserved 1138688K
  class space    used 13027K, committed 13376K, reserved 1048576K
}
Event: 23.469 GC heap before
{Heap before GC invocations=36 (full 0):
 garbage-first heap   total 334848K, used 261869K [0x0000000080000000, 0x0000000100000000)
  region size 1024K, 128 young (131072K), 2 survivors (2048K)
 Metaspace       used 100587K, committed 101440K, reserved 1138688K
  class space    used 13345K, committed 13760K, reserved 1048576K
}
Event: 23.500 GC heap after
{Heap after GC invocations=37 (full 0):
 garbage-first heap   total 334848K, used 124928K [0x0000000080000000, 0x0000000100000000)
  region size 1024K, 16 young (16384K), 16 survivors (16384K)
 Metaspace       used 100587K, committed 101440K, reserved 1138688K
  class space    used 13345K, committed 13760K, reserved 1048576K
}
Event: 23.519 GC heap before
{Heap before GC invocations=37 (full 0):
 garbage-first heap   total 334848K, used 125952K [0x0000000080000000, 0x0000000100000000)
  region size 1024K, 17 young (17408K), 16 survivors (16384K)
 Metaspace       used 100746K, committed 101568K, reserved 1138688K
  class space    used 13359K, committed 13760K, reserved 1048576K
}
Event: 23.540 GC heap after
{Heap after GC invocations=38 (full 0):
 garbage-first heap   total 334848K, used 124893K [0x0000000080000000, 0x0000000100000000)
  region size 1024K, 2 young (2048K), 2 survivors (2048K)
 Metaspace       used 100746K, committed 101568K, reserved 1138688K
  class space    used 13359K, committed 13760K, reserved 1048576K
}
Event: 27.973 GC heap before
{Heap before GC invocations=38 (full 0):
 garbage-first heap   total 334848K, used 244701K [0x0000000080000000, 0x0000000100000000)
  region size 1024K, 118 young (120832K), 2 survivors (2048K)
 Metaspace       used 104017K, committed 104768K, reserved 1146880K
  class space    used 13704K, committed 14080K, reserved 1048576K
}
Event: 27.982 GC heap after
{Heap after GC invocations=39 (full 0):
 garbage-first heap   total 334848K, used 131010K [0x0000000080000000, 0x0000000100000000)
  region size 1024K, 8 young (8192K), 8 survivors (8192K)
 Metaspace       used 104017K, committed 104768K, reserved 1146880K
  class space    used 13704K, committed 14080K, reserved 1048576K
}
Event: 29.365 GC heap before
{Heap before GC invocations=39 (full 0):
 garbage-first heap   total 334848K, used 250818K [0x0000000080000000, 0x0000000100000000)
  region size 1024K, 126 young (129024K), 8 survivors (8192K)
 Metaspace       used 105600K, committed 106368K, reserved 1146880K
  class space    used 13895K, committed 14272K, reserved 1048576K
}
Event: 29.382 GC heap after
{Heap after GC invocations=40 (full 0):
 garbage-first heap   total 334848K, used 136271K [0x0000000080000000, 0x0000000100000000)
  region size 1024K, 13 young (13312K), 13 survivors (13312K)
 Metaspace       used 105600K, committed 106368K, reserved 1146880K
  class space    used 13895K, committed 14272K, reserved 1048576K
}
Event: 30.958 GC heap before
{Heap before GC invocations=40 (full 0):
 garbage-first heap   total 334848K, used 262223K [0x0000000080000000, 0x0000000100000000)
  region size 1024K, 135 young (138240K), 13 survivors (13312K)
 Metaspace       used 106359K, committed 107136K, reserved 1146880K
  class space    used 13989K, committed 14336K, reserved 1048576K
}
Event: 30.968 GC heap after
{Heap after GC invocations=41 (full 0):
 garbage-first heap   total 334848K, used 135597K [0x0000000080000000, 0x0000000100000000)
  region size 1024K, 5 young (5120K), 5 survivors (5120K)
 Metaspace       used 106359K, committed 107136K, reserved 1146880K
  class space    used 13989K, committed 14336K, reserved 1048576K
}
Event: 34.883 GC heap before
{Heap before GC invocations=41 (full 0):
 garbage-first heap   total 334848K, used 266669K [0x0000000080000000, 0x0000000100000000)
  region size 1024K, 134 young (137216K), 5 survivors (5120K)
 Metaspace       used 113902K, committed 114688K, reserved 1155072K
  class space    used 15052K, committed 15424K, reserved 1048576K
}
Event: 34.915 GC heap after
{Heap after GC invocations=42 (full 0):
 garbage-first heap   total 334848K, used 154145K [0x0000000080000000, 0x0000000100000000)
  region size 1024K, 17 young (17408K), 17 survivors (17408K)
 Metaspace       used 113902K, committed 114688K, reserved 1155072K
  class space    used 15052K, committed 15424K, reserved 1048576K
}
Event: 35.372 GC heap before
{Heap before GC invocations=42 (full 0):
 garbage-first heap   total 334848K, used 264737K [0x0000000080000000, 0x0000000100000000)
  region size 1024K, 126 young (129024K), 17 survivors (17408K)
 Metaspace       used 118355K, committed 119168K, reserved 1155072K
  class space    used 15816K, committed 16192K, reserved 1048576K
}
Event: 35.434 GC heap after
{Heap after GC invocations=43 (full 0):
 garbage-first heap   total 334848K, used 170885K [0x0000000080000000, 0x0000000100000000)
  region size 1024K, 16 young (16384K), 16 survivors (16384K)
 Metaspace       used 118355K, committed 119168K, reserved 1155072K
  class space    used 15816K, committed 16192K, reserved 1048576K
}
Event: 36.057 GC heap before
{Heap before GC invocations=43 (full 0):
 garbage-first heap   total 334848K, used 268165K [0x0000000080000000, 0x0000000100000000)
  region size 1024K, 111 young (113664K), 16 survivors (16384K)
 Metaspace       used 120666K, committed 121472K, reserved 1155072K
  class space    used 16106K, committed 16512K, reserved 1048576K
}
Event: 36.085 GC heap after
{Heap after GC invocations=44 (full 0):
 garbage-first heap   total 334848K, used 178816K [0x0000000080000000, 0x0000000100000000)
  region size 1024K, 8 young (8192K), 8 survivors (8192K)
 Metaspace       used 120666K, committed 121472K, reserved 1155072K
  class space    used 16106K, committed 16512K, reserved 1048576K
}

Dll operation events (2 events):
Event: 0.022 Loaded shared library C:\Program Files\Android\Android Studio1\jbr\bin\java.dll
Event: 0.585 Loaded shared library C:\Program Files\Android\Android Studio1\jbr\bin\verify.dll

Deoptimization events (20 events):
Event: 35.709 Thread 0x000001f4ef677370 DEOPT PACKING pc=0x000001f4dbf27de4 sp=0x00000016001fa520
Event: 35.709 Thread 0x000001f4ef677370 DEOPT UNPACKING pc=0x000001f4db86a1a3 sp=0x00000016001fa480 mode 2
Event: 35.713 Thread 0x000001f4ef677370 Uncommon trap: trap_request=0xffffff76 fr.pc=0x000001f4dbde3764 relative=0x0000000000000244
Event: 35.713 Thread 0x000001f4ef677370 Uncommon trap: reason=predicate action=maybe_recompile pc=0x000001f4dbde3764 method=com.android.tools.r8.graph.u2.a([C)I @ 8 c2
Event: 35.714 Thread 0x000001f4ef677370 DEOPT PACKING pc=0x000001f4dbde3764 sp=0x00000016001fa3a0
Event: 35.714 Thread 0x000001f4ef677370 DEOPT UNPACKING pc=0x000001f4db86a1a3 sp=0x00000016001fa338 mode 2
Event: 35.922 Thread 0x000001f4f2064560 DEOPT PACKING pc=0x000001f4d5ca1ce3 sp=0x00000016007f6e80
Event: 35.922 Thread 0x000001f4f2064560 DEOPT UNPACKING pc=0x000001f4db86ace3 sp=0x00000016007f6420 mode 0
Event: 36.005 Thread 0x000001f4ef670e60 Uncommon trap: trap_request=0xffffff45 fr.pc=0x000001f4dc376584 relative=0x0000000000000104
Event: 36.005 Thread 0x000001f4ef670e60 Uncommon trap: reason=unstable_if action=reinterpret pc=0x000001f4dc376584 method=java.io.ObjectOutputStream$BlockDataOutputStream.writeInt(I)V @ 9 c2
Event: 36.005 Thread 0x000001f4ef670e60 DEOPT PACKING pc=0x000001f4dc376584 sp=0x00000016002f9c60
Event: 36.005 Thread 0x000001f4ef670e60 DEOPT UNPACKING pc=0x000001f4db86a1a3 sp=0x00000016002f9bf8 mode 2
Event: 36.111 Thread 0x000001f4ef673010 DEOPT PACKING pc=0x000001f4d5e43606 sp=0x000000167fbf9970
Event: 36.111 Thread 0x000001f4ef673010 DEOPT UNPACKING pc=0x000001f4db86ace3 sp=0x000000167fbf8ea8 mode 0
Event: 36.115 Thread 0x000001f4ef670e60 DEOPT PACKING pc=0x000001f4d5247a02 sp=0x00000016002f9e80
Event: 36.116 Thread 0x000001f4ef670e60 DEOPT UNPACKING pc=0x000001f4db86ace3 sp=0x00000016002f9338 mode 0
Event: 36.120 Thread 0x000001f4ef670e60 DEOPT PACKING pc=0x000001f4d5e44b58 sp=0x00000016002f9f60
Event: 36.120 Thread 0x000001f4ef670e60 DEOPT UNPACKING pc=0x000001f4db86ace3 sp=0x00000016002f9460 mode 0
Event: 36.135 Thread 0x000001f4ef677370 DEOPT PACKING pc=0x000001f4d5e53ceb sp=0x00000016001fa1a0
Event: 36.135 Thread 0x000001f4ef677370 DEOPT UNPACKING pc=0x000001f4db86ace3 sp=0x00000016001f9648 mode 0

Classes unloaded (3 events):
Event: 22.005 Thread 0x000001f4ea3b2e40 Unloading class 0x0000000100c98c00 'java/lang/invoke/LambdaForm$DMH+0x0000000100c98c00'
Event: 22.005 Thread 0x000001f4ea3b2e40 Unloading class 0x0000000100c98800 'java/lang/invoke/LambdaForm$DMH+0x0000000100c98800'
Event: 22.005 Thread 0x000001f4ea3b2e40 Unloading class 0x0000000100c98400 'java/lang/invoke/LambdaForm$DMH+0x0000000100c98400'

Classes redefined (0 events):
No events

Internal exceptions (20 events):
Event: 34.338 Thread 0x000001f4ef677370 Exception <a 'java/lang/NoSuchMethodError'{0x0000000090752de0}: 'java.lang.Object java.lang.invoke.DirectMethodHandle$Holder.newInvokeSpecial(java.lang.Object, long)'> (0x0000000090752de0) 
thrown [s\src\hotspot\share\interpreter\linkResolver.cpp, line 771]
Event: 34.580 Thread 0x000001f4f2064560 Exception <a 'java/lang/IncompatibleClassChangeError'{0x000000008ea171a0}: Found class java.lang.Object, but interface was expected> (0x000000008ea171a0) 
thrown [s\src\hotspot\share\interpreter\linkResolver.cpp, line 838]
Event: 34.581 Thread 0x000001f4f2064560 Exception <a 'java/lang/NoSuchMethodError'{0x000000008ea4e428}: 'void java.lang.invoke.DirectMethodHandle$Holder.invokeInterface(java.lang.Object, java.lang.Object, java.lang.Object, int)'> (0x000000008ea4e428) 
thrown [s\src\hotspot\share\interpreter\linkResolver.cpp, line 771]
Event: 34.984 Thread 0x000001f4ef673010 Exception <a 'java/lang/NoSuchMethodError'{0x0000000093298498}: 'java.lang.Object java.lang.invoke.DirectMethodHandle$Holder.invokeStatic(java.lang.Object, int, java.lang.Object, java.lang.Object)'> (0x0000000093298498) 
thrown [s\src\hotspot\share\interpreter\linkResolver.cpp, line 771]
Event: 34.984 Thread 0x000001f4f2064560 Exception <a 'java/lang/NoSuchMethodError'{0x00000000932a40c0}: 'java.lang.Object java.lang.invoke.DirectMethodHandle$Holder.invokeStatic(java.lang.Object, int, java.lang.Object, java.lang.Object)'> (0x00000000932a40c0) 
thrown [s\src\hotspot\share\interpreter\linkResolver.cpp, line 771]
Event: 34.984 Thread 0x000001f4ef677370 Exception <a 'java/lang/NoSuchMethodError'{0x0000000093247568}: 'java.lang.Object java.lang.invoke.DirectMethodHandle$Holder.invokeStatic(java.lang.Object, int, java.lang.Object, java.lang.Object)'> (0x0000000093247568) 
thrown [s\src\hotspot\share\interpreter\linkResolver.cpp, line 771]
Event: 34.986 Thread 0x000001f4ef677370 Exception <a 'java/lang/NoSuchMethodError'{0x00000000932e2258}: 'java.lang.Object java.lang.invoke.DirectMethodHandle$Holder.invokeStatic(java.lang.Object, java.lang.Object, int, java.lang.Object, java.lang.Object)'> (0x00000000932e2258) 
thrown [s\src\hotspot\share\interpreter\linkResolver.cpp, line 771]
Event: 34.986 Thread 0x000001f4ef673010 Exception <a 'java/lang/NoSuchMethodError'{0x00000000932d3f88}: 'java.lang.Object java.lang.invoke.DirectMethodHandle$Holder.invokeStatic(java.lang.Object, java.lang.Object, int, java.lang.Object, java.lang.Object)'> (0x00000000932d3f88) 
thrown [s\src\hotspot\share\interpreter\linkResolver.cpp, line 771]
Event: 35.139 Thread 0x000001f4ef673010 Exception <a 'java/lang/IncompatibleClassChangeError'{0x0000000090f433e0}: Found class java.lang.Object, but interface was expected> (0x0000000090f433e0) 
thrown [s\src\hotspot\share\interpreter\linkResolver.cpp, line 838]
Event: 35.139 Thread 0x000001f4f2064560 Exception <a 'java/lang/IncompatibleClassChangeError'{0x0000000090f89b50}: Found class java.lang.Object, but interface was expected> (0x0000000090f89b50) 
thrown [s\src\hotspot\share\interpreter\linkResolver.cpp, line 838]
Event: 35.141 Thread 0x000001f4f2064560 Exception <a 'java/lang/IncompatibleClassChangeError'{0x0000000090f8f168}: Found class java.lang.Object, but interface was expected> (0x0000000090f8f168) 
thrown [s\src\hotspot\share\interpreter\linkResolver.cpp, line 838]
Event: 35.143 Thread 0x000001f4ef673010 Exception <a 'java/lang/IncompatibleClassChangeError'{0x0000000090ec9f50}: Found class java.lang.Object, but interface was expected> (0x0000000090ec9f50) 
thrown [s\src\hotspot\share\interpreter\linkResolver.cpp, line 838]
Event: 35.228 Thread 0x000001f4ef673010 Exception <a 'java/lang/NoSuchMethodError'{0x000000008f609188}: 'void java.lang.invoke.DirectMethodHandle$Holder.invokeSpecial(java.lang.Object, java.lang.Object, int, java.lang.Object)'> (0x000000008f609188) 
thrown [s\src\hotspot\share\interpreter\linkResolver.cpp, line 771]
Event: 35.228 Thread 0x000001f4f2064560 Exception <a 'java/lang/NoSuchMethodError'{0x000000008f1de948}: 'void java.lang.invoke.DirectMethodHandle$Holder.invokeSpecial(java.lang.Object, java.lang.Object, int, java.lang.Object)'> (0x000000008f1de948) 
thrown [s\src\hotspot\share\interpreter\linkResolver.cpp, line 771]
Event: 35.307 Thread 0x000001f4ef677370 Exception <a 'java/lang/NoSuchMethodError'{0x000000008def19c8}: 'int java.lang.invoke.DirectMethodHandle$Holder.invokeSpecial(java.lang.Object, java.lang.Object, java.lang.Object, int, java.lang.Object)'> (0x000000008def19c8) 
thrown [s\src\hotspot\share\interpreter\linkResolver.cpp, line 771]
Event: 35.307 Thread 0x000001f4ef673010 Exception <a 'java/lang/NoSuchMethodError'{0x000000008dc06848}: 'int java.lang.invoke.DirectMethodHandle$Holder.invokeSpecial(java.lang.Object, java.lang.Object, java.lang.Object, int, java.lang.Object)'> (0x000000008dc06848) 
thrown [s\src\hotspot\share\interpreter\linkResolver.cpp, line 771]
Event: 35.308 Thread 0x000001f4f2064560 Exception <a 'java/lang/NoSuchMethodError'{0x000000008dd7cc58}: 'int java.lang.invoke.DirectMethodHandle$Holder.invokeSpecial(java.lang.Object, java.lang.Object, java.lang.Object, int, java.lang.Object)'> (0x000000008dd7cc58) 
thrown [s\src\hotspot\share\interpreter\linkResolver.cpp, line 771]
Event: 35.339 Thread 0x000001f4ef673010 Exception <a 'java/lang/NoSuchMethodError'{0x000000008d8d3c18}: 'int java.lang.invoke.DirectMethodHandle$Holder.invokeSpecial(java.lang.Object, java.lang.Object, java.lang.Object, int)'> (0x000000008d8d3c18) 
thrown [s\src\hotspot\share\interpreter\linkResolver.cpp, line 771]
Event: 35.563 Thread 0x000001f4ef677370 Exception <a 'java/lang/NoSuchMethodError'{0x000000009357ef90}: 'java.lang.Object java.lang.invoke.DirectMethodHandle$Holder.invokeInterface(java.lang.Object, java.lang.Object, int)'> (0x000000009357ef90) 
thrown [s\src\hotspot\share\interpreter\linkResolver.cpp, line 771]
Event: 36.194 Thread 0x000001f4ef670e60 Exception <a 'java/lang/NoSuchMethodError'{0x00000000930a6368}: 'int java.lang.invoke.DirectMethodHandle$Holder.invokeStatic(java.lang.Object, java.lang.Object, int, java.lang.Object)'> (0x00000000930a6368) 
thrown [s\src\hotspot\share\interpreter\linkResolver.cpp, line 771]

VM Operations (20 events):
Event: 35.669 Executing VM operation: ICBufferFull
Event: 35.671 Executing VM operation: ICBufferFull done
Event: 35.690 Executing VM operation: HandshakeAllThreads
Event: 35.691 Executing VM operation: HandshakeAllThreads done
Event: 35.702 Executing VM operation: HandshakeAllThreads
Event: 35.702 Executing VM operation: HandshakeAllThreads done
Event: 35.774 Executing VM operation: HandshakeAllThreads
Event: 35.775 Executing VM operation: HandshakeAllThreads done
Event: 35.829 Executing VM operation: ICBufferFull
Event: 35.831 Executing VM operation: ICBufferFull done
Event: 35.894 Executing VM operation: HandshakeAllThreads
Event: 35.894 Executing VM operation: HandshakeAllThreads done
Event: 35.925 Executing VM operation: HandshakeAllThreads
Event: 35.939 Executing VM operation: HandshakeAllThreads done
Event: 35.968 Executing VM operation: HandshakeAllThreads
Event: 35.971 Executing VM operation: HandshakeAllThreads done
Event: 35.994 Executing VM operation: ICBufferFull
Event: 36.002 Executing VM operation: ICBufferFull done
Event: 36.057 Executing VM operation: G1CollectForAllocation
Event: 36.092 Executing VM operation: G1CollectForAllocation done

Events (20 events):
Event: 34.283 loading class java/lang/reflect/GenericSignatureFormatError
Event: 34.284 loading class java/lang/reflect/GenericSignatureFormatError done
Event: 34.388 loading class java/util/concurrent/ConcurrentLinkedQueue$Itr
Event: 34.390 loading class java/util/concurrent/ConcurrentLinkedQueue$Itr done
Event: 35.282 loading class java/util/PriorityQueue
Event: 35.283 loading class java/util/PriorityQueue done
Event: 35.296 loading class java/util/IdentityHashMap$ValueIterator
Event: 35.296 loading class java/util/IdentityHashMap$ValueIterator done
Event: 35.360 loading class java/util/SortedSet$1
Event: 35.361 loading class java/util/SortedSet$1 done
Event: 35.368 loading class java/util/stream/SliceOps
Event: 35.368 loading class java/util/stream/SliceOps done
Event: 35.369 loading class java/util/stream/SliceOps$1
Event: 35.369 loading class java/util/stream/SliceOps$1 done
Event: 35.372 loading class java/util/stream/SliceOps$1$1
Event: 35.372 loading class java/util/stream/SliceOps$1$1 done
Event: 35.464 loading class java/util/AbstractList$SubList
Event: 35.469 loading class java/util/AbstractList$SubList done
Event: 35.469 loading class java/util/AbstractList$SubList$1
Event: 35.469 loading class java/util/AbstractList$SubList$1 done


Dynamic libraries:
0x00007ff61fdc0000 - 0x00007ff61fdca000 	C:\Program Files\Android\Android Studio1\jbr\bin\java.exe
0x00007ffbc6670000 - 0x00007ffbc6887000 	C:\WINDOWS\SYSTEM32\ntdll.dll
0x00007ffbc5630000 - 0x00007ffbc56f4000 	C:\WINDOWS\System32\KERNEL32.DLL
0x00007ffbc3b90000 - 0x00007ffbc3f36000 	C:\WINDOWS\System32\KERNELBASE.dll
0x00007ffbc39f0000 - 0x00007ffbc3b01000 	C:\WINDOWS\System32\ucrtbase.dll
0x00007ffba1d50000 - 0x00007ffba1d6b000 	C:\Program Files\Android\Android Studio1\jbr\bin\VCRUNTIME140.dll
0x00007ffb48bb0000 - 0x00007ffb48bc7000 	C:\Program Files\Android\Android Studio1\jbr\bin\jli.dll
0x00007ffbc43d0000 - 0x00007ffbc457d000 	C:\WINDOWS\System32\USER32.dll
0x00007ffbaee00000 - 0x00007ffbaf093000 	C:\WINDOWS\WinSxS\amd64_microsoft.windows.common-controls_6595b64144ccf1df_6.0.22621.2361_none_2712ced57382f843\COMCTL32.dll
0x00007ffbc4190000 - 0x00007ffbc41b6000 	C:\WINDOWS\System32\win32u.dll
0x00007ffbc54e0000 - 0x00007ffbc5509000 	C:\WINDOWS\System32\GDI32.dll
0x00007ffbc4070000 - 0x00007ffbc4188000 	C:\WINDOWS\System32\gdi32full.dll
0x00007ffbc41c0000 - 0x00007ffbc425a000 	C:\WINDOWS\System32\msvcp_win.dll
0x00007ffbc6580000 - 0x00007ffbc6627000 	C:\WINDOWS\System32\msvcrt.dll
0x00007ffbc48a0000 - 0x00007ffbc48d1000 	C:\WINDOWS\System32\IMM32.DLL
0x00007ffbb0120000 - 0x00007ffbb012c000 	C:\Program Files\Android\Android Studio1\jbr\bin\vcruntime140_1.dll
0x00007ffb7fff0000 - 0x00007ffb8007d000 	C:\Program Files\Android\Android Studio1\jbr\bin\msvcp140.dll
0x00007ffb49130000 - 0x00007ffb49d9e000 	C:\Program Files\Android\Android Studio1\jbr\bin\server\jvm.dll
0x00007ffbc4680000 - 0x00007ffbc4730000 	C:\WINDOWS\System32\ADVAPI32.dll
0x00007ffbc4730000 - 0x00007ffbc47d6000 	C:\WINDOWS\System32\sechost.dll
0x00007ffbc5510000 - 0x00007ffbc5627000 	C:\WINDOWS\System32\RPCRT4.dll
0x00007ffbbdfb0000 - 0x00007ffbbdfb9000 	C:\WINDOWS\SYSTEM32\WSOCK32.dll
0x00007ffbbc210000 - 0x00007ffbbc244000 	C:\WINDOWS\SYSTEM32\WINMM.dll
0x00007ffbbd700000 - 0x00007ffbbd70a000 	C:\WINDOWS\SYSTEM32\VERSION.dll
0x00007ffbc5700000 - 0x00007ffbc5771000 	C:\WINDOWS\System32\ws2_32.DLL
0x00007ffbc29d0000 - 0x00007ffbc29e8000 	C:\WINDOWS\SYSTEM32\kernel.appcore.dll
0x00007ffba4750000 - 0x00007ffba475a000 	C:\Program Files\Android\Android Studio1\jbr\bin\jimage.dll
0x00007ffbc14f0000 - 0x00007ffbc171e000 	C:\WINDOWS\SYSTEM32\DBGHELP.DLL
0x00007ffbc58a0000 - 0x00007ffbc5c2a000 	C:\WINDOWS\System32\combase.dll
0x00007ffbc4580000 - 0x00007ffbc4657000 	C:\WINDOWS\System32\OLEAUT32.dll
0x00007ffb997e0000 - 0x00007ffb99812000 	C:\WINDOWS\SYSTEM32\dbgcore.DLL
0x00007ffbc3b10000 - 0x00007ffbc3b8a000 	C:\WINDOWS\System32\bcryptPrimitives.dll
0x00007ffb56ba0000 - 0x00007ffb56bc5000 	C:\Program Files\Android\Android Studio1\jbr\bin\java.dll
0x00007ffb49110000 - 0x00007ffb49128000 	C:\Program Files\Android\Android Studio1\jbr\bin\zip.dll
0x00007ffbc4c70000 - 0x00007ffbc54c8000 	C:\WINDOWS\System32\SHELL32.dll
0x00007ffbc1950000 - 0x00007ffbc2242000 	C:\WINDOWS\SYSTEM32\windows.storage.dll
0x00007ffbc1810000 - 0x00007ffbc194e000 	C:\WINDOWS\SYSTEM32\wintypes.dll
0x00007ffbc5780000 - 0x00007ffbc5873000 	C:\WINDOWS\System32\SHCORE.dll
0x00007ffbc47e0000 - 0x00007ffbc483e000 	C:\WINDOWS\System32\shlwapi.dll
0x00007ffbc3920000 - 0x00007ffbc3946000 	C:\WINDOWS\SYSTEM32\profapi.dll
0x00007ffb490f0000 - 0x00007ffb49109000 	C:\Program Files\Android\Android Studio1\jbr\bin\net.dll
0x00007ffbbc0d0000 - 0x00007ffbbc207000 	C:\WINDOWS\SYSTEM32\WINHTTP.dll
0x00007ffbc2eb0000 - 0x00007ffbc2f19000 	C:\WINDOWS\system32\mswsock.dll
0x00007ffb490d0000 - 0x00007ffb490e6000 	C:\Program Files\Android\Android Studio1\jbr\bin\nio.dll
0x00007ffb48e90000 - 0x00007ffb48ea0000 	C:\Program Files\Android\Android Studio1\jbr\bin\verify.dll
0x00007ffb9efe0000 - 0x00007ffb9f007000 	C:\Users\hp\.gradle\native\68d5fa5c4cc2d200863cafc0d521ce42e7d3e7ee720ec0a83991735586a16f82\windows-amd64\native-platform.dll
0x00007ffb7f490000 - 0x00007ffb7f5d4000 	C:\Users\hp\.gradle\native\e376f236ea51e6404a007f0833ffe2c6e607c4080706a723a18a27aeea778392\windows-amd64\native-platform-file-events.dll
0x00007ffb48e40000 - 0x00007ffb48e49000 	C:\Program Files\Android\Android Studio1\jbr\bin\management.dll
0x00007ffb48e30000 - 0x00007ffb48e3b000 	C:\Program Files\Android\Android Studio1\jbr\bin\management_ext.dll
0x00007ffbc4660000 - 0x00007ffbc4668000 	C:\WINDOWS\System32\PSAPI.DLL
0x00007ffbc3100000 - 0x00007ffbc311b000 	C:\WINDOWS\SYSTEM32\CRYPTSP.dll
0x00007ffbc2990000 - 0x00007ffbc29c5000 	C:\WINDOWS\system32\rsaenh.dll
0x00007ffbc2fa0000 - 0x00007ffbc2fcc000 	C:\WINDOWS\SYSTEM32\USERENV.dll
0x00007ffbc32a0000 - 0x00007ffbc32c8000 	C:\WINDOWS\SYSTEM32\bcrypt.dll
0x00007ffbc3120000 - 0x00007ffbc312c000 	C:\WINDOWS\SYSTEM32\CRYPTBASE.dll
0x00007ffbc24b0000 - 0x00007ffbc24dd000 	C:\WINDOWS\SYSTEM32\IPHLPAPI.DLL
0x00007ffbc54d0000 - 0x00007ffbc54d9000 	C:\WINDOWS\System32\NSI.dll
0x00007ffbbd6e0000 - 0x00007ffbbd6f9000 	C:\WINDOWS\SYSTEM32\dhcpcsvc6.DLL
0x00007ffbbc050000 - 0x00007ffbbc06f000 	C:\WINDOWS\SYSTEM32\dhcpcsvc.DLL
0x00007ffbc2520000 - 0x00007ffbc2619000 	C:\WINDOWS\SYSTEM32\DNSAPI.dll
0x00007ffb48be0000 - 0x00007ffb48be8000 	C:\WINDOWS\system32\wshunix.dll
0x00007ffbc2a50000 - 0x00007ffbc2a84000 	C:\WINDOWS\SYSTEM32\ntmarta.dll

dbghelp: loaded successfully - version: 4.0.5 - missing functions: none
symbol engine: initialized successfully - sym options: 0x614 - pdb path: .;C:\Program Files\Android\Android Studio1\jbr\bin;C:\WINDOWS\SYSTEM32;C:\WINDOWS\WinSxS\amd64_microsoft.windows.common-controls_6595b64144ccf1df_6.0.22621.2361_none_2712ced57382f843;C:\Program Files\Android\Android Studio1\jbr\bin\server;C:\Users\hp\.gradle\native\68d5fa5c4cc2d200863cafc0d521ce42e7d3e7ee720ec0a83991735586a16f82\windows-amd64;C:\Users\hp\.gradle\native\e376f236ea51e6404a007f0833ffe2c6e607c4080706a723a18a27aeea778392\windows-amd64

VM Arguments:
jvm_args: --add-opens=java.base/java.util=ALL-UNNAMED --add-opens=java.base/java.lang=ALL-UNNAMED --add-opens=java.base/java.lang.invoke=ALL-UNNAMED --add-opens=java.prefs/java.util.prefs=ALL-UNNAMED --add-opens=java.base/java.nio.charset=ALL-UNNAMED --add-opens=java.base/java.net=ALL-UNNAMED --add-opens=java.base/java.util.concurrent.atomic=ALL-UNNAMED -Xmx2048m -Dfile.encoding=UTF-8 -Duser.country=IN -Duser.language=en -Duser.variant 
java_command: org.gradle.launcher.daemon.bootstrap.GradleDaemon 8.0
java_class_path (initial): C:\Users\hp\.gradle\wrapper\dists\gradle-8.0-bin\ca5e32bp14vu59qr306oxotwh\gradle-8.0\lib\gradle-launcher-8.0.jar
Launcher Type: SUN_STANDARD

[Global flags]
     intx CICompilerCount                          = 3                                         {product} {ergonomic}
     uint ConcGCThreads                            = 1                                         {product} {ergonomic}
     uint G1ConcRefinementThreads                  = 4                                         {product} {ergonomic}
   size_t G1HeapRegionSize                         = 1048576                                   {product} {ergonomic}
    uintx GCDrainStackTargetSize                   = 64                                        {product} {ergonomic}
   size_t InitialHeapSize                          = 65011712                                  {product} {ergonomic}
   size_t MarkStackSize                            = 4194304                                   {product} {ergonomic}
   size_t MaxHeapSize                              = 2147483648                                {product} {command line}
   size_t MaxNewSize                               = 1287651328                                {product} {ergonomic}
   size_t MinHeapDeltaBytes                        = 1048576                                   {product} {ergonomic}
   size_t MinHeapSize                              = 8388608                                   {product} {ergonomic}
    uintx NonNMethodCodeHeapSize                   = 5832780                                {pd product} {ergonomic}
    uintx NonProfiledCodeHeapSize                  = 122912730                              {pd product} {ergonomic}
    uintx ProfiledCodeHeapSize                     = 122912730                              {pd product} {ergonomic}
    uintx ReservedCodeCacheSize                    = 251658240                              {pd product} {ergonomic}
     bool SegmentedCodeCache                       = true                                      {product} {ergonomic}
   size_t SoftMaxHeapSize                          = 2147483648                             {manageable} {ergonomic}
     bool UseCompressedClassPointers               = true                           {product lp64_product} {ergonomic}
     bool UseCompressedOops                        = true                           {product lp64_product} {ergonomic}
     bool UseG1GC                                  = true                                      {product} {ergonomic}
     bool UseLargePagesIndividualAllocation        = false                                  {pd product} {ergonomic}

Logging:
Log output configuration:
 #0: stdout all=warning uptime,level,tags
 #1: stderr all=off uptime,level,tags

Environment Variables:
JAVA_HOME=C:\Program Files\Java\jdk-15.0.1
PATH=C:\WINDOWS\system32;C:\WINDOWS;C:\WINDOWS\System32\Wbem;C:\WINDOWS\System32\WindowsPowerShell\v1.0\;C:\WINDOWS\System32\OpenSSH\;C:\Program Files (x86)\Microsoft SQL Server\90\Tools\binn\;C:\Program Files\Java\jdk-15.0.1\bin;C:\Program Files\Microsoft SQL Server\Client SDK\ODBC\170\Tools\Binn\;C:\WINDOWS\system32;C:\WINDOWS;C:\WINDOWS\System32\Wbem;C:\WINDOWS\System32\WindowsPowerShell\v1.0\;C:\WINDOWS\System32\OpenSSH\;C:\Program Files\Microsoft SQL Server\Client SDK\ODBC\130\Tools\Binn\;C:\Program Files (x86)\Microsoft SQL Server\140\Tools\Binn\;C:\Program Files\Microsoft SQL Server\140\Tools\Binn\;C:\Program Files\Microsoft SQL Server\140\DTS\Binn\;C:\Program Files\nodejs\;C:\Users\hp\AppData\Local\Microsoft\WindowsApps;;C:\Program Files\Azure Data Studio\bin;C:\Users\hp\AppData\Roaming\npm;C:\Users\hp\AppData\Local\Programs\Microsoft VS Code\bin
USERNAME=hp
OS=Windows_NT
PROCESSOR_IDENTIFIER=Intel64 Family 6 Model 126 Stepping 5, GenuineIntel
TMP=C:\Users\hp\AppData\Local\Temp
TEMP=C:\Users\hp\AppData\Local\Temp


JNI global refs:
JNI global refs: 26, weak refs: 161

JNI global refs memory usage: 843, weak refs: 2105


---------------  S Y S T E M  ---------------

OS:
 Windows 11 , 64 bit Build 22621 (10.0.22621.2428)
OS uptime: 0 days 10:54 hours

CPU: total 4 (initial active 4) (2 cores per cpu, 2 threads per core) family 6 model 126 stepping 5 microcode 0xa0, cx8, cmov, fxsr, ht, mmx, 3dnowpref, sse, sse2, sse3, ssse3, sse4.1, sse4.2, popcnt, lzcnt, tsc, tscinvbit, avx, avx2, aes, erms, clmul, bmi1, bmi2, adx, avx512f, avx512dq, avx512cd, avx512bw, avx512vl, sha, fma, vzeroupper, avx512_vpopcntdq, avx512_vpclmulqdq, avx512_vaes, avx512_vnni, clflush, clflushopt, avx512_vbmi2, avx512_vbmi

Memory: 4k page, system-wide physical 3877M (280M free)
TotalPageFile size 7973M (AvailPageFile size 3M)
current process WorkingSet (physical memory assigned to process): 485M, peak: 519M
current process commit charge ("private bytes"): 652M, peak: 652M

vm_info: OpenJDK 64-Bit Server VM (17.0.6+0-b2043.56-10027231) for windows-amd64 JRE (17.0.6+0-b2043.56-10027231), built on Apr 28 2023 00:43:19 by "androidbuild" with MS VC++ 16.10 / 16.11 (VS2019)

END.
