#
# There is insufficient memory for the Java Runtime Environment to continue.
# Native memory allocation (mmap) failed to map 331350016 bytes for G1 virtual space
# Possible reasons:
#   The system is out of physical RAM or swap space
#   The process is running with CompressedOops enabled, and the Java Heap may be blocking the growth of the native heap
# Possible solutions:
#   Reduce memory load on the system
#   Increase physical memory or swap space
#   Check if swap backing store is full
#   Decrease Java heap size (-Xmx/-Xms)
#   Decrease number of Java threads
#   Decrease Java thread stack sizes (-Xss)
#   Set larger code cache with -XX:ReservedCodeCacheSize=
#   JVM is running with Unscaled Compressed Oops mode in which the Java heap is
#     placed in the first 4GB address space. The Java Heap base address is the
#     maximum limit for the native heap growth. Please use -XX:HeapBaseMinAddress
#     to set the Java Heap base and to place the Java Heap above 4GB virtual address.
# This output file may be truncated or incomplete.
#
#  Out of Memory Error (os_windows.cpp:3769), pid=9576, tid=8504
#
# JRE version: OpenJDK Runtime Environment (17.0.6) (build 17.0.6+0-b2043.56-10027231)
# Java VM: OpenJDK 64-Bit Server VM (17.0.6+0-b2043.56-10027231, mixed mode, tiered, compressed oops, compressed class ptrs, g1 gc, windows-amd64)
# No core dump will be written. Minidumps are not enabled by default on client versions of Windows
#

---------------  S U M M A R Y ------------

Command Line: --add-opens=java.base/java.util=ALL-UNNAMED --add-opens=java.base/java.lang=ALL-UNNAMED --add-opens=java.base/java.lang.invoke=ALL-UNNAMED --add-opens=java.prefs/java.util.prefs=ALL-UNNAMED --add-opens=java.base/java.nio.charset=ALL-UNNAMED --add-opens=java.base/java.net=ALL-UNNAMED --add-opens=java.base/java.util.concurrent.atomic=ALL-UNNAMED -Xmx2048m -Dfile.encoding=UTF-8 -Duser.country=IN -Duser.language=en -Duser.variant org.gradle.launcher.daemon.bootstrap.GradleDaemon 8.0

Host: Intel(R) Core(TM) i3-1005G1 CPU @ 1.20GHz, 4 cores, 3G,  Windows 11 , 64 bit Build 22621 (10.0.22621.2428)
Time: Sun Oct 29 20:57:01 2023 India Standard Time elapsed time: 22.173705 seconds (0d 0h 0m 22s)

---------------  T H R E A D  ---------------

Current thread (0x0000015a4f613a00):  VMThread "VM Thread" [stack: 0x000000467db00000,0x000000467dc00000] [id=8504]

Stack: [0x000000467db00000,0x000000467dc00000]
Native frames: (J=compiled Java code, j=interpreted, Vv=VM code, C=native code)
V  [jvm.dll+0x683c9a]
V  [jvm.dll+0x8427a4]
V  [jvm.dll+0x843f9e]
V  [jvm.dll+0x844603]
V  [jvm.dll+0x249b75]
V  [jvm.dll+0x680b69]
V  [jvm.dll+0x67505a]
V  [jvm.dll+0x309acb]
V  [jvm.dll+0x310f86]
V  [jvm.dll+0x3608ee]
V  [jvm.dll+0x360b1f]
V  [jvm.dll+0x2dfbf8]
V  [jvm.dll+0x2ddec4]
V  [jvm.dll+0x2dd4cc]
V  [jvm.dll+0x321f3b]
V  [jvm.dll+0x848ccb]
V  [jvm.dll+0x849a04]
V  [jvm.dll+0x849f1d]
V  [jvm.dll+0x84a2f4]
V  [jvm.dll+0x84a3c0]
V  [jvm.dll+0x7f274a]
V  [jvm.dll+0x682ad5]
C  [ucrtbase.dll+0x29363]
C  [KERNEL32.DLL+0x1257d]
C  [ntdll.dll+0x5aa78]

VM_Operation (0x00000046025f9820): G1CollectForAllocation, mode: safepoint, requested by thread 0x0000015a542aaac0


---------------  P R O C E S S  ---------------

Threads class SMR info:
_java_thread_list=0x0000015a590bc660, length=89, elements={
0x0000015a3606b630, 0x0000015a4f639030, 0x0000015a4f639af0, 0x0000015a4f662410,
0x0000015a4f620c80, 0x0000015a4f623550, 0x0000015a4f623e10, 0x0000015a50002090,
0x0000015a5000dea0, 0x0000015a5000e7a0, 0x0000015a50174410, 0x0000015a5017a960,
0x0000015a5153ef30, 0x0000015a52dc4cb0, 0x0000015a50dbf060, 0x0000015a52c5bde0,
0x0000015a5179a440, 0x0000015a526c27a0, 0x0000015a526c1460, 0x0000015a526c2c70,
0x0000015a526c0f90, 0x0000015a526bfc50, 0x0000015a526c1e00, 0x0000015a526bf780,
0x0000015a526c1930, 0x0000015a526c22d0, 0x0000015a526c3140, 0x0000015a526c0120,
0x0000015a526c05f0, 0x0000015a526c0ac0, 0x0000015a5305f430, 0x0000015a5305e5c0,
0x0000015a53062df0, 0x0000015a53061ab0, 0x0000015a5305dc20, 0x0000015a5305bf40,
0x0000015a5305ef60, 0x0000015a5305f900, 0x0000015a5305c410, 0x0000015a5305fdd0,
0x0000015a53062450, 0x0000015a5305cdb0, 0x0000015a530602a0, 0x0000015a5305ea90,
0x0000015a53062920, 0x0000015a5305c8e0, 0x0000015a5305d750, 0x0000015a53060770,
0x0000015a53060c40, 0x0000015a53061110, 0x0000015a56fdde10, 0x0000015a56fdf620,
0x0000015a56fdf150, 0x0000015a56fde2e0, 0x0000015a56fdd470, 0x0000015a56fdffc0,
0x0000015a56fdc600, 0x0000015a56fde7b0, 0x0000015a56fdd940, 0x0000015a56fdec80,
0x0000015a56fdfaf0, 0x0000015a56fdcad0, 0x0000015a56fdcfa0, 0x0000015a542af2f0,
0x0000015a542a92b0, 0x0000015a542af7c0, 0x0000015a542ab930, 0x0000015a542aa120,
0x0000015a542aa5f0, 0x0000015a542aaac0, 0x0000015a542ae950, 0x0000015a542aaf90,
0x0000015a542aee20, 0x0000015a542ab460, 0x0000015a542abe00, 0x0000015a542a9780,
0x0000015a542ac2d0, 0x0000015a542ac7a0, 0x0000015a542ad140, 0x0000015a542acc70,
0x0000015a542ad610, 0x0000015a542afc90, 0x0000015a542adfb0, 0x0000015a542ae480,
0x0000015a542b0630, 0x0000015a542a8de0, 0x0000015a51b15580, 0x0000015a51b168c0,
0x0000015a51b13d70
}

Java Threads: ( => current thread )
  0x0000015a3606b630 JavaThread "main" [_thread_blocked, id=7020, stack(0x000000467d500000,0x000000467d600000)]
  0x0000015a4f639030 JavaThread "Reference Handler" daemon [_thread_blocked, id=12300, stack(0x000000467dc00000,0x000000467dd00000)]
  0x0000015a4f639af0 JavaThread "Finalizer" daemon [_thread_blocked, id=1396, stack(0x000000467dd00000,0x000000467de00000)]
  0x0000015a4f662410 JavaThread "Signal Dispatcher" daemon [_thread_blocked, id=3796, stack(0x000000467de00000,0x000000467df00000)]
  0x0000015a4f620c80 JavaThread "Attach Listener" daemon [_thread_blocked, id=12976, stack(0x000000467df00000,0x000000467e000000)]
  0x0000015a4f623550 JavaThread "Service Thread" daemon [_thread_blocked, id=7544, stack(0x000000467e000000,0x000000467e100000)]
  0x0000015a4f623e10 JavaThread "Monitor Deflation Thread" daemon [_thread_blocked, id=8376, stack(0x000000467e100000,0x000000467e200000)]
  0x0000015a50002090 JavaThread "C2 CompilerThread0" daemon [_thread_in_native, id=1840, stack(0x000000467e200000,0x000000467e300000)]
  0x0000015a5000dea0 JavaThread "C1 CompilerThread0" daemon [_thread_blocked, id=14204, stack(0x000000467e300000,0x000000467e400000)]
  0x0000015a5000e7a0 JavaThread "Sweeper thread" daemon [_thread_blocked, id=7188, stack(0x000000467e400000,0x000000467e500000)]
  0x0000015a50174410 JavaThread "Common-Cleaner" daemon [_thread_blocked, id=14012, stack(0x000000467e500000,0x000000467e600000)]
  0x0000015a5017a960 JavaThread "Notification Thread" daemon [_thread_blocked, id=9832, stack(0x000000467e600000,0x000000467e700000)]
  0x0000015a5153ef30 JavaThread "Daemon health stats" [_thread_blocked, id=12796, stack(0x000000467e800000,0x000000467e900000)]
  0x0000015a52dc4cb0 JavaThread "Incoming local TCP Connector on port 51418" [_thread_in_native, id=12092, stack(0x000000467ec00000,0x000000467ed00000)]
  0x0000015a50dbf060 JavaThread "Daemon periodic checks" [_thread_blocked, id=5884, stack(0x000000467ed00000,0x000000467ee00000)]
  0x0000015a52c5bde0 JavaThread "Daemon" [_thread_blocked, id=7512, stack(0x000000467ee00000,0x000000467ef00000)]
  0x0000015a5179a440 JavaThread "Handler for socket connection from /127.0.0.1:51418 to /127.0.0.1:51419" [_thread_in_native, id=7368, stack(0x000000467ef00000,0x000000467f000000)]
  0x0000015a526c27a0 JavaThread "Cancel handler" [_thread_blocked, id=11308, stack(0x000000467f000000,0x000000467f100000)]
  0x0000015a526c1460 JavaThread "Daemon worker" [_thread_blocked, id=3496, stack(0x000000467f100000,0x000000467f200000)]
  0x0000015a526c2c70 JavaThread "Asynchronous log dispatcher for DefaultDaemonConnection: socket connection from /127.0.0.1:51418 to /127.0.0.1:51419" [_thread_blocked, id=10804, stack(0x000000467f200000,0x000000467f300000)]
  0x0000015a526c0f90 JavaThread "Stdin handler" [_thread_blocked, id=9740, stack(0x000000467f300000,0x000000467f400000)]
  0x0000015a526bfc50 JavaThread "Daemon client event forwarder" [_thread_blocked, id=12224, stack(0x000000467f400000,0x000000467f500000)]
  0x0000015a526c1e00 JavaThread "Cache worker for journal cache (C:\Users\hp\.gradle\caches\journal-1)" [_thread_blocked, id=2736, stack(0x000000467f600000,0x000000467f700000)]
  0x0000015a526bf780 JavaThread "File lock request listener" [_thread_in_native, id=13268, stack(0x000000467f700000,0x000000467f800000)]
  0x0000015a526c1930 JavaThread "Cache worker for file hash cache (C:\Users\hp\.gradle\caches\8.0\fileHashes)" [_thread_blocked, id=12036, stack(0x000000467f800000,0x000000467f900000)]
  0x0000015a526c22d0 JavaThread "File watcher server" daemon [_thread_blocked, id=4012, stack(0x000000467f900000,0x000000467fa00000)]
  0x0000015a526c3140 JavaThread "File watcher consumer" daemon [_thread_blocked, id=10180, stack(0x000000467fa00000,0x000000467fb00000)]
  0x0000015a526c0120 JavaThread "Cache worker for checksums cache (D:\MCA\android_porject_Team4\MyApplication\.gradle\8.0\checksums)" [_thread_blocked, id=4748, stack(0x000000467fb00000,0x000000467fc00000)]
  0x0000015a526c05f0 JavaThread "Cache worker for cache directory md-rule (C:\Users\hp\.gradle\caches\8.0\md-rule)" [_thread_blocked, id=14044, stack(0x000000467fc00000,0x000000467fd00000)]
  0x0000015a526c0ac0 JavaThread "Cache worker for file content cache (C:\Users\hp\.gradle\caches\8.0\fileContent)" [_thread_blocked, id=6120, stack(0x000000467fd00000,0x000000467fe00000)]
  0x0000015a5305f430 JavaThread "Cache worker for file hash cache (D:\MCA\android_porject_Team4\MyApplication\.gradle\8.0\fileHashes)" [_thread_blocked, id=13500, stack(0x000000467fe00000,0x000000467ff00000)]
  0x0000015a5305e5c0 JavaThread "Cache worker for cache directory md-supplier (C:\Users\hp\.gradle\caches\8.0\md-supplier)" [_thread_blocked, id=11856, stack(0x000000467ff00000,0x0000004680000000)]
  0x0000015a53062df0 JavaThread "Cache worker for execution history cache (C:\Users\hp\.gradle\caches\8.0\executionHistory)" [_thread_blocked, id=7736, stack(0x0000004600000000,0x0000004600100000)]
  0x0000015a53061ab0 JavaThread "jar transforms" [_thread_blocked, id=10720, stack(0x0000004600100000,0x0000004600200000)]
  0x0000015a5305dc20 JavaThread "jar transforms Thread 2" [_thread_blocked, id=1988, stack(0x0000004600200000,0x0000004600300000)]
  0x0000015a5305bf40 JavaThread "Cache worker for kotlin-dsl (C:\Users\hp\.gradle\caches\8.0\kotlin-dsl)" [_thread_blocked, id=9756, stack(0x0000004600300000,0x0000004600400000)]
  0x0000015a5305ef60 JavaThread "jar transforms Thread 3" [_thread_blocked, id=4360, stack(0x0000004600400000,0x0000004600500000)]
  0x0000015a5305f900 JavaThread "jar transforms Thread 4" [_thread_blocked, id=6268, stack(0x0000004600500000,0x0000004600600000)]
  0x0000015a5305c410 JavaThread "Cache worker for dependencies-accessors (D:\MCA\android_porject_Team4\MyApplication\.gradle\8.0\dependencies-accessors)" [_thread_blocked, id=9628, stack(0x0000004600600000,0x0000004600700000)]
  0x0000015a5305fdd0 JavaThread "Cache worker for Build Output Cleanup Cache (D:\MCA\android_porject_Team4\MyApplication\.gradle\buildOutputCleanup)" [_thread_blocked, id=11284, stack(0x0000004600700000,0x0000004600800000)]
  0x0000015a53062450 JavaThread "Unconstrained build operations" [_thread_blocked, id=10080, stack(0x0000004600800000,0x0000004600900000)]
  0x0000015a5305cdb0 JavaThread "Unconstrained build operations Thread 2" [_thread_blocked, id=13616, stack(0x0000004600900000,0x0000004600a00000)]
  0x0000015a530602a0 JavaThread "Unconstrained build operations Thread 3" [_thread_blocked, id=2760, stack(0x0000004600a00000,0x0000004600b00000)]
  0x0000015a5305ea90 JavaThread "Unconstrained build operations Thread 4" [_thread_blocked, id=10028, stack(0x0000004600b00000,0x0000004600c00000)]
  0x0000015a53062920 JavaThread "Unconstrained build operations Thread 5" [_thread_blocked, id=10748, stack(0x0000004600c00000,0x0000004600d00000)]
  0x0000015a5305c8e0 JavaThread "Unconstrained build operations Thread 6" [_thread_blocked, id=4044, stack(0x0000004600d00000,0x0000004600e00000)]
  0x0000015a5305d750 JavaThread "Unconstrained build operations Thread 7" [_thread_blocked, id=2636, stack(0x0000004600e00000,0x0000004600f00000)]
  0x0000015a53060770 JavaThread "Unconstrained build operations Thread 8" [_thread_blocked, id=7712, stack(0x0000004600f00000,0x0000004601000000)]
  0x0000015a53060c40 JavaThread "Unconstrained build operations Thread 9" [_thread_blocked, id=11052, stack(0x0000004601000000,0x0000004601100000)]
  0x0000015a53061110 JavaThread "Unconstrained build operations Thread 10" [_thread_blocked, id=13272, stack(0x0000004601100000,0x0000004601200000)]
  0x0000015a56fdde10 JavaThread "Unconstrained build operations Thread 11" [_thread_blocked, id=12892, stack(0x0000004601200000,0x0000004601300000)]
  0x0000015a56fdf620 JavaThread "Unconstrained build operations Thread 12" [_thread_blocked, id=11064, stack(0x0000004601300000,0x0000004601400000)]
  0x0000015a56fdf150 JavaThread "Unconstrained build operations Thread 13" [_thread_blocked, id=8860, stack(0x0000004601400000,0x0000004601500000)]
  0x0000015a56fde2e0 JavaThread "Unconstrained build operations Thread 14" [_thread_blocked, id=7668, stack(0x0000004601500000,0x0000004601600000)]
  0x0000015a56fdd470 JavaThread "Unconstrained build operations Thread 15" [_thread_blocked, id=1524, stack(0x0000004601600000,0x0000004601700000)]
  0x0000015a56fdffc0 JavaThread "Unconstrained build operations Thread 16" [_thread_blocked, id=11084, stack(0x0000004601700000,0x0000004601800000)]
  0x0000015a56fdc600 JavaThread "Unconstrained build operations Thread 17" [_thread_blocked, id=7936, stack(0x0000004601800000,0x0000004601900000)]
  0x0000015a56fde7b0 JavaThread "Unconstrained build operations Thread 18" [_thread_blocked, id=8556, stack(0x0000004601900000,0x0000004601a00000)]
  0x0000015a56fdd940 JavaThread "Unconstrained build operations Thread 19" [_thread_blocked, id=8960, stack(0x0000004601a00000,0x0000004601b00000)]
  0x0000015a56fdec80 JavaThread "Unconstrained build operations Thread 20" [_thread_blocked, id=14104, stack(0x0000004601b00000,0x0000004601c00000)]
  0x0000015a56fdfaf0 JavaThread "Unconstrained build operations Thread 21" [_thread_blocked, id=2848, stack(0x0000004601c00000,0x0000004601d00000)]
  0x0000015a56fdcad0 JavaThread "Unconstrained build operations Thread 22" [_thread_blocked, id=6040, stack(0x0000004601d00000,0x0000004601e00000)]
  0x0000015a56fdcfa0 JavaThread "Unconstrained build operations Thread 23" [_thread_blocked, id=124, stack(0x0000004601e00000,0x0000004601f00000)]
  0x0000015a542af2f0 JavaThread "Unconstrained build operations Thread 24" [_thread_blocked, id=10384, stack(0x0000004601f00000,0x0000004602000000)]
  0x0000015a542a92b0 JavaThread "Unconstrained build operations Thread 25" [_thread_blocked, id=8188, stack(0x0000004602000000,0x0000004602100000)]
  0x0000015a542af7c0 JavaThread "Unconstrained build operations Thread 26" [_thread_blocked, id=13956, stack(0x0000004602100000,0x0000004602200000)]
  0x0000015a542ab930 JavaThread "Unconstrained build operations Thread 27" [_thread_blocked, id=8144, stack(0x0000004602200000,0x0000004602300000)]
  0x0000015a542aa120 JavaThread "Unconstrained build operations Thread 28" [_thread_blocked, id=11696, stack(0x0000004602300000,0x0000004602400000)]
  0x0000015a542aa5f0 JavaThread "Unconstrained build operations Thread 29" [_thread_blocked, id=11584, stack(0x0000004602400000,0x0000004602500000)]
  0x0000015a542aaac0 JavaThread "Unconstrained build operations Thread 30" [_thread_blocked, id=12556, stack(0x0000004602500000,0x0000004602600000)]
  0x0000015a542ae950 JavaThread "Unconstrained build operations Thread 31" [_thread_blocked, id=10076, stack(0x0000004602600000,0x0000004602700000)]
  0x0000015a542aaf90 JavaThread "Unconstrained build operations Thread 32" [_thread_blocked, id=7972, stack(0x0000004602700000,0x0000004602800000)]
  0x0000015a542aee20 JavaThread "Unconstrained build operations Thread 33" [_thread_blocked, id=14176, stack(0x0000004602800000,0x0000004602900000)]
  0x0000015a542ab460 JavaThread "Unconstrained build operations Thread 34" [_thread_blocked, id=5728, stack(0x0000004602900000,0x0000004602a00000)]
  0x0000015a542abe00 JavaThread "Unconstrained build operations Thread 35" [_thread_blocked, id=12584, stack(0x0000004602a00000,0x0000004602b00000)]
  0x0000015a542a9780 JavaThread "Unconstrained build operations Thread 36" [_thread_blocked, id=13408, stack(0x0000004602b00000,0x0000004602c00000)]
  0x0000015a542ac2d0 JavaThread "Unconstrained build operations Thread 37" [_thread_blocked, id=13220, stack(0x0000004602c00000,0x0000004602d00000)]
  0x0000015a542ac7a0 JavaThread "Unconstrained build operations Thread 38" [_thread_blocked, id=13484, stack(0x0000004602d00000,0x0000004602e00000)]
  0x0000015a542ad140 JavaThread "Unconstrained build operations Thread 39" [_thread_blocked, id=8728, stack(0x0000004602e00000,0x0000004602f00000)]
  0x0000015a542acc70 JavaThread "Unconstrained build operations Thread 40" [_thread_blocked, id=13584, stack(0x0000004602f00000,0x0000004603000000)]
  0x0000015a542ad610 JavaThread "build event listener" [_thread_blocked, id=2224, stack(0x0000004603000000,0x0000004603100000)]
  0x0000015a542afc90 JavaThread "Memory manager" [_thread_blocked, id=232, stack(0x0000004603100000,0x0000004603200000)]
  0x0000015a542adfb0 JavaThread "included builds" [_thread_blocked, id=4052, stack(0x0000004603200000,0x0000004603300000)]
  0x0000015a542ae480 JavaThread "Execution worker" [_thread_blocked, id=3272, stack(0x0000004603300000,0x0000004603400000)]
  0x0000015a542b0630 JavaThread "Execution worker Thread 2" [_thread_blocked, id=832, stack(0x0000004603400000,0x0000004603500000)]
  0x0000015a542a8de0 JavaThread "Execution worker Thread 3" [_thread_blocked, id=2728, stack(0x0000004603500000,0x0000004603600000)]
  0x0000015a51b15580 JavaThread "Cache worker for execution history cache (D:\MCA\android_porject_Team4\MyApplication\.gradle\8.0\executionHistory)" [_thread_blocked, id=6124, stack(0x0000004603600000,0x0000004603700000)]
  0x0000015a51b168c0 JavaThread "WorkerExecutor Queue" [_thread_blocked, id=12156, stack(0x0000004603700000,0x0000004603800000)]
  0x0000015a51b13d70 JavaThread "WorkerExecutor Queue Thread 2" [_thread_blocked, id=4220, stack(0x0000004603800000,0x0000004603900000)]

Other Threads:
=>0x0000015a4f613a00 VMThread "VM Thread" [stack: 0x000000467db00000,0x000000467dc00000] [id=8504]
  0x0000015a5017b640 WatcherThread [stack: 0x000000467e700000,0x000000467e800000] [id=10876]
  0x0000015a360c5910 GCTaskThread "GC Thread#0" [stack: 0x000000467d600000,0x000000467d700000] [id=11432]
  0x0000015a509f7720 GCTaskThread "GC Thread#1" [stack: 0x000000467e900000,0x000000467ea00000] [id=8080]
  0x0000015a50717570 GCTaskThread "GC Thread#2" [stack: 0x000000467ea00000,0x000000467eb00000] [id=4696]
  0x0000015a50716d60 GCTaskThread "GC Thread#3" [stack: 0x000000467eb00000,0x000000467ec00000] [id=8460]
  0x0000015a360d6760 ConcurrentGCThread "G1 Main Marker" [stack: 0x000000467d700000,0x000000467d800000] [id=9572]
  0x0000015a360d7080 ConcurrentGCThread "G1 Conc#0" [stack: 0x000000467d800000,0x000000467d900000] [id=2984]
  0x0000015a36122b40 ConcurrentGCThread "G1 Refine#0" [stack: 0x000000467d900000,0x000000467da00000] [id=9508]
  0x0000015a5179ace0 ConcurrentGCThread "G1 Refine#1" [stack: 0x000000467f500000,0x000000467f600000] [id=3020]
  0x0000015a5799ccc0 ConcurrentGCThread "G1 Refine#2" [stack: 0x0000004603900000,0x0000004603a00000] [id=3416]
  0x0000015a36123470 ConcurrentGCThread "G1 Service" [stack: 0x000000467da00000,0x000000467db00000] [id=1484]

Threads with active compile tasks:
C2 CompilerThread0    22209 12191 %     4       com.android.tools.r8.internal.Ia::a @ 2558 (6329 bytes)

VM state: at safepoint (normal execution)

VM Mutex/Monitor currently owned by a thread:  ([mutex/lock_event])
[0x0000015a36065100] Threads_lock - owner thread: 0x0000015a4f613a00
[0x0000015a36065970] Heap_lock - owner thread: 0x0000015a542aaac0

Heap address: 0x0000000080000000, size: 2048 MB, Compressed Oops mode: 32-bit

CDS archive(s) not mapped
Compressed class space mapped at: 0x0000000100000000-0x0000000140000000, reserved size: 1073741824
Narrow klass base: 0x0000000000000000, Narrow klass shift: 3, Narrow klass range: 0x140000000

GC Precious Log:
 CPUs: 4 total, 4 available
 Memory: 3877M
 Large Page Support: Disabled
 NUMA Support: Disabled
 Compressed Oops: Enabled (32-bit)
 Heap Region Size: 1M
 Heap Min Capacity: 8M
 Heap Initial Capacity: 62M
 Heap Max Capacity: 2G
 Pre-touch: Disabled
 Parallel Workers: 4
 Concurrent Workers: 1
 Concurrent Refinement Workers: 4
 Periodic GC: Disabled

Heap:
 garbage-first heap   total 284672K, used 142848K [0x0000000080000000, 0x0000000100000000)
  region size 1024K, 13 young (13312K), 13 survivors (13312K)
 Metaspace       used 105008K, committed 105728K, reserved 1146880K
  class space    used 14369K, committed 14720K, reserved 1048576K

Heap Regions: E=young(eden), S=young(survivor), O=old, HS=humongous(starts), HC=humongous(continues), CS=collection set, F=free, OA=open archive, CA=closed archive, TAMS=top-at-mark-start (previous, next)
|   0|0x0000000080000000, 0x0000000080100000, 0x0000000080100000|100%| O|  |TAMS 0x0000000080100000, 0x0000000080000000| Untracked 
|   1|0x0000000080100000, 0x0000000080200000, 0x0000000080200000|100%| O|  |TAMS 0x0000000080200000, 0x0000000080100000| Untracked 
|   2|0x0000000080200000, 0x0000000080300000, 0x0000000080300000|100%|HS|  |TAMS 0x0000000080300000, 0x0000000080200000| Complete 
|   3|0x0000000080300000, 0x0000000080400000, 0x0000000080400000|100%|HC|  |TAMS 0x0000000080400000, 0x0000000080300000| Complete 
|   4|0x0000000080400000, 0x0000000080500000, 0x0000000080500000|100%|HC|  |TAMS 0x0000000080500000, 0x0000000080400000| Complete 
|   5|0x0000000080500000, 0x0000000080600000, 0x0000000080600000|100%|HC|  |TAMS 0x0000000080600000, 0x0000000080500000| Complete 
|   6|0x0000000080600000, 0x0000000080700000, 0x0000000080700000|100%| O|  |TAMS 0x0000000080700000, 0x0000000080600000| Untracked 
|   7|0x0000000080700000, 0x0000000080800000, 0x0000000080800000|100%| O|  |TAMS 0x0000000080800000, 0x0000000080700000| Untracked 
|   8|0x0000000080800000, 0x0000000080900000, 0x0000000080900000|100%| O|  |TAMS 0x0000000080900000, 0x0000000080800000| Untracked 
|   9|0x0000000080900000, 0x0000000080a00000, 0x0000000080a00000|100%| O|  |TAMS 0x0000000080a00000, 0x0000000080900000| Untracked 
|  10|0x0000000080a00000, 0x0000000080b00000, 0x0000000080b00000|100%| O|  |TAMS 0x0000000080b00000, 0x0000000080a00000| Untracked 
|  11|0x0000000080b00000, 0x0000000080c00000, 0x0000000080c00000|100%| O|  |TAMS 0x0000000080c00000, 0x0000000080b00000| Untracked 
|  12|0x0000000080c00000, 0x0000000080d00000, 0x0000000080d00000|100%| O|  |TAMS 0x0000000080d00000, 0x0000000080c00000| Untracked 
|  13|0x0000000080d00000, 0x0000000080e00000, 0x0000000080e00000|100%| O|  |TAMS 0x0000000080e00000, 0x0000000080d00000| Untracked 
|  14|0x0000000080e00000, 0x0000000080f00000, 0x0000000080f00000|100%| O|  |TAMS 0x0000000080f00000, 0x0000000080e00000| Untracked 
|  15|0x0000000080f00000, 0x0000000081000000, 0x0000000081000000|100%| O|  |TAMS 0x0000000081000000, 0x0000000080f00000| Untracked 
|  16|0x0000000081000000, 0x0000000081100000, 0x0000000081100000|100%| O|  |TAMS 0x0000000081100000, 0x0000000081000000| Untracked 
|  17|0x0000000081100000, 0x0000000081200000, 0x0000000081200000|100%| O|  |TAMS 0x0000000081200000, 0x0000000081100000| Untracked 
|  18|0x0000000081200000, 0x0000000081300000, 0x0000000081300000|100%| O|  |TAMS 0x0000000081300000, 0x0000000081200000| Untracked 
|  19|0x0000000081300000, 0x0000000081400000, 0x0000000081400000|100%| O|  |TAMS 0x0000000081400000, 0x0000000081300000| Untracked 
|  20|0x0000000081400000, 0x0000000081500000, 0x0000000081500000|100%| O|  |TAMS 0x0000000081500000, 0x0000000081400000| Untracked 
|  21|0x0000000081500000, 0x0000000081600000, 0x0000000081600000|100%| O|  |TAMS 0x0000000081600000, 0x0000000081500000| Untracked 
|  22|0x0000000081600000, 0x0000000081700000, 0x0000000081700000|100%| O|  |TAMS 0x0000000081700000, 0x0000000081600000| Untracked 
|  23|0x0000000081700000, 0x0000000081800000, 0x0000000081800000|100%| O|  |TAMS 0x0000000081800000, 0x0000000081700000| Untracked 
|  24|0x0000000081800000, 0x0000000081900000, 0x0000000081900000|100%| O|  |TAMS 0x0000000081900000, 0x0000000081800000| Untracked 
|  25|0x0000000081900000, 0x0000000081a00000, 0x0000000081a00000|100%| O|  |TAMS 0x0000000081a00000, 0x0000000081900000| Untracked 
|  26|0x0000000081a00000, 0x0000000081b00000, 0x0000000081b00000|100%| O|  |TAMS 0x0000000081b00000, 0x0000000081a00000| Untracked 
|  27|0x0000000081b00000, 0x0000000081c00000, 0x0000000081c00000|100%| O|  |TAMS 0x0000000081c00000, 0x0000000081b00000| Untracked 
|  28|0x0000000081c00000, 0x0000000081d00000, 0x0000000081d00000|100%| O|  |TAMS 0x0000000081d00000, 0x0000000081c00000| Untracked 
|  29|0x0000000081d00000, 0x0000000081e00000, 0x0000000081e00000|100%| O|  |TAMS 0x0000000081e00000, 0x0000000081d00000| Untracked 
|  30|0x0000000081e00000, 0x0000000081f00000, 0x0000000081f00000|100%| O|  |TAMS 0x0000000081f00000, 0x0000000081e00000| Untracked 
|  31|0x0000000081f00000, 0x0000000082000000, 0x0000000082000000|100%| O|  |TAMS 0x0000000082000000, 0x0000000081f00000| Untracked 
|  32|0x0000000082000000, 0x0000000082100000, 0x0000000082100000|100%|HS|  |TAMS 0x0000000082100000, 0x0000000082000000| Complete 
|  33|0x0000000082100000, 0x0000000082200000, 0x0000000082200000|100%|HS|  |TAMS 0x0000000082200000, 0x0000000082100000| Complete 
|  34|0x0000000082200000, 0x0000000082300000, 0x0000000082300000|100%| O|  |TAMS 0x0000000082300000, 0x0000000082200000| Untracked 
|  35|0x0000000082300000, 0x0000000082400000, 0x0000000082400000|100%| O|  |TAMS 0x0000000082400000, 0x0000000082300000| Untracked 
|  36|0x0000000082400000, 0x0000000082500000, 0x0000000082500000|100%| O|  |TAMS 0x0000000082400000, 0x0000000082400000| Untracked 
|  37|0x0000000082500000, 0x0000000082600000, 0x0000000082600000|100%| O|  |TAMS 0x0000000082600000, 0x0000000082500000| Untracked 
|  38|0x0000000082600000, 0x0000000082700000, 0x0000000082700000|100%|HS|  |TAMS 0x0000000082700000, 0x0000000082600000| Complete 
|  39|0x0000000082700000, 0x0000000082800000, 0x0000000082800000|100%| O|  |TAMS 0x0000000082800000, 0x0000000082700000| Untracked 
|  40|0x0000000082800000, 0x0000000082900000, 0x0000000082900000|100%| O|  |TAMS 0x0000000082900000, 0x0000000082800000| Untracked 
|  41|0x0000000082900000, 0x0000000082a00000, 0x0000000082a00000|100%| O|  |TAMS 0x0000000082a00000, 0x0000000082900000| Untracked 
|  42|0x0000000082a00000, 0x0000000082b00000, 0x0000000082b00000|100%| O|  |TAMS 0x0000000082b00000, 0x0000000082a00000| Untracked 
|  43|0x0000000082b00000, 0x0000000082c00000, 0x0000000082c00000|100%| O|  |TAMS 0x0000000082c00000, 0x0000000082b00000| Untracked 
|  44|0x0000000082c00000, 0x0000000082d00000, 0x0000000082d00000|100%| O|  |TAMS 0x0000000082d00000, 0x0000000082c00000| Untracked 
|  45|0x0000000082d00000, 0x0000000082e00000, 0x0000000082e00000|100%| O|  |TAMS 0x0000000082e00000, 0x0000000082d00000| Untracked 
|  46|0x0000000082e00000, 0x0000000082f00000, 0x0000000082f00000|100%| O|  |TAMS 0x0000000082f00000, 0x0000000082e00000| Untracked 
|  47|0x0000000082f00000, 0x0000000083000000, 0x0000000083000000|100%| O|  |TAMS 0x0000000083000000, 0x0000000082f00000| Untracked 
|  48|0x0000000083000000, 0x0000000083100000, 0x0000000083100000|100%| O|  |TAMS 0x0000000083100000, 0x0000000083000000| Untracked 
|  49|0x0000000083100000, 0x0000000083200000, 0x0000000083200000|100%| O|  |TAMS 0x0000000083200000, 0x0000000083100000| Untracked 
|  50|0x0000000083200000, 0x0000000083300000, 0x0000000083300000|100%| O|  |TAMS 0x0000000083300000, 0x0000000083200000| Untracked 
|  51|0x0000000083300000, 0x0000000083400000, 0x0000000083400000|100%| O|  |TAMS 0x0000000083400000, 0x0000000083300000| Untracked 
|  52|0x0000000083400000, 0x0000000083500000, 0x0000000083500000|100%| O|  |TAMS 0x0000000083500000, 0x0000000083400000| Untracked 
|  53|0x0000000083500000, 0x0000000083600000, 0x0000000083600000|100%| O|  |TAMS 0x0000000083600000, 0x0000000083500000| Untracked 
|  54|0x0000000083600000, 0x0000000083700000, 0x0000000083700000|100%| O|  |TAMS 0x0000000083700000, 0x0000000083600000| Untracked 
|  55|0x0000000083700000, 0x0000000083800000, 0x0000000083800000|100%| O|  |TAMS 0x0000000083800000, 0x0000000083700000| Untracked 
|  56|0x0000000083800000, 0x0000000083900000, 0x0000000083900000|100%| O|  |TAMS 0x0000000083900000, 0x0000000083800000| Untracked 
|  57|0x0000000083900000, 0x0000000083a00000, 0x0000000083a00000|100%| O|  |TAMS 0x0000000083a00000, 0x0000000083900000| Untracked 
|  58|0x0000000083a00000, 0x0000000083b00000, 0x0000000083b00000|100%| O|  |TAMS 0x0000000083b00000, 0x0000000083a00000| Untracked 
|  59|0x0000000083b00000, 0x0000000083c00000, 0x0000000083c00000|100%| O|  |TAMS 0x0000000083c00000, 0x0000000083b00000| Untracked 
|  60|0x0000000083c00000, 0x0000000083d00000, 0x0000000083d00000|100%| O|  |TAMS 0x0000000083c00000, 0x0000000083c00000| Untracked 
|  61|0x0000000083d00000, 0x0000000083e00000, 0x0000000083e00000|100%| O|  |TAMS 0x0000000083d00000, 0x0000000083d00000| Untracked 
|  62|0x0000000083e00000, 0x0000000083f00000, 0x0000000083f00000|100%| O|  |TAMS 0x0000000083e00000, 0x0000000083e00000| Untracked 
|  63|0x0000000083f00000, 0x0000000084000000, 0x0000000084000000|100%| O|  |TAMS 0x0000000083f00000, 0x0000000083f00000| Untracked 
|  64|0x0000000084000000, 0x0000000084100000, 0x0000000084100000|100%| O|  |TAMS 0x0000000084000000, 0x0000000084000000| Untracked 
|  65|0x0000000084100000, 0x0000000084200000, 0x0000000084200000|100%| O|  |TAMS 0x0000000084100000, 0x0000000084100000| Untracked 
|  66|0x0000000084200000, 0x0000000084300000, 0x0000000084300000|100%| O|  |TAMS 0x0000000084200000, 0x0000000084200000| Untracked 
|  67|0x0000000084300000, 0x0000000084400000, 0x0000000084400000|100%| O|  |TAMS 0x0000000084300000, 0x0000000084300000| Untracked 
|  68|0x0000000084400000, 0x0000000084500000, 0x0000000084500000|100%| O|  |TAMS 0x0000000084400000, 0x0000000084400000| Untracked 
|  69|0x0000000084500000, 0x0000000084600000, 0x0000000084600000|100%| O|  |TAMS 0x0000000084500000, 0x0000000084500000| Untracked 
|  70|0x0000000084600000, 0x0000000084700000, 0x0000000084700000|100%| O|  |TAMS 0x0000000084600000, 0x0000000084600000| Untracked 
|  71|0x0000000084700000, 0x0000000084800000, 0x0000000084800000|100%| O|  |TAMS 0x0000000084700000, 0x0000000084700000| Untracked 
|  72|0x0000000084800000, 0x0000000084900000, 0x0000000084900000|100%| O|  |TAMS 0x0000000084800000, 0x0000000084800000| Untracked 
|  73|0x0000000084900000, 0x0000000084a00000, 0x0000000084a00000|100%| O|  |TAMS 0x0000000084900000, 0x0000000084900000| Untracked 
|  74|0x0000000084a00000, 0x0000000084b00000, 0x0000000084b00000|100%| O|  |TAMS 0x0000000084a00000, 0x0000000084a00000| Untracked 
|  75|0x0000000084b00000, 0x0000000084c00000, 0x0000000084c00000|100%| O|  |TAMS 0x0000000084b00000, 0x0000000084b00000| Untracked 
|  76|0x0000000084c00000, 0x0000000084d00000, 0x0000000084d00000|100%| O|  |TAMS 0x0000000084c00000, 0x0000000084c00000| Untracked 
|  77|0x0000000084d00000, 0x0000000084e00000, 0x0000000084e00000|100%| O|  |TAMS 0x0000000084d00000, 0x0000000084d00000| Untracked 
|  78|0x0000000084e00000, 0x0000000084f00000, 0x0000000084f00000|100%| O|  |TAMS 0x0000000084e00000, 0x0000000084e00000| Untracked 
|  79|0x0000000084f00000, 0x0000000085000000, 0x0000000085000000|100%| O|  |TAMS 0x0000000084f00000, 0x0000000084f00000| Untracked 
|  80|0x0000000085000000, 0x0000000085100000, 0x0000000085100000|100%| O|  |TAMS 0x0000000085000000, 0x0000000085000000| Untracked 
|  81|0x0000000085100000, 0x0000000085200000, 0x0000000085200000|100%| O|  |TAMS 0x0000000085100000, 0x0000000085100000| Untracked 
|  82|0x0000000085200000, 0x0000000085300000, 0x0000000085300000|100%| O|  |TAMS 0x0000000085200000, 0x0000000085200000| Untracked 
|  83|0x0000000085300000, 0x0000000085400000, 0x0000000085400000|100%| O|  |TAMS 0x0000000085300000, 0x0000000085300000| Untracked 
|  84|0x0000000085400000, 0x0000000085500000, 0x0000000085500000|100%| O|  |TAMS 0x0000000085400000, 0x0000000085400000| Untracked 
|  85|0x0000000085500000, 0x0000000085600000, 0x0000000085600000|100%| O|  |TAMS 0x0000000085500000, 0x0000000085500000| Untracked 
|  86|0x0000000085600000, 0x0000000085700000, 0x0000000085700000|100%| O|  |TAMS 0x0000000085600000, 0x0000000085600000| Untracked 
|  87|0x0000000085700000, 0x0000000085800000, 0x0000000085800000|100%| O|  |TAMS 0x0000000085700000, 0x0000000085700000| Untracked 
|  88|0x0000000085800000, 0x0000000085900000, 0x0000000085900000|100%| O|  |TAMS 0x0000000085800000, 0x0000000085800000| Untracked 
|  89|0x0000000085900000, 0x0000000085a00000, 0x0000000085a00000|100%| O|  |TAMS 0x0000000085900000, 0x0000000085900000| Untracked 
|  90|0x0000000085a00000, 0x0000000085b00000, 0x0000000085b00000|100%| O|  |TAMS 0x0000000085a00000, 0x0000000085a00000| Untracked 
|  91|0x0000000085b00000, 0x0000000085c00000, 0x0000000085c00000|100%| O|  |TAMS 0x0000000085b00000, 0x0000000085b00000| Untracked 
|  92|0x0000000085c00000, 0x0000000085d00000, 0x0000000085d00000|100%| O|  |TAMS 0x0000000085c00000, 0x0000000085c00000| Untracked 
|  93|0x0000000085d00000, 0x0000000085e00000, 0x0000000085e00000|100%| O|  |TAMS 0x0000000085d00000, 0x0000000085d00000| Untracked 
|  94|0x0000000085e00000, 0x0000000085f00000, 0x0000000085f00000|100%| O|  |TAMS 0x0000000085e00000, 0x0000000085e00000| Untracked 
|  95|0x0000000085f00000, 0x0000000086000000, 0x0000000086000000|100%| O|  |TAMS 0x0000000085f00000, 0x0000000085f00000| Untracked 
|  96|0x0000000086000000, 0x0000000086100000, 0x0000000086100000|100%| O|  |TAMS 0x0000000086000000, 0x0000000086000000| Untracked 
|  97|0x0000000086100000, 0x0000000086200000, 0x0000000086200000|100%| O|  |TAMS 0x0000000086100000, 0x0000000086100000| Untracked 
|  98|0x0000000086200000, 0x0000000086300000, 0x0000000086300000|100%| O|  |TAMS 0x0000000086200000, 0x0000000086200000| Untracked 
|  99|0x0000000086300000, 0x0000000086400000, 0x0000000086400000|100%| O|  |TAMS 0x0000000086300000, 0x0000000086300000| Untracked 
| 100|0x0000000086400000, 0x0000000086500000, 0x0000000086500000|100%| O|  |TAMS 0x0000000086400000, 0x0000000086400000| Untracked 
| 101|0x0000000086500000, 0x0000000086600000, 0x0000000086600000|100%| O|  |TAMS 0x0000000086500000, 0x0000000086500000| Untracked 
| 102|0x0000000086600000, 0x0000000086700000, 0x0000000086700000|100%| O|  |TAMS 0x0000000086600000, 0x0000000086600000| Untracked 
| 103|0x0000000086700000, 0x0000000086800000, 0x0000000086800000|100%| O|  |TAMS 0x0000000086700000, 0x0000000086700000| Untracked 
| 104|0x0000000086800000, 0x0000000086900000, 0x0000000086900000|100%| O|  |TAMS 0x0000000086800000, 0x0000000086800000| Untracked 
| 105|0x0000000086900000, 0x0000000086a00000, 0x0000000086a00000|100%| O|  |TAMS 0x0000000086900000, 0x0000000086900000| Untracked 
| 106|0x0000000086a00000, 0x0000000086b00000, 0x0000000086b00000|100%| O|  |TAMS 0x0000000086a00000, 0x0000000086a00000| Untracked 
| 107|0x0000000086b00000, 0x0000000086c00000, 0x0000000086c00000|100%| O|  |TAMS 0x0000000086b00000, 0x0000000086b00000| Untracked 
| 108|0x0000000086c00000, 0x0000000086d00000, 0x0000000086d00000|100%| O|  |TAMS 0x0000000086c00000, 0x0000000086c00000| Untracked 
| 109|0x0000000086d00000, 0x0000000086e00000, 0x0000000086e00000|100%| O|  |TAMS 0x0000000086d00000, 0x0000000086d00000| Untracked 
| 110|0x0000000086e00000, 0x0000000086f00000, 0x0000000086f00000|100%| O|  |TAMS 0x0000000086e00000, 0x0000000086e00000| Untracked 
| 111|0x0000000086f00000, 0x0000000087000000, 0x0000000087000000|100%| O|  |TAMS 0x0000000086f00000, 0x0000000086f00000| Untracked 
| 112|0x0000000087000000, 0x0000000087100000, 0x0000000087100000|100%| O|  |TAMS 0x0000000087000000, 0x0000000087000000| Untracked 
| 113|0x0000000087100000, 0x0000000087200000, 0x0000000087200000|100%| O|  |TAMS 0x0000000087100000, 0x0000000087100000| Untracked 
| 114|0x0000000087200000, 0x0000000087300000, 0x0000000087300000|100%| O|  |TAMS 0x0000000087200000, 0x0000000087200000| Untracked 
| 115|0x0000000087300000, 0x0000000087400000, 0x0000000087400000|100%| O|  |TAMS 0x0000000087300000, 0x0000000087300000| Untracked 
| 116|0x0000000087400000, 0x0000000087500000, 0x0000000087500000|100%| O|  |TAMS 0x0000000087400000, 0x0000000087400000| Untracked 
| 117|0x0000000087500000, 0x0000000087600000, 0x0000000087600000|100%| O|  |TAMS 0x0000000087500000, 0x0000000087500000| Untracked 
| 118|0x0000000087600000, 0x0000000087700000, 0x0000000087700000|100%| O|  |TAMS 0x0000000087600000, 0x0000000087600000| Untracked 
| 119|0x0000000087700000, 0x0000000087800000, 0x0000000087800000|100%| O|  |TAMS 0x0000000087700000, 0x0000000087700000| Untracked 
| 120|0x0000000087800000, 0x0000000087900000, 0x0000000087900000|100%| O|  |TAMS 0x0000000087800000, 0x0000000087800000| Untracked 
| 121|0x0000000087900000, 0x0000000087a00000, 0x0000000087a00000|100%| O|  |TAMS 0x0000000087900000, 0x0000000087900000| Untracked 
| 122|0x0000000087a00000, 0x0000000087b00000, 0x0000000087b00000|100%| O|  |TAMS 0x0000000087a00000, 0x0000000087a00000| Untracked 
| 123|0x0000000087b00000, 0x0000000087c00000, 0x0000000087c00000|100%| O|  |TAMS 0x0000000087b00000, 0x0000000087b00000| Untracked 
| 124|0x0000000087c00000, 0x0000000087d00000, 0x0000000087d00000|100%| O|  |TAMS 0x0000000087c00000, 0x0000000087c00000| Untracked 
| 125|0x0000000087d00000, 0x0000000087e00000, 0x0000000087e00000|100%| O|  |TAMS 0x0000000087d00000, 0x0000000087d00000| Untracked 
| 126|0x0000000087e00000, 0x0000000087e80000, 0x0000000087f00000| 50%| O|  |TAMS 0x0000000087e00000, 0x0000000087e00000| Untracked 
| 127|0x0000000087f00000, 0x0000000087f00000, 0x0000000088000000|  0%| F|  |TAMS 0x0000000087f00000, 0x0000000087f00000| Untracked 
| 128|0x0000000088000000, 0x0000000088000000, 0x0000000088100000|  0%| F|  |TAMS 0x0000000088000000, 0x0000000088000000| Untracked 
| 129|0x0000000088100000, 0x0000000088100000, 0x0000000088200000|  0%| F|  |TAMS 0x0000000088100000, 0x0000000088100000| Untracked 
| 130|0x0000000088200000, 0x0000000088200000, 0x0000000088300000|  0%| F|  |TAMS 0x0000000088200000, 0x0000000088200000| Untracked 
| 131|0x0000000088300000, 0x0000000088300000, 0x0000000088400000|  0%| F|  |TAMS 0x0000000088300000, 0x0000000088300000| Untracked 
| 132|0x0000000088400000, 0x0000000088400000, 0x0000000088500000|  0%| F|  |TAMS 0x0000000088400000, 0x0000000088400000| Untracked 
| 133|0x0000000088500000, 0x0000000088500000, 0x0000000088600000|  0%| F|  |TAMS 0x0000000088500000, 0x0000000088500000| Untracked 
| 134|0x0000000088600000, 0x0000000088600000, 0x0000000088700000|  0%| F|  |TAMS 0x0000000088600000, 0x0000000088600000| Untracked 
| 135|0x0000000088700000, 0x0000000088700000, 0x0000000088800000|  0%| F|  |TAMS 0x0000000088700000, 0x0000000088700000| Untracked 
| 136|0x0000000088800000, 0x0000000088800000, 0x0000000088900000|  0%| F|  |TAMS 0x0000000088800000, 0x0000000088800000| Untracked 
| 137|0x0000000088900000, 0x0000000088900000, 0x0000000088a00000|  0%| F|  |TAMS 0x0000000088900000, 0x0000000088900000| Untracked 
| 138|0x0000000088a00000, 0x0000000088a00000, 0x0000000088b00000|  0%| F|  |TAMS 0x0000000088a00000, 0x0000000088a00000| Untracked 
| 139|0x0000000088b00000, 0x0000000088b00000, 0x0000000088c00000|  0%| F|  |TAMS 0x0000000088b00000, 0x0000000088b00000| Untracked 
| 140|0x0000000088c00000, 0x0000000088c00000, 0x0000000088d00000|  0%| F|  |TAMS 0x0000000088c00000, 0x0000000088c00000| Untracked 
| 141|0x0000000088d00000, 0x0000000088d00000, 0x0000000088e00000|  0%| F|  |TAMS 0x0000000088d00000, 0x0000000088d00000| Untracked 
| 142|0x0000000088e00000, 0x0000000088e00000, 0x0000000088f00000|  0%| F|  |TAMS 0x0000000088e00000, 0x0000000088e00000| Untracked 
| 143|0x0000000088f00000, 0x0000000088f00000, 0x0000000089000000|  0%| F|  |TAMS 0x0000000088f00000, 0x0000000088f00000| Untracked 
| 144|0x0000000089000000, 0x0000000089000000, 0x0000000089100000|  0%| F|  |TAMS 0x0000000089000000, 0x0000000089000000| Untracked 
| 145|0x0000000089100000, 0x0000000089100000, 0x0000000089200000|  0%| F|  |TAMS 0x0000000089100000, 0x0000000089100000| Untracked 
| 146|0x0000000089200000, 0x0000000089200000, 0x0000000089300000|  0%| F|  |TAMS 0x0000000089200000, 0x0000000089200000| Untracked 
| 147|0x0000000089300000, 0x0000000089300000, 0x0000000089400000|  0%| F|  |TAMS 0x0000000089300000, 0x0000000089300000| Untracked 
| 148|0x0000000089400000, 0x0000000089400000, 0x0000000089500000|  0%| F|  |TAMS 0x0000000089400000, 0x0000000089400000| Untracked 
| 149|0x0000000089500000, 0x0000000089500000, 0x0000000089600000|  0%| F|  |TAMS 0x0000000089500000, 0x0000000089500000| Untracked 
| 150|0x0000000089600000, 0x0000000089600000, 0x0000000089700000|  0%| F|  |TAMS 0x0000000089600000, 0x0000000089600000| Untracked 
| 151|0x0000000089700000, 0x0000000089700000, 0x0000000089800000|  0%| F|  |TAMS 0x0000000089700000, 0x0000000089700000| Untracked 
| 152|0x0000000089800000, 0x0000000089800000, 0x0000000089900000|  0%| F|  |TAMS 0x0000000089800000, 0x0000000089800000| Untracked 
| 153|0x0000000089900000, 0x0000000089900000, 0x0000000089a00000|  0%| F|  |TAMS 0x0000000089900000, 0x0000000089900000| Untracked 
| 154|0x0000000089a00000, 0x0000000089a00000, 0x0000000089b00000|  0%| F|  |TAMS 0x0000000089a00000, 0x0000000089a00000| Untracked 
| 155|0x0000000089b00000, 0x0000000089b00000, 0x0000000089c00000|  0%| F|  |TAMS 0x0000000089b00000, 0x0000000089b00000| Untracked 
| 156|0x0000000089c00000, 0x0000000089c00000, 0x0000000089d00000|  0%| F|  |TAMS 0x0000000089c00000, 0x0000000089c00000| Untracked 
| 157|0x0000000089d00000, 0x0000000089d00000, 0x0000000089e00000|  0%| F|  |TAMS 0x0000000089d00000, 0x0000000089d00000| Untracked 
| 158|0x0000000089e00000, 0x0000000089e00000, 0x0000000089f00000|  0%| F|  |TAMS 0x0000000089e00000, 0x0000000089e00000| Untracked 
| 159|0x0000000089f00000, 0x0000000089f00000, 0x000000008a000000|  0%| F|  |TAMS 0x0000000089f00000, 0x0000000089f00000| Untracked 
| 160|0x000000008a000000, 0x000000008a000000, 0x000000008a100000|  0%| F|  |TAMS 0x000000008a000000, 0x000000008a000000| Untracked 
| 161|0x000000008a100000, 0x000000008a100000, 0x000000008a200000|  0%| F|  |TAMS 0x000000008a100000, 0x000000008a100000| Untracked 
| 162|0x000000008a200000, 0x000000008a300000, 0x000000008a300000|100%| S|CS|TAMS 0x000000008a200000, 0x000000008a200000| Complete 
| 163|0x000000008a300000, 0x000000008a400000, 0x000000008a400000|100%| S|CS|TAMS 0x000000008a300000, 0x000000008a300000| Complete 
| 164|0x000000008a400000, 0x000000008a400000, 0x000000008a500000|  0%| F|  |TAMS 0x000000008a400000, 0x000000008a400000| Untracked 
| 165|0x000000008a500000, 0x000000008a500000, 0x000000008a600000|  0%| F|  |TAMS 0x000000008a500000, 0x000000008a500000| Untracked 
| 166|0x000000008a600000, 0x000000008a600000, 0x000000008a700000|  0%| F|  |TAMS 0x000000008a600000, 0x000000008a600000| Untracked 
| 167|0x000000008a700000, 0x000000008a700000, 0x000000008a800000|  0%| F|  |TAMS 0x000000008a700000, 0x000000008a700000| Untracked 
| 168|0x000000008a800000, 0x000000008a800000, 0x000000008a900000|  0%| F|  |TAMS 0x000000008a800000, 0x000000008a800000| Untracked 
| 169|0x000000008a900000, 0x000000008a900000, 0x000000008aa00000|  0%| F|  |TAMS 0x000000008a900000, 0x000000008a900000| Untracked 
| 170|0x000000008aa00000, 0x000000008aa00000, 0x000000008ab00000|  0%| F|  |TAMS 0x000000008aa00000, 0x000000008aa00000| Untracked 
| 171|0x000000008ab00000, 0x000000008ab00000, 0x000000008ac00000|  0%| F|  |TAMS 0x000000008ab00000, 0x000000008ab00000| Untracked 
| 172|0x000000008ac00000, 0x000000008ac00000, 0x000000008ad00000|  0%| F|  |TAMS 0x000000008ac00000, 0x000000008ac00000| Untracked 
| 173|0x000000008ad00000, 0x000000008ad00000, 0x000000008ae00000|  0%| F|  |TAMS 0x000000008ad00000, 0x000000008ad00000| Untracked 
| 174|0x000000008ae00000, 0x000000008ae00000, 0x000000008af00000|  0%| F|  |TAMS 0x000000008ae00000, 0x000000008ae00000| Untracked 
| 175|0x000000008af00000, 0x000000008af00000, 0x000000008b000000|  0%| F|  |TAMS 0x000000008af00000, 0x000000008af00000| Untracked 
| 176|0x000000008b000000, 0x000000008b000000, 0x000000008b100000|  0%| F|  |TAMS 0x000000008b000000, 0x000000008b000000| Untracked 
| 177|0x000000008b100000, 0x000000008b100000, 0x000000008b200000|  0%| F|  |TAMS 0x000000008b100000, 0x000000008b100000| Untracked 
| 178|0x000000008b200000, 0x000000008b200000, 0x000000008b300000|  0%| F|  |TAMS 0x000000008b200000, 0x000000008b200000| Untracked 
| 179|0x000000008b300000, 0x000000008b400000, 0x000000008b400000|100%| S|CS|TAMS 0x000000008b300000, 0x000000008b300000| Complete 
| 180|0x000000008b400000, 0x000000008b500000, 0x000000008b500000|100%| S|CS|TAMS 0x000000008b400000, 0x000000008b400000| Complete 
| 181|0x000000008b500000, 0x000000008b600000, 0x000000008b600000|100%| S|CS|TAMS 0x000000008b500000, 0x000000008b500000| Complete 
| 182|0x000000008b600000, 0x000000008b700000, 0x000000008b700000|100%| S|CS|TAMS 0x000000008b600000, 0x000000008b600000| Complete 
| 183|0x000000008b700000, 0x000000008b800000, 0x000000008b800000|100%| S|CS|TAMS 0x000000008b700000, 0x000000008b700000| Complete 
| 184|0x000000008b800000, 0x000000008b900000, 0x000000008b900000|100%| S|CS|TAMS 0x000000008b800000, 0x000000008b800000| Complete 
| 185|0x000000008b900000, 0x000000008ba00000, 0x000000008ba00000|100%| S|CS|TAMS 0x000000008b900000, 0x000000008b900000| Complete 
| 186|0x000000008ba00000, 0x000000008bb00000, 0x000000008bb00000|100%| S|CS|TAMS 0x000000008ba00000, 0x000000008ba00000| Complete 
| 187|0x000000008bb00000, 0x000000008bc00000, 0x000000008bc00000|100%| S|CS|TAMS 0x000000008bb00000, 0x000000008bb00000| Complete 
| 188|0x000000008bc00000, 0x000000008bd00000, 0x000000008bd00000|100%| S|CS|TAMS 0x000000008bc00000, 0x000000008bc00000| Complete 
| 189|0x000000008bd00000, 0x000000008be00000, 0x000000008be00000|100%| S|CS|TAMS 0x000000008bd00000, 0x000000008bd00000| Complete 
| 190|0x000000008be00000, 0x000000008be00000, 0x000000008bf00000|  0%| F|  |TAMS 0x000000008be00000, 0x000000008be00000| Untracked 
| 191|0x000000008bf00000, 0x000000008bf00000, 0x000000008c000000|  0%| F|  |TAMS 0x000000008bf00000, 0x000000008bf00000| Untracked 
| 192|0x000000008c000000, 0x000000008c000000, 0x000000008c100000|  0%| F|  |TAMS 0x000000008c000000, 0x000000008c000000| Untracked 
| 193|0x000000008c100000, 0x000000008c100000, 0x000000008c200000|  0%| F|  |TAMS 0x000000008c100000, 0x000000008c100000| Untracked 
| 194|0x000000008c200000, 0x000000008c200000, 0x000000008c300000|  0%| F|  |TAMS 0x000000008c200000, 0x000000008c200000| Untracked 
| 195|0x000000008c300000, 0x000000008c300000, 0x000000008c400000|  0%| F|  |TAMS 0x000000008c300000, 0x000000008c300000| Untracked 
| 196|0x000000008c400000, 0x000000008c400000, 0x000000008c500000|  0%| F|  |TAMS 0x000000008c400000, 0x000000008c400000| Untracked 
| 197|0x000000008c500000, 0x000000008c500000, 0x000000008c600000|  0%| F|  |TAMS 0x000000008c500000, 0x000000008c500000| Untracked 
| 198|0x000000008c600000, 0x000000008c600000, 0x000000008c700000|  0%| F|  |TAMS 0x000000008c600000, 0x000000008c600000| Untracked 
| 199|0x000000008c700000, 0x000000008c700000, 0x000000008c800000|  0%| F|  |TAMS 0x000000008c700000, 0x000000008c700000| Untracked 
| 200|0x000000008c800000, 0x000000008c800000, 0x000000008c900000|  0%| F|  |TAMS 0x000000008c800000, 0x000000008c800000| Untracked 
| 201|0x000000008c900000, 0x000000008c900000, 0x000000008ca00000|  0%| F|  |TAMS 0x000000008c900000, 0x000000008c900000| Untracked 
| 202|0x000000008ca00000, 0x000000008ca00000, 0x000000008cb00000|  0%| F|  |TAMS 0x000000008ca00000, 0x000000008ca00000| Untracked 
| 203|0x000000008cb00000, 0x000000008cb00000, 0x000000008cc00000|  0%| F|  |TAMS 0x000000008cb00000, 0x000000008cb00000| Untracked 
| 204|0x000000008cc00000, 0x000000008cc00000, 0x000000008cd00000|  0%| F|  |TAMS 0x000000008cc00000, 0x000000008cc00000| Untracked 
| 205|0x000000008cd00000, 0x000000008cd00000, 0x000000008ce00000|  0%| F|  |TAMS 0x000000008cd00000, 0x000000008cd00000| Untracked 
| 206|0x000000008ce00000, 0x000000008ce00000, 0x000000008cf00000|  0%| F|  |TAMS 0x000000008ce00000, 0x000000008ce00000| Untracked 
| 207|0x000000008cf00000, 0x000000008cf00000, 0x000000008d000000|  0%| F|  |TAMS 0x000000008cf00000, 0x000000008cf00000| Untracked 
| 208|0x000000008d000000, 0x000000008d000000, 0x000000008d100000|  0%| F|  |TAMS 0x000000008d000000, 0x000000008d000000| Untracked 
| 209|0x000000008d100000, 0x000000008d100000, 0x000000008d200000|  0%| F|  |TAMS 0x000000008d100000, 0x000000008d100000| Untracked 
| 210|0x000000008d200000, 0x000000008d200000, 0x000000008d300000|  0%| F|  |TAMS 0x000000008d200000, 0x000000008d200000| Untracked 
| 211|0x000000008d300000, 0x000000008d300000, 0x000000008d400000|  0%| F|  |TAMS 0x000000008d300000, 0x000000008d300000| Untracked 
| 212|0x000000008d400000, 0x000000008d400000, 0x000000008d500000|  0%| F|  |TAMS 0x000000008d400000, 0x000000008d400000| Untracked 
| 213|0x000000008d500000, 0x000000008d500000, 0x000000008d600000|  0%| F|  |TAMS 0x000000008d500000, 0x000000008d500000| Untracked 
| 214|0x000000008d600000, 0x000000008d600000, 0x000000008d700000|  0%| F|  |TAMS 0x000000008d600000, 0x000000008d600000| Untracked 
| 215|0x000000008d700000, 0x000000008d700000, 0x000000008d800000|  0%| F|  |TAMS 0x000000008d700000, 0x000000008d700000| Untracked 
| 216|0x000000008d800000, 0x000000008d800000, 0x000000008d900000|  0%| F|  |TAMS 0x000000008d800000, 0x000000008d800000| Untracked 
| 217|0x000000008d900000, 0x000000008d900000, 0x000000008da00000|  0%| F|  |TAMS 0x000000008d900000, 0x000000008d900000| Untracked 
| 218|0x000000008da00000, 0x000000008da00000, 0x000000008db00000|  0%| F|  |TAMS 0x000000008da00000, 0x000000008da00000| Untracked 
| 219|0x000000008db00000, 0x000000008db00000, 0x000000008dc00000|  0%| F|  |TAMS 0x000000008db00000, 0x000000008db00000| Untracked 
| 220|0x000000008dc00000, 0x000000008dc00000, 0x000000008dd00000|  0%| F|  |TAMS 0x000000008dc00000, 0x000000008dc00000| Untracked 
| 221|0x000000008dd00000, 0x000000008dd00000, 0x000000008de00000|  0%| F|  |TAMS 0x000000008dd00000, 0x000000008dd00000| Untracked 
| 222|0x000000008de00000, 0x000000008de00000, 0x000000008df00000|  0%| F|  |TAMS 0x000000008de00000, 0x000000008de00000| Untracked 
| 223|0x000000008df00000, 0x000000008df00000, 0x000000008e000000|  0%| F|  |TAMS 0x000000008df00000, 0x000000008df00000| Untracked 
| 224|0x000000008e000000, 0x000000008e000000, 0x000000008e100000|  0%| F|  |TAMS 0x000000008e000000, 0x000000008e000000| Untracked 
| 225|0x000000008e100000, 0x000000008e100000, 0x000000008e200000|  0%| F|  |TAMS 0x000000008e100000, 0x000000008e100000| Untracked 
| 226|0x000000008e200000, 0x000000008e200000, 0x000000008e300000|  0%| F|  |TAMS 0x000000008e200000, 0x000000008e200000| Untracked 
| 227|0x000000008e300000, 0x000000008e300000, 0x000000008e400000|  0%| F|  |TAMS 0x000000008e300000, 0x000000008e300000| Untracked 
| 228|0x000000008e400000, 0x000000008e400000, 0x000000008e500000|  0%| F|  |TAMS 0x000000008e400000, 0x000000008e400000| Untracked 
| 229|0x000000008e500000, 0x000000008e500000, 0x000000008e600000|  0%| F|  |TAMS 0x000000008e500000, 0x000000008e500000| Untracked 
| 230|0x000000008e600000, 0x000000008e600000, 0x000000008e700000|  0%| F|  |TAMS 0x000000008e600000, 0x000000008e600000| Untracked 
| 231|0x000000008e700000, 0x000000008e700000, 0x000000008e800000|  0%| F|  |TAMS 0x000000008e700000, 0x000000008e700000| Untracked 
| 232|0x000000008e800000, 0x000000008e800000, 0x000000008e900000|  0%| F|  |TAMS 0x000000008e800000, 0x000000008e800000| Untracked 
| 233|0x000000008e900000, 0x000000008e900000, 0x000000008ea00000|  0%| F|  |TAMS 0x000000008e900000, 0x000000008e900000| Untracked 
| 234|0x000000008ea00000, 0x000000008ea00000, 0x000000008eb00000|  0%| F|  |TAMS 0x000000008ea00000, 0x000000008ea00000| Untracked 
| 235|0x000000008eb00000, 0x000000008eb00000, 0x000000008ec00000|  0%| F|  |TAMS 0x000000008eb00000, 0x000000008eb00000| Untracked 
| 236|0x000000008ec00000, 0x000000008ec00000, 0x000000008ed00000|  0%| F|  |TAMS 0x000000008ec00000, 0x000000008ec00000| Untracked 
| 237|0x000000008ed00000, 0x000000008ed00000, 0x000000008ee00000|  0%| F|  |TAMS 0x000000008ed00000, 0x000000008ed00000| Untracked 
| 238|0x000000008ee00000, 0x000000008ee00000, 0x000000008ef00000|  0%| F|  |TAMS 0x000000008ee00000, 0x000000008ee00000| Untracked 
| 239|0x000000008ef00000, 0x000000008ef00000, 0x000000008f000000|  0%| F|  |TAMS 0x000000008ef00000, 0x000000008ef00000| Untracked 
| 240|0x000000008f000000, 0x000000008f000000, 0x000000008f100000|  0%| F|  |TAMS 0x000000008f000000, 0x000000008f000000| Untracked 
| 241|0x000000008f100000, 0x000000008f100000, 0x000000008f200000|  0%| F|  |TAMS 0x000000008f100000, 0x000000008f100000| Untracked 
| 242|0x000000008f200000, 0x000000008f200000, 0x000000008f300000|  0%| F|  |TAMS 0x000000008f200000, 0x000000008f200000| Untracked 
| 243|0x000000008f300000, 0x000000008f300000, 0x000000008f400000|  0%| F|  |TAMS 0x000000008f300000, 0x000000008f300000| Untracked 
| 244|0x000000008f400000, 0x000000008f400000, 0x000000008f500000|  0%| F|  |TAMS 0x000000008f400000, 0x000000008f400000| Untracked 
| 245|0x000000008f500000, 0x000000008f500000, 0x000000008f600000|  0%| F|  |TAMS 0x000000008f500000, 0x000000008f500000| Untracked 
| 246|0x000000008f600000, 0x000000008f600000, 0x000000008f700000|  0%| F|  |TAMS 0x000000008f600000, 0x000000008f600000| Untracked 
| 247|0x000000008f700000, 0x000000008f700000, 0x000000008f800000|  0%| F|  |TAMS 0x000000008f700000, 0x000000008f700000| Untracked 
| 248|0x000000008f800000, 0x000000008f800000, 0x000000008f900000|  0%| F|  |TAMS 0x000000008f800000, 0x000000008f800000| Untracked 
| 249|0x000000008f900000, 0x000000008f900000, 0x000000008fa00000|  0%| F|  |TAMS 0x000000008f900000, 0x000000008f900000| Untracked 
| 250|0x000000008fa00000, 0x000000008fa00000, 0x000000008fb00000|  0%| F|  |TAMS 0x000000008fa00000, 0x000000008fa00000| Untracked 
| 251|0x000000008fb00000, 0x000000008fb00000, 0x000000008fc00000|  0%| F|  |TAMS 0x000000008fb00000, 0x000000008fb00000| Untracked 
| 252|0x000000008fc00000, 0x000000008fc00000, 0x000000008fd00000|  0%| F|  |TAMS 0x000000008fc00000, 0x000000008fc00000| Untracked 
| 253|0x000000008fd00000, 0x000000008fd00000, 0x000000008fe00000|  0%| F|  |TAMS 0x000000008fd00000, 0x000000008fd00000| Untracked 
| 254|0x000000008fe00000, 0x000000008fe00000, 0x000000008ff00000|  0%| F|  |TAMS 0x000000008fe00000, 0x000000008fe00000| Untracked 
| 255|0x000000008ff00000, 0x000000008ff00000, 0x0000000090000000|  0%| F|  |TAMS 0x000000008ff00000, 0x000000008ff00000| Untracked 
| 256|0x0000000090000000, 0x0000000090000000, 0x0000000090100000|  0%| F|  |TAMS 0x0000000090000000, 0x0000000090000000| Untracked 
| 257|0x0000000090100000, 0x0000000090100000, 0x0000000090200000|  0%| F|  |TAMS 0x0000000090100000, 0x0000000090100000| Untracked 
| 258|0x0000000090200000, 0x0000000090200000, 0x0000000090300000|  0%| F|  |TAMS 0x0000000090200000, 0x0000000090200000| Untracked 
| 259|0x0000000090300000, 0x0000000090300000, 0x0000000090400000|  0%| F|  |TAMS 0x0000000090300000, 0x0000000090300000| Untracked 
| 260|0x0000000090400000, 0x0000000090400000, 0x0000000090500000|  0%| F|  |TAMS 0x0000000090400000, 0x0000000090400000| Untracked 
| 261|0x0000000090500000, 0x0000000090500000, 0x0000000090600000|  0%| F|  |TAMS 0x0000000090500000, 0x0000000090500000| Untracked 
| 262|0x0000000090600000, 0x0000000090600000, 0x0000000090700000|  0%| F|  |TAMS 0x0000000090600000, 0x0000000090600000| Untracked 
| 263|0x0000000090700000, 0x0000000090700000, 0x0000000090800000|  0%| F|  |TAMS 0x0000000090700000, 0x0000000090700000| Untracked 
| 264|0x0000000090800000, 0x0000000090800000, 0x0000000090900000|  0%| F|  |TAMS 0x0000000090800000, 0x0000000090800000| Untracked 
| 265|0x0000000090900000, 0x0000000090900000, 0x0000000090a00000|  0%| F|  |TAMS 0x0000000090900000, 0x0000000090900000| Untracked 
| 266|0x0000000090a00000, 0x0000000090a00000, 0x0000000090b00000|  0%| F|  |TAMS 0x0000000090a00000, 0x0000000090a00000| Untracked 
| 267|0x0000000090b00000, 0x0000000090b00000, 0x0000000090c00000|  0%| F|  |TAMS 0x0000000090b00000, 0x0000000090b00000| Untracked 
| 268|0x0000000090c00000, 0x0000000090c00000, 0x0000000090d00000|  0%| F|  |TAMS 0x0000000090c00000, 0x0000000090c00000| Untracked 
| 269|0x0000000090d00000, 0x0000000090d00000, 0x0000000090e00000|  0%| F|  |TAMS 0x0000000090d00000, 0x0000000090d00000| Untracked 
| 270|0x0000000090e00000, 0x0000000090e00000, 0x0000000090f00000|  0%| F|  |TAMS 0x0000000090e00000, 0x0000000090e00000| Untracked 
| 271|0x0000000090f00000, 0x0000000090f00000, 0x0000000091000000|  0%| F|  |TAMS 0x0000000090f00000, 0x0000000090f00000| Untracked 
| 272|0x0000000091000000, 0x0000000091000000, 0x0000000091100000|  0%| F|  |TAMS 0x0000000091000000, 0x0000000091000000| Untracked 
| 273|0x0000000091100000, 0x0000000091100000, 0x0000000091200000|  0%| F|  |TAMS 0x0000000091100000, 0x0000000091100000| Untracked 
| 274|0x0000000091200000, 0x0000000091200000, 0x0000000091300000|  0%| F|  |TAMS 0x0000000091200000, 0x0000000091200000| Untracked 
| 275|0x0000000091300000, 0x0000000091300000, 0x0000000091400000|  0%| F|  |TAMS 0x0000000091300000, 0x0000000091300000| Untracked 
| 276|0x0000000091400000, 0x0000000091400000, 0x0000000091500000|  0%| F|  |TAMS 0x0000000091400000, 0x0000000091400000| Untracked 
| 277|0x0000000091500000, 0x0000000091500000, 0x0000000091600000|  0%| F|  |TAMS 0x0000000091500000, 0x0000000091500000| Untracked 

Card table byte_map: [0x0000015a48930000,0x0000015a48d30000] _byte_map_base: 0x0000015a48530000

Marking Bits (Prev, Next): (CMBitMap*) 0x0000015a360c5e30, (CMBitMap*) 0x0000015a360c5e70
 Prev Bits: [0x0000015a49130000, 0x0000015a4b130000)
 Next Bits: [0x0000015a4b130000, 0x0000015a4d130000)

Polling page: 0x0000015a33f90000

Metaspace:

Usage:
  Non-class:     88.51 MB used.
      Class:     14.03 MB used.
       Both:    102.55 MB used.

Virtual space:
  Non-class space:       96.00 MB reserved,      88.88 MB ( 93%) committed,  12 nodes.
      Class space:        1.00 GB reserved,      14.38 MB (  1%) committed,  1 nodes.
             Both:        1.09 GB reserved,     103.25 MB (  9%) committed. 

Chunk freelists:
   Non-Class:  2.36 MB
       Class:  1.53 MB
        Both:  3.89 MB

MaxMetaspaceSize: unlimited
CompressedClassSpaceSize: 1.00 GB
Initial GC threshold: 21.00 MB
Current GC threshold: 144.38 MB
CDS: off
MetaspaceReclaimPolicy: balanced
 - commit_granule_bytes: 65536.
 - commit_granule_words: 8192.
 - virtual_space_node_default_size: 1048576.
 - enlarge_chunks_in_place: 1.
 - new_chunks_are_fully_committed: 0.
 - uncommit_free_chunks: 1.
 - use_allocation_guard: 0.
 - handle_deallocations: 1.


Internal statistics:

num_allocs_failed_limit: 9.
num_arena_births: 1006.
num_arena_deaths: 0.
num_vsnodes_births: 13.
num_vsnodes_deaths: 0.
num_space_committed: 1651.
num_space_uncommitted: 0.
num_chunks_returned_to_freelist: 9.
num_chunks_taken_from_freelist: 4831.
num_chunk_merges: 6.
num_chunk_splits: 3274.
num_chunks_enlarged: 2295.
num_purges: 0.
num_inconsistent_stats: 0.

CodeHeap 'non-profiled nmethods': size=120000Kb used=4224Kb max_used=4828Kb free=115775Kb
 bounds [0x0000015a41000000, 0x0000015a414c0000, 0x0000015a48530000]
CodeHeap 'profiled nmethods': size=120000Kb used=20032Kb max_used=20915Kb free=99967Kb
 bounds [0x0000015a39530000, 0x0000015a3aa30000, 0x0000015a40a60000]
CodeHeap 'non-nmethods': size=5760Kb used=2408Kb max_used=2463Kb free=3351Kb
 bounds [0x0000015a40a60000, 0x0000015a40cd0000, 0x0000015a41000000]
 total_blobs=11490 nmethods=10556 adapters=846
 compilation: enabled
              stopped_count=0, restarted_count=0
 full_count=0

Compilation events (20 events):
Event: 22.062 Thread 0x0000015a5000dea0 12372       2       com.android.tools.r8.internal.RS::get (68 bytes)
Event: 22.062 Thread 0x0000015a5000dea0 nmethod 12372 0x0000015a39df8a90 code [0x0000015a39df8c60, 0x0000015a39df8f28]
Event: 22.062 Thread 0x0000015a5000dea0 12370       2       com.android.tools.r8.graph.g::m (11 bytes)
Event: 22.062 Thread 0x0000015a5000dea0 nmethod 12370 0x0000015a39e49990 code [0x0000015a39e49b20, 0x0000015a39e49c38]
Event: 22.063 Thread 0x0000015a5000dea0 12371       2       com.android.tools.r8.graph.q2::b (2 bytes)
Event: 22.063 Thread 0x0000015a5000dea0 nmethod 12371 0x0000015a39e49410 code [0x0000015a39e495a0, 0x0000015a39e496b8]
Event: 22.063 Thread 0x0000015a5000dea0 12368       2       com.android.tools.r8.synthesis.D::a (183 bytes)
Event: 22.063 Thread 0x0000015a5000dea0 nmethod 12368 0x0000015a39e4c610 code [0x0000015a39e4c7e0, 0x0000015a39e4ca78]
Event: 22.063 Thread 0x0000015a5000dea0 12369       2       com.android.tools.r8.graph.h$$Lambda$1701/0x0000000100e15848::apply (14 bytes)
Event: 22.063 Thread 0x0000015a5000dea0 nmethod 12369 0x0000015a3a324810 code [0x0000015a3a3249c0, 0x0000015a3a324b28]
Event: 22.063 Thread 0x0000015a5000dea0 12362       2       java.io.ObjectOutputStream$ReplaceTable::clear (24 bytes)
Event: 22.063 Thread 0x0000015a5000dea0 nmethod 12362 0x0000015a39a3ef90 code [0x0000015a39a3f160, 0x0000015a39a3f4c8]
Event: 22.086 Thread 0x0000015a5000dea0 12373       2       com.android.tools.r8.internal.A4::hasNext (10 bytes)
Event: 22.086 Thread 0x0000015a5000dea0 nmethod 12373 0x0000015a3a324310 code [0x0000015a3a3244a0, 0x0000015a3a3245c8]
Event: 22.093 Thread 0x0000015a5000dea0 12374       2       java.util.LinkedList$ListItr::hasPrevious (13 bytes)
Event: 22.093 Thread 0x0000015a5000dea0 nmethod 12374 0x0000015a39ce1410 code [0x0000015a39ce15a0, 0x0000015a39ce16b8]
Event: 22.093 Thread 0x0000015a5000dea0 12375       2       com.android.tools.r8.internal.Kr::a (30 bytes)
Event: 22.094 Thread 0x0000015a5000dea0 nmethod 12375 0x0000015a39ce0e10 code [0x0000015a39ce0fa0, 0x0000015a39ce10b8]
Event: 22.101 Thread 0x0000015a5000dea0 12377       2       java.lang.invoke.MethodHandle::spreadArrayChecks (89 bytes)
Event: 22.102 Thread 0x0000015a5000dea0 nmethod 12377 0x0000015a39b3d410 code [0x0000015a39b3d700, 0x0000015a39b3e118]

GC Heap History (20 events):
Event: 11.928 GC heap after
{Heap after GC invocations=26 (full 0):
 garbage-first heap   total 134144K, used 53917K [0x0000000080000000, 0x0000000100000000)
  region size 1024K, 4 young (4096K), 4 survivors (4096K)
 Metaspace       used 71010K, committed 71616K, reserved 1114112K
  class space    used 9430K, committed 9728K, reserved 1048576K
}
Event: 12.707 GC heap before
{Heap before GC invocations=26 (full 0):
 garbage-first heap   total 134144K, used 104093K [0x0000000080000000, 0x0000000100000000)
  region size 1024K, 53 young (54272K), 4 survivors (4096K)
 Metaspace       used 75639K, committed 76160K, reserved 1122304K
  class space    used 10108K, committed 10368K, reserved 1048576K
}
Event: 12.716 GC heap after
{Heap after GC invocations=27 (full 0):
 garbage-first heap   total 134144K, used 57811K [0x0000000080000000, 0x0000000100000000)
  region size 1024K, 7 young (7168K), 7 survivors (7168K)
 Metaspace       used 75639K, committed 76160K, reserved 1122304K
  class space    used 10108K, committed 10368K, reserved 1048576K
}
Event: 13.718 GC heap before
{Heap before GC invocations=27 (full 0):
 garbage-first heap   total 134144K, used 105939K [0x0000000080000000, 0x0000000100000000)
  region size 1024K, 54 young (55296K), 7 survivors (7168K)
 Metaspace       used 81174K, committed 81792K, reserved 1122304K
  class space    used 11032K, committed 11328K, reserved 1048576K
}
Event: 13.732 GC heap after
{Heap after GC invocations=28 (full 0):
 garbage-first heap   total 134144K, used 61564K [0x0000000080000000, 0x0000000100000000)
  region size 1024K, 4 young (4096K), 4 survivors (4096K)
 Metaspace       used 81174K, committed 81792K, reserved 1122304K
  class space    used 11032K, committed 11328K, reserved 1048576K
}
Event: 14.882 GC heap before
{Heap before GC invocations=28 (full 0):
 garbage-first heap   total 134144K, used 106620K [0x0000000080000000, 0x0000000100000000)
  region size 1024K, 48 young (49152K), 4 survivors (4096K)
 Metaspace       used 86692K, committed 87296K, reserved 1130496K
  class space    used 11835K, committed 12160K, reserved 1048576K
}
Event: 14.891 GC heap after
{Heap after GC invocations=29 (full 0):
 garbage-first heap   total 134144K, used 65120K [0x0000000080000000, 0x0000000100000000)
  region size 1024K, 4 young (4096K), 4 survivors (4096K)
 Metaspace       used 86692K, committed 87296K, reserved 1130496K
  class space    used 11835K, committed 12160K, reserved 1048576K
}
Event: 15.315 GC heap before
{Heap before GC invocations=29 (full 0):
 garbage-first heap   total 134144K, used 108128K [0x0000000080000000, 0x0000000100000000)
  region size 1024K, 46 young (47104K), 4 survivors (4096K)
 Metaspace       used 88055K, committed 88704K, reserved 1130496K
  class space    used 12008K, committed 12288K, reserved 1048576K
}
Event: 15.332 GC heap after
{Heap after GC invocations=30 (full 0):
 garbage-first heap   total 134144K, used 71071K [0x0000000080000000, 0x0000000100000000)
  region size 1024K, 6 young (6144K), 6 survivors (6144K)
 Metaspace       used 88055K, committed 88704K, reserved 1130496K
  class space    used 12008K, committed 12288K, reserved 1048576K
}
Event: 16.120 GC heap before
{Heap before GC invocations=31 (full 0):
 garbage-first heap   total 142336K, used 107935K [0x0000000080000000, 0x0000000100000000)
  region size 1024K, 42 young (43008K), 6 survivors (6144K)
 Metaspace       used 89877K, committed 90496K, reserved 1130496K
  class space    used 12354K, committed 12672K, reserved 1048576K
}
Event: 16.133 GC heap after
{Heap after GC invocations=32 (full 0):
 garbage-first heap   total 142336K, used 76883K [0x0000000080000000, 0x0000000100000000)
  region size 1024K, 6 young (6144K), 6 survivors (6144K)
 Metaspace       used 89877K, committed 90496K, reserved 1130496K
  class space    used 12354K, committed 12672K, reserved 1048576K
}
Event: 16.142 GC heap before
{Heap before GC invocations=32 (full 0):
 garbage-first heap   total 142336K, used 77907K [0x0000000080000000, 0x0000000100000000)
  region size 1024K, 7 young (7168K), 6 survivors (6144K)
 Metaspace       used 89881K, committed 90560K, reserved 1130496K
  class space    used 12354K, committed 12672K, reserved 1048576K
}
Event: 16.150 GC heap after
{Heap after GC invocations=33 (full 0):
 garbage-first heap   total 284672K, used 77304K [0x0000000080000000, 0x0000000100000000)
  region size 1024K, 1 young (1024K), 1 survivors (1024K)
 Metaspace       used 89881K, committed 90560K, reserved 1130496K
  class space    used 12354K, committed 12672K, reserved 1048576K
}
Event: 19.385 GC heap before
{Heap before GC invocations=33 (full 0):
 garbage-first heap   total 284672K, used 219640K [0x0000000080000000, 0x0000000100000000)
  region size 1024K, 140 young (143360K), 1 survivors (1024K)
 Metaspace       used 94580K, committed 95232K, reserved 1138688K
  class space    used 12836K, committed 13120K, reserved 1048576K
}
Event: 19.489 GC heap after
{Heap after GC invocations=34 (full 0):
 garbage-first heap   total 284672K, used 91413K [0x0000000080000000, 0x0000000100000000)
  region size 1024K, 15 young (15360K), 15 survivors (15360K)
 Metaspace       used 94580K, committed 95232K, reserved 1138688K
  class space    used 12836K, committed 13120K, reserved 1048576K
}
Event: 21.147 GC heap before
{Heap before GC invocations=34 (full 0):
 garbage-first heap   total 284672K, used 209173K [0x0000000080000000, 0x0000000100000000)
  region size 1024K, 131 young (134144K), 15 survivors (15360K)
 Metaspace       used 100587K, committed 101248K, reserved 1138688K
  class space    used 13697K, committed 14016K, reserved 1048576K
}
Event: 21.214 GC heap after
{Heap after GC invocations=35 (full 0):
 garbage-first heap   total 284672K, used 111411K [0x0000000080000000, 0x0000000100000000)
  region size 1024K, 17 young (17408K), 17 survivors (17408K)
 Metaspace       used 100587K, committed 101248K, reserved 1138688K
  class space    used 13697K, committed 14016K, reserved 1048576K
}
Event: 21.622 GC heap before
{Heap before GC invocations=35 (full 0):
 garbage-first heap   total 284672K, used 211763K [0x0000000080000000, 0x0000000100000000)
  region size 1024K, 116 young (118784K), 17 survivors (17408K)
 Metaspace       used 103367K, committed 104064K, reserved 1146880K
  class space    used 14122K, committed 14464K, reserved 1048576K
}
Event: 21.668 GC heap after
{Heap after GC invocations=36 (full 0):
 garbage-first heap   total 284672K, used 128000K [0x0000000080000000, 0x0000000100000000)
  region size 1024K, 15 young (15360K), 15 survivors (15360K)
 Metaspace       used 103367K, committed 104064K, reserved 1146880K
  class space    used 14122K, committed 14464K, reserved 1048576K
}
Event: 22.111 GC heap before
{Heap before GC invocations=36 (full 0):
 garbage-first heap   total 284672K, used 217088K [0x0000000080000000, 0x0000000100000000)
  region size 1024K, 103 young (105472K), 15 survivors (15360K)
 Metaspace       used 105008K, committed 105728K, reserved 1146880K
  class space    used 14369K, committed 14720K, reserved 1048576K
}

Dll operation events (2 events):
Event: 0.009 Loaded shared library C:\Program Files\Android\Android Studio1\jbr\bin\java.dll
Event: 0.367 Loaded shared library C:\Program Files\Android\Android Studio1\jbr\bin\verify.dll

Deoptimization events (20 events):
Event: 21.418 Thread 0x0000015a56fdd940 DEOPT PACKING pc=0x0000015a414a063c sp=0x0000004601afa960
Event: 21.418 Thread 0x0000015a542a8de0 DEOPT UNPACKING pc=0x0000015a40aba1a3 sp=0x00000046035f7ad8 mode 2
Event: 21.418 Thread 0x0000015a542aaf90 DEOPT UNPACKING pc=0x0000015a40aba1a3 sp=0x00000046027faee8 mode 2
Event: 21.418 Thread 0x0000015a56fdd940 DEOPT UNPACKING pc=0x0000015a40aba1a3 sp=0x0000004601afa898 mode 2
Event: 21.428 Thread 0x0000015a56fdd940 DEOPT PACKING pc=0x0000015a398deb9b sp=0x0000004601af91f0
Event: 21.428 Thread 0x0000015a56fdd940 DEOPT UNPACKING pc=0x0000015a40abace3 sp=0x0000004601af8660 mode 0
Event: 21.548 Thread 0x0000015a542aaf90 DEOPT PACKING pc=0x0000015a399312c6 sp=0x00000046027fa100
Event: 21.548 Thread 0x0000015a542aaf90 DEOPT UNPACKING pc=0x0000015a40abace3 sp=0x00000046027f95e0 mode 0
Event: 21.736 Thread 0x0000015a542a8de0 DEOPT PACKING pc=0x0000015a398468ba sp=0x00000046035f6650
Event: 21.736 Thread 0x0000015a542a8de0 DEOPT UNPACKING pc=0x0000015a40abace3 sp=0x00000046035f5ac8 mode 0
Event: 21.860 Thread 0x0000015a542a8de0 DEOPT PACKING pc=0x0000015a397b0c82 sp=0x00000046035f5df0
Event: 21.860 Thread 0x0000015a542a8de0 DEOPT UNPACKING pc=0x0000015a40abace3 sp=0x00000046035f52a8 mode 0
Event: 21.872 Thread 0x0000015a542aaac0 DEOPT PACKING pc=0x0000015a398468ba sp=0x00000046025f9790
Event: 21.872 Thread 0x0000015a542aaac0 DEOPT UNPACKING pc=0x0000015a40abace3 sp=0x00000046025f8c08 mode 0
Event: 22.030 Thread 0x0000015a542a8de0 Uncommon trap: trap_request=0xffffff45 fr.pc=0x0000015a41390b04 relative=0x0000000000001104
Event: 22.030 Thread 0x0000015a542a8de0 Uncommon trap: reason=unstable_if action=reinterpret pc=0x0000015a41390b04 method=java.util.HashMap.computeIfAbsent(Ljava/lang/Object;Ljava/util/function/Function;)Ljava/lang/Object; @ 145 c2
Event: 22.030 Thread 0x0000015a542a8de0 DEOPT PACKING pc=0x0000015a41390b04 sp=0x00000046035f5e90
Event: 22.036 Thread 0x0000015a542a8de0 DEOPT UNPACKING pc=0x0000015a40aba1a3 sp=0x00000046035f5e58 mode 2
Event: 22.057 Thread 0x0000015a542aaac0 DEOPT PACKING pc=0x0000015a398469c9 sp=0x00000046025f9790
Event: 22.057 Thread 0x0000015a542aaac0 DEOPT UNPACKING pc=0x0000015a40abace3 sp=0x00000046025f8c08 mode 0

Classes unloaded (0 events):
No events

Classes redefined (0 events):
No events

Internal exceptions (20 events):
Event: 19.873 Thread 0x0000015a542a8de0 Exception <a 'java/lang/NoSuchMethodError'{0x000000008f5d93a0}: 'java.lang.Object java.lang.invoke.DirectMethodHandle$Holder.newInvokeSpecial(java.lang.Object, long)'> (0x000000008f5d93a0) 
thrown [s\src\hotspot\share\interpreter\linkResolver.cpp, line 771]
Event: 21.018 Thread 0x0000015a542aaf90 Exception <a 'java/lang/NoSuchMethodError'{0x000000008afdcf70}: 'void java.lang.invoke.DirectMethodHandle$Holder.invokeStatic(java.lang.Object, java.lang.Object, java.lang.Object, int)'> (0x000000008afdcf70) 
thrown [s\src\hotspot\share\interpreter\linkResolver.cpp, line 771]
Event: 21.018 Thread 0x0000015a542a8de0 Exception <a 'java/lang/NoSuchMethodError'{0x000000008b6a67c0}: 'void java.lang.invoke.DirectMethodHandle$Holder.invokeStatic(java.lang.Object, java.lang.Object, java.lang.Object, int)'> (0x000000008b6a67c0) 
thrown [s\src\hotspot\share\interpreter\linkResolver.cpp, line 771]
Event: 21.018 Thread 0x0000015a56fdd940 Exception <a 'java/lang/NoSuchMethodError'{0x000000008af725e0}: 'void java.lang.invoke.DirectMethodHandle$Holder.invokeStatic(java.lang.Object, java.lang.Object, java.lang.Object, int)'> (0x000000008af725e0) 
thrown [s\src\hotspot\share\interpreter\linkResolver.cpp, line 771]
Event: 21.020 Thread 0x0000015a56fdd940 Exception <a 'java/lang/IncompatibleClassChangeError'{0x000000008af79a18}: Found class java.lang.Object, but interface was expected> (0x000000008af79a18) 
thrown [s\src\hotspot\share\interpreter\linkResolver.cpp, line 838]
Event: 21.020 Thread 0x0000015a542a8de0 Exception <a 'java/lang/IncompatibleClassChangeError'{0x000000008ae40bb0}: Found class java.lang.Object, but interface was expected> (0x000000008ae40bb0) 
thrown [s\src\hotspot\share\interpreter\linkResolver.cpp, line 838]
Event: 21.021 Thread 0x0000015a542aaf90 Exception <a 'java/lang/NoSuchMethodError'{0x000000008afe7990}: 'void java.lang.invoke.DirectMethodHandle$Holder.invokeInterface(java.lang.Object, java.lang.Object, java.lang.Object, int)'> (0x000000008afe7990) 
thrown [s\src\hotspot\share\interpreter\linkResolver.cpp, line 771]
Event: 21.021 Thread 0x0000015a542a8de0 Exception <a 'java/lang/NoSuchMethodError'{0x000000008ae4aba0}: 'void java.lang.invoke.DirectMethodHandle$Holder.invokeInterface(java.lang.Object, java.lang.Object, java.lang.Object, int)'> (0x000000008ae4aba0) 
thrown [s\src\hotspot\share\interpreter\linkResolver.cpp, line 771]
Event: 21.022 Thread 0x0000015a56fdd940 Exception <a 'java/lang/NoSuchMethodError'{0x000000008aedca88}: 'void java.lang.invoke.DirectMethodHandle$Holder.invokeInterface(java.lang.Object, java.lang.Object, java.lang.Object, int)'> (0x000000008aedca88) 
thrown [s\src\hotspot\share\interpreter\linkResolver.cpp, line 771]
Event: 21.036 Thread 0x0000015a542a8de0 Implicit null exception at 0x0000015a4120fb7a to 0x0000015a412111a0
Event: 21.036 Thread 0x0000015a542a8de0 Implicit null exception at 0x0000015a4120fb7a to 0x0000015a412111a0
Event: 21.407 Thread 0x0000015a56fdd940 Exception <a 'java/lang/NoSuchMethodError'{0x000000008df16c88}: 'java.lang.Object java.lang.invoke.DirectMethodHandle$Holder.invokeStatic(java.lang.Object, int, java.lang.Object, java.lang.Object)'> (0x000000008df16c88) 
thrown [s\src\hotspot\share\interpreter\linkResolver.cpp, line 771]
Event: 21.407 Thread 0x0000015a542aaf90 Exception <a 'java/lang/NoSuchMethodError'{0x000000008df35fc0}: 'java.lang.Object java.lang.invoke.DirectMethodHandle$Holder.invokeStatic(java.lang.Object, int, java.lang.Object, java.lang.Object)'> (0x000000008df35fc0) 
thrown [s\src\hotspot\share\interpreter\linkResolver.cpp, line 771]
Event: 21.407 Thread 0x0000015a542a8de0 Exception <a 'java/lang/NoSuchMethodError'{0x000000008e0ee690}: 'java.lang.Object java.lang.invoke.DirectMethodHandle$Holder.invokeStatic(java.lang.Object, int, java.lang.Object, java.lang.Object)'> (0x000000008e0ee690) 
thrown [s\src\hotspot\share\interpreter\linkResolver.cpp, line 771]
Event: 21.409 Thread 0x0000015a542aaf90 Exception <a 'java/lang/NoSuchMethodError'{0x000000008dfbce18}: 'java.lang.Object java.lang.invoke.DirectMethodHandle$Holder.invokeStatic(java.lang.Object, java.lang.Object, int, java.lang.Object, java.lang.Object)'> (0x000000008dfbce18) 
thrown [s\src\hotspot\share\interpreter\linkResolver.cpp, line 771]
Event: 21.409 Thread 0x0000015a56fdd940 Exception <a 'java/lang/NoSuchMethodError'{0x000000008dfafc98}: 'java.lang.Object java.lang.invoke.DirectMethodHandle$Holder.invokeStatic(java.lang.Object, java.lang.Object, int, java.lang.Object, java.lang.Object)'> (0x000000008dfafc98) 
thrown [s\src\hotspot\share\interpreter\linkResolver.cpp, line 771]
Event: 21.409 Thread 0x0000015a542a8de0 Exception <a 'java/lang/NoSuchMethodError'{0x000000008dfe2f78}: 'java.lang.Object java.lang.invoke.DirectMethodHandle$Holder.invokeStatic(java.lang.Object, java.lang.Object, int, java.lang.Object, java.lang.Object)'> (0x000000008dfe2f78) 
thrown [s\src\hotspot\share\interpreter\linkResolver.cpp, line 771]
Event: 21.779 Thread 0x0000015a56fdd940 Exception <a 'java/lang/IncompatibleClassChangeError'{0x000000008f30b680}: Found class java.lang.Object, but interface was expected> (0x000000008f30b680) 
thrown [s\src\hotspot\share\interpreter\linkResolver.cpp, line 838]
Event: 21.780 Thread 0x0000015a56fdd940 Exception <a 'java/lang/IncompatibleClassChangeError'{0x000000008f315ce8}: Found class java.lang.Object, but interface was expected> (0x000000008f315ce8) 
thrown [s\src\hotspot\share\interpreter\linkResolver.cpp, line 838]
Event: 21.925 Thread 0x0000015a56fdd940 Exception <a 'java/lang/NoSuchMethodError'{0x000000008d513ff0}: 'void java.lang.invoke.DirectMethodHandle$Holder.invokeSpecial(java.lang.Object, java.lang.Object, int, java.lang.Object)'> (0x000000008d513ff0) 
thrown [s\src\hotspot\share\interpreter\linkResolver.cpp, line 771]

VM Operations (20 events):
Event: 21.090 Executing VM operation: HandshakeAllThreads done
Event: 21.092 Executing VM operation: HandshakeAllThreads
Event: 21.092 Executing VM operation: HandshakeAllThreads done
Event: 21.098 Executing VM operation: HandshakeAllThreads
Event: 21.099 Executing VM operation: HandshakeAllThreads done
Event: 21.129 Executing VM operation: HandshakeAllThreads
Event: 21.130 Executing VM operation: HandshakeAllThreads done
Event: 21.146 Executing VM operation: G1CollectForAllocation
Event: 21.217 Executing VM operation: G1CollectForAllocation done
Event: 21.303 Executing VM operation: HandshakeAllThreads
Event: 21.303 Executing VM operation: HandshakeAllThreads done
Event: 21.622 Executing VM operation: G1CollectForAllocation
Event: 21.672 Executing VM operation: G1CollectForAllocation done
Event: 21.684 Executing VM operation: HandshakeAllThreads
Event: 21.684 Executing VM operation: HandshakeAllThreads done
Event: 21.695 Executing VM operation: HandshakeAllThreads
Event: 21.729 Executing VM operation: HandshakeAllThreads done
Event: 21.746 Executing VM operation: HandshakeAllThreads
Event: 21.775 Executing VM operation: HandshakeAllThreads done
Event: 22.111 Executing VM operation: G1CollectForAllocation

Events (20 events):
Event: 21.052 Thread 0x0000015a5000e7a0 flushing nmethod 0x0000015a3a878510
Event: 21.052 Thread 0x0000015a5000e7a0 flushing nmethod 0x0000015a3a879690
Event: 21.052 Thread 0x0000015a5000e7a0 flushing nmethod 0x0000015a3a87ae90
Event: 21.052 Thread 0x0000015a5000e7a0 flushing nmethod 0x0000015a3a87d910
Event: 21.052 Thread 0x0000015a5000e7a0 flushing nmethod 0x0000015a3a87e590
Event: 21.052 Thread 0x0000015a5000e7a0 flushing nmethod 0x0000015a3a87e890
Event: 21.052 Thread 0x0000015a5000e7a0 flushing nmethod 0x0000015a3a880610
Event: 21.052 Thread 0x0000015a5000e7a0 flushing nmethod 0x0000015a3a880f90
Event: 21.052 Thread 0x0000015a5000e7a0 flushing nmethod 0x0000015a3a884f90
Event: 21.052 Thread 0x0000015a5000e7a0 flushing nmethod 0x0000015a3a885e90
Event: 21.052 Thread 0x0000015a5000e7a0 flushing nmethod 0x0000015a3a886f10
Event: 21.052 Thread 0x0000015a5000e7a0 flushing nmethod 0x0000015a3a88a490
Event: 21.052 Thread 0x0000015a5000e7a0 flushing nmethod 0x0000015a3a88ee10
Event: 21.052 Thread 0x0000015a5000e7a0 flushing nmethod 0x0000015a3a8a2690
Event: 21.052 Thread 0x0000015a5000e7a0 flushing nmethod 0x0000015a3a8f0490
Event: 21.053 Thread 0x0000015a5000e7a0 flushing nmethod 0x0000015a3a8f3790
Event: 21.053 Thread 0x0000015a5000e7a0 flushing nmethod 0x0000015a3a971e10
Event: 21.053 Thread 0x0000015a5000e7a0 flushing nmethod 0x0000015a3a987310
Event: 22.104 loading class java/util/PriorityQueue
Event: 22.105 loading class java/util/PriorityQueue done


Dynamic libraries:
0x00007ff766b00000 - 0x00007ff766b0a000 	C:\Program Files\Android\Android Studio1\jbr\bin\java.exe
0x00007ffbc6670000 - 0x00007ffbc6887000 	C:\WINDOWS\SYSTEM32\ntdll.dll
0x00007ffbc5630000 - 0x00007ffbc56f4000 	C:\WINDOWS\System32\KERNEL32.DLL
0x00007ffbc3b90000 - 0x00007ffbc3f36000 	C:\WINDOWS\System32\KERNELBASE.dll
0x00007ffbc39f0000 - 0x00007ffbc3b01000 	C:\WINDOWS\System32\ucrtbase.dll
0x00007ffba1d50000 - 0x00007ffba1d6b000 	C:\Program Files\Android\Android Studio1\jbr\bin\VCRUNTIME140.dll
0x00007ffb48bb0000 - 0x00007ffb48bc7000 	C:\Program Files\Android\Android Studio1\jbr\bin\jli.dll
0x00007ffbc43d0000 - 0x00007ffbc457d000 	C:\WINDOWS\System32\USER32.dll
0x00007ffbc4190000 - 0x00007ffbc41b6000 	C:\WINDOWS\System32\win32u.dll
0x00007ffbaee00000 - 0x00007ffbaf093000 	C:\WINDOWS\WinSxS\amd64_microsoft.windows.common-controls_6595b64144ccf1df_6.0.22621.2361_none_2712ced57382f843\COMCTL32.dll
0x00007ffbc54e0000 - 0x00007ffbc5509000 	C:\WINDOWS\System32\GDI32.dll
0x00007ffbc6580000 - 0x00007ffbc6627000 	C:\WINDOWS\System32\msvcrt.dll
0x00007ffbc4070000 - 0x00007ffbc4188000 	C:\WINDOWS\System32\gdi32full.dll
0x00007ffbc41c0000 - 0x00007ffbc425a000 	C:\WINDOWS\System32\msvcp_win.dll
0x00007ffbc48a0000 - 0x00007ffbc48d1000 	C:\WINDOWS\System32\IMM32.DLL
0x00007ffbb0120000 - 0x00007ffbb012c000 	C:\Program Files\Android\Android Studio1\jbr\bin\vcruntime140_1.dll
0x00007ffb7fff0000 - 0x00007ffb8007d000 	C:\Program Files\Android\Android Studio1\jbr\bin\msvcp140.dll
0x00007ffb49130000 - 0x00007ffb49d9e000 	C:\Program Files\Android\Android Studio1\jbr\bin\server\jvm.dll
0x00007ffbc4680000 - 0x00007ffbc4730000 	C:\WINDOWS\System32\ADVAPI32.dll
0x00007ffbc4730000 - 0x00007ffbc47d6000 	C:\WINDOWS\System32\sechost.dll
0x00007ffbc5510000 - 0x00007ffbc5627000 	C:\WINDOWS\System32\RPCRT4.dll
0x00007ffbbdfb0000 - 0x00007ffbbdfb9000 	C:\WINDOWS\SYSTEM32\WSOCK32.dll
0x00007ffbc5700000 - 0x00007ffbc5771000 	C:\WINDOWS\System32\WS2_32.dll
0x00007ffbbc210000 - 0x00007ffbbc244000 	C:\WINDOWS\SYSTEM32\WINMM.dll
0x00007ffbbd700000 - 0x00007ffbbd70a000 	C:\WINDOWS\SYSTEM32\VERSION.dll
0x00007ffbc29d0000 - 0x00007ffbc29e8000 	C:\WINDOWS\SYSTEM32\kernel.appcore.dll
0x00007ffba4750000 - 0x00007ffba475a000 	C:\Program Files\Android\Android Studio1\jbr\bin\jimage.dll
0x00007ffbc14f0000 - 0x00007ffbc171e000 	C:\WINDOWS\SYSTEM32\DBGHELP.DLL
0x00007ffbc58a0000 - 0x00007ffbc5c2a000 	C:\WINDOWS\System32\combase.dll
0x00007ffbc4580000 - 0x00007ffbc4657000 	C:\WINDOWS\System32\OLEAUT32.dll
0x00007ffb997e0000 - 0x00007ffb99812000 	C:\WINDOWS\SYSTEM32\dbgcore.DLL
0x00007ffbc3b10000 - 0x00007ffbc3b8a000 	C:\WINDOWS\System32\bcryptPrimitives.dll
0x00007ffb56ba0000 - 0x00007ffb56bc5000 	C:\Program Files\Android\Android Studio1\jbr\bin\java.dll
0x00007ffb49110000 - 0x00007ffb49128000 	C:\Program Files\Android\Android Studio1\jbr\bin\zip.dll
0x00007ffbc4c70000 - 0x00007ffbc54c8000 	C:\WINDOWS\System32\SHELL32.dll
0x00007ffbc1950000 - 0x00007ffbc2242000 	C:\WINDOWS\SYSTEM32\windows.storage.dll
0x00007ffbc1810000 - 0x00007ffbc194e000 	C:\WINDOWS\SYSTEM32\wintypes.dll
0x00007ffbc5780000 - 0x00007ffbc5873000 	C:\WINDOWS\System32\SHCORE.dll
0x00007ffbc47e0000 - 0x00007ffbc483e000 	C:\WINDOWS\System32\shlwapi.dll
0x00007ffbc3920000 - 0x00007ffbc3946000 	C:\WINDOWS\SYSTEM32\profapi.dll
0x00007ffb490f0000 - 0x00007ffb49109000 	C:\Program Files\Android\Android Studio1\jbr\bin\net.dll
0x00007ffbbc0d0000 - 0x00007ffbbc207000 	C:\WINDOWS\SYSTEM32\WINHTTP.dll
0x00007ffbc2eb0000 - 0x00007ffbc2f19000 	C:\WINDOWS\system32\mswsock.dll
0x00007ffb490d0000 - 0x00007ffb490e6000 	C:\Program Files\Android\Android Studio1\jbr\bin\nio.dll
0x00007ffb48e90000 - 0x00007ffb48ea0000 	C:\Program Files\Android\Android Studio1\jbr\bin\verify.dll
0x00007ffb9efe0000 - 0x00007ffb9f007000 	C:\Users\hp\.gradle\native\68d5fa5c4cc2d200863cafc0d521ce42e7d3e7ee720ec0a83991735586a16f82\windows-amd64\native-platform.dll
0x00007ffb7f490000 - 0x00007ffb7f5d4000 	C:\Users\hp\.gradle\native\e376f236ea51e6404a007f0833ffe2c6e607c4080706a723a18a27aeea778392\windows-amd64\native-platform-file-events.dll
0x00007ffb48e40000 - 0x00007ffb48e49000 	C:\Program Files\Android\Android Studio1\jbr\bin\management.dll
0x00007ffb48e30000 - 0x00007ffb48e3b000 	C:\Program Files\Android\Android Studio1\jbr\bin\management_ext.dll
0x00007ffbc4660000 - 0x00007ffbc4668000 	C:\WINDOWS\System32\PSAPI.DLL
0x00007ffbc3100000 - 0x00007ffbc311b000 	C:\WINDOWS\SYSTEM32\CRYPTSP.dll
0x00007ffbc2990000 - 0x00007ffbc29c5000 	C:\WINDOWS\system32\rsaenh.dll
0x00007ffbc2fa0000 - 0x00007ffbc2fcc000 	C:\WINDOWS\SYSTEM32\USERENV.dll
0x00007ffbc32a0000 - 0x00007ffbc32c8000 	C:\WINDOWS\SYSTEM32\bcrypt.dll
0x00007ffbc3120000 - 0x00007ffbc312c000 	C:\WINDOWS\SYSTEM32\CRYPTBASE.dll
0x00007ffbc24b0000 - 0x00007ffbc24dd000 	C:\WINDOWS\SYSTEM32\IPHLPAPI.DLL
0x00007ffbc54d0000 - 0x00007ffbc54d9000 	C:\WINDOWS\System32\NSI.dll
0x00007ffbbd6e0000 - 0x00007ffbbd6f9000 	C:\WINDOWS\SYSTEM32\dhcpcsvc6.DLL
0x00007ffbbc050000 - 0x00007ffbbc06f000 	C:\WINDOWS\SYSTEM32\dhcpcsvc.DLL
0x00007ffbc2520000 - 0x00007ffbc2619000 	C:\WINDOWS\SYSTEM32\DNSAPI.dll
0x00007ffb48be0000 - 0x00007ffb48be8000 	C:\WINDOWS\system32\wshunix.dll

dbghelp: loaded successfully - version: 4.0.5 - missing functions: none
symbol engine: initialized successfully - sym options: 0x614 - pdb path: .;C:\Program Files\Android\Android Studio1\jbr\bin;C:\WINDOWS\SYSTEM32;C:\WINDOWS\WinSxS\amd64_microsoft.windows.common-controls_6595b64144ccf1df_6.0.22621.2361_none_2712ced57382f843;C:\Program Files\Android\Android Studio1\jbr\bin\server;C:\Users\hp\.gradle\native\68d5fa5c4cc2d200863cafc0d521ce42e7d3e7ee720ec0a83991735586a16f82\windows-amd64;C:\Users\hp\.gradle\native\e376f236ea51e6404a007f0833ffe2c6e607c4080706a723a18a27aeea778392\windows-amd64

VM Arguments:
jvm_args: --add-opens=java.base/java.util=ALL-UNNAMED --add-opens=java.base/java.lang=ALL-UNNAMED --add-opens=java.base/java.lang.invoke=ALL-UNNAMED --add-opens=java.prefs/java.util.prefs=ALL-UNNAMED --add-opens=java.base/java.nio.charset=ALL-UNNAMED --add-opens=java.base/java.net=ALL-UNNAMED --add-opens=java.base/java.util.concurrent.atomic=ALL-UNNAMED -Xmx2048m -Dfile.encoding=UTF-8 -Duser.country=IN -Duser.language=en -Duser.variant 
java_command: org.gradle.launcher.daemon.bootstrap.GradleDaemon 8.0
java_class_path (initial): C:\Users\hp\.gradle\wrapper\dists\gradle-8.0-bin\ca5e32bp14vu59qr306oxotwh\gradle-8.0\lib\gradle-launcher-8.0.jar
Launcher Type: SUN_STANDARD

[Global flags]
     intx CICompilerCount                          = 3                                         {product} {ergonomic}
     uint ConcGCThreads                            = 1                                         {product} {ergonomic}
     uint G1ConcRefinementThreads                  = 4                                         {product} {ergonomic}
   size_t G1HeapRegionSize                         = 1048576                                   {product} {ergonomic}
    uintx GCDrainStackTargetSize                   = 64                                        {product} {ergonomic}
   size_t InitialHeapSize                          = 65011712                                  {product} {ergonomic}
   size_t MarkStackSize                            = 4194304                                   {product} {ergonomic}
   size_t MaxHeapSize                              = 2147483648                                {product} {command line}
   size_t MaxNewSize                               = 1287651328                                {product} {ergonomic}
   size_t MinHeapDeltaBytes                        = 1048576                                   {product} {ergonomic}
   size_t MinHeapSize                              = 8388608                                   {product} {ergonomic}
    uintx NonNMethodCodeHeapSize                   = 5832780                                {pd product} {ergonomic}
    uintx NonProfiledCodeHeapSize                  = 122912730                              {pd product} {ergonomic}
    uintx ProfiledCodeHeapSize                     = 122912730                              {pd product} {ergonomic}
    uintx ReservedCodeCacheSize                    = 251658240                              {pd product} {ergonomic}
     bool SegmentedCodeCache                       = true                                      {product} {ergonomic}
   size_t SoftMaxHeapSize                          = 2147483648                             {manageable} {ergonomic}
     bool UseCompressedClassPointers               = true                           {product lp64_product} {ergonomic}
     bool UseCompressedOops                        = true                           {product lp64_product} {ergonomic}
     bool UseG1GC                                  = true                                      {product} {ergonomic}
     bool UseLargePagesIndividualAllocation        = false                                  {pd product} {ergonomic}

Logging:
Log output configuration:
 #0: stdout all=warning uptime,level,tags
 #1: stderr all=off uptime,level,tags

Environment Variables:
JAVA_HOME=C:\Program Files\Java\jdk-15.0.1
PATH=C:\WINDOWS\system32;C:\WINDOWS;C:\WINDOWS\System32\Wbem;C:\WINDOWS\System32\WindowsPowerShell\v1.0\;C:\WINDOWS\System32\OpenSSH\;C:\Program Files (x86)\Microsoft SQL Server\90\Tools\binn\;C:\Program Files\Java\jdk-15.0.1\bin;C:\Program Files\Microsoft SQL Server\Client SDK\ODBC\170\Tools\Binn\;C:\WINDOWS\system32;C:\WINDOWS;C:\WINDOWS\System32\Wbem;C:\WINDOWS\System32\WindowsPowerShell\v1.0\;C:\WINDOWS\System32\OpenSSH\;C:\Program Files\Microsoft SQL Server\Client SDK\ODBC\130\Tools\Binn\;C:\Program Files (x86)\Microsoft SQL Server\140\Tools\Binn\;C:\Program Files\Microsoft SQL Server\140\Tools\Binn\;C:\Program Files\Microsoft SQL Server\140\DTS\Binn\;C:\Program Files\nodejs\;C:\Users\hp\AppData\Local\Microsoft\WindowsApps;;C:\Program Files\Azure Data Studio\bin;C:\Users\hp\AppData\Roaming\npm;C:\Users\hp\AppData\Local\Programs\Microsoft VS Code\bin
USERNAME=hp
OS=Windows_NT
PROCESSOR_IDENTIFIER=Intel64 Family 6 Model 126 Stepping 5, GenuineIntel
TMP=C:\Users\hp\AppData\Local\Temp
TEMP=C:\Users\hp\AppData\Local\Temp


JNI global refs:
JNI global refs: 25, weak refs: 45

JNI global refs memory usage: 843, weak refs: 841


---------------  S Y S T E M  ---------------

OS:
 Windows 11 , 64 bit Build 22621 (10.0.22621.2428)
OS uptime: 0 days 10:55 hours

CPU: total 4 (initial active 4) (2 cores per cpu, 2 threads per core) family 6 model 126 stepping 5 microcode 0xa0, cx8, cmov, fxsr, ht, mmx, 3dnowpref, sse, sse2, sse3, ssse3, sse4.1, sse4.2, popcnt, lzcnt, tsc, tscinvbit, avx, avx2, aes, erms, clmul, bmi1, bmi2, adx, avx512f, avx512dq, avx512cd, avx512bw, avx512vl, sha, fma, vzeroupper, avx512_vpopcntdq, avx512_vpclmulqdq, avx512_vaes, avx512_vnni, clflush, clflushopt, avx512_vbmi2, avx512_vbmi

Memory: 4k page, system-wide physical 3877M (248M free)
TotalPageFile size 7973M (AvailPageFile size 96M)
current process WorkingSet (physical memory assigned to process): 384M, peak: 384M
current process commit charge ("private bytes"): 572M, peak: 888M

vm_info: OpenJDK 64-Bit Server VM (17.0.6+0-b2043.56-10027231) for windows-amd64 JRE (17.0.6+0-b2043.56-10027231), built on Apr 28 2023 00:43:19 by "androidbuild" with MS VC++ 16.10 / 16.11 (VS2019)

END.
